[1.381s] DEBUG:colcon:Command line arguments: ['/usr/bin/colcon', 'build', '--packages-select', 'action_commands']
[1.381s] DEBUG:colcon:Parsed command line arguments: Namespace(log_base=None, log_level=None, verb_name='build', build_base='build', install_base='install', merge_install=False, symlink_install=False, test_result_base=None, continue_on_error=False, executor='parallel', parallel_workers=12, event_handlers=None, ignore_user_meta=False, metas=['./colcon.meta'], base_paths=['.'], packages_ignore=None, packages_ignore_regex=None, paths=None, packages_up_to=None, packages_up_to_regex=None, packages_above=None, packages_above_and_dependencies=None, packages_above_depth=None, packages_select_by_dep=None, packages_skip_by_dep=None, packages_skip_up_to=None, packages_select_build_failed=False, packages_skip_build_finished=False, packages_select_test_failures=False, packages_skip_test_passed=False, packages_select=['action_commands'], packages_skip=None, packages_select_regex=None, packages_skip_regex=None, packages_start=None, packages_end=None, allow_overriding=[], cmake_args=None, cmake_target=None, cmake_target_skip_unavailable=False, cmake_clean_cache=False, cmake_clean_first=False, cmake_force_configure=False, ament_cmake_args=None, catkin_cmake_args=None, catkin_skip_building_tests=False, verb_parser=<colcon_defaults.argument_parser.defaults.DefaultArgumentsDecorator object at 0x7f0c358774c0>, verb_extension=<colcon_core.verb.build.BuildVerb object at 0x7f0c35876950>, main=<bound method BuildVerb.main of <colcon_core.verb.build.BuildVerb object at 0x7f0c35876950>>)
[1.443s] Level 1:colcon.colcon_core.package_discovery:discover_packages(colcon_meta) check parameters
[1.443s] Level 1:colcon.colcon_core.package_discovery:discover_packages(recursive) check parameters
[1.443s] Level 1:colcon.colcon_core.package_discovery:discover_packages(ignore) check parameters
[1.443s] Level 1:colcon.colcon_core.package_discovery:discover_packages(path) check parameters
[1.443s] Level 1:colcon.colcon_core.package_discovery:discover_packages(colcon_meta) discover
[1.444s] Level 1:colcon.colcon_core.package_discovery:discover_packages(recursive) discover
[1.444s] INFO:colcon.colcon_core.package_discovery:Crawling recursively for packages in '/home/anmol/ws_offboard_control'
[1.444s] Level 1:colcon.colcon_core.package_identification:_identify(.) by extensions ['ignore', 'ignore_ament_install']
[1.444s] Level 1:colcon.colcon_core.package_identification:_identify(.) by extension 'ignore'
[1.444s] Level 1:colcon.colcon_core.package_identification:_identify(.) by extension 'ignore_ament_install'
[1.444s] Level 1:colcon.colcon_core.package_identification:_identify(.) by extensions ['colcon_pkg']
[1.444s] Level 1:colcon.colcon_core.package_identification:_identify(.) by extension 'colcon_pkg'
[1.444s] Level 1:colcon.colcon_core.package_identification:_identify(.) by extensions ['colcon_meta']
[1.444s] Level 1:colcon.colcon_core.package_identification:_identify(.) by extension 'colcon_meta'
[1.444s] Level 1:colcon.colcon_core.package_identification:_identify(.) by extensions ['ros']
[1.444s] Level 1:colcon.colcon_core.package_identification:_identify(.) by extension 'ros'
[1.459s] Level 1:colcon.colcon_core.package_identification:_identify(.) by extensions ['cmake', 'python']
[1.459s] Level 1:colcon.colcon_core.package_identification:_identify(.) by extension 'cmake'
[1.459s] Level 1:colcon.colcon_core.package_identification:_identify(.) by extension 'python'
[1.459s] Level 1:colcon.colcon_core.package_identification:_identify(.) by extensions ['python_setup_py']
[1.459s] Level 1:colcon.colcon_core.package_identification:_identify(.) by extension 'python_setup_py'
[1.459s] Level 1:colcon.colcon_core.package_identification:_identify(build) by extensions ['ignore', 'ignore_ament_install']
[1.460s] Level 1:colcon.colcon_core.package_identification:_identify(build) by extension 'ignore'
[1.460s] Level 1:colcon.colcon_core.package_identification:_identify(build) ignored
[1.460s] Level 1:colcon.colcon_core.package_identification:_identify(install) by extensions ['ignore', 'ignore_ament_install']
[1.460s] Level 1:colcon.colcon_core.package_identification:_identify(install) by extension 'ignore'
[1.460s] Level 1:colcon.colcon_core.package_identification:_identify(install) ignored
[1.460s] Level 1:colcon.colcon_core.package_identification:_identify(log) by extensions ['ignore', 'ignore_ament_install']
[1.461s] Level 1:colcon.colcon_core.package_identification:_identify(log) by extension 'ignore'
[1.461s] Level 1:colcon.colcon_core.package_identification:_identify(log) ignored
[1.461s] Level 1:colcon.colcon_core.package_identification:_identify(src) by extensions ['ignore', 'ignore_ament_install']
[1.461s] Level 1:colcon.colcon_core.package_identification:_identify(src) by extension 'ignore'
[1.461s] Level 1:colcon.colcon_core.package_identification:_identify(src) by extension 'ignore_ament_install'
[1.461s] Level 1:colcon.colcon_core.package_identification:_identify(src) by extensions ['colcon_pkg']
[1.461s] Level 1:colcon.colcon_core.package_identification:_identify(src) by extension 'colcon_pkg'
[1.461s] Level 1:colcon.colcon_core.package_identification:_identify(src) by extensions ['colcon_meta']
[1.461s] Level 1:colcon.colcon_core.package_identification:_identify(src) by extension 'colcon_meta'
[1.461s] Level 1:colcon.colcon_core.package_identification:_identify(src) by extensions ['ros']
[1.461s] Level 1:colcon.colcon_core.package_identification:_identify(src) by extension 'ros'
[1.461s] Level 1:colcon.colcon_core.package_identification:_identify(src) by extensions ['cmake', 'python']
[1.461s] Level 1:colcon.colcon_core.package_identification:_identify(src) by extension 'cmake'
[1.461s] Level 1:colcon.colcon_core.package_identification:_identify(src) by extension 'python'
[1.461s] Level 1:colcon.colcon_core.package_identification:_identify(src) by extensions ['python_setup_py']
[1.461s] Level 1:colcon.colcon_core.package_identification:_identify(src) by extension 'python_setup_py'
[1.462s] Level 1:colcon.colcon_core.package_identification:_identify(src/action_commands) by extensions ['ignore', 'ignore_ament_install']
[1.462s] Level 1:colcon.colcon_core.package_identification:_identify(src/action_commands) by extension 'ignore'
[1.462s] Level 1:colcon.colcon_core.package_identification:_identify(src/action_commands) by extension 'ignore_ament_install'
[1.462s] Level 1:colcon.colcon_core.package_identification:_identify(src/action_commands) by extensions ['colcon_pkg']
[1.462s] Level 1:colcon.colcon_core.package_identification:_identify(src/action_commands) by extension 'colcon_pkg'
[1.462s] Level 1:colcon.colcon_core.package_identification:_identify(src/action_commands) by extensions ['colcon_meta']
[1.462s] Level 1:colcon.colcon_core.package_identification:_identify(src/action_commands) by extension 'colcon_meta'
[1.462s] Level 1:colcon.colcon_core.package_identification:_identify(src/action_commands) by extensions ['ros']
[1.462s] Level 1:colcon.colcon_core.package_identification:_identify(src/action_commands) by extension 'ros'
[1.465s] DEBUG:colcon.colcon_core.package_identification:Package 'src/action_commands' with type 'ros.ament_cmake' and name 'action_commands'
[1.465s] Level 1:colcon.colcon_core.package_identification:_identify(src/manual_key_control) by extensions ['ignore', 'ignore_ament_install']
[1.466s] Level 1:colcon.colcon_core.package_identification:_identify(src/manual_key_control) by extension 'ignore'
[1.466s] Level 1:colcon.colcon_core.package_identification:_identify(src/manual_key_control) by extension 'ignore_ament_install'
[1.466s] Level 1:colcon.colcon_core.package_identification:_identify(src/manual_key_control) by extensions ['colcon_pkg']
[1.466s] Level 1:colcon.colcon_core.package_identification:_identify(src/manual_key_control) by extension 'colcon_pkg'
[1.466s] Level 1:colcon.colcon_core.package_identification:_identify(src/manual_key_control) by extensions ['colcon_meta']
[1.466s] Level 1:colcon.colcon_core.package_identification:_identify(src/manual_key_control) by extension 'colcon_meta'
[1.466s] Level 1:colcon.colcon_core.package_identification:_identify(src/manual_key_control) by extensions ['ros']
[1.466s] Level 1:colcon.colcon_core.package_identification:_identify(src/manual_key_control) by extension 'ros'
[1.467s] DEBUG:colcon.colcon_core.package_identification:Package 'src/manual_key_control' with type 'ros.ament_python' and name 'manual_key_control'
[1.467s] Level 1:colcon.colcon_core.package_identification:_identify(src/px4_msgs) by extensions ['ignore', 'ignore_ament_install']
[1.467s] Level 1:colcon.colcon_core.package_identification:_identify(src/px4_msgs) by extension 'ignore'
[1.467s] Level 1:colcon.colcon_core.package_identification:_identify(src/px4_msgs) by extension 'ignore_ament_install'
[1.467s] Level 1:colcon.colcon_core.package_identification:_identify(src/px4_msgs) by extensions ['colcon_pkg']
[1.467s] Level 1:colcon.colcon_core.package_identification:_identify(src/px4_msgs) by extension 'colcon_pkg'
[1.467s] Level 1:colcon.colcon_core.package_identification:_identify(src/px4_msgs) by extensions ['colcon_meta']
[1.467s] Level 1:colcon.colcon_core.package_identification:_identify(src/px4_msgs) by extension 'colcon_meta'
[1.467s] Level 1:colcon.colcon_core.package_identification:_identify(src/px4_msgs) by extensions ['ros']
[1.467s] Level 1:colcon.colcon_core.package_identification:_identify(src/px4_msgs) by extension 'ros'
[1.468s] DEBUG:colcon.colcon_core.package_identification:Package 'src/px4_msgs' with type 'ros.ament_cmake' and name 'px4_msgs'
[1.468s] Level 1:colcon.colcon_core.package_identification:_identify(src/px4_ros_com) by extensions ['ignore', 'ignore_ament_install']
[1.468s] Level 1:colcon.colcon_core.package_identification:_identify(src/px4_ros_com) by extension 'ignore'
[1.468s] Level 1:colcon.colcon_core.package_identification:_identify(src/px4_ros_com) by extension 'ignore_ament_install'
[1.468s] Level 1:colcon.colcon_core.package_identification:_identify(src/px4_ros_com) by extensions ['colcon_pkg']
[1.468s] Level 1:colcon.colcon_core.package_identification:_identify(src/px4_ros_com) by extension 'colcon_pkg'
[1.468s] Level 1:colcon.colcon_core.package_identification:_identify(src/px4_ros_com) by extensions ['colcon_meta']
[1.468s] Level 1:colcon.colcon_core.package_identification:_identify(src/px4_ros_com) by extension 'colcon_meta'
[1.469s] Level 1:colcon.colcon_core.package_identification:_identify(src/px4_ros_com) by extensions ['ros']
[1.469s] Level 1:colcon.colcon_core.package_identification:_identify(src/px4_ros_com) by extension 'ros'
[1.470s] DEBUG:colcon.colcon_core.package_identification:Package 'src/px4_ros_com' with type 'ros.ament_cmake' and name 'px4_ros_com'
[1.470s] Level 1:colcon.colcon_core.package_identification:_identify(src/tutorial_interfaces) by extensions ['ignore', 'ignore_ament_install']
[1.470s] Level 1:colcon.colcon_core.package_identification:_identify(src/tutorial_interfaces) by extension 'ignore'
[1.470s] Level 1:colcon.colcon_core.package_identification:_identify(src/tutorial_interfaces) by extension 'ignore_ament_install'
[1.470s] Level 1:colcon.colcon_core.package_identification:_identify(src/tutorial_interfaces) by extensions ['colcon_pkg']
[1.471s] Level 1:colcon.colcon_core.package_identification:_identify(src/tutorial_interfaces) by extension 'colcon_pkg'
[1.471s] Level 1:colcon.colcon_core.package_identification:_identify(src/tutorial_interfaces) by extensions ['colcon_meta']
[1.471s] Level 1:colcon.colcon_core.package_identification:_identify(src/tutorial_interfaces) by extension 'colcon_meta'
[1.471s] Level 1:colcon.colcon_core.package_identification:_identify(src/tutorial_interfaces) by extensions ['ros']
[1.471s] Level 1:colcon.colcon_core.package_identification:_identify(src/tutorial_interfaces) by extension 'ros'
[1.471s] DEBUG:colcon.colcon_core.package_identification:Package 'src/tutorial_interfaces' with type 'ros.ament_cmake' and name 'tutorial_interfaces'
[1.472s] Level 1:colcon.colcon_core.package_discovery:discover_packages(recursive) using defaults
[1.472s] Level 1:colcon.colcon_core.package_discovery:discover_packages(ignore) discover
[1.472s] Level 1:colcon.colcon_core.package_discovery:discover_packages(ignore) using defaults
[1.472s] Level 1:colcon.colcon_core.package_discovery:discover_packages(path) discover
[1.472s] Level 1:colcon.colcon_core.package_discovery:discover_packages(path) using defaults
[1.555s] INFO:colcon.colcon_core.package_selection:Skipping not selected package 'px4_msgs' in 'src/px4_msgs'
[1.555s] INFO:colcon.colcon_core.package_selection:Skipping not selected package 'tutorial_interfaces' in 'src/tutorial_interfaces'
[1.555s] INFO:colcon.colcon_core.package_selection:Skipping not selected package 'manual_key_control' in 'src/manual_key_control'
[1.555s] INFO:colcon.colcon_core.package_selection:Skipping not selected package 'px4_ros_com' in 'src/px4_ros_com'
[1.594s] Level 1:colcon.colcon_core.package_discovery:discover_packages(prefix_path) check parameters
[1.594s] Level 1:colcon.colcon_core.package_discovery:discover_packages(prefix_path) discover
[1.635s] DEBUG:colcon.colcon_installed_package_information.package_discovery:Found 7 installed packages in /home/anmol/ws_offboard_control/install
[1.655s] DEBUG:colcon.colcon_installed_package_information.package_discovery:Found 270 installed packages in /opt/ros/humble
[1.657s] Level 1:colcon.colcon_core.package_discovery:discover_packages(prefix_path) using defaults
[1.786s] Level 5:colcon.colcon_core.verb:set package 'action_commands' build argument 'cmake_args' from command line to 'None'
[1.786s] Level 5:colcon.colcon_core.verb:set package 'action_commands' build argument 'cmake_target' from command line to 'None'
[1.786s] Level 5:colcon.colcon_core.verb:set package 'action_commands' build argument 'cmake_target_skip_unavailable' from command line to 'False'
[1.786s] Level 5:colcon.colcon_core.verb:set package 'action_commands' build argument 'cmake_clean_cache' from command line to 'False'
[1.786s] Level 5:colcon.colcon_core.verb:set package 'action_commands' build argument 'cmake_clean_first' from command line to 'False'
[1.786s] Level 5:colcon.colcon_core.verb:set package 'action_commands' build argument 'cmake_force_configure' from command line to 'False'
[1.786s] Level 5:colcon.colcon_core.verb:set package 'action_commands' build argument 'ament_cmake_args' from command line to 'None'
[1.786s] Level 5:colcon.colcon_core.verb:set package 'action_commands' build argument 'catkin_cmake_args' from command line to 'None'
[1.786s] Level 5:colcon.colcon_core.verb:set package 'action_commands' build argument 'catkin_skip_building_tests' from command line to 'False'
[1.786s] DEBUG:colcon.colcon_core.verb:Building package 'action_commands' with the following arguments: {'ament_cmake_args': None, 'build_base': '/home/anmol/ws_offboard_control/build/action_commands', 'catkin_cmake_args': None, 'catkin_skip_building_tests': False, 'cmake_args': None, 'cmake_clean_cache': False, 'cmake_clean_first': False, 'cmake_force_configure': False, 'cmake_target': None, 'cmake_target_skip_unavailable': False, 'install_base': '/home/anmol/ws_offboard_control/install/action_commands', 'merge_install': False, 'path': '/home/anmol/ws_offboard_control/src/action_commands', 'symlink_install': False, 'test_result_base': None}
[1.806s] INFO:colcon.colcon_core.executor:Executing jobs using 'parallel' executor
[1.827s] DEBUG:colcon.colcon_parallel_executor.executor.parallel:run_until_complete
[1.827s] INFO:colcon.colcon_ros.task.ament_cmake.build:Building ROS package in '/home/anmol/ws_offboard_control/src/action_commands' with build type 'ament_cmake'
[1.827s] INFO:colcon.colcon_cmake.task.cmake.build:Building CMake package in '/home/anmol/ws_offboard_control/src/action_commands'
[1.850s] INFO:colcon.colcon_core.plugin_system:Skipping extension 'colcon_core.shell.bat': Not used on non-Windows systems
[1.850s] INFO:colcon.colcon_core.shell:Skip shell extension 'powershell' for command environment: Not usable outside of PowerShell
[1.850s] DEBUG:colcon.colcon_core.shell:Skip shell extension 'dsv' for command environment
[1.927s] DEBUG:colcon.colcon_core.event_handler.log_command:Invoking command in '/home/anmol/ws_offboard_control/build/action_commands': CMAKE_PREFIX_PATH=${CMAKE_PREFIX_PATH}:/home/anmol/ws_offboard_control/install/manual_key_control:/opt/ros/humble /usr/bin/cmake --build /home/anmol/ws_offboard_control/build/action_commands -- -j12 -l12
[8.543s] DEBUG:colcon.colcon_core.event_handler.log_command:Invoked command in '/home/anmol/ws_offboard_control/build/action_commands' returned '0': CMAKE_PREFIX_PATH=${CMAKE_PREFIX_PATH}:/home/anmol/ws_offboard_control/install/manual_key_control:/opt/ros/humble /usr/bin/cmake --build /home/anmol/ws_offboard_control/build/action_commands -- -j12 -l12
[8.680s] DEBUG:colcon.colcon_core.event_handler.log_command:Invoking command in '/home/anmol/ws_offboard_control/build/action_commands': CMAKE_PREFIX_PATH=${CMAKE_PREFIX_PATH}:/home/anmol/ws_offboard_control/install/manual_key_control:/opt/ros/humble /usr/bin/cmake --install /home/anmol/ws_offboard_control/build/action_commands
[8.797s] Level 1:colcon.colcon_core.environment:create_environment_scripts_only(action_commands)
[8.798s] DEBUG:colcon.colcon_core.event_handler.log_command:Invoked command in '/home/anmol/ws_offboard_control/build/action_commands' returned '0': CMAKE_PREFIX_PATH=${CMAKE_PREFIX_PATH}:/home/anmol/ws_offboard_control/install/manual_key_control:/opt/ros/humble /usr/bin/cmake --install /home/anmol/ws_offboard_control/build/action_commands
[8.819s] Level 1:colcon.colcon_core.environment:checking '/home/anmol/ws_offboard_control/install/action_commands' for CMake module files
[8.820s] Level 1:colcon.colcon_core.environment:checking '/home/anmol/ws_offboard_control/install/action_commands' for CMake config files
[8.821s] Level 1:colcon.colcon_core.shell:create_environment_hook('action_commands', 'cmake_prefix_path')
[8.840s] INFO:colcon.colcon_core.shell:Creating environment hook '/home/anmol/ws_offboard_control/install/action_commands/share/action_commands/hook/cmake_prefix_path.ps1'
[8.841s] INFO:colcon.colcon_core.shell:Creating environment descriptor '/home/anmol/ws_offboard_control/install/action_commands/share/action_commands/hook/cmake_prefix_path.dsv'
[8.841s] INFO:colcon.colcon_core.shell:Creating environment hook '/home/anmol/ws_offboard_control/install/action_commands/share/action_commands/hook/cmake_prefix_path.sh'
[8.842s] Level 1:colcon.colcon_core.environment:checking '/home/anmol/ws_offboard_control/install/action_commands/lib'
[8.843s] Level 1:colcon.colcon_core.shell:create_environment_hook('action_commands', 'ld_library_path_lib')
[8.863s] INFO:colcon.colcon_core.shell:Creating environment hook '/home/anmol/ws_offboard_control/install/action_commands/share/action_commands/hook/ld_library_path_lib.ps1'
[8.863s] INFO:colcon.colcon_core.shell:Creating environment descriptor '/home/anmol/ws_offboard_control/install/action_commands/share/action_commands/hook/ld_library_path_lib.dsv'
[8.864s] INFO:colcon.colcon_core.shell:Creating environment hook '/home/anmol/ws_offboard_control/install/action_commands/share/action_commands/hook/ld_library_path_lib.sh'
[8.864s] Level 1:colcon.colcon_core.environment:checking '/home/anmol/ws_offboard_control/install/action_commands/bin'
[8.864s] Level 1:colcon.colcon_core.environment:checking '/home/anmol/ws_offboard_control/install/action_commands/lib/pkgconfig/action_commands.pc'
[8.865s] Level 1:colcon.colcon_core.environment:checking '/home/anmol/ws_offboard_control/install/action_commands/lib/python3.10/site-packages'
[8.865s] Level 1:colcon.colcon_core.environment:checking '/home/anmol/ws_offboard_control/install/action_commands/bin'
[8.885s] INFO:colcon.colcon_core.shell:Creating package script '/home/anmol/ws_offboard_control/install/action_commands/share/action_commands/package.ps1'
[8.886s] INFO:colcon.colcon_core.shell:Creating package descriptor '/home/anmol/ws_offboard_control/install/action_commands/share/action_commands/package.dsv'
[8.887s] INFO:colcon.colcon_core.shell:Creating package script '/home/anmol/ws_offboard_control/install/action_commands/share/action_commands/package.sh'
[8.888s] INFO:colcon.colcon_core.shell:Creating package script '/home/anmol/ws_offboard_control/install/action_commands/share/action_commands/package.bash'
[8.889s] INFO:colcon.colcon_core.shell:Creating package script '/home/anmol/ws_offboard_control/install/action_commands/share/action_commands/package.zsh'
[8.890s] Level 1:colcon.colcon_core.environment:create_file_with_runtime_dependencies(/home/anmol/ws_offboard_control/install/action_commands/share/colcon-core/packages/action_commands)
[9.040s] Level 1:colcon.colcon_core.environment:create_environment_scripts_only(action_commands)
[9.061s] Level 1:colcon.colcon_core.environment:checking '/home/anmol/ws_offboard_control/install/action_commands' for CMake module files
[9.062s] Level 1:colcon.colcon_core.environment:checking '/home/anmol/ws_offboard_control/install/action_commands' for CMake config files
[9.062s] Level 1:colcon.colcon_core.shell:create_environment_hook('action_commands', 'cmake_prefix_path')
[9.081s] INFO:colcon.colcon_core.shell:Creating environment hook '/home/anmol/ws_offboard_control/install/action_commands/share/action_commands/hook/cmake_prefix_path.ps1'
[9.082s] INFO:colcon.colcon_core.shell:Creating environment descriptor '/home/anmol/ws_offboard_control/install/action_commands/share/action_commands/hook/cmake_prefix_path.dsv'
[9.082s] INFO:colcon.colcon_core.shell:Creating environment hook '/home/anmol/ws_offboard_control/install/action_commands/share/action_commands/hook/cmake_prefix_path.sh'
[9.083s] Level 1:colcon.colcon_core.environment:checking '/home/anmol/ws_offboard_control/install/action_commands/lib'
[9.083s] Level 1:colcon.colcon_core.shell:create_environment_hook('action_commands', 'ld_library_path_lib')
[9.102s] INFO:colcon.colcon_core.shell:Creating environment hook '/home/anmol/ws_offboard_control/install/action_commands/share/action_commands/hook/ld_library_path_lib.ps1'
[9.103s] INFO:colcon.colcon_core.shell:Creating environment descriptor '/home/anmol/ws_offboard_control/install/action_commands/share/action_commands/hook/ld_library_path_lib.dsv'
[9.103s] INFO:colcon.colcon_core.shell:Creating environment hook '/home/anmol/ws_offboard_control/install/action_commands/share/action_commands/hook/ld_library_path_lib.sh'
[9.104s] Level 1:colcon.colcon_core.environment:checking '/home/anmol/ws_offboard_control/install/action_commands/bin'
[9.104s] Level 1:colcon.colcon_core.environment:checking '/home/anmol/ws_offboard_control/install/action_commands/lib/pkgconfig/action_commands.pc'
[9.104s] Level 1:colcon.colcon_core.environment:checking '/home/anmol/ws_offboard_control/install/action_commands/lib/python3.10/site-packages'
[9.104s] Level 1:colcon.colcon_core.environment:checking '/home/anmol/ws_offboard_control/install/action_commands/bin'
[9.124s] INFO:colcon.colcon_core.shell:Creating package script '/home/anmol/ws_offboard_control/install/action_commands/share/action_commands/package.ps1'
[9.124s] INFO:colcon.colcon_core.shell:Creating package descriptor '/home/anmol/ws_offboard_control/install/action_commands/share/action_commands/package.dsv'
[9.125s] INFO:colcon.colcon_core.shell:Creating package script '/home/anmol/ws_offboard_control/install/action_commands/share/action_commands/package.sh'
[9.125s] INFO:colcon.colcon_core.shell:Creating package script '/home/anmol/ws_offboard_control/install/action_commands/share/action_commands/package.bash'
[9.126s] INFO:colcon.colcon_core.shell:Creating package script '/home/anmol/ws_offboard_control/install/action_commands/share/action_commands/package.zsh'
[9.126s] Level 1:colcon.colcon_core.environment:create_file_with_runtime_dependencies(/home/anmol/ws_offboard_control/install/action_commands/share/colcon-core/packages/action_commands)
[9.127s] DEBUG:colcon.colcon_parallel_executor.executor.parallel:closing loop
[9.127s] DEBUG:colcon.colcon_parallel_executor.executor.parallel:loop closed
[9.127s] DEBUG:colcon.colcon_parallel_executor.executor.parallel:run_until_complete finished with '0'
[9.128s] DEBUG:colcon.colcon_core.event_reactor:joining thread
[9.153s] INFO:colcon.colcon_core.plugin_system:Skipping extension 'colcon_notification.desktop_notification.terminal_notifier': Not used on non-Darwin systems
[9.153s] INFO:colcon.colcon_core.plugin_system:Skipping extension 'colcon_notification.desktop_notification.win32': Not used on non-Windows systems
[9.153s] INFO:colcon.colcon_notification.desktop_notification:Sending desktop notification using 'notify2'
[9.169s] DEBUG:colcon.colcon_core.event_reactor:joined thread
[9.191s] INFO:colcon.colcon_core.shell:Creating prefix script '/home/anmol/ws_offboard_control/install/local_setup.ps1'
[9.192s] INFO:colcon.colcon_core.shell:Creating prefix util module '/home/anmol/ws_offboard_control/install/_local_setup_util_ps1.py'
[9.194s] INFO:colcon.colcon_core.shell:Creating prefix chain script '/home/anmol/ws_offboard_control/install/setup.ps1'
[9.215s] INFO:colcon.colcon_core.shell:Creating prefix script '/home/anmol/ws_offboard_control/install/local_setup.sh'
[9.216s] INFO:colcon.colcon_core.shell:Creating prefix util module '/home/anmol/ws_offboard_control/install/_local_setup_util_sh.py'
[9.216s] INFO:colcon.colcon_core.shell:Creating prefix chain script '/home/anmol/ws_offboard_control/install/setup.sh'
[9.238s] INFO:colcon.colcon_core.shell:Creating prefix script '/home/anmol/ws_offboard_control/install/local_setup.bash'
[9.238s] INFO:colcon.colcon_core.shell:Creating prefix chain script '/home/anmol/ws_offboard_control/install/setup.bash'
[9.259s] INFO:colcon.colcon_core.shell:Creating prefix script '/home/anmol/ws_offboard_control/install/local_setup.zsh'
[9.260s] INFO:colcon.colcon_core.shell:Creating prefix chain script '/home/anmol/ws_offboard_control/install/setup.zsh'
