[0.091s] Invoking command in '/home/anmol/ws_offboard_control/build/tutorial_interfaces': CMAKE_PREFIX_PATH=${CMAKE_PREFIX_PATH}:/home/anmol/ws_offboard_control/install/manual_key_control:/opt/ros/humble /usr/bin/cmake /home/anmol/ws_offboard_control/src/tutorial_interfaces -DCMAKE_INSTALL_PREFIX=/home/anmol/ws_offboard_control/install/tutorial_interfaces
[0.187s] -- The C compiler identification is GNU 11.4.0
[0.273s] -- The CXX compiler identification is GNU 11.4.0
[0.286s] -- Detecting C compiler ABI info
[0.402s] -- Detecting C compiler ABI info - done
[0.416s] -- Check for working C compiler: /usr/bin/cc - skipped
[0.416s] -- Detecting C compile features
[0.417s] -- Detecting C compile features - done
[0.422s] -- Detecting CXX compiler ABI info
[0.558s] -- Detecting CXX compiler ABI info - done
[0.568s] -- Check for working CXX compiler: /usr/bin/c++ - skipped
[0.568s] -- Detecting CXX compile features
[0.569s] -- Detecting CXX compile features - done
[0.572s] -- Found ament_cmake: 1.3.6 (/opt/ros/humble/share/ament_cmake/cmake)
[0.819s] -- Found Python3: /usr/bin/python3.10 (found version "3.10.12") found components: Interpreter 
[0.944s] -- Found geometry_msgs: 4.2.3 (/opt/ros/humble/share/geometry_msgs/cmake)
[1.000s] -- Found rosidl_generator_c: 3.1.5 (/opt/ros/humble/share/rosidl_generator_c/cmake)
[1.008s] -- Found rosidl_adapter: 3.1.5 (/opt/ros/humble/share/rosidl_adapter/cmake)
[1.019s] -- Found rosidl_generator_cpp: 3.1.5 (/opt/ros/humble/share/rosidl_generator_cpp/cmake)
[1.039s] -- Using all available rosidl_typesupport_c: rosidl_typesupport_fastrtps_c;rosidl_typesupport_introspection_c
[1.065s] -- Using all available rosidl_typesupport_cpp: rosidl_typesupport_fastrtps_cpp;rosidl_typesupport_introspection_cpp
[1.227s] -- Found rosidl_default_generators: 1.2.0 (/opt/ros/humble/share/rosidl_default_generators/cmake)
[1.610s] -- Found ament_cmake_ros: 0.10.0 (/opt/ros/humble/share/ament_cmake_ros/cmake)
[2.173s] -- Using all available rosidl_typesupport_c: rosidl_typesupport_fastrtps_c;rosidl_typesupport_introspection_c
[2.392s] -- Using all available rosidl_typesupport_cpp: rosidl_typesupport_fastrtps_cpp;rosidl_typesupport_introspection_cpp
[2.422s] -- Found PythonInterp: /usr/bin/python3 (found suitable version "3.10.12", minimum required is "3.6") 
[2.425s] -- Found python_cmake_module: 0.10.0 (/opt/ros/humble/share/python_cmake_module/cmake)
[2.460s] -- Found PythonLibs: /usr/lib/x86_64-linux-gnu/libpython3.10.so (found suitable version "3.10.12", minimum required is "3.5") 
[2.460s] -- Using PYTHON_EXECUTABLE: /usr/bin/python3
[2.460s] -- Using PYTHON_INCLUDE_DIRS: /usr/include/python3.10
[2.461s] -- Using PYTHON_LIBRARIES: /usr/lib/x86_64-linux-gnu/libpython3.10.so
[2.489s] -- Found PythonExtra: .so  
[2.572s] -- Found ament_lint_auto: 0.12.9 (/opt/ros/humble/share/ament_lint_auto/cmake)
[2.600s] -- Added test 'lint_cmake' to check CMake code style
[2.602s] -- Added test 'xmllint' to check XML markup files
[2.606s] -- Configuring done
[2.661s] -- Generating done
[2.666s] -- Build files have been written to: /home/anmol/ws_offboard_control/build/tutorial_interfaces
[2.679s] Invoked command in '/home/anmol/ws_offboard_control/build/tutorial_interfaces' returned '0': CMAKE_PREFIX_PATH=${CMAKE_PREFIX_PATH}:/home/anmol/ws_offboard_control/install/manual_key_control:/opt/ros/humble /usr/bin/cmake /home/anmol/ws_offboard_control/src/tutorial_interfaces -DCMAKE_INSTALL_PREFIX=/home/anmol/ws_offboard_control/install/tutorial_interfaces
[2.682s] Invoking command in '/home/anmol/ws_offboard_control/build/tutorial_interfaces': CMAKE_PREFIX_PATH=${CMAKE_PREFIX_PATH}:/home/anmol/ws_offboard_control/install/manual_key_control:/opt/ros/humble /usr/bin/cmake --build /home/anmol/ws_offboard_control/build/tutorial_interfaces -- -j12 -l12
[2.746s] [  2%] [34m[1mGenerating C code for ROS interfaces[0m
[2.764s] [  4%] [34m[1mGenerating C++ code for ROS interfaces[0m
[2.775s] [  4%] Built target ament_cmake_python_copy_tutorial_interfaces
[3.089s] running egg_info
[3.089s] creating tutorial_interfaces.egg-info
[3.090s] writing tutorial_interfaces.egg-info/PKG-INFO
[3.090s] writing dependency_links to tutorial_interfaces.egg-info/dependency_links.txt
[3.090s] writing top-level names to tutorial_interfaces.egg-info/top_level.txt
[3.090s] writing manifest file 'tutorial_interfaces.egg-info/SOURCES.txt'
[3.092s] reading manifest file 'tutorial_interfaces.egg-info/SOURCES.txt'
[3.093s] writing manifest file 'tutorial_interfaces.egg-info/SOURCES.txt'
[3.134s] [  4%] Built target ament_cmake_python_build_tutorial_interfaces_egg
[3.251s] [  8%] [32mBuilding C object CMakeFiles/tutorial_interfaces__rosidl_generator_c.dir/rosidl_generator_c/tutorial_interfaces/srv/detail/add_three_ints__functions.c.o[0m
[3.252s] [  8%] [32mBuilding C object CMakeFiles/tutorial_interfaces__rosidl_generator_c.dir/rosidl_generator_c/tutorial_interfaces/msg/detail/board__functions.c.o[0m
[3.252s] [ 10%] [32mBuilding C object CMakeFiles/tutorial_interfaces__rosidl_generator_c.dir/rosidl_generator_c/tutorial_interfaces/msg/detail/sphere__functions.c.o[0m
[3.257s] [ 10%] Built target tutorial_interfaces__cpp
[3.273s] [ 17%] [34m[1mGenerating C++ introspection for ROS interfaces[0m
[3.273s] [ 17%] [34m[1mGenerating C++ type support dispatch for ROS interfaces[0m
[3.274s] [ 17%] [34m[1mGenerating C++ type support for eProsima Fast-RTPS[0m
[3.334s] [ 19%] [32m[1mLinking C shared library libtutorial_interfaces__rosidl_generator_c.so[0m
[3.393s] [ 19%] Built target tutorial_interfaces__rosidl_generator_c
[3.409s] [ 23%] [34m[1mGenerating C introspection for ROS interfaces[0m
[3.409s] [ 23%] [34m[1mGenerating C type support for eProsima Fast-RTPS[0m
[3.411s] [ 25%] [34m[1mGenerating C type support dispatch for ROS interfaces[0m
[3.656s] [ 27%] [32mBuilding CXX object CMakeFiles/tutorial_interfaces__rosidl_typesupport_cpp.dir/rosidl_typesupport_cpp/tutorial_interfaces/msg/board__type_support.cpp.o[0m
[3.661s] [ 29%] [32mBuilding CXX object CMakeFiles/tutorial_interfaces__rosidl_typesupport_cpp.dir/rosidl_typesupport_cpp/tutorial_interfaces/msg/sphere__type_support.cpp.o[0m
[3.662s] [ 31%] [32mBuilding CXX object CMakeFiles/tutorial_interfaces__rosidl_typesupport_cpp.dir/rosidl_typesupport_cpp/tutorial_interfaces/srv/add_three_ints__type_support.cpp.o[0m
[3.704s] [ 34%] [32mBuilding CXX object CMakeFiles/tutorial_interfaces__rosidl_typesupport_introspection_cpp.dir/rosidl_typesupport_introspection_cpp/tutorial_interfaces/srv/detail/add_three_ints__type_support.cpp.o[0m
[3.705s] [ 38%] [32mBuilding CXX object CMakeFiles/tutorial_interfaces__rosidl_typesupport_introspection_cpp.dir/rosidl_typesupport_introspection_cpp/tutorial_interfaces/msg/detail/board__type_support.cpp.o[0m
[3.705s] [ 38%] [32mBuilding CXX object CMakeFiles/tutorial_interfaces__rosidl_typesupport_introspection_cpp.dir/rosidl_typesupport_introspection_cpp/tutorial_interfaces/msg/detail/sphere__type_support.cpp.o[0m
[3.794s] [ 40%] [32mBuilding CXX object CMakeFiles/tutorial_interfaces__rosidl_typesupport_fastrtps_cpp.dir/rosidl_typesupport_fastrtps_cpp/tutorial_interfaces/srv/detail/dds_fastrtps/add_three_ints__type_support.cpp.o[0m
[3.795s] [ 42%] [32mBuilding CXX object CMakeFiles/tutorial_interfaces__rosidl_typesupport_fastrtps_cpp.dir/rosidl_typesupport_fastrtps_cpp/tutorial_interfaces/msg/detail/dds_fastrtps/sphere__type_support.cpp.o[0m
[3.797s] [ 44%] [32mBuilding CXX object CMakeFiles/tutorial_interfaces__rosidl_typesupport_fastrtps_cpp.dir/rosidl_typesupport_fastrtps_cpp/tutorial_interfaces/msg/detail/dds_fastrtps/board__type_support.cpp.o[0m
[3.873s] [ 46%] [32mBuilding CXX object CMakeFiles/tutorial_interfaces__rosidl_typesupport_c.dir/rosidl_typesupport_c/tutorial_interfaces/msg/board__type_support.cpp.o[0m
[3.937s] [ 48%] [32mBuilding CXX object CMakeFiles/tutorial_interfaces__rosidl_typesupport_c.dir/rosidl_typesupport_c/tutorial_interfaces/msg/sphere__type_support.cpp.o[0m
[4.011s] [ 51%] [32mBuilding CXX object CMakeFiles/tutorial_interfaces__rosidl_typesupport_c.dir/rosidl_typesupport_c/tutorial_interfaces/srv/add_three_ints__type_support.cpp.o[0m
[4.045s] [ 53%] [32mBuilding C object CMakeFiles/tutorial_interfaces__rosidl_typesupport_introspection_c.dir/rosidl_typesupport_introspection_c/tutorial_interfaces/msg/detail/board__type_support.c.o[0m
[4.071s] [ 55%] [32mBuilding CXX object CMakeFiles/tutorial_interfaces__rosidl_typesupport_fastrtps_c.dir/rosidl_typesupport_fastrtps_c/tutorial_interfaces/msg/detail/board__type_support_c.cpp.o[0m
[4.079s] [ 57%] [32m[1mLinking CXX shared library libtutorial_interfaces__rosidl_typesupport_c.so[0m
[4.117s] [ 59%] [32mBuilding C object CMakeFiles/tutorial_interfaces__rosidl_typesupport_introspection_c.dir/rosidl_typesupport_introspection_c/tutorial_interfaces/msg/detail/sphere__type_support.c.o[0m
[4.137s] [ 61%] [32mBuilding CXX object CMakeFiles/tutorial_interfaces__rosidl_typesupport_fastrtps_c.dir/rosidl_typesupport_fastrtps_c/tutorial_interfaces/msg/detail/sphere__type_support_c.cpp.o[0m
[4.161s] [ 63%] [32mBuilding CXX object CMakeFiles/tutorial_interfaces__rosidl_typesupport_fastrtps_c.dir/rosidl_typesupport_fastrtps_c/tutorial_interfaces/srv/detail/add_three_ints__type_support_c.cpp.o[0m
[4.165s] [ 65%] [32m[1mLinking CXX shared library libtutorial_interfaces__rosidl_typesupport_cpp.so[0m
[4.180s] [ 65%] Built target tutorial_interfaces__rosidl_typesupport_c
[4.199s] [ 68%] [32mBuilding C object CMakeFiles/tutorial_interfaces__rosidl_typesupport_introspection_c.dir/rosidl_typesupport_introspection_c/tutorial_interfaces/srv/detail/add_three_ints__type_support.c.o[0m
[4.259s] [ 68%] Built target tutorial_interfaces__rosidl_typesupport_cpp
[4.288s] [ 70%] [32m[1mLinking C shared library libtutorial_interfaces__rosidl_typesupport_introspection_c.so[0m
[4.370s] [ 70%] Built target tutorial_interfaces__rosidl_typesupport_introspection_c
[4.437s] [ 72%] [32m[1mLinking CXX shared library libtutorial_interfaces__rosidl_typesupport_introspection_cpp.so[0m
[4.520s] [ 74%] [32m[1mLinking CXX shared library libtutorial_interfaces__rosidl_typesupport_fastrtps_cpp.so[0m
[4.552s] [ 74%] Built target tutorial_interfaces__rosidl_typesupport_introspection_cpp
[4.655s] [ 74%] Built target tutorial_interfaces__rosidl_typesupport_fastrtps_cpp
[4.695s] [ 76%] [32m[1mLinking CXX shared library libtutorial_interfaces__rosidl_typesupport_fastrtps_c.so[0m
[4.820s] [ 76%] Built target tutorial_interfaces__rosidl_typesupport_fastrtps_c
[4.852s] [ 76%] Built target tutorial_interfaces
[4.886s] [ 78%] [34m[1mGenerating Python code for ROS interfaces[0m
[5.592s] [ 78%] Built target tutorial_interfaces__py
[5.624s] [ 80%] [32mBuilding C object CMakeFiles/tutorial_interfaces__rosidl_generator_py.dir/rosidl_generator_py/tutorial_interfaces/msg/_board_s.c.o[0m
[5.624s] [ 85%] [32mBuilding C object CMakeFiles/tutorial_interfaces__rosidl_generator_py.dir/rosidl_generator_py/tutorial_interfaces/srv/_add_three_ints_s.c.o[0m
[5.625s] [ 85%] [32mBuilding C object CMakeFiles/tutorial_interfaces__rosidl_generator_py.dir/rosidl_generator_py/tutorial_interfaces/msg/_sphere_s.c.o[0m
[5.772s] [ 87%] [32m[1mLinking C shared library rosidl_generator_py/tutorial_interfaces/libtutorial_interfaces__rosidl_generator_py.so[0m
[5.836s] [ 87%] Built target tutorial_interfaces__rosidl_generator_py
[5.868s] [ 91%] [32mBuilding C object CMakeFiles/tutorial_interfaces__rosidl_typesupport_fastrtps_c__pyext.dir/rosidl_generator_py/tutorial_interfaces/_tutorial_interfaces_s.ep.rosidl_typesupport_fastrtps_c.c.o[0m
[5.868s] [ 91%] [32mBuilding C object CMakeFiles/tutorial_interfaces__rosidl_typesupport_introspection_c__pyext.dir/rosidl_generator_py/tutorial_interfaces/_tutorial_interfaces_s.ep.rosidl_typesupport_introspection_c.c.o[0m
[5.868s] [ 93%] [32mBuilding C object CMakeFiles/tutorial_interfaces__rosidl_typesupport_c__pyext.dir/rosidl_generator_py/tutorial_interfaces/_tutorial_interfaces_s.ep.rosidl_typesupport_c.c.o[0m
[6.019s] [ 97%] [32m[1mLinking C shared library rosidl_generator_py/tutorial_interfaces/tutorial_interfaces_s__rosidl_typesupport_introspection_c.cpython-310-x86_64-linux-gnu.so[0m
[6.019s] [ 97%] [32m[1mLinking C shared library rosidl_generator_py/tutorial_interfaces/tutorial_interfaces_s__rosidl_typesupport_fastrtps_c.cpython-310-x86_64-linux-gnu.so[0m
[6.020s] [100%] [32m[1mLinking C shared library rosidl_generator_py/tutorial_interfaces/tutorial_interfaces_s__rosidl_typesupport_c.cpython-310-x86_64-linux-gnu.so[0m
[6.080s] [100%] Built target tutorial_interfaces__rosidl_typesupport_fastrtps_c__pyext
[6.081s] [100%] Built target tutorial_interfaces__rosidl_typesupport_introspection_c__pyext
[6.081s] [100%] Built target tutorial_interfaces__rosidl_typesupport_c__pyext
[6.101s] Invoked command in '/home/anmol/ws_offboard_control/build/tutorial_interfaces' returned '0': CMAKE_PREFIX_PATH=${CMAKE_PREFIX_PATH}:/home/anmol/ws_offboard_control/install/manual_key_control:/opt/ros/humble /usr/bin/cmake --build /home/anmol/ws_offboard_control/build/tutorial_interfaces -- -j12 -l12
[6.293s] Invoking command in '/home/anmol/ws_offboard_control/build/tutorial_interfaces': CMAKE_PREFIX_PATH=${CMAKE_PREFIX_PATH}:/home/anmol/ws_offboard_control/install/manual_key_control:/opt/ros/humble /usr/bin/cmake --install /home/anmol/ws_offboard_control/build/tutorial_interfaces
[6.305s] -- Install configuration: ""
[6.305s] -- Installing: /home/anmol/ws_offboard_control/install/tutorial_interfaces/share/ament_index/resource_index/rosidl_interfaces/tutorial_interfaces
[6.305s] -- Installing: /home/anmol/ws_offboard_control/install/tutorial_interfaces/include/tutorial_interfaces/tutorial_interfaces
[6.306s] -- Installing: /home/anmol/ws_offboard_control/install/tutorial_interfaces/include/tutorial_interfaces/tutorial_interfaces/msg
[6.306s] -- Installing: /home/anmol/ws_offboard_control/install/tutorial_interfaces/include/tutorial_interfaces/tutorial_interfaces/msg/sphere.h
[6.306s] -- Installing: /home/anmol/ws_offboard_control/install/tutorial_interfaces/include/tutorial_interfaces/tutorial_interfaces/msg/detail
[6.306s] -- Installing: /home/anmol/ws_offboard_control/install/tutorial_interfaces/include/tutorial_interfaces/tutorial_interfaces/msg/detail/board__struct.h
[6.307s] -- Installing: /home/anmol/ws_offboard_control/install/tutorial_interfaces/include/tutorial_interfaces/tutorial_interfaces/msg/detail/board__functions.c
[6.307s] -- Installing: /home/anmol/ws_offboard_control/install/tutorial_interfaces/include/tutorial_interfaces/tutorial_interfaces/msg/detail/sphere__type_support.h
[6.307s] -- Installing: /home/anmol/ws_offboard_control/install/tutorial_interfaces/include/tutorial_interfaces/tutorial_interfaces/msg/detail/sphere__functions.h
[6.307s] -- Installing: /home/anmol/ws_offboard_control/install/tutorial_interfaces/include/tutorial_interfaces/tutorial_interfaces/msg/detail/sphere__struct.h
[6.307s] -- Installing: /home/anmol/ws_offboard_control/install/tutorial_interfaces/include/tutorial_interfaces/tutorial_interfaces/msg/detail/board__functions.h
[6.307s] -- Installing: /home/anmol/ws_offboard_control/install/tutorial_interfaces/include/tutorial_interfaces/tutorial_interfaces/msg/detail/board__type_support.h
[6.308s] -- Installing: /home/anmol/ws_offboard_control/install/tutorial_interfaces/include/tutorial_interfaces/tutorial_interfaces/msg/detail/sphere__functions.c
[6.308s] -- Installing: /home/anmol/ws_offboard_control/install/tutorial_interfaces/include/tutorial_interfaces/tutorial_interfaces/msg/board.h
[6.308s] -- Installing: /home/anmol/ws_offboard_control/install/tutorial_interfaces/include/tutorial_interfaces/tutorial_interfaces/msg/rosidl_generator_c__visibility_control.h
[6.308s] -- Installing: /home/anmol/ws_offboard_control/install/tutorial_interfaces/include/tutorial_interfaces/tutorial_interfaces/srv
[6.308s] -- Installing: /home/anmol/ws_offboard_control/install/tutorial_interfaces/include/tutorial_interfaces/tutorial_interfaces/srv/detail
[6.308s] -- Installing: /home/anmol/ws_offboard_control/install/tutorial_interfaces/include/tutorial_interfaces/tutorial_interfaces/srv/detail/add_three_ints__struct.h
[6.308s] -- Installing: /home/anmol/ws_offboard_control/install/tutorial_interfaces/include/tutorial_interfaces/tutorial_interfaces/srv/detail/add_three_ints__functions.h
[6.309s] -- Installing: /home/anmol/ws_offboard_control/install/tutorial_interfaces/include/tutorial_interfaces/tutorial_interfaces/srv/detail/add_three_ints__type_support.h
[6.309s] -- Installing: /home/anmol/ws_offboard_control/install/tutorial_interfaces/include/tutorial_interfaces/tutorial_interfaces/srv/detail/add_three_ints__functions.c
[6.309s] -- Installing: /home/anmol/ws_offboard_control/install/tutorial_interfaces/include/tutorial_interfaces/tutorial_interfaces/srv/add_three_ints.h
[6.309s] -- Installing: /home/anmol/ws_offboard_control/install/tutorial_interfaces/share/tutorial_interfaces/environment/library_path.sh
[6.309s] -- Installing: /home/anmol/ws_offboard_control/install/tutorial_interfaces/share/tutorial_interfaces/environment/library_path.dsv
[6.309s] -- Installing: /home/anmol/ws_offboard_control/install/tutorial_interfaces/lib/libtutorial_interfaces__rosidl_generator_c.so
[6.310s] -- Set runtime path of "/home/anmol/ws_offboard_control/install/tutorial_interfaces/lib/libtutorial_interfaces__rosidl_generator_c.so" to ""
[6.310s] -- Up-to-date: /home/anmol/ws_offboard_control/install/tutorial_interfaces/include/tutorial_interfaces/tutorial_interfaces
[6.310s] -- Up-to-date: /home/anmol/ws_offboard_control/install/tutorial_interfaces/include/tutorial_interfaces/tutorial_interfaces/msg
[6.310s] -- Up-to-date: /home/anmol/ws_offboard_control/install/tutorial_interfaces/include/tutorial_interfaces/tutorial_interfaces/msg/detail
[6.310s] -- Installing: /home/anmol/ws_offboard_control/install/tutorial_interfaces/include/tutorial_interfaces/tutorial_interfaces/msg/detail/board__rosidl_typesupport_fastrtps_c.h
[6.310s] -- Installing: /home/anmol/ws_offboard_control/install/tutorial_interfaces/include/tutorial_interfaces/tutorial_interfaces/msg/detail/sphere__rosidl_typesupport_fastrtps_c.h
[6.311s] -- Installing: /home/anmol/ws_offboard_control/install/tutorial_interfaces/include/tutorial_interfaces/tutorial_interfaces/msg/rosidl_typesupport_fastrtps_c__visibility_control.h
[6.311s] -- Up-to-date: /home/anmol/ws_offboard_control/install/tutorial_interfaces/include/tutorial_interfaces/tutorial_interfaces/srv
[6.311s] -- Up-to-date: /home/anmol/ws_offboard_control/install/tutorial_interfaces/include/tutorial_interfaces/tutorial_interfaces/srv/detail
[6.311s] -- Installing: /home/anmol/ws_offboard_control/install/tutorial_interfaces/include/tutorial_interfaces/tutorial_interfaces/srv/detail/add_three_ints__rosidl_typesupport_fastrtps_c.h
[6.311s] -- Installing: /home/anmol/ws_offboard_control/install/tutorial_interfaces/lib/libtutorial_interfaces__rosidl_typesupport_fastrtps_c.so
[6.312s] -- Set runtime path of "/home/anmol/ws_offboard_control/install/tutorial_interfaces/lib/libtutorial_interfaces__rosidl_typesupport_fastrtps_c.so" to ""
[6.312s] -- Up-to-date: /home/anmol/ws_offboard_control/install/tutorial_interfaces/include/tutorial_interfaces/tutorial_interfaces
[6.312s] -- Up-to-date: /home/anmol/ws_offboard_control/install/tutorial_interfaces/include/tutorial_interfaces/tutorial_interfaces/msg
[6.312s] -- Up-to-date: /home/anmol/ws_offboard_control/install/tutorial_interfaces/include/tutorial_interfaces/tutorial_interfaces/msg/detail
[6.312s] -- Installing: /home/anmol/ws_offboard_control/install/tutorial_interfaces/include/tutorial_interfaces/tutorial_interfaces/msg/detail/sphere__traits.hpp
[6.312s] -- Installing: /home/anmol/ws_offboard_control/install/tutorial_interfaces/include/tutorial_interfaces/tutorial_interfaces/msg/detail/board__builder.hpp
[6.312s] -- Installing: /home/anmol/ws_offboard_control/install/tutorial_interfaces/include/tutorial_interfaces/tutorial_interfaces/msg/detail/board__traits.hpp
[6.312s] -- Installing: /home/anmol/ws_offboard_control/install/tutorial_interfaces/include/tutorial_interfaces/tutorial_interfaces/msg/detail/sphere__struct.hpp
[6.313s] -- Installing: /home/anmol/ws_offboard_control/install/tutorial_interfaces/include/tutorial_interfaces/tutorial_interfaces/msg/detail/sphere__builder.hpp
[6.313s] -- Installing: /home/anmol/ws_offboard_control/install/tutorial_interfaces/include/tutorial_interfaces/tutorial_interfaces/msg/detail/board__struct.hpp
[6.313s] -- Installing: /home/anmol/ws_offboard_control/install/tutorial_interfaces/include/tutorial_interfaces/tutorial_interfaces/msg/sphere.hpp
[6.313s] -- Installing: /home/anmol/ws_offboard_control/install/tutorial_interfaces/include/tutorial_interfaces/tutorial_interfaces/msg/board.hpp
[6.313s] -- Up-to-date: /home/anmol/ws_offboard_control/install/tutorial_interfaces/include/tutorial_interfaces/tutorial_interfaces/srv
[6.313s] -- Installing: /home/anmol/ws_offboard_control/install/tutorial_interfaces/include/tutorial_interfaces/tutorial_interfaces/srv/add_three_ints.hpp
[6.314s] -- Up-to-date: /home/anmol/ws_offboard_control/install/tutorial_interfaces/include/tutorial_interfaces/tutorial_interfaces/srv/detail
[6.314s] -- Installing: /home/anmol/ws_offboard_control/install/tutorial_interfaces/include/tutorial_interfaces/tutorial_interfaces/srv/detail/add_three_ints__traits.hpp
[6.314s] -- Installing: /home/anmol/ws_offboard_control/install/tutorial_interfaces/include/tutorial_interfaces/tutorial_interfaces/srv/detail/add_three_ints__struct.hpp
[6.314s] -- Installing: /home/anmol/ws_offboard_control/install/tutorial_interfaces/include/tutorial_interfaces/tutorial_interfaces/srv/detail/add_three_ints__builder.hpp
[6.314s] -- Up-to-date: /home/anmol/ws_offboard_control/install/tutorial_interfaces/include/tutorial_interfaces/tutorial_interfaces
[6.314s] -- Up-to-date: /home/anmol/ws_offboard_control/install/tutorial_interfaces/include/tutorial_interfaces/tutorial_interfaces/msg
[6.315s] -- Up-to-date: /home/anmol/ws_offboard_control/install/tutorial_interfaces/include/tutorial_interfaces/tutorial_interfaces/msg/detail
[6.315s] -- Installing: /home/anmol/ws_offboard_control/install/tutorial_interfaces/include/tutorial_interfaces/tutorial_interfaces/msg/detail/dds_fastrtps
[6.315s] -- Installing: /home/anmol/ws_offboard_control/install/tutorial_interfaces/include/tutorial_interfaces/tutorial_interfaces/msg/detail/sphere__rosidl_typesupport_fastrtps_cpp.hpp
[6.315s] -- Installing: /home/anmol/ws_offboard_control/install/tutorial_interfaces/include/tutorial_interfaces/tutorial_interfaces/msg/detail/board__rosidl_typesupport_fastrtps_cpp.hpp
[6.315s] -- Installing: /home/anmol/ws_offboard_control/install/tutorial_interfaces/include/tutorial_interfaces/tutorial_interfaces/msg/rosidl_typesupport_fastrtps_cpp__visibility_control.h
[6.315s] -- Up-to-date: /home/anmol/ws_offboard_control/install/tutorial_interfaces/include/tutorial_interfaces/tutorial_interfaces/srv
[6.315s] -- Up-to-date: /home/anmol/ws_offboard_control/install/tutorial_interfaces/include/tutorial_interfaces/tutorial_interfaces/srv/detail
[6.316s] -- Installing: /home/anmol/ws_offboard_control/install/tutorial_interfaces/include/tutorial_interfaces/tutorial_interfaces/srv/detail/dds_fastrtps
[6.316s] -- Installing: /home/anmol/ws_offboard_control/install/tutorial_interfaces/include/tutorial_interfaces/tutorial_interfaces/srv/detail/add_three_ints__rosidl_typesupport_fastrtps_cpp.hpp
[6.316s] -- Installing: /home/anmol/ws_offboard_control/install/tutorial_interfaces/lib/libtutorial_interfaces__rosidl_typesupport_fastrtps_cpp.so
[6.316s] -- Set runtime path of "/home/anmol/ws_offboard_control/install/tutorial_interfaces/lib/libtutorial_interfaces__rosidl_typesupport_fastrtps_cpp.so" to ""
[6.316s] -- Up-to-date: /home/anmol/ws_offboard_control/install/tutorial_interfaces/include/tutorial_interfaces/tutorial_interfaces
[6.316s] -- Up-to-date: /home/anmol/ws_offboard_control/install/tutorial_interfaces/include/tutorial_interfaces/tutorial_interfaces/msg
[6.317s] -- Up-to-date: /home/anmol/ws_offboard_control/install/tutorial_interfaces/include/tutorial_interfaces/tutorial_interfaces/msg/detail
[6.317s] -- Installing: /home/anmol/ws_offboard_control/install/tutorial_interfaces/include/tutorial_interfaces/tutorial_interfaces/msg/detail/sphere__type_support.c
[6.317s] -- Installing: /home/anmol/ws_offboard_control/install/tutorial_interfaces/include/tutorial_interfaces/tutorial_interfaces/msg/detail/sphere__rosidl_typesupport_introspection_c.h
[6.317s] -- Installing: /home/anmol/ws_offboard_control/install/tutorial_interfaces/include/tutorial_interfaces/tutorial_interfaces/msg/detail/board__rosidl_typesupport_introspection_c.h
[6.317s] -- Installing: /home/anmol/ws_offboard_control/install/tutorial_interfaces/include/tutorial_interfaces/tutorial_interfaces/msg/detail/board__type_support.c
[6.317s] -- Installing: /home/anmol/ws_offboard_control/install/tutorial_interfaces/include/tutorial_interfaces/tutorial_interfaces/msg/rosidl_typesupport_introspection_c__visibility_control.h
[6.317s] -- Up-to-date: /home/anmol/ws_offboard_control/install/tutorial_interfaces/include/tutorial_interfaces/tutorial_interfaces/srv
[6.318s] -- Up-to-date: /home/anmol/ws_offboard_control/install/tutorial_interfaces/include/tutorial_interfaces/tutorial_interfaces/srv/detail
[6.318s] -- Installing: /home/anmol/ws_offboard_control/install/tutorial_interfaces/include/tutorial_interfaces/tutorial_interfaces/srv/detail/add_three_ints__rosidl_typesupport_introspection_c.h
[6.318s] -- Installing: /home/anmol/ws_offboard_control/install/tutorial_interfaces/include/tutorial_interfaces/tutorial_interfaces/srv/detail/add_three_ints__type_support.c
[6.318s] -- Installing: /home/anmol/ws_offboard_control/install/tutorial_interfaces/lib/libtutorial_interfaces__rosidl_typesupport_introspection_c.so
[6.318s] -- Set runtime path of "/home/anmol/ws_offboard_control/install/tutorial_interfaces/lib/libtutorial_interfaces__rosidl_typesupport_introspection_c.so" to ""
[6.318s] -- Installing: /home/anmol/ws_offboard_control/install/tutorial_interfaces/lib/libtutorial_interfaces__rosidl_typesupport_c.so
[6.319s] -- Set runtime path of "/home/anmol/ws_offboard_control/install/tutorial_interfaces/lib/libtutorial_interfaces__rosidl_typesupport_c.so" to ""
[6.319s] -- Up-to-date: /home/anmol/ws_offboard_control/install/tutorial_interfaces/include/tutorial_interfaces/tutorial_interfaces
[6.319s] -- Up-to-date: /home/anmol/ws_offboard_control/install/tutorial_interfaces/include/tutorial_interfaces/tutorial_interfaces/msg
[6.319s] -- Up-to-date: /home/anmol/ws_offboard_control/install/tutorial_interfaces/include/tutorial_interfaces/tutorial_interfaces/msg/detail
[6.320s] -- Installing: /home/anmol/ws_offboard_control/install/tutorial_interfaces/include/tutorial_interfaces/tutorial_interfaces/msg/detail/board__type_support.cpp
[6.320s] -- Installing: /home/anmol/ws_offboard_control/install/tutorial_interfaces/include/tutorial_interfaces/tutorial_interfaces/msg/detail/sphere__rosidl_typesupport_introspection_cpp.hpp
[6.320s] -- Installing: /home/anmol/ws_offboard_control/install/tutorial_interfaces/include/tutorial_interfaces/tutorial_interfaces/msg/detail/sphere__type_support.cpp
[6.320s] -- Installing: /home/anmol/ws_offboard_control/install/tutorial_interfaces/include/tutorial_interfaces/tutorial_interfaces/msg/detail/board__rosidl_typesupport_introspection_cpp.hpp
[6.321s] -- Up-to-date: /home/anmol/ws_offboard_control/install/tutorial_interfaces/include/tutorial_interfaces/tutorial_interfaces/srv
[6.321s] -- Up-to-date: /home/anmol/ws_offboard_control/install/tutorial_interfaces/include/tutorial_interfaces/tutorial_interfaces/srv/detail
[6.321s] -- Installing: /home/anmol/ws_offboard_control/install/tutorial_interfaces/include/tutorial_interfaces/tutorial_interfaces/srv/detail/add_three_ints__type_support.cpp
[6.321s] -- Installing: /home/anmol/ws_offboard_control/install/tutorial_interfaces/include/tutorial_interfaces/tutorial_interfaces/srv/detail/add_three_ints__rosidl_typesupport_introspection_cpp.hpp
[6.321s] -- Installing: /home/anmol/ws_offboard_control/install/tutorial_interfaces/lib/libtutorial_interfaces__rosidl_typesupport_introspection_cpp.so
[6.322s] -- Set runtime path of "/home/anmol/ws_offboard_control/install/tutorial_interfaces/lib/libtutorial_interfaces__rosidl_typesupport_introspection_cpp.so" to ""
[6.322s] -- Installing: /home/anmol/ws_offboard_control/install/tutorial_interfaces/lib/libtutorial_interfaces__rosidl_typesupport_cpp.so
[6.322s] -- Set runtime path of "/home/anmol/ws_offboard_control/install/tutorial_interfaces/lib/libtutorial_interfaces__rosidl_typesupport_cpp.so" to ""
[6.323s] -- Installing: /home/anmol/ws_offboard_control/install/tutorial_interfaces/share/tutorial_interfaces/environment/pythonpath.sh
[6.323s] -- Installing: /home/anmol/ws_offboard_control/install/tutorial_interfaces/share/tutorial_interfaces/environment/pythonpath.dsv
[6.323s] -- Installing: /home/anmol/ws_offboard_control/install/tutorial_interfaces/local/lib/python3.10/dist-packages/tutorial_interfaces-0.0.0-py3.10.egg-info
[6.323s] -- Installing: /home/anmol/ws_offboard_control/install/tutorial_interfaces/local/lib/python3.10/dist-packages/tutorial_interfaces-0.0.0-py3.10.egg-info/dependency_links.txt
[6.323s] -- Installing: /home/anmol/ws_offboard_control/install/tutorial_interfaces/local/lib/python3.10/dist-packages/tutorial_interfaces-0.0.0-py3.10.egg-info/SOURCES.txt
[6.323s] -- Installing: /home/anmol/ws_offboard_control/install/tutorial_interfaces/local/lib/python3.10/dist-packages/tutorial_interfaces-0.0.0-py3.10.egg-info/PKG-INFO
[6.324s] -- Installing: /home/anmol/ws_offboard_control/install/tutorial_interfaces/local/lib/python3.10/dist-packages/tutorial_interfaces-0.0.0-py3.10.egg-info/top_level.txt
[6.324s] -- Installing: /home/anmol/ws_offboard_control/install/tutorial_interfaces/local/lib/python3.10/dist-packages/tutorial_interfaces
[6.324s] -- Installing: /home/anmol/ws_offboard_control/install/tutorial_interfaces/local/lib/python3.10/dist-packages/tutorial_interfaces/tutorial_interfaces_s__rosidl_typesupport_fastrtps_c.cpython-310-x86_64-linux-gnu.so
[6.324s] -- Installing: /home/anmol/ws_offboard_control/install/tutorial_interfaces/local/lib/python3.10/dist-packages/tutorial_interfaces/tutorial_interfaces_s__rosidl_typesupport_introspection_c.cpython-310-x86_64-linux-gnu.so
[6.324s] -- Installing: /home/anmol/ws_offboard_control/install/tutorial_interfaces/local/lib/python3.10/dist-packages/tutorial_interfaces/_tutorial_interfaces_s.ep.rosidl_typesupport_fastrtps_c.c
[6.325s] -- Installing: /home/anmol/ws_offboard_control/install/tutorial_interfaces/local/lib/python3.10/dist-packages/tutorial_interfaces/__init__.py
[6.325s] -- Installing: /home/anmol/ws_offboard_control/install/tutorial_interfaces/local/lib/python3.10/dist-packages/tutorial_interfaces/_tutorial_interfaces_s.ep.rosidl_typesupport_introspection_c.c
[6.325s] -- Installing: /home/anmol/ws_offboard_control/install/tutorial_interfaces/local/lib/python3.10/dist-packages/tutorial_interfaces/libtutorial_interfaces__rosidl_generator_py.so
[6.325s] -- Installing: /home/anmol/ws_offboard_control/install/tutorial_interfaces/local/lib/python3.10/dist-packages/tutorial_interfaces/msg
[6.325s] -- Installing: /home/anmol/ws_offboard_control/install/tutorial_interfaces/local/lib/python3.10/dist-packages/tutorial_interfaces/msg/__init__.py
[6.326s] -- Installing: /home/anmol/ws_offboard_control/install/tutorial_interfaces/local/lib/python3.10/dist-packages/tutorial_interfaces/msg/_board.py
[6.326s] -- Installing: /home/anmol/ws_offboard_control/install/tutorial_interfaces/local/lib/python3.10/dist-packages/tutorial_interfaces/msg/_sphere_s.c
[6.326s] -- Installing: /home/anmol/ws_offboard_control/install/tutorial_interfaces/local/lib/python3.10/dist-packages/tutorial_interfaces/msg/_sphere.py
[6.326s] -- Installing: /home/anmol/ws_offboard_control/install/tutorial_interfaces/local/lib/python3.10/dist-packages/tutorial_interfaces/msg/_board_s.c
[6.326s] -- Installing: /home/anmol/ws_offboard_control/install/tutorial_interfaces/local/lib/python3.10/dist-packages/tutorial_interfaces/_tutorial_interfaces_s.ep.rosidl_typesupport_c.c
[6.327s] -- Installing: /home/anmol/ws_offboard_control/install/tutorial_interfaces/local/lib/python3.10/dist-packages/tutorial_interfaces/srv
[6.327s] -- Installing: /home/anmol/ws_offboard_control/install/tutorial_interfaces/local/lib/python3.10/dist-packages/tutorial_interfaces/srv/__init__.py
[6.327s] -- Installing: /home/anmol/ws_offboard_control/install/tutorial_interfaces/local/lib/python3.10/dist-packages/tutorial_interfaces/srv/_add_three_ints_s.c
[6.327s] -- Installing: /home/anmol/ws_offboard_control/install/tutorial_interfaces/local/lib/python3.10/dist-packages/tutorial_interfaces/srv/_add_three_ints.py
[6.327s] -- Installing: /home/anmol/ws_offboard_control/install/tutorial_interfaces/local/lib/python3.10/dist-packages/tutorial_interfaces/tutorial_interfaces_s__rosidl_typesupport_c.cpython-310-x86_64-linux-gnu.so
[6.374s] Listing '/home/anmol/ws_offboard_control/install/tutorial_interfaces/local/lib/python3.10/dist-packages/tutorial_interfaces'...
[6.374s] Compiling '/home/anmol/ws_offboard_control/install/tutorial_interfaces/local/lib/python3.10/dist-packages/tutorial_interfaces/__init__.py'...
[6.374s] Listing '/home/anmol/ws_offboard_control/install/tutorial_interfaces/local/lib/python3.10/dist-packages/tutorial_interfaces/msg'...
[6.374s] Compiling '/home/anmol/ws_offboard_control/install/tutorial_interfaces/local/lib/python3.10/dist-packages/tutorial_interfaces/msg/__init__.py'...
[6.374s] Compiling '/home/anmol/ws_offboard_control/install/tutorial_interfaces/local/lib/python3.10/dist-packages/tutorial_interfaces/msg/_board.py'...
[6.374s] Compiling '/home/anmol/ws_offboard_control/install/tutorial_interfaces/local/lib/python3.10/dist-packages/tutorial_interfaces/msg/_sphere.py'...
[6.374s] Listing '/home/anmol/ws_offboard_control/install/tutorial_interfaces/local/lib/python3.10/dist-packages/tutorial_interfaces/srv'...
[6.375s] Compiling '/home/anmol/ws_offboard_control/install/tutorial_interfaces/local/lib/python3.10/dist-packages/tutorial_interfaces/srv/__init__.py'...
[6.375s] Compiling '/home/anmol/ws_offboard_control/install/tutorial_interfaces/local/lib/python3.10/dist-packages/tutorial_interfaces/srv/_add_three_ints.py'...
[6.380s] -- Installing: /home/anmol/ws_offboard_control/install/tutorial_interfaces/local/lib/python3.10/dist-packages/tutorial_interfaces/tutorial_interfaces_s__rosidl_typesupport_fastrtps_c.cpython-310-x86_64-linux-gnu.so
[6.381s] -- Set runtime path of "/home/anmol/ws_offboard_control/install/tutorial_interfaces/local/lib/python3.10/dist-packages/tutorial_interfaces/tutorial_interfaces_s__rosidl_typesupport_fastrtps_c.cpython-310-x86_64-linux-gnu.so" to ""
[6.381s] -- Installing: /home/anmol/ws_offboard_control/install/tutorial_interfaces/local/lib/python3.10/dist-packages/tutorial_interfaces/tutorial_interfaces_s__rosidl_typesupport_introspection_c.cpython-310-x86_64-linux-gnu.so
[6.382s] -- Set runtime path of "/home/anmol/ws_offboard_control/install/tutorial_interfaces/local/lib/python3.10/dist-packages/tutorial_interfaces/tutorial_interfaces_s__rosidl_typesupport_introspection_c.cpython-310-x86_64-linux-gnu.so" to ""
[6.382s] -- Installing: /home/anmol/ws_offboard_control/install/tutorial_interfaces/local/lib/python3.10/dist-packages/tutorial_interfaces/tutorial_interfaces_s__rosidl_typesupport_c.cpython-310-x86_64-linux-gnu.so
[6.383s] -- Set runtime path of "/home/anmol/ws_offboard_control/install/tutorial_interfaces/local/lib/python3.10/dist-packages/tutorial_interfaces/tutorial_interfaces_s__rosidl_typesupport_c.cpython-310-x86_64-linux-gnu.so" to ""
[6.383s] -- Installing: /home/anmol/ws_offboard_control/install/tutorial_interfaces/lib/libtutorial_interfaces__rosidl_generator_py.so
[6.383s] -- Set runtime path of "/home/anmol/ws_offboard_control/install/tutorial_interfaces/lib/libtutorial_interfaces__rosidl_generator_py.so" to ""
[6.383s] -- Installing: /home/anmol/ws_offboard_control/install/tutorial_interfaces/share/tutorial_interfaces/msg/Board.idl
[6.384s] -- Installing: /home/anmol/ws_offboard_control/install/tutorial_interfaces/share/tutorial_interfaces/msg/Sphere.idl
[6.384s] -- Installing: /home/anmol/ws_offboard_control/install/tutorial_interfaces/share/tutorial_interfaces/srv/AddThreeInts.idl
[6.384s] -- Installing: /home/anmol/ws_offboard_control/install/tutorial_interfaces/share/tutorial_interfaces/msg/Board.msg
[6.384s] -- Installing: /home/anmol/ws_offboard_control/install/tutorial_interfaces/share/tutorial_interfaces/msg/Sphere.msg
[6.385s] -- Installing: /home/anmol/ws_offboard_control/install/tutorial_interfaces/share/tutorial_interfaces/srv/AddThreeInts.srv
[6.385s] -- Installing: /home/anmol/ws_offboard_control/install/tutorial_interfaces/share/tutorial_interfaces/srv/AddThreeInts_Request.msg
[6.385s] -- Installing: /home/anmol/ws_offboard_control/install/tutorial_interfaces/share/tutorial_interfaces/srv/AddThreeInts_Response.msg
[6.385s] -- Installing: /home/anmol/ws_offboard_control/install/tutorial_interfaces/share/ament_index/resource_index/package_run_dependencies/tutorial_interfaces
[6.385s] -- Installing: /home/anmol/ws_offboard_control/install/tutorial_interfaces/share/ament_index/resource_index/parent_prefix_path/tutorial_interfaces
[6.386s] -- Installing: /home/anmol/ws_offboard_control/install/tutorial_interfaces/share/tutorial_interfaces/environment/ament_prefix_path.sh
[6.386s] -- Installing: /home/anmol/ws_offboard_control/install/tutorial_interfaces/share/tutorial_interfaces/environment/ament_prefix_path.dsv
[6.386s] -- Installing: /home/anmol/ws_offboard_control/install/tutorial_interfaces/share/tutorial_interfaces/environment/path.sh
[6.386s] -- Installing: /home/anmol/ws_offboard_control/install/tutorial_interfaces/share/tutorial_interfaces/environment/path.dsv
[6.387s] -- Installing: /home/anmol/ws_offboard_control/install/tutorial_interfaces/share/tutorial_interfaces/local_setup.bash
[6.387s] -- Installing: /home/anmol/ws_offboard_control/install/tutorial_interfaces/share/tutorial_interfaces/local_setup.sh
[6.387s] -- Installing: /home/anmol/ws_offboard_control/install/tutorial_interfaces/share/tutorial_interfaces/local_setup.zsh
[6.387s] -- Installing: /home/anmol/ws_offboard_control/install/tutorial_interfaces/share/tutorial_interfaces/local_setup.dsv
[6.387s] -- Installing: /home/anmol/ws_offboard_control/install/tutorial_interfaces/share/tutorial_interfaces/package.dsv
[6.388s] -- Installing: /home/anmol/ws_offboard_control/install/tutorial_interfaces/share/ament_index/resource_index/packages/tutorial_interfaces
[6.388s] -- Installing: /home/anmol/ws_offboard_control/install/tutorial_interfaces/share/tutorial_interfaces/cmake/export_tutorial_interfaces__rosidl_generator_cExport.cmake
[6.388s] -- Installing: /home/anmol/ws_offboard_control/install/tutorial_interfaces/share/tutorial_interfaces/cmake/export_tutorial_interfaces__rosidl_generator_cExport-noconfig.cmake
[6.388s] -- Installing: /home/anmol/ws_offboard_control/install/tutorial_interfaces/share/tutorial_interfaces/cmake/export_tutorial_interfaces__rosidl_typesupport_fastrtps_cExport.cmake
[6.389s] -- Installing: /home/anmol/ws_offboard_control/install/tutorial_interfaces/share/tutorial_interfaces/cmake/export_tutorial_interfaces__rosidl_typesupport_fastrtps_cExport-noconfig.cmake
[6.389s] -- Installing: /home/anmol/ws_offboard_control/install/tutorial_interfaces/share/tutorial_interfaces/cmake/export_tutorial_interfaces__rosidl_generator_cppExport.cmake
[6.389s] -- Installing: /home/anmol/ws_offboard_control/install/tutorial_interfaces/share/tutorial_interfaces/cmake/export_tutorial_interfaces__rosidl_typesupport_fastrtps_cppExport.cmake
[6.389s] -- Installing: /home/anmol/ws_offboard_control/install/tutorial_interfaces/share/tutorial_interfaces/cmake/export_tutorial_interfaces__rosidl_typesupport_fastrtps_cppExport-noconfig.cmake
[6.390s] -- Installing: /home/anmol/ws_offboard_control/install/tutorial_interfaces/share/tutorial_interfaces/cmake/tutorial_interfaces__rosidl_typesupport_introspection_cExport.cmake
[6.390s] -- Installing: /home/anmol/ws_offboard_control/install/tutorial_interfaces/share/tutorial_interfaces/cmake/tutorial_interfaces__rosidl_typesupport_introspection_cExport-noconfig.cmake
[6.390s] -- Installing: /home/anmol/ws_offboard_control/install/tutorial_interfaces/share/tutorial_interfaces/cmake/tutorial_interfaces__rosidl_typesupport_cExport.cmake
[6.390s] -- Installing: /home/anmol/ws_offboard_control/install/tutorial_interfaces/share/tutorial_interfaces/cmake/tutorial_interfaces__rosidl_typesupport_cExport-noconfig.cmake
[6.390s] -- Installing: /home/anmol/ws_offboard_control/install/tutorial_interfaces/share/tutorial_interfaces/cmake/tutorial_interfaces__rosidl_typesupport_introspection_cppExport.cmake
[6.391s] -- Installing: /home/anmol/ws_offboard_control/install/tutorial_interfaces/share/tutorial_interfaces/cmake/tutorial_interfaces__rosidl_typesupport_introspection_cppExport-noconfig.cmake
[6.391s] -- Installing: /home/anmol/ws_offboard_control/install/tutorial_interfaces/share/tutorial_interfaces/cmake/tutorial_interfaces__rosidl_typesupport_cppExport.cmake
[6.391s] -- Installing: /home/anmol/ws_offboard_control/install/tutorial_interfaces/share/tutorial_interfaces/cmake/tutorial_interfaces__rosidl_typesupport_cppExport-noconfig.cmake
[6.391s] -- Installing: /home/anmol/ws_offboard_control/install/tutorial_interfaces/share/tutorial_interfaces/cmake/export_tutorial_interfaces__rosidl_generator_pyExport.cmake
[6.392s] -- Installing: /home/anmol/ws_offboard_control/install/tutorial_interfaces/share/tutorial_interfaces/cmake/export_tutorial_interfaces__rosidl_generator_pyExport-noconfig.cmake
[6.392s] -- Installing: /home/anmol/ws_offboard_control/install/tutorial_interfaces/share/tutorial_interfaces/cmake/rosidl_cmake-extras.cmake
[6.392s] -- Installing: /home/anmol/ws_offboard_control/install/tutorial_interfaces/share/tutorial_interfaces/cmake/ament_cmake_export_dependencies-extras.cmake
[6.392s] -- Installing: /home/anmol/ws_offboard_control/install/tutorial_interfaces/share/tutorial_interfaces/cmake/ament_cmake_export_include_directories-extras.cmake
[6.392s] -- Installing: /home/anmol/ws_offboard_control/install/tutorial_interfaces/share/tutorial_interfaces/cmake/ament_cmake_export_libraries-extras.cmake
[6.393s] -- Installing: /home/anmol/ws_offboard_control/install/tutorial_interfaces/share/tutorial_interfaces/cmake/ament_cmake_export_targets-extras.cmake
[6.393s] -- Installing: /home/anmol/ws_offboard_control/install/tutorial_interfaces/share/tutorial_interfaces/cmake/rosidl_cmake_export_typesupport_targets-extras.cmake
[6.393s] -- Installing: /home/anmol/ws_offboard_control/install/tutorial_interfaces/share/tutorial_interfaces/cmake/rosidl_cmake_export_typesupport_libraries-extras.cmake
[6.393s] -- Installing: /home/anmol/ws_offboard_control/install/tutorial_interfaces/share/tutorial_interfaces/cmake/tutorial_interfacesConfig.cmake
[6.393s] -- Installing: /home/anmol/ws_offboard_control/install/tutorial_interfaces/share/tutorial_interfaces/cmake/tutorial_interfacesConfig-version.cmake
[6.394s] -- Installing: /home/anmol/ws_offboard_control/install/tutorial_interfaces/share/tutorial_interfaces/package.xml
[6.398s] Invoked command in '/home/anmol/ws_offboard_control/build/tutorial_interfaces' returned '0': CMAKE_PREFIX_PATH=${CMAKE_PREFIX_PATH}:/home/anmol/ws_offboard_control/install/manual_key_control:/opt/ros/humble /usr/bin/cmake --install /home/anmol/ws_offboard_control/build/tutorial_interfaces
