[1.822s] Invoking command in '/home/anmol/ws_offboard_control/src/manual_key_control': PYTHONPATH=/home/anmol/ws_offboard_control/build/manual_key_control/prefix_override:/home/anmol/ws_offboard_control/install/manual_key_control/lib/python3.10/site-packages:${PYTHONPATH} /usr/bin/python3 setup.py egg_info --egg-base ../../build/manual_key_control build --build-base /home/anmol/ws_offboard_control/build/manual_key_control/build install --record /home/anmol/ws_offboard_control/build/manual_key_control/install.log --single-version-externally-managed
[2.240s] running egg_info
[2.241s] writing ../../build/manual_key_control/manual_key_control.egg-info/PKG-INFO
[2.241s] writing dependency_links to ../../build/manual_key_control/manual_key_control.egg-info/dependency_links.txt
[2.242s] writing entry points to ../../build/manual_key_control/manual_key_control.egg-info/entry_points.txt
[2.242s] writing requirements to ../../build/manual_key_control/manual_key_control.egg-info/requires.txt
[2.242s] writing top-level names to ../../build/manual_key_control/manual_key_control.egg-info/top_level.txt
[2.245s] reading manifest file '../../build/manual_key_control/manual_key_control.egg-info/SOURCES.txt'
[2.246s] writing manifest file '../../build/manual_key_control/manual_key_control.egg-info/SOURCES.txt'
[2.247s] running build
[2.247s] running build_py
[2.247s] copying manual_key_control/arm.py -> /home/anmol/ws_offboard_control/build/manual_key_control/build/lib/manual_key_control
[2.247s] running install
[2.247s] /usr/lib/python3/dist-packages/setuptools/command/install.py:34: SetuptoolsDeprecationWarning: setup.py install is deprecated. Use build and pip and other standards-based tools.
[2.247s]   warnings.warn(
[2.247s] running install_lib
[2.248s] copying /home/anmol/ws_offboard_control/build/manual_key_control/build/lib/manual_key_control/arm.py -> /home/anmol/ws_offboard_control/install/manual_key_control/lib/python3.10/site-packages/manual_key_control
[2.249s] byte-compiling /home/anmol/ws_offboard_control/install/manual_key_control/lib/python3.10/site-packages/manual_key_control/arm.py to arm.cpython-310.pyc
[2.253s] running install_data
[2.254s] running install_egg_info
[2.256s] removing '/home/anmol/ws_offboard_control/install/manual_key_control/lib/python3.10/site-packages/manual_key_control-0.0.0-py3.10.egg-info' (and everything under it)
[2.257s] Copying ../../build/manual_key_control/manual_key_control.egg-info to /home/anmol/ws_offboard_control/install/manual_key_control/lib/python3.10/site-packages/manual_key_control-0.0.0-py3.10.egg-info
[2.259s] running install_scripts
[2.294s] Installing arm script to /home/anmol/ws_offboard_control/install/manual_key_control/lib/manual_key_control
[2.295s] writing list of installed files to '/home/anmol/ws_offboard_control/build/manual_key_control/install.log'
[2.345s] Invoked command in '/home/anmol/ws_offboard_control/src/manual_key_control' returned '0': PYTHONPATH=/home/anmol/ws_offboard_control/build/manual_key_control/prefix_override:/home/anmol/ws_offboard_control/install/manual_key_control/lib/python3.10/site-packages:${PYTHONPATH} /usr/bin/python3 setup.py egg_info --egg-base ../../build/manual_key_control build --build-base /home/anmol/ws_offboard_control/build/manual_key_control/build install --record /home/anmol/ws_offboard_control/build/manual_key_control/install.log --single-version-externally-managed
