-- Found ament_cmake: 1.3.6 (/opt/ros/humble/share/ament_cmake/cmake)
-- Found rosidl_default_generators: 1.2.0 (/opt/ros/humble/share/rosidl_default_generators/cmake)
-- Using all available rosidl_typesupport_c: rosidl_typesupport_fastrtps_c;rosidl_typesupport_introspection_c
-- Found rosidl_adapter: 3.1.5 (/opt/ros/humble/share/rosidl_adapter/cmake)
-- Using all available rosidl_typesupport_cpp: rosidl_typesupport_fastrtps_cpp;rosidl_typesupport_introspection_cpp
-- Found geometry_msgs: 4.2.3 (/opt/ros/humble/share/geometry_msgs/cmake)
-- Found ament_cmake_cppcheck: 0.12.9 (/opt/ros/humble/share/ament_cmake_cppcheck/cmake)
-- Found ament_cmake_cpplint: 0.12.9 (/opt/ros/humble/share/ament_cmake_cpplint/cmake)
-- Found ament_cmake_uncrustify: 0.12.9 (/opt/ros/humble/share/ament_cmake_uncrustify/cmake)
-- Found ament_cmake_ros: 0.10.0 (/opt/ros/humble/share/ament_cmake_ros/cmake)
-- Using all available rosidl_typesupport_c: rosidl_typesupport_fastrtps_c;rosidl_typesupport_introspection_c
-- Using all available rosidl_typesupport_cpp: rosidl_typesupport_fastrtps_cpp;rosidl_typesupport_introspection_cpp
-- Found python_cmake_module: 0.10.0 (/opt/ros/humble/share/python_cmake_module/cmake)
-- Using PYTHON_EXECUTABLE: /usr/bin/python3
-- Using PYTHON_INCLUDE_DIRS: /usr/include/python3.10
-- Using PYTHON_LIBRARIES: /usr/lib/x86_64-linux-gnu/libpython3.10.so
-- Found ament_cmake_flake8: 0.12.9 (/opt/ros/humble/share/ament_cmake_flake8/cmake)
-- Found ament_cmake_pep257: 0.12.9 (/opt/ros/humble/share/ament_cmake_pep257/cmake)
-- Found ament_lint_auto: 0.12.9 (/opt/ros/humble/share/ament_lint_auto/cmake)
-- Added test 'lint_cmake' to check CMake code style
-- Added test 'xmllint' to check XML markup files
-- Configuring done
-- Generating done
-- Build files have been written to: /home/anmol/ws_offboard_control/build/custom_msgs
[35m[1mConsolidate compiler generated dependencies of target custom_msgs__rosidl_generator_c[0m
[  3%] Built target custom_msgs__cpp
[  6%] [32m[1mLinking C shared library libcustom_msgs__rosidl_generator_c.so[0m
[  6%] Built target ament_cmake_python_copy_custom_msgs
[35m[1mConsolidate compiler generated dependencies of target custom_msgs__rosidl_typesupport_cpp[0m
[35m[1mConsolidate compiler generated dependencies of target custom_msgs__rosidl_typesupport_fastrtps_cpp[0m
[35m[1mConsolidate compiler generated dependencies of target custom_msgs__rosidl_typesupport_introspection_cpp[0m
[  9%] [32m[1mLinking CXX shared library libcustom_msgs__rosidl_typesupport_cpp.so[0m
[ 12%] [32m[1mLinking CXX shared library libcustom_msgs__rosidl_typesupport_introspection_cpp.so[0m
[ 16%] [32m[1mLinking CXX shared library libcustom_msgs__rosidl_typesupport_fastrtps_cpp.so[0m
[ 22%] Built target custom_msgs__rosidl_generator_c
[35m[1mConsolidate compiler generated dependencies of target custom_msgs__rosidl_typesupport_introspection_c[0m
[35m[1mConsolidate compiler generated dependencies of target custom_msgs__rosidl_typesupport_c[0m
[35m[1mConsolidate compiler generated dependencies of target custom_msgs__rosidl_typesupport_fastrtps_c[0m
[ 25%] [32m[1mLinking C shared library libcustom_msgs__rosidl_typesupport_introspection_c.so[0m
[ 32%] Built target custom_msgs__rosidl_typesupport_introspection_cpp
[ 35%] [32m[1mLinking CXX shared library libcustom_msgs__rosidl_typesupport_c.so[0m
[ 41%] Built target custom_msgs__rosidl_typesupport_cpp
[ 45%] [32m[1mLinking CXX shared library libcustom_msgs__rosidl_typesupport_fastrtps_c.so[0m
[ 51%] Built target custom_msgs__rosidl_typesupport_introspection_c
[ 58%] Built target custom_msgs__rosidl_typesupport_c
[ 64%] Built target custom_msgs__rosidl_typesupport_fastrtps_cpp
[ 70%] Built target custom_msgs__rosidl_typesupport_fastrtps_c
[ 70%] Built target custom_msgs
[ 74%] Built target custom_msgs__py
[35m[1mConsolidate compiler generated dependencies of target custom_msgs__rosidl_generator_py[0m
running egg_info
writing custom_msgs.egg-info/PKG-INFO
writing dependency_links to custom_msgs.egg-info/dependency_links.txt
writing top-level names to custom_msgs.egg-info/top_level.txt
reading manifest file 'custom_msgs.egg-info/SOURCES.txt'
writing manifest file 'custom_msgs.egg-info/SOURCES.txt'
[ 77%] [32m[1mLinking C shared library rosidl_generator_py/custom_msgs/libcustom_msgs__rosidl_generator_py.so[0m
[ 77%] Built target ament_cmake_python_build_custom_msgs_egg
[ 80%] Built target custom_msgs__rosidl_generator_py
[35m[1mConsolidate compiler generated dependencies of target custom_msgs__rosidl_typesupport_introspection_c__pyext[0m
[35m[1mConsolidate compiler generated dependencies of target custom_msgs__rosidl_typesupport_fastrtps_c__pyext[0m
[35m[1mConsolidate compiler generated dependencies of target custom_msgs__rosidl_typesupport_c__pyext[0m
[ 87%] [32mBuilding C object CMakeFiles/custom_msgs__rosidl_typesupport_c__pyext.dir/rosidl_generator_py/custom_msgs/_custom_msgs_s.ep.rosidl_typesupport_c.c.o[0m
[ 87%] [32mBuilding C object CMakeFiles/custom_msgs__rosidl_typesupport_introspection_c__pyext.dir/rosidl_generator_py/custom_msgs/_custom_msgs_s.ep.rosidl_typesupport_introspection_c.c.o[0m
[ 90%] [32mBuilding C object CMakeFiles/custom_msgs__rosidl_typesupport_fastrtps_c__pyext.dir/rosidl_generator_py/custom_msgs/_custom_msgs_s.ep.rosidl_typesupport_fastrtps_c.c.o[0m
[ 93%] [32m[1mLinking C shared library rosidl_generator_py/custom_msgs/custom_msgs_s__rosidl_typesupport_introspection_c.cpython-310-x86_64-linux-gnu.so[0m
[ 96%] [32m[1mLinking C shared library rosidl_generator_py/custom_msgs/custom_msgs_s__rosidl_typesupport_fastrtps_c.cpython-310-x86_64-linux-gnu.so[0m
[100%] [32m[1mLinking C shared library rosidl_generator_py/custom_msgs/custom_msgs_s__rosidl_typesupport_c.cpython-310-x86_64-linux-gnu.so[0m
[100%] Built target custom_msgs__rosidl_typesupport_introspection_c__pyext
[100%] Built target custom_msgs__rosidl_typesupport_fastrtps_c__pyext
[100%] Built target custom_msgs__rosidl_typesupport_c__pyext
-- Install configuration: ""
-- Up-to-date: /home/anmol/ws_offboard_control/install/custom_msgs/share/ament_index/resource_index/rosidl_interfaces/custom_msgs
-- Up-to-date: /home/anmol/ws_offboard_control/install/custom_msgs/include/custom_msgs/custom_msgs
-- Up-to-date: /home/anmol/ws_offboard_control/install/custom_msgs/include/custom_msgs/custom_msgs/msg
-- Up-to-date: /home/anmol/ws_offboard_control/install/custom_msgs/include/custom_msgs/custom_msgs/msg/detail
-- Up-to-date: /home/anmol/ws_offboard_control/install/custom_msgs/include/custom_msgs/custom_msgs/msg/detail/board__struct.h
-- Up-to-date: /home/anmol/ws_offboard_control/install/custom_msgs/include/custom_msgs/custom_msgs/msg/detail/board__functions.c
-- Up-to-date: /home/anmol/ws_offboard_control/install/custom_msgs/include/custom_msgs/custom_msgs/msg/detail/board__functions.h
-- Up-to-date: /home/anmol/ws_offboard_control/install/custom_msgs/include/custom_msgs/custom_msgs/msg/detail/board__type_support.h
-- Up-to-date: /home/anmol/ws_offboard_control/install/custom_msgs/include/custom_msgs/custom_msgs/msg/board.h
-- Up-to-date: /home/anmol/ws_offboard_control/install/custom_msgs/include/custom_msgs/custom_msgs/msg/rosidl_generator_c__visibility_control.h
-- Up-to-date: /home/anmol/ws_offboard_control/install/custom_msgs/share/custom_msgs/environment/library_path.sh
-- Installing: /home/anmol/ws_offboard_control/install/custom_msgs/share/custom_msgs/environment/library_path.dsv
-- Installing: /home/anmol/ws_offboard_control/install/custom_msgs/lib/libcustom_msgs__rosidl_generator_c.so
-- Set runtime path of "/home/anmol/ws_offboard_control/install/custom_msgs/lib/libcustom_msgs__rosidl_generator_c.so" to ""
-- Up-to-date: /home/anmol/ws_offboard_control/install/custom_msgs/include/custom_msgs/custom_msgs
-- Up-to-date: /home/anmol/ws_offboard_control/install/custom_msgs/include/custom_msgs/custom_msgs/msg
-- Up-to-date: /home/anmol/ws_offboard_control/install/custom_msgs/include/custom_msgs/custom_msgs/msg/detail
-- Up-to-date: /home/anmol/ws_offboard_control/install/custom_msgs/include/custom_msgs/custom_msgs/msg/detail/board__rosidl_typesupport_fastrtps_c.h
-- Up-to-date: /home/anmol/ws_offboard_control/install/custom_msgs/include/custom_msgs/custom_msgs/msg/rosidl_typesupport_fastrtps_c__visibility_control.h
-- Installing: /home/anmol/ws_offboard_control/install/custom_msgs/lib/libcustom_msgs__rosidl_typesupport_fastrtps_c.so
-- Set runtime path of "/home/anmol/ws_offboard_control/install/custom_msgs/lib/libcustom_msgs__rosidl_typesupport_fastrtps_c.so" to ""
-- Up-to-date: /home/anmol/ws_offboard_control/install/custom_msgs/include/custom_msgs/custom_msgs
-- Up-to-date: /home/anmol/ws_offboard_control/install/custom_msgs/include/custom_msgs/custom_msgs/msg
-- Up-to-date: /home/anmol/ws_offboard_control/install/custom_msgs/include/custom_msgs/custom_msgs/msg/detail
-- Up-to-date: /home/anmol/ws_offboard_control/install/custom_msgs/include/custom_msgs/custom_msgs/msg/detail/board__rosidl_typesupport_introspection_c.h
-- Up-to-date: /home/anmol/ws_offboard_control/install/custom_msgs/include/custom_msgs/custom_msgs/msg/detail/board__type_support.c
-- Up-to-date: /home/anmol/ws_offboard_control/install/custom_msgs/include/custom_msgs/custom_msgs/msg/rosidl_typesupport_introspection_c__visibility_control.h
-- Installing: /home/anmol/ws_offboard_control/install/custom_msgs/lib/libcustom_msgs__rosidl_typesupport_introspection_c.so
-- Set runtime path of "/home/anmol/ws_offboard_control/install/custom_msgs/lib/libcustom_msgs__rosidl_typesupport_introspection_c.so" to ""
-- Installing: /home/anmol/ws_offboard_control/install/custom_msgs/lib/libcustom_msgs__rosidl_typesupport_c.so
-- Set runtime path of "/home/anmol/ws_offboard_control/install/custom_msgs/lib/libcustom_msgs__rosidl_typesupport_c.so" to ""
-- Up-to-date: /home/anmol/ws_offboard_control/install/custom_msgs/include/custom_msgs/custom_msgs
-- Up-to-date: /home/anmol/ws_offboard_control/install/custom_msgs/include/custom_msgs/custom_msgs/msg
-- Up-to-date: /home/anmol/ws_offboard_control/install/custom_msgs/include/custom_msgs/custom_msgs/msg/detail
-- Up-to-date: /home/anmol/ws_offboard_control/install/custom_msgs/include/custom_msgs/custom_msgs/msg/detail/board__builder.hpp
-- Up-to-date: /home/anmol/ws_offboard_control/install/custom_msgs/include/custom_msgs/custom_msgs/msg/detail/board__traits.hpp
-- Up-to-date: /home/anmol/ws_offboard_control/install/custom_msgs/include/custom_msgs/custom_msgs/msg/detail/board__struct.hpp
-- Up-to-date: /home/anmol/ws_offboard_control/install/custom_msgs/include/custom_msgs/custom_msgs/msg/board.hpp
-- Up-to-date: /home/anmol/ws_offboard_control/install/custom_msgs/include/custom_msgs/custom_msgs
-- Up-to-date: /home/anmol/ws_offboard_control/install/custom_msgs/include/custom_msgs/custom_msgs/msg
-- Up-to-date: /home/anmol/ws_offboard_control/install/custom_msgs/include/custom_msgs/custom_msgs/msg/detail
-- Up-to-date: /home/anmol/ws_offboard_control/install/custom_msgs/include/custom_msgs/custom_msgs/msg/detail/dds_fastrtps
-- Up-to-date: /home/anmol/ws_offboard_control/install/custom_msgs/include/custom_msgs/custom_msgs/msg/detail/board__rosidl_typesupport_fastrtps_cpp.hpp
-- Up-to-date: /home/anmol/ws_offboard_control/install/custom_msgs/include/custom_msgs/custom_msgs/msg/rosidl_typesupport_fastrtps_cpp__visibility_control.h
-- Installing: /home/anmol/ws_offboard_control/install/custom_msgs/lib/libcustom_msgs__rosidl_typesupport_fastrtps_cpp.so
-- Set runtime path of "/home/anmol/ws_offboard_control/install/custom_msgs/lib/libcustom_msgs__rosidl_typesupport_fastrtps_cpp.so" to ""
-- Up-to-date: /home/anmol/ws_offboard_control/install/custom_msgs/include/custom_msgs/custom_msgs
-- Up-to-date: /home/anmol/ws_offboard_control/install/custom_msgs/include/custom_msgs/custom_msgs/msg
-- Up-to-date: /home/anmol/ws_offboard_control/install/custom_msgs/include/custom_msgs/custom_msgs/msg/detail
-- Up-to-date: /home/anmol/ws_offboard_control/install/custom_msgs/include/custom_msgs/custom_msgs/msg/detail/board__type_support.cpp
-- Up-to-date: /home/anmol/ws_offboard_control/install/custom_msgs/include/custom_msgs/custom_msgs/msg/detail/board__rosidl_typesupport_introspection_cpp.hpp
-- Installing: /home/anmol/ws_offboard_control/install/custom_msgs/lib/libcustom_msgs__rosidl_typesupport_introspection_cpp.so
-- Set runtime path of "/home/anmol/ws_offboard_control/install/custom_msgs/lib/libcustom_msgs__rosidl_typesupport_introspection_cpp.so" to ""
-- Installing: /home/anmol/ws_offboard_control/install/custom_msgs/lib/libcustom_msgs__rosidl_typesupport_cpp.so
-- Set runtime path of "/home/anmol/ws_offboard_control/install/custom_msgs/lib/libcustom_msgs__rosidl_typesupport_cpp.so" to ""
-- Up-to-date: /home/anmol/ws_offboard_control/install/custom_msgs/share/custom_msgs/environment/pythonpath.sh
-- Installing: /home/anmol/ws_offboard_control/install/custom_msgs/share/custom_msgs/environment/pythonpath.dsv
-- Up-to-date: /home/anmol/ws_offboard_control/install/custom_msgs/local/lib/python3.10/dist-packages/custom_msgs-0.0.0-py3.10.egg-info
-- Installing: /home/anmol/ws_offboard_control/install/custom_msgs/local/lib/python3.10/dist-packages/custom_msgs-0.0.0-py3.10.egg-info/dependency_links.txt
-- Installing: /home/anmol/ws_offboard_control/install/custom_msgs/local/lib/python3.10/dist-packages/custom_msgs-0.0.0-py3.10.egg-info/SOURCES.txt
-- Installing: /home/anmol/ws_offboard_control/install/custom_msgs/local/lib/python3.10/dist-packages/custom_msgs-0.0.0-py3.10.egg-info/PKG-INFO
-- Installing: /home/anmol/ws_offboard_control/install/custom_msgs/local/lib/python3.10/dist-packages/custom_msgs-0.0.0-py3.10.egg-info/top_level.txt
-- Up-to-date: /home/anmol/ws_offboard_control/install/custom_msgs/local/lib/python3.10/dist-packages/custom_msgs
-- Up-to-date: /home/anmol/ws_offboard_control/install/custom_msgs/local/lib/python3.10/dist-packages/custom_msgs/_custom_msgs_s.ep.rosidl_typesupport_c.c
-- Installing: /home/anmol/ws_offboard_control/install/custom_msgs/local/lib/python3.10/dist-packages/custom_msgs/libcustom_msgs__rosidl_generator_py.so
-- Up-to-date: /home/anmol/ws_offboard_control/install/custom_msgs/local/lib/python3.10/dist-packages/custom_msgs/_custom_msgs_s.ep.rosidl_typesupport_introspection_c.c
-- Installing: /home/anmol/ws_offboard_control/install/custom_msgs/local/lib/python3.10/dist-packages/custom_msgs/__init__.py
-- Up-to-date: /home/anmol/ws_offboard_control/install/custom_msgs/local/lib/python3.10/dist-packages/custom_msgs/_custom_msgs_s.ep.rosidl_typesupport_fastrtps_c.c
-- Installing: /home/anmol/ws_offboard_control/install/custom_msgs/local/lib/python3.10/dist-packages/custom_msgs/custom_msgs_s__rosidl_typesupport_introspection_c.cpython-310-x86_64-linux-gnu.so
-- Installing: /home/anmol/ws_offboard_control/install/custom_msgs/local/lib/python3.10/dist-packages/custom_msgs/custom_msgs_s__rosidl_typesupport_c.cpython-310-x86_64-linux-gnu.so
-- Installing: /home/anmol/ws_offboard_control/install/custom_msgs/local/lib/python3.10/dist-packages/custom_msgs/custom_msgs_s__rosidl_typesupport_fastrtps_c.cpython-310-x86_64-linux-gnu.so
-- Up-to-date: /home/anmol/ws_offboard_control/install/custom_msgs/local/lib/python3.10/dist-packages/custom_msgs/msg
-- Up-to-date: /home/anmol/ws_offboard_control/install/custom_msgs/local/lib/python3.10/dist-packages/custom_msgs/msg/__init__.py
-- Up-to-date: /home/anmol/ws_offboard_control/install/custom_msgs/local/lib/python3.10/dist-packages/custom_msgs/msg/_board.py
-- Up-to-date: /home/anmol/ws_offboard_control/install/custom_msgs/local/lib/python3.10/dist-packages/custom_msgs/msg/_board_s.c
Listing '/home/anmol/ws_offboard_control/install/custom_msgs/local/lib/python3.10/dist-packages/custom_msgs'...
Compiling '/home/anmol/ws_offboard_control/install/custom_msgs/local/lib/python3.10/dist-packages/custom_msgs/__init__.py'...
Listing '/home/anmol/ws_offboard_control/install/custom_msgs/local/lib/python3.10/dist-packages/custom_msgs/msg'...
-- Installing: /home/anmol/ws_offboard_control/install/custom_msgs/local/lib/python3.10/dist-packages/custom_msgs/custom_msgs_s__rosidl_typesupport_fastrtps_c.cpython-310-x86_64-linux-gnu.so
-- Set runtime path of "/home/anmol/ws_offboard_control/install/custom_msgs/local/lib/python3.10/dist-packages/custom_msgs/custom_msgs_s__rosidl_typesupport_fastrtps_c.cpython-310-x86_64-linux-gnu.so" to ""
-- Installing: /home/anmol/ws_offboard_control/install/custom_msgs/local/lib/python3.10/dist-packages/custom_msgs/custom_msgs_s__rosidl_typesupport_introspection_c.cpython-310-x86_64-linux-gnu.so
-- Set runtime path of "/home/anmol/ws_offboard_control/install/custom_msgs/local/lib/python3.10/dist-packages/custom_msgs/custom_msgs_s__rosidl_typesupport_introspection_c.cpython-310-x86_64-linux-gnu.so" to ""
-- Installing: /home/anmol/ws_offboard_control/install/custom_msgs/local/lib/python3.10/dist-packages/custom_msgs/custom_msgs_s__rosidl_typesupport_c.cpython-310-x86_64-linux-gnu.so
-- Set runtime path of "/home/anmol/ws_offboard_control/install/custom_msgs/local/lib/python3.10/dist-packages/custom_msgs/custom_msgs_s__rosidl_typesupport_c.cpython-310-x86_64-linux-gnu.so" to ""
-- Installing: /home/anmol/ws_offboard_control/install/custom_msgs/lib/libcustom_msgs__rosidl_generator_py.so
-- Set runtime path of "/home/anmol/ws_offboard_control/install/custom_msgs/lib/libcustom_msgs__rosidl_generator_py.so" to ""
-- Up-to-date: /home/anmol/ws_offboard_control/install/custom_msgs/share/custom_msgs/msg/Board.idl
-- Up-to-date: /home/anmol/ws_offboard_control/install/custom_msgs/share/custom_msgs/msgs/Board.msg
-- Up-to-date: /home/anmol/ws_offboard_control/install/custom_msgs/share/ament_index/resource_index/package_run_dependencies/custom_msgs
-- Up-to-date: /home/anmol/ws_offboard_control/install/custom_msgs/share/ament_index/resource_index/parent_prefix_path/custom_msgs
-- Up-to-date: /home/anmol/ws_offboard_control/install/custom_msgs/share/custom_msgs/environment/ament_prefix_path.sh
-- Installing: /home/anmol/ws_offboard_control/install/custom_msgs/share/custom_msgs/environment/ament_prefix_path.dsv
-- Up-to-date: /home/anmol/ws_offboard_control/install/custom_msgs/share/custom_msgs/environment/path.sh
-- Installing: /home/anmol/ws_offboard_control/install/custom_msgs/share/custom_msgs/environment/path.dsv
-- Up-to-date: /home/anmol/ws_offboard_control/install/custom_msgs/share/custom_msgs/local_setup.bash
-- Up-to-date: /home/anmol/ws_offboard_control/install/custom_msgs/share/custom_msgs/local_setup.sh
-- Up-to-date: /home/anmol/ws_offboard_control/install/custom_msgs/share/custom_msgs/local_setup.zsh
-- Installing: /home/anmol/ws_offboard_control/install/custom_msgs/share/custom_msgs/local_setup.dsv
-- Installing: /home/anmol/ws_offboard_control/install/custom_msgs/share/custom_msgs/package.dsv
-- Up-to-date: /home/anmol/ws_offboard_control/install/custom_msgs/share/ament_index/resource_index/packages/custom_msgs
-- Old export file "/home/anmol/ws_offboard_control/install/custom_msgs/share/custom_msgs/cmake/export_custom_msgs__rosidl_generator_cExport.cmake" will be replaced.  Removing files [/home/anmol/ws_offboard_control/install/custom_msgs/share/custom_msgs/cmake/export_custom_msgs__rosidl_generator_cExport-noconfig.cmake].
-- Installing: /home/anmol/ws_offboard_control/install/custom_msgs/share/custom_msgs/cmake/export_custom_msgs__rosidl_generator_cExport.cmake
-- Installing: /home/anmol/ws_offboard_control/install/custom_msgs/share/custom_msgs/cmake/export_custom_msgs__rosidl_generator_cExport-noconfig.cmake
-- Old export file "/home/anmol/ws_offboard_control/install/custom_msgs/share/custom_msgs/cmake/export_custom_msgs__rosidl_typesupport_fastrtps_cExport.cmake" will be replaced.  Removing files [/home/anmol/ws_offboard_control/install/custom_msgs/share/custom_msgs/cmake/export_custom_msgs__rosidl_typesupport_fastrtps_cExport-noconfig.cmake].
-- Installing: /home/anmol/ws_offboard_control/install/custom_msgs/share/custom_msgs/cmake/export_custom_msgs__rosidl_typesupport_fastrtps_cExport.cmake
-- Installing: /home/anmol/ws_offboard_control/install/custom_msgs/share/custom_msgs/cmake/export_custom_msgs__rosidl_typesupport_fastrtps_cExport-noconfig.cmake
-- Old export file "/home/anmol/ws_offboard_control/install/custom_msgs/share/custom_msgs/cmake/custom_msgs__rosidl_typesupport_introspection_cExport.cmake" will be replaced.  Removing files [/home/anmol/ws_offboard_control/install/custom_msgs/share/custom_msgs/cmake/custom_msgs__rosidl_typesupport_introspection_cExport-noconfig.cmake].
-- Installing: /home/anmol/ws_offboard_control/install/custom_msgs/share/custom_msgs/cmake/custom_msgs__rosidl_typesupport_introspection_cExport.cmake
-- Installing: /home/anmol/ws_offboard_control/install/custom_msgs/share/custom_msgs/cmake/custom_msgs__rosidl_typesupport_introspection_cExport-noconfig.cmake
-- Old export file "/home/anmol/ws_offboard_control/install/custom_msgs/share/custom_msgs/cmake/custom_msgs__rosidl_typesupport_cExport.cmake" will be replaced.  Removing files [/home/anmol/ws_offboard_control/install/custom_msgs/share/custom_msgs/cmake/custom_msgs__rosidl_typesupport_cExport-noconfig.cmake].
-- Installing: /home/anmol/ws_offboard_control/install/custom_msgs/share/custom_msgs/cmake/custom_msgs__rosidl_typesupport_cExport.cmake
-- Installing: /home/anmol/ws_offboard_control/install/custom_msgs/share/custom_msgs/cmake/custom_msgs__rosidl_typesupport_cExport-noconfig.cmake
-- Installing: /home/anmol/ws_offboard_control/install/custom_msgs/share/custom_msgs/cmake/export_custom_msgs__rosidl_generator_cppExport.cmake
-- Old export file "/home/anmol/ws_offboard_control/install/custom_msgs/share/custom_msgs/cmake/export_custom_msgs__rosidl_typesupport_fastrtps_cppExport.cmake" will be replaced.  Removing files [/home/anmol/ws_offboard_control/install/custom_msgs/share/custom_msgs/cmake/export_custom_msgs__rosidl_typesupport_fastrtps_cppExport-noconfig.cmake].
-- Installing: /home/anmol/ws_offboard_control/install/custom_msgs/share/custom_msgs/cmake/export_custom_msgs__rosidl_typesupport_fastrtps_cppExport.cmake
-- Installing: /home/anmol/ws_offboard_control/install/custom_msgs/share/custom_msgs/cmake/export_custom_msgs__rosidl_typesupport_fastrtps_cppExport-noconfig.cmake
-- Old export file "/home/anmol/ws_offboard_control/install/custom_msgs/share/custom_msgs/cmake/custom_msgs__rosidl_typesupport_introspection_cppExport.cmake" will be replaced.  Removing files [/home/anmol/ws_offboard_control/install/custom_msgs/share/custom_msgs/cmake/custom_msgs__rosidl_typesupport_introspection_cppExport-noconfig.cmake].
-- Installing: /home/anmol/ws_offboard_control/install/custom_msgs/share/custom_msgs/cmake/custom_msgs__rosidl_typesupport_introspection_cppExport.cmake
-- Installing: /home/anmol/ws_offboard_control/install/custom_msgs/share/custom_msgs/cmake/custom_msgs__rosidl_typesupport_introspection_cppExport-noconfig.cmake
-- Old export file "/home/anmol/ws_offboard_control/install/custom_msgs/share/custom_msgs/cmake/custom_msgs__rosidl_typesupport_cppExport.cmake" will be replaced.  Removing files [/home/anmol/ws_offboard_control/install/custom_msgs/share/custom_msgs/cmake/custom_msgs__rosidl_typesupport_cppExport-noconfig.cmake].
-- Installing: /home/anmol/ws_offboard_control/install/custom_msgs/share/custom_msgs/cmake/custom_msgs__rosidl_typesupport_cppExport.cmake
-- Installing: /home/anmol/ws_offboard_control/install/custom_msgs/share/custom_msgs/cmake/custom_msgs__rosidl_typesupport_cppExport-noconfig.cmake
-- Old export file "/home/anmol/ws_offboard_control/install/custom_msgs/share/custom_msgs/cmake/export_custom_msgs__rosidl_generator_pyExport.cmake" will be replaced.  Removing files [/home/anmol/ws_offboard_control/install/custom_msgs/share/custom_msgs/cmake/export_custom_msgs__rosidl_generator_pyExport-noconfig.cmake].
-- Installing: /home/anmol/ws_offboard_control/install/custom_msgs/share/custom_msgs/cmake/export_custom_msgs__rosidl_generator_pyExport.cmake
-- Installing: /home/anmol/ws_offboard_control/install/custom_msgs/share/custom_msgs/cmake/export_custom_msgs__rosidl_generator_pyExport-noconfig.cmake
-- Up-to-date: /home/anmol/ws_offboard_control/install/custom_msgs/share/custom_msgs/cmake/rosidl_cmake-extras.cmake
-- Installing: /home/anmol/ws_offboard_control/install/custom_msgs/share/custom_msgs/cmake/ament_cmake_export_dependencies-extras.cmake
-- Up-to-date: /home/anmol/ws_offboard_control/install/custom_msgs/share/custom_msgs/cmake/ament_cmake_export_include_directories-extras.cmake
-- Up-to-date: /home/anmol/ws_offboard_control/install/custom_msgs/share/custom_msgs/cmake/ament_cmake_export_libraries-extras.cmake
-- Up-to-date: /home/anmol/ws_offboard_control/install/custom_msgs/share/custom_msgs/cmake/ament_cmake_export_targets-extras.cmake
-- Up-to-date: /home/anmol/ws_offboard_control/install/custom_msgs/share/custom_msgs/cmake/rosidl_cmake_export_typesupport_targets-extras.cmake
-- Up-to-date: /home/anmol/ws_offboard_control/install/custom_msgs/share/custom_msgs/cmake/rosidl_cmake_export_typesupport_libraries-extras.cmake
-- Up-to-date: /home/anmol/ws_offboard_control/install/custom_msgs/share/custom_msgs/cmake/custom_msgsConfig.cmake
-- Up-to-date: /home/anmol/ws_offboard_control/install/custom_msgs/share/custom_msgs/cmake/custom_msgsConfig-version.cmake
-- Up-to-date: /home/anmol/ws_offboard_control/install/custom_msgs/share/custom_msgs/package.xml
