[0.090s] Invoking command in '/home/anmol/ws_offboard_control/build/custom_msgs': CMAKE_PREFIX_PATH=${CMAKE_PREFIX_PATH}:/home/anmol/ws_offboard_control/install/manual_key_control:/opt/ros/humble /usr/bin/cmake --build /home/anmol/ws_offboard_control/build/custom_msgs -- -j12 -l12
[0.128s] -- Found ament_cmake: 1.3.6 (/opt/ros/humble/share/ament_cmake/cmake)
[0.339s] -- Found rosidl_default_generators: 1.2.0 (/opt/ros/humble/share/rosidl_default_generators/cmake)
[0.341s] -- Using all available rosidl_typesupport_c: rosidl_typesupport_fastrtps_c;rosidl_typesupport_introspection_c
[0.345s] -- Found rosidl_adapter: 3.1.5 (/opt/ros/humble/share/rosidl_adapter/cmake)
[0.387s] -- Using all available rosidl_typesupport_cpp: rosidl_typesupport_fastrtps_cpp;rosidl_typesupport_introspection_cpp
[0.423s] -- Found geometry_msgs: 4.2.3 (/opt/ros/humble/share/geometry_msgs/cmake)
[0.960s] -- Found ament_cmake_cppcheck: 0.12.9 (/opt/ros/humble/share/ament_cmake_cppcheck/cmake)
[0.964s] -- Found ament_cmake_cpplint: 0.12.9 (/opt/ros/humble/share/ament_cmake_cpplint/cmake)
[0.965s] -- Found ament_cmake_uncrustify: 0.12.9 (/opt/ros/humble/share/ament_cmake_uncrustify/cmake)
[0.967s] -- Found ament_cmake_ros: 0.10.0 (/opt/ros/humble/share/ament_cmake_ros/cmake)
[1.304s] -- Using all available rosidl_typesupport_c: rosidl_typesupport_fastrtps_c;rosidl_typesupport_introspection_c
[1.752s] -- Using all available rosidl_typesupport_cpp: rosidl_typesupport_fastrtps_cpp;rosidl_typesupport_introspection_cpp
[1.783s] -- Found python_cmake_module: 0.10.0 (/opt/ros/humble/share/python_cmake_module/cmake)
[1.814s] -- Using PYTHON_EXECUTABLE: /usr/bin/python3
[1.814s] -- Using PYTHON_INCLUDE_DIRS: /usr/include/python3.10
[1.814s] -- Using PYTHON_LIBRARIES: /usr/lib/x86_64-linux-gnu/libpython3.10.so
[1.868s] -- Found ament_cmake_flake8: 0.12.9 (/opt/ros/humble/share/ament_cmake_flake8/cmake)
[1.869s] -- Found ament_cmake_pep257: 0.12.9 (/opt/ros/humble/share/ament_cmake_pep257/cmake)
[1.870s] -- Found ament_lint_auto: 0.12.9 (/opt/ros/humble/share/ament_lint_auto/cmake)
[1.883s] -- Added test 'lint_cmake' to check CMake code style
[1.884s] -- Added test 'xmllint' to check XML markup files
[1.886s] -- Configuring done
[1.937s] -- Generating done
[1.942s] -- Build files have been written to: /home/anmol/ws_offboard_control/build/custom_msgs
[1.982s] [35m[1mConsolidate compiler generated dependencies of target custom_msgs__rosidl_generator_c[0m
[1.998s] [  3%] Built target custom_msgs__cpp
[2.000s] [  6%] [32m[1mLinking C shared library libcustom_msgs__rosidl_generator_c.so[0m
[2.012s] [  6%] Built target ament_cmake_python_copy_custom_msgs
[2.015s] [35m[1mConsolidate compiler generated dependencies of target custom_msgs__rosidl_typesupport_cpp[0m
[2.015s] [35m[1mConsolidate compiler generated dependencies of target custom_msgs__rosidl_typesupport_fastrtps_cpp[0m
[2.015s] [35m[1mConsolidate compiler generated dependencies of target custom_msgs__rosidl_typesupport_introspection_cpp[0m
[2.036s] [  9%] [32m[1mLinking CXX shared library libcustom_msgs__rosidl_typesupport_cpp.so[0m
[2.036s] [ 12%] [32m[1mLinking CXX shared library libcustom_msgs__rosidl_typesupport_introspection_cpp.so[0m
[2.036s] [ 16%] [32m[1mLinking CXX shared library libcustom_msgs__rosidl_typesupport_fastrtps_cpp.so[0m
[2.057s] [ 22%] Built target custom_msgs__rosidl_generator_c
[2.078s] [35m[1mConsolidate compiler generated dependencies of target custom_msgs__rosidl_typesupport_introspection_c[0m
[2.078s] [35m[1mConsolidate compiler generated dependencies of target custom_msgs__rosidl_typesupport_c[0m
[2.079s] [35m[1mConsolidate compiler generated dependencies of target custom_msgs__rosidl_typesupport_fastrtps_c[0m
[2.100s] [ 25%] [32m[1mLinking C shared library libcustom_msgs__rosidl_typesupport_introspection_c.so[0m
[2.100s] [ 32%] Built target custom_msgs__rosidl_typesupport_introspection_cpp
[2.101s] [ 35%] [32m[1mLinking CXX shared library libcustom_msgs__rosidl_typesupport_c.so[0m
[2.105s] [ 41%] Built target custom_msgs__rosidl_typesupport_cpp
[2.107s] [ 45%] [32m[1mLinking CXX shared library libcustom_msgs__rosidl_typesupport_fastrtps_c.so[0m
[2.151s] [ 51%] Built target custom_msgs__rosidl_typesupport_introspection_c
[2.166s] [ 58%] Built target custom_msgs__rosidl_typesupport_c
[2.180s] [ 64%] Built target custom_msgs__rosidl_typesupport_fastrtps_cpp
[2.241s] [ 70%] Built target custom_msgs__rosidl_typesupport_fastrtps_c
[2.273s] [ 70%] Built target custom_msgs
[2.308s] [ 74%] Built target custom_msgs__py
[2.325s] [35m[1mConsolidate compiler generated dependencies of target custom_msgs__rosidl_generator_py[0m
[2.335s] running egg_info
[2.336s] writing custom_msgs.egg-info/PKG-INFO
[2.336s] writing dependency_links to custom_msgs.egg-info/dependency_links.txt
[2.336s] writing top-level names to custom_msgs.egg-info/top_level.txt
[2.339s] reading manifest file 'custom_msgs.egg-info/SOURCES.txt'
[2.339s] writing manifest file 'custom_msgs.egg-info/SOURCES.txt'
[2.347s] [ 77%] [32m[1mLinking C shared library rosidl_generator_py/custom_msgs/libcustom_msgs__rosidl_generator_py.so[0m
[2.380s] [ 77%] Built target ament_cmake_python_build_custom_msgs_egg
[2.413s] [ 80%] Built target custom_msgs__rosidl_generator_py
[2.429s] [35m[1mConsolidate compiler generated dependencies of target custom_msgs__rosidl_typesupport_introspection_c__pyext[0m
[2.430s] [35m[1mConsolidate compiler generated dependencies of target custom_msgs__rosidl_typesupport_fastrtps_c__pyext[0m
[2.430s] [35m[1mConsolidate compiler generated dependencies of target custom_msgs__rosidl_typesupport_c__pyext[0m
[2.451s] [ 87%] [32mBuilding C object CMakeFiles/custom_msgs__rosidl_typesupport_c__pyext.dir/rosidl_generator_py/custom_msgs/_custom_msgs_s.ep.rosidl_typesupport_c.c.o[0m
[2.451s] [ 87%] [32mBuilding C object CMakeFiles/custom_msgs__rosidl_typesupport_introspection_c__pyext.dir/rosidl_generator_py/custom_msgs/_custom_msgs_s.ep.rosidl_typesupport_introspection_c.c.o[0m
[2.453s] [ 90%] [32mBuilding C object CMakeFiles/custom_msgs__rosidl_typesupport_fastrtps_c__pyext.dir/rosidl_generator_py/custom_msgs/_custom_msgs_s.ep.rosidl_typesupport_fastrtps_c.c.o[0m
[2.592s] [ 93%] [32m[1mLinking C shared library rosidl_generator_py/custom_msgs/custom_msgs_s__rosidl_typesupport_introspection_c.cpython-310-x86_64-linux-gnu.so[0m
[2.597s] [ 96%] [32m[1mLinking C shared library rosidl_generator_py/custom_msgs/custom_msgs_s__rosidl_typesupport_fastrtps_c.cpython-310-x86_64-linux-gnu.so[0m
[2.598s] [100%] [32m[1mLinking C shared library rosidl_generator_py/custom_msgs/custom_msgs_s__rosidl_typesupport_c.cpython-310-x86_64-linux-gnu.so[0m
[2.657s] [100%] Built target custom_msgs__rosidl_typesupport_introspection_c__pyext
[2.657s] [100%] Built target custom_msgs__rosidl_typesupport_fastrtps_c__pyext
[2.657s] [100%] Built target custom_msgs__rosidl_typesupport_c__pyext
[2.677s] Invoked command in '/home/anmol/ws_offboard_control/build/custom_msgs' returned '0': CMAKE_PREFIX_PATH=${CMAKE_PREFIX_PATH}:/home/anmol/ws_offboard_control/install/manual_key_control:/opt/ros/humble /usr/bin/cmake --build /home/anmol/ws_offboard_control/build/custom_msgs -- -j12 -l12
[2.816s] Invoking command in '/home/anmol/ws_offboard_control/build/custom_msgs': CMAKE_PREFIX_PATH=${CMAKE_PREFIX_PATH}:/home/anmol/ws_offboard_control/install/manual_key_control:/opt/ros/humble /usr/bin/cmake --install /home/anmol/ws_offboard_control/build/custom_msgs
[2.827s] -- Install configuration: ""
[2.827s] -- Up-to-date: /home/anmol/ws_offboard_control/install/custom_msgs/share/ament_index/resource_index/rosidl_interfaces/custom_msgs
[2.828s] -- Up-to-date: /home/anmol/ws_offboard_control/install/custom_msgs/include/custom_msgs/custom_msgs
[2.828s] -- Up-to-date: /home/anmol/ws_offboard_control/install/custom_msgs/include/custom_msgs/custom_msgs/msg
[2.828s] -- Up-to-date: /home/anmol/ws_offboard_control/install/custom_msgs/include/custom_msgs/custom_msgs/msg/detail
[2.828s] -- Up-to-date: /home/anmol/ws_offboard_control/install/custom_msgs/include/custom_msgs/custom_msgs/msg/detail/board__struct.h
[2.828s] -- Up-to-date: /home/anmol/ws_offboard_control/install/custom_msgs/include/custom_msgs/custom_msgs/msg/detail/board__functions.c
[2.829s] -- Up-to-date: /home/anmol/ws_offboard_control/install/custom_msgs/include/custom_msgs/custom_msgs/msg/detail/board__functions.h
[2.829s] -- Up-to-date: /home/anmol/ws_offboard_control/install/custom_msgs/include/custom_msgs/custom_msgs/msg/detail/board__type_support.h
[2.829s] -- Up-to-date: /home/anmol/ws_offboard_control/install/custom_msgs/include/custom_msgs/custom_msgs/msg/board.h
[2.829s] -- Up-to-date: /home/anmol/ws_offboard_control/install/custom_msgs/include/custom_msgs/custom_msgs/msg/rosidl_generator_c__visibility_control.h
[2.829s] -- Up-to-date: /home/anmol/ws_offboard_control/install/custom_msgs/share/custom_msgs/environment/library_path.sh
[2.830s] -- Installing: /home/anmol/ws_offboard_control/install/custom_msgs/share/custom_msgs/environment/library_path.dsv
[2.830s] -- Installing: /home/anmol/ws_offboard_control/install/custom_msgs/lib/libcustom_msgs__rosidl_generator_c.so
[2.830s] -- Set runtime path of "/home/anmol/ws_offboard_control/install/custom_msgs/lib/libcustom_msgs__rosidl_generator_c.so" to ""
[2.830s] -- Up-to-date: /home/anmol/ws_offboard_control/install/custom_msgs/include/custom_msgs/custom_msgs
[2.830s] -- Up-to-date: /home/anmol/ws_offboard_control/install/custom_msgs/include/custom_msgs/custom_msgs/msg
[2.830s] -- Up-to-date: /home/anmol/ws_offboard_control/install/custom_msgs/include/custom_msgs/custom_msgs/msg/detail
[2.830s] -- Up-to-date: /home/anmol/ws_offboard_control/install/custom_msgs/include/custom_msgs/custom_msgs/msg/detail/board__rosidl_typesupport_fastrtps_c.h
[2.831s] -- Up-to-date: /home/anmol/ws_offboard_control/install/custom_msgs/include/custom_msgs/custom_msgs/msg/rosidl_typesupport_fastrtps_c__visibility_control.h
[2.831s] -- Installing: /home/anmol/ws_offboard_control/install/custom_msgs/lib/libcustom_msgs__rosidl_typesupport_fastrtps_c.so
[2.831s] -- Set runtime path of "/home/anmol/ws_offboard_control/install/custom_msgs/lib/libcustom_msgs__rosidl_typesupport_fastrtps_c.so" to ""
[2.831s] -- Up-to-date: /home/anmol/ws_offboard_control/install/custom_msgs/include/custom_msgs/custom_msgs
[2.831s] -- Up-to-date: /home/anmol/ws_offboard_control/install/custom_msgs/include/custom_msgs/custom_msgs/msg
[2.831s] -- Up-to-date: /home/anmol/ws_offboard_control/install/custom_msgs/include/custom_msgs/custom_msgs/msg/detail
[2.831s] -- Up-to-date: /home/anmol/ws_offboard_control/install/custom_msgs/include/custom_msgs/custom_msgs/msg/detail/board__rosidl_typesupport_introspection_c.h
[2.831s] -- Up-to-date: /home/anmol/ws_offboard_control/install/custom_msgs/include/custom_msgs/custom_msgs/msg/detail/board__type_support.c
[2.831s] -- Up-to-date: /home/anmol/ws_offboard_control/install/custom_msgs/include/custom_msgs/custom_msgs/msg/rosidl_typesupport_introspection_c__visibility_control.h
[2.831s] -- Installing: /home/anmol/ws_offboard_control/install/custom_msgs/lib/libcustom_msgs__rosidl_typesupport_introspection_c.so
[2.831s] -- Set runtime path of "/home/anmol/ws_offboard_control/install/custom_msgs/lib/libcustom_msgs__rosidl_typesupport_introspection_c.so" to ""
[2.831s] -- Installing: /home/anmol/ws_offboard_control/install/custom_msgs/lib/libcustom_msgs__rosidl_typesupport_c.so
[2.832s] -- Set runtime path of "/home/anmol/ws_offboard_control/install/custom_msgs/lib/libcustom_msgs__rosidl_typesupport_c.so" to ""
[2.832s] -- Up-to-date: /home/anmol/ws_offboard_control/install/custom_msgs/include/custom_msgs/custom_msgs
[2.832s] -- Up-to-date: /home/anmol/ws_offboard_control/install/custom_msgs/include/custom_msgs/custom_msgs/msg
[2.833s] -- Up-to-date: /home/anmol/ws_offboard_control/install/custom_msgs/include/custom_msgs/custom_msgs/msg/detail
[2.833s] -- Up-to-date: /home/anmol/ws_offboard_control/install/custom_msgs/include/custom_msgs/custom_msgs/msg/detail/board__builder.hpp
[2.833s] -- Up-to-date: /home/anmol/ws_offboard_control/install/custom_msgs/include/custom_msgs/custom_msgs/msg/detail/board__traits.hpp
[2.833s] -- Up-to-date: /home/anmol/ws_offboard_control/install/custom_msgs/include/custom_msgs/custom_msgs/msg/detail/board__struct.hpp
[2.833s] -- Up-to-date: /home/anmol/ws_offboard_control/install/custom_msgs/include/custom_msgs/custom_msgs/msg/board.hpp
[2.833s] -- Up-to-date: /home/anmol/ws_offboard_control/install/custom_msgs/include/custom_msgs/custom_msgs
[2.833s] -- Up-to-date: /home/anmol/ws_offboard_control/install/custom_msgs/include/custom_msgs/custom_msgs/msg
[2.833s] -- Up-to-date: /home/anmol/ws_offboard_control/install/custom_msgs/include/custom_msgs/custom_msgs/msg/detail
[2.833s] -- Up-to-date: /home/anmol/ws_offboard_control/install/custom_msgs/include/custom_msgs/custom_msgs/msg/detail/dds_fastrtps
[2.833s] -- Up-to-date: /home/anmol/ws_offboard_control/install/custom_msgs/include/custom_msgs/custom_msgs/msg/detail/board__rosidl_typesupport_fastrtps_cpp.hpp
[2.833s] -- Up-to-date: /home/anmol/ws_offboard_control/install/custom_msgs/include/custom_msgs/custom_msgs/msg/rosidl_typesupport_fastrtps_cpp__visibility_control.h
[2.834s] -- Installing: /home/anmol/ws_offboard_control/install/custom_msgs/lib/libcustom_msgs__rosidl_typesupport_fastrtps_cpp.so
[2.834s] -- Set runtime path of "/home/anmol/ws_offboard_control/install/custom_msgs/lib/libcustom_msgs__rosidl_typesupport_fastrtps_cpp.so" to ""
[2.834s] -- Up-to-date: /home/anmol/ws_offboard_control/install/custom_msgs/include/custom_msgs/custom_msgs
[2.834s] -- Up-to-date: /home/anmol/ws_offboard_control/install/custom_msgs/include/custom_msgs/custom_msgs/msg
[2.834s] -- Up-to-date: /home/anmol/ws_offboard_control/install/custom_msgs/include/custom_msgs/custom_msgs/msg/detail
[2.834s] -- Up-to-date: /home/anmol/ws_offboard_control/install/custom_msgs/include/custom_msgs/custom_msgs/msg/detail/board__type_support.cpp
[2.834s] -- Up-to-date: /home/anmol/ws_offboard_control/install/custom_msgs/include/custom_msgs/custom_msgs/msg/detail/board__rosidl_typesupport_introspection_cpp.hpp
[2.834s] -- Installing: /home/anmol/ws_offboard_control/install/custom_msgs/lib/libcustom_msgs__rosidl_typesupport_introspection_cpp.so
[2.835s] -- Set runtime path of "/home/anmol/ws_offboard_control/install/custom_msgs/lib/libcustom_msgs__rosidl_typesupport_introspection_cpp.so" to ""
[2.835s] -- Installing: /home/anmol/ws_offboard_control/install/custom_msgs/lib/libcustom_msgs__rosidl_typesupport_cpp.so
[2.836s] -- Set runtime path of "/home/anmol/ws_offboard_control/install/custom_msgs/lib/libcustom_msgs__rosidl_typesupport_cpp.so" to ""
[2.836s] -- Up-to-date: /home/anmol/ws_offboard_control/install/custom_msgs/share/custom_msgs/environment/pythonpath.sh
[2.836s] -- Installing: /home/anmol/ws_offboard_control/install/custom_msgs/share/custom_msgs/environment/pythonpath.dsv
[2.836s] -- Up-to-date: /home/anmol/ws_offboard_control/install/custom_msgs/local/lib/python3.10/dist-packages/custom_msgs-0.0.0-py3.10.egg-info
[2.836s] -- Installing: /home/anmol/ws_offboard_control/install/custom_msgs/local/lib/python3.10/dist-packages/custom_msgs-0.0.0-py3.10.egg-info/dependency_links.txt
[2.836s] -- Installing: /home/anmol/ws_offboard_control/install/custom_msgs/local/lib/python3.10/dist-packages/custom_msgs-0.0.0-py3.10.egg-info/SOURCES.txt
[2.837s] -- Installing: /home/anmol/ws_offboard_control/install/custom_msgs/local/lib/python3.10/dist-packages/custom_msgs-0.0.0-py3.10.egg-info/PKG-INFO
[2.837s] -- Installing: /home/anmol/ws_offboard_control/install/custom_msgs/local/lib/python3.10/dist-packages/custom_msgs-0.0.0-py3.10.egg-info/top_level.txt
[2.837s] -- Up-to-date: /home/anmol/ws_offboard_control/install/custom_msgs/local/lib/python3.10/dist-packages/custom_msgs
[2.837s] -- Up-to-date: /home/anmol/ws_offboard_control/install/custom_msgs/local/lib/python3.10/dist-packages/custom_msgs/_custom_msgs_s.ep.rosidl_typesupport_c.c
[2.837s] -- Installing: /home/anmol/ws_offboard_control/install/custom_msgs/local/lib/python3.10/dist-packages/custom_msgs/libcustom_msgs__rosidl_generator_py.so
[2.838s] -- Up-to-date: /home/anmol/ws_offboard_control/install/custom_msgs/local/lib/python3.10/dist-packages/custom_msgs/_custom_msgs_s.ep.rosidl_typesupport_introspection_c.c
[2.838s] -- Installing: /home/anmol/ws_offboard_control/install/custom_msgs/local/lib/python3.10/dist-packages/custom_msgs/__init__.py
[2.838s] -- Up-to-date: /home/anmol/ws_offboard_control/install/custom_msgs/local/lib/python3.10/dist-packages/custom_msgs/_custom_msgs_s.ep.rosidl_typesupport_fastrtps_c.c
[2.838s] -- Installing: /home/anmol/ws_offboard_control/install/custom_msgs/local/lib/python3.10/dist-packages/custom_msgs/custom_msgs_s__rosidl_typesupport_introspection_c.cpython-310-x86_64-linux-gnu.so
[2.838s] -- Installing: /home/anmol/ws_offboard_control/install/custom_msgs/local/lib/python3.10/dist-packages/custom_msgs/custom_msgs_s__rosidl_typesupport_c.cpython-310-x86_64-linux-gnu.so
[2.838s] -- Installing: /home/anmol/ws_offboard_control/install/custom_msgs/local/lib/python3.10/dist-packages/custom_msgs/custom_msgs_s__rosidl_typesupport_fastrtps_c.cpython-310-x86_64-linux-gnu.so
[2.839s] -- Up-to-date: /home/anmol/ws_offboard_control/install/custom_msgs/local/lib/python3.10/dist-packages/custom_msgs/msg
[2.839s] -- Up-to-date: /home/anmol/ws_offboard_control/install/custom_msgs/local/lib/python3.10/dist-packages/custom_msgs/msg/__init__.py
[2.839s] -- Up-to-date: /home/anmol/ws_offboard_control/install/custom_msgs/local/lib/python3.10/dist-packages/custom_msgs/msg/_board.py
[2.839s] -- Up-to-date: /home/anmol/ws_offboard_control/install/custom_msgs/local/lib/python3.10/dist-packages/custom_msgs/msg/_board_s.c
[2.879s] Listing '/home/anmol/ws_offboard_control/install/custom_msgs/local/lib/python3.10/dist-packages/custom_msgs'...
[2.880s] Compiling '/home/anmol/ws_offboard_control/install/custom_msgs/local/lib/python3.10/dist-packages/custom_msgs/__init__.py'...
[2.880s] Listing '/home/anmol/ws_offboard_control/install/custom_msgs/local/lib/python3.10/dist-packages/custom_msgs/msg'...
[2.889s] -- Installing: /home/anmol/ws_offboard_control/install/custom_msgs/local/lib/python3.10/dist-packages/custom_msgs/custom_msgs_s__rosidl_typesupport_fastrtps_c.cpython-310-x86_64-linux-gnu.so
[2.890s] -- Set runtime path of "/home/anmol/ws_offboard_control/install/custom_msgs/local/lib/python3.10/dist-packages/custom_msgs/custom_msgs_s__rosidl_typesupport_fastrtps_c.cpython-310-x86_64-linux-gnu.so" to ""
[2.890s] -- Installing: /home/anmol/ws_offboard_control/install/custom_msgs/local/lib/python3.10/dist-packages/custom_msgs/custom_msgs_s__rosidl_typesupport_introspection_c.cpython-310-x86_64-linux-gnu.so
[2.890s] -- Set runtime path of "/home/anmol/ws_offboard_control/install/custom_msgs/local/lib/python3.10/dist-packages/custom_msgs/custom_msgs_s__rosidl_typesupport_introspection_c.cpython-310-x86_64-linux-gnu.so" to ""
[2.891s] -- Installing: /home/anmol/ws_offboard_control/install/custom_msgs/local/lib/python3.10/dist-packages/custom_msgs/custom_msgs_s__rosidl_typesupport_c.cpython-310-x86_64-linux-gnu.so
[2.891s] -- Set runtime path of "/home/anmol/ws_offboard_control/install/custom_msgs/local/lib/python3.10/dist-packages/custom_msgs/custom_msgs_s__rosidl_typesupport_c.cpython-310-x86_64-linux-gnu.so" to ""
[2.891s] -- Installing: /home/anmol/ws_offboard_control/install/custom_msgs/lib/libcustom_msgs__rosidl_generator_py.so
[2.892s] -- Set runtime path of "/home/anmol/ws_offboard_control/install/custom_msgs/lib/libcustom_msgs__rosidl_generator_py.so" to ""
[2.892s] -- Up-to-date: /home/anmol/ws_offboard_control/install/custom_msgs/share/custom_msgs/msg/Board.idl
[2.892s] -- Up-to-date: /home/anmol/ws_offboard_control/install/custom_msgs/share/custom_msgs/msgs/Board.msg
[2.892s] -- Up-to-date: /home/anmol/ws_offboard_control/install/custom_msgs/share/ament_index/resource_index/package_run_dependencies/custom_msgs
[2.892s] -- Up-to-date: /home/anmol/ws_offboard_control/install/custom_msgs/share/ament_index/resource_index/parent_prefix_path/custom_msgs
[2.892s] -- Up-to-date: /home/anmol/ws_offboard_control/install/custom_msgs/share/custom_msgs/environment/ament_prefix_path.sh
[2.893s] -- Installing: /home/anmol/ws_offboard_control/install/custom_msgs/share/custom_msgs/environment/ament_prefix_path.dsv
[2.893s] -- Up-to-date: /home/anmol/ws_offboard_control/install/custom_msgs/share/custom_msgs/environment/path.sh
[2.893s] -- Installing: /home/anmol/ws_offboard_control/install/custom_msgs/share/custom_msgs/environment/path.dsv
[2.893s] -- Up-to-date: /home/anmol/ws_offboard_control/install/custom_msgs/share/custom_msgs/local_setup.bash
[2.893s] -- Up-to-date: /home/anmol/ws_offboard_control/install/custom_msgs/share/custom_msgs/local_setup.sh
[2.893s] -- Up-to-date: /home/anmol/ws_offboard_control/install/custom_msgs/share/custom_msgs/local_setup.zsh
[2.893s] -- Installing: /home/anmol/ws_offboard_control/install/custom_msgs/share/custom_msgs/local_setup.dsv
[2.894s] -- Installing: /home/anmol/ws_offboard_control/install/custom_msgs/share/custom_msgs/package.dsv
[2.894s] -- Up-to-date: /home/anmol/ws_offboard_control/install/custom_msgs/share/ament_index/resource_index/packages/custom_msgs
[2.894s] -- Old export file "/home/anmol/ws_offboard_control/install/custom_msgs/share/custom_msgs/cmake/export_custom_msgs__rosidl_generator_cExport.cmake" will be replaced.  Removing files [/home/anmol/ws_offboard_control/install/custom_msgs/share/custom_msgs/cmake/export_custom_msgs__rosidl_generator_cExport-noconfig.cmake].
[2.894s] -- Installing: /home/anmol/ws_offboard_control/install/custom_msgs/share/custom_msgs/cmake/export_custom_msgs__rosidl_generator_cExport.cmake
[2.894s] -- Installing: /home/anmol/ws_offboard_control/install/custom_msgs/share/custom_msgs/cmake/export_custom_msgs__rosidl_generator_cExport-noconfig.cmake
[2.894s] -- Old export file "/home/anmol/ws_offboard_control/install/custom_msgs/share/custom_msgs/cmake/export_custom_msgs__rosidl_typesupport_fastrtps_cExport.cmake" will be replaced.  Removing files [/home/anmol/ws_offboard_control/install/custom_msgs/share/custom_msgs/cmake/export_custom_msgs__rosidl_typesupport_fastrtps_cExport-noconfig.cmake].
[2.894s] -- Installing: /home/anmol/ws_offboard_control/install/custom_msgs/share/custom_msgs/cmake/export_custom_msgs__rosidl_typesupport_fastrtps_cExport.cmake
[2.895s] -- Installing: /home/anmol/ws_offboard_control/install/custom_msgs/share/custom_msgs/cmake/export_custom_msgs__rosidl_typesupport_fastrtps_cExport-noconfig.cmake
[2.895s] -- Old export file "/home/anmol/ws_offboard_control/install/custom_msgs/share/custom_msgs/cmake/custom_msgs__rosidl_typesupport_introspection_cExport.cmake" will be replaced.  Removing files [/home/anmol/ws_offboard_control/install/custom_msgs/share/custom_msgs/cmake/custom_msgs__rosidl_typesupport_introspection_cExport-noconfig.cmake].
[2.895s] -- Installing: /home/anmol/ws_offboard_control/install/custom_msgs/share/custom_msgs/cmake/custom_msgs__rosidl_typesupport_introspection_cExport.cmake
[2.895s] -- Installing: /home/anmol/ws_offboard_control/install/custom_msgs/share/custom_msgs/cmake/custom_msgs__rosidl_typesupport_introspection_cExport-noconfig.cmake
[2.895s] -- Old export file "/home/anmol/ws_offboard_control/install/custom_msgs/share/custom_msgs/cmake/custom_msgs__rosidl_typesupport_cExport.cmake" will be replaced.  Removing files [/home/anmol/ws_offboard_control/install/custom_msgs/share/custom_msgs/cmake/custom_msgs__rosidl_typesupport_cExport-noconfig.cmake].
[2.895s] -- Installing: /home/anmol/ws_offboard_control/install/custom_msgs/share/custom_msgs/cmake/custom_msgs__rosidl_typesupport_cExport.cmake
[2.896s] -- Installing: /home/anmol/ws_offboard_control/install/custom_msgs/share/custom_msgs/cmake/custom_msgs__rosidl_typesupport_cExport-noconfig.cmake
[2.896s] -- Installing: /home/anmol/ws_offboard_control/install/custom_msgs/share/custom_msgs/cmake/export_custom_msgs__rosidl_generator_cppExport.cmake
[2.896s] -- Old export file "/home/anmol/ws_offboard_control/install/custom_msgs/share/custom_msgs/cmake/export_custom_msgs__rosidl_typesupport_fastrtps_cppExport.cmake" will be replaced.  Removing files [/home/anmol/ws_offboard_control/install/custom_msgs/share/custom_msgs/cmake/export_custom_msgs__rosidl_typesupport_fastrtps_cppExport-noconfig.cmake].
[2.896s] -- Installing: /home/anmol/ws_offboard_control/install/custom_msgs/share/custom_msgs/cmake/export_custom_msgs__rosidl_typesupport_fastrtps_cppExport.cmake
[2.897s] -- Installing: /home/anmol/ws_offboard_control/install/custom_msgs/share/custom_msgs/cmake/export_custom_msgs__rosidl_typesupport_fastrtps_cppExport-noconfig.cmake
[2.897s] -- Old export file "/home/anmol/ws_offboard_control/install/custom_msgs/share/custom_msgs/cmake/custom_msgs__rosidl_typesupport_introspection_cppExport.cmake" will be replaced.  Removing files [/home/anmol/ws_offboard_control/install/custom_msgs/share/custom_msgs/cmake/custom_msgs__rosidl_typesupport_introspection_cppExport-noconfig.cmake].
[2.897s] -- Installing: /home/anmol/ws_offboard_control/install/custom_msgs/share/custom_msgs/cmake/custom_msgs__rosidl_typesupport_introspection_cppExport.cmake
[2.897s] -- Installing: /home/anmol/ws_offboard_control/install/custom_msgs/share/custom_msgs/cmake/custom_msgs__rosidl_typesupport_introspection_cppExport-noconfig.cmake
[2.898s] -- Old export file "/home/anmol/ws_offboard_control/install/custom_msgs/share/custom_msgs/cmake/custom_msgs__rosidl_typesupport_cppExport.cmake" will be replaced.  Removing files [/home/anmol/ws_offboard_control/install/custom_msgs/share/custom_msgs/cmake/custom_msgs__rosidl_typesupport_cppExport-noconfig.cmake].
[2.898s] -- Installing: /home/anmol/ws_offboard_control/install/custom_msgs/share/custom_msgs/cmake/custom_msgs__rosidl_typesupport_cppExport.cmake
[2.898s] -- Installing: /home/anmol/ws_offboard_control/install/custom_msgs/share/custom_msgs/cmake/custom_msgs__rosidl_typesupport_cppExport-noconfig.cmake
[2.898s] -- Old export file "/home/anmol/ws_offboard_control/install/custom_msgs/share/custom_msgs/cmake/export_custom_msgs__rosidl_generator_pyExport.cmake" will be replaced.  Removing files [/home/anmol/ws_offboard_control/install/custom_msgs/share/custom_msgs/cmake/export_custom_msgs__rosidl_generator_pyExport-noconfig.cmake].
[2.898s] -- Installing: /home/anmol/ws_offboard_control/install/custom_msgs/share/custom_msgs/cmake/export_custom_msgs__rosidl_generator_pyExport.cmake
[2.899s] -- Installing: /home/anmol/ws_offboard_control/install/custom_msgs/share/custom_msgs/cmake/export_custom_msgs__rosidl_generator_pyExport-noconfig.cmake
[2.899s] -- Up-to-date: /home/anmol/ws_offboard_control/install/custom_msgs/share/custom_msgs/cmake/rosidl_cmake-extras.cmake
[2.899s] -- Installing: /home/anmol/ws_offboard_control/install/custom_msgs/share/custom_msgs/cmake/ament_cmake_export_dependencies-extras.cmake
[2.899s] -- Up-to-date: /home/anmol/ws_offboard_control/install/custom_msgs/share/custom_msgs/cmake/ament_cmake_export_include_directories-extras.cmake
[2.899s] -- Up-to-date: /home/anmol/ws_offboard_control/install/custom_msgs/share/custom_msgs/cmake/ament_cmake_export_libraries-extras.cmake
[2.899s] -- Up-to-date: /home/anmol/ws_offboard_control/install/custom_msgs/share/custom_msgs/cmake/ament_cmake_export_targets-extras.cmake
[2.900s] -- Up-to-date: /home/anmol/ws_offboard_control/install/custom_msgs/share/custom_msgs/cmake/rosidl_cmake_export_typesupport_targets-extras.cmake
[2.900s] -- Up-to-date: /home/anmol/ws_offboard_control/install/custom_msgs/share/custom_msgs/cmake/rosidl_cmake_export_typesupport_libraries-extras.cmake
[2.900s] -- Up-to-date: /home/anmol/ws_offboard_control/install/custom_msgs/share/custom_msgs/cmake/custom_msgsConfig.cmake
[2.900s] -- Up-to-date: /home/anmol/ws_offboard_control/install/custom_msgs/share/custom_msgs/cmake/custom_msgsConfig-version.cmake
[2.900s] -- Up-to-date: /home/anmol/ws_offboard_control/install/custom_msgs/share/custom_msgs/package.xml
[2.903s] Invoked command in '/home/anmol/ws_offboard_control/build/custom_msgs' returned '0': CMAKE_PREFIX_PATH=${CMAKE_PREFIX_PATH}:/home/anmol/ws_offboard_control/install/manual_key_control:/opt/ros/humble /usr/bin/cmake --install /home/anmol/ws_offboard_control/build/custom_msgs
