[0.726s] Invoking command in '/home/anmol/ws_offboard_control/src/manual_key_control': PYTHONPATH=/home/anmol/ws_offboard_control/build/manual_key_control/prefix_override:/home/anmol/ws_offboard_control/install/manual_key_control/lib/python3.10/site-packages:${PYTHONPATH} /usr/bin/python3 setup.py egg_info --egg-base ../../build/manual_key_control build --build-base /home/anmol/ws_offboard_control/build/manual_key_control/build install --record /home/anmol/ws_offboard_control/build/manual_key_control/install.log --single-version-externally-managed
[0.934s] running egg_info
[0.935s] writing ../../build/manual_key_control/manual_key_control.egg-info/PKG-INFO
[0.935s] writing dependency_links to ../../build/manual_key_control/manual_key_control.egg-info/dependency_links.txt
[0.935s] writing entry points to ../../build/manual_key_control/manual_key_control.egg-info/entry_points.txt
[0.936s] writing requirements to ../../build/manual_key_control/manual_key_control.egg-info/requires.txt
[0.936s] writing top-level names to ../../build/manual_key_control/manual_key_control.egg-info/top_level.txt
[0.937s] reading manifest file '../../build/manual_key_control/manual_key_control.egg-info/SOURCES.txt'
[0.938s] writing manifest file '../../build/manual_key_control/manual_key_control.egg-info/SOURCES.txt'
[0.938s] running build
[0.938s] running build_py
[0.938s] copying manual_key_control/key_sub.py -> /home/anmol/ws_offboard_control/build/manual_key_control/build/lib/manual_key_control
[0.938s] running install
[0.939s] /usr/lib/python3/dist-packages/setuptools/command/install.py:34: SetuptoolsDeprecationWarning: setup.py install is deprecated. Use build and pip and other standards-based tools.
[0.939s]   warnings.warn(
[0.939s] running install_lib
[0.939s] copying /home/anmol/ws_offboard_control/build/manual_key_control/build/lib/manual_key_control/key_sub.py -> /home/anmol/ws_offboard_control/install/manual_key_control/lib/python3.10/site-packages/manual_key_control
[0.940s] byte-compiling /home/anmol/ws_offboard_control/install/manual_key_control/lib/python3.10/site-packages/manual_key_control/key_sub.py to key_sub.cpython-310.pyc
[0.941s] running install_data
[0.941s] running install_egg_info
[0.942s] removing '/home/anmol/ws_offboard_control/install/manual_key_control/lib/python3.10/site-packages/manual_key_control-0.0.0-py3.10.egg-info' (and everything under it)
[0.943s] Copying ../../build/manual_key_control/manual_key_control.egg-info to /home/anmol/ws_offboard_control/install/manual_key_control/lib/python3.10/site-packages/manual_key_control-0.0.0-py3.10.egg-info
[0.944s] running install_scripts
[0.962s] Installing arm script to /home/anmol/ws_offboard_control/install/manual_key_control/lib/manual_key_control
[0.962s] Installing key_pub script to /home/anmol/ws_offboard_control/install/manual_key_control/lib/manual_key_control
[0.962s] Installing key_sub script to /home/anmol/ws_offboard_control/install/manual_key_control/lib/manual_key_control
[0.963s] writing list of installed files to '/home/anmol/ws_offboard_control/build/manual_key_control/install.log'
[0.991s] Invoked command in '/home/anmol/ws_offboard_control/src/manual_key_control' returned '0': PYTHONPATH=/home/anmol/ws_offboard_control/build/manual_key_control/prefix_override:/home/anmol/ws_offboard_control/install/manual_key_control/lib/python3.10/site-packages:${PYTHONPATH} /usr/bin/python3 setup.py egg_info --egg-base ../../build/manual_key_control build --build-base /home/anmol/ws_offboard_control/build/manual_key_control/build install --record /home/anmol/ws_offboard_control/build/manual_key_control/install.log --single-version-externally-managed
