/home/anmol/ws_offboard_control/install/manual_key_control/lib/python3.10/site-packages/manual_key_control/key_pub.py
/home/anmol/ws_offboard_control/install/manual_key_control/lib/python3.10/site-packages/manual_key_control/draw_Square.py
/home/anmol/ws_offboard_control/install/manual_key_control/lib/python3.10/site-packages/manual_key_control/key_trigger.py
/home/anmol/ws_offboard_control/install/manual_key_control/lib/python3.10/site-packages/manual_key_control/__init__.py
/home/anmol/ws_offboard_control/install/manual_key_control/lib/python3.10/site-packages/manual_key_control/key_server.py
/home/anmol/ws_offboard_control/install/manual_key_control/lib/python3.10/site-packages/manual_key_control/__pycache__/key_pub.cpython-310.pyc
/home/anmol/ws_offboard_control/install/manual_key_control/lib/python3.10/site-packages/manual_key_control/__pycache__/draw_Square.cpython-310.pyc
/home/anmol/ws_offboard_control/install/manual_key_control/lib/python3.10/site-packages/manual_key_control/__pycache__/key_trigger.cpython-310.pyc
/home/anmol/ws_offboard_control/install/manual_key_control/lib/python3.10/site-packages/manual_key_control/__pycache__/__init__.cpython-310.pyc
/home/anmol/ws_offboard_control/install/manual_key_control/lib/python3.10/site-packages/manual_key_control/__pycache__/key_server.cpython-310.pyc
/home/anmol/ws_offboard_control/install/manual_key_control/share/ament_index/resource_index/packages/manual_key_control
/home/anmol/ws_offboard_control/install/manual_key_control/share/manual_key_control/package.xml
/home/anmol/ws_offboard_control/install/manual_key_control/lib/python3.10/site-packages/manual_key_control-0.0.0-py3.10.egg-info/zip-safe
/home/anmol/ws_offboard_control/install/manual_key_control/lib/python3.10/site-packages/manual_key_control-0.0.0-py3.10.egg-info/dependency_links.txt
/home/anmol/ws_offboard_control/install/manual_key_control/lib/python3.10/site-packages/manual_key_control-0.0.0-py3.10.egg-info/entry_points.txt
/home/anmol/ws_offboard_control/install/manual_key_control/lib/python3.10/site-packages/manual_key_control-0.0.0-py3.10.egg-info/SOURCES.txt
/home/anmol/ws_offboard_control/install/manual_key_control/lib/python3.10/site-packages/manual_key_control-0.0.0-py3.10.egg-info/PKG-INFO
/home/anmol/ws_offboard_control/install/manual_key_control/lib/python3.10/site-packages/manual_key_control-0.0.0-py3.10.egg-info/requires.txt
/home/anmol/ws_offboard_control/install/manual_key_control/lib/python3.10/site-packages/manual_key_control-0.0.0-py3.10.egg-info/top_level.txt
/home/anmol/ws_offboard_control/install/manual_key_control/lib/manual_key_control/draw_square
/home/anmol/ws_offboard_control/install/manual_key_control/lib/manual_key_control/key_pub
/home/anmol/ws_offboard_control/install/manual_key_control/lib/manual_key_control/key_server
/home/anmol/ws_offboard_control/install/manual_key_control/lib/manual_key_control/key_trigger
