[0.101s] Invoking command in '/home/anmol/ws_offboard_control/build/action_tutorials_interfaces': CMAKE_PREFIX_PATH=${CMAKE_PREFIX_PATH}:/home/anmol/ws_offboard_control/install/manual_key_control:/opt/ros/humble /usr/bin/cmake --build /home/anmol/ws_offboard_control/build/action_tutorials_interfaces -- -j12 -l12
[0.143s] [33mCMake Warning (dev) at CMakeLists.txt:28:
[0.143s]   Syntax Warning in cmake code at column 26
[0.143s] 
[0.143s]   Argument not separated from preceding token by whitespace.
[0.144s] This warning is for project developers.  Use -Wno-dev to suppress it.
[0.144s] [0m
[0.153s] -- Found ament_cmake: 1.3.6 (/opt/ros/humble/share/ament_cmake/cmake)
[0.409s] -- Found ament_lint_auto: 0.12.9 (/opt/ros/humble/share/ament_lint_auto/cmake)
[0.528s] -- Found rosidl_default_generators: 1.2.0 (/opt/ros/humble/share/rosidl_default_generators/cmake)
[0.533s] -- Using all available rosidl_typesupport_c: rosidl_typesupport_fastrtps_c;rosidl_typesupport_introspection_c
[0.540s] -- Found rosidl_adapter: 3.1.5 (/opt/ros/humble/share/rosidl_adapter/cmake)
[0.597s] -- Using all available rosidl_typesupport_cpp: rosidl_typesupport_fastrtps_cpp;rosidl_typesupport_introspection_cpp
[0.648s] [31mCMake Error at /opt/ros/humble/share/rosidl_cmake/cmake/rosidl_generate_interfaces.cmake:93 (message):
[0.649s]   rosidl_generate_interfaces() the passed file ',' doesn't exist relative to
[0.649s]   the CMAKE_CURRENT_SOURCE_DIR
[0.650s]   '/home/anmol/ws_offboard_control/src/action_tutorials_interfaces'
[0.650s] Call Stack (most recent call first):
[0.650s]   CMakeLists.txt:27 (rosidl_generate_interfaces)
[0.652s] 
[0.652s] [0m
[0.652s] -- Configuring incomplete, errors occurred!
[0.653s] See also "/home/anmol/ws_offboard_control/build/action_tutorials_interfaces/CMakeFiles/CMakeOutput.log".
[0.659s] gmake: *** [Makefile:747: cmake_check_build_system] Error 1
[0.665s] Invoked command in '/home/anmol/ws_offboard_control/build/action_tutorials_interfaces' returned '2': CMAKE_PREFIX_PATH=${CMAKE_PREFIX_PATH}:/home/anmol/ws_offboard_control/install/manual_key_control:/opt/ros/humble /usr/bin/cmake --build /home/anmol/ws_offboard_control/build/action_tutorials_interfaces -- -j12 -l12
