[0.098s] Invoking command in '/home/anmol/ws_offboard_control/build/action_commands': CMAKE_PREFIX_PATH=${CMAKE_PREFIX_PATH}:/home/anmol/ws_offboard_control/install/manual_key_control:/opt/ros/humble /usr/bin/cmake --build /home/anmol/ws_offboard_control/build/action_commands -- -j12 -l12
[0.158s] -- Found ament_cmake: 1.3.6 (/opt/ros/humble/share/ament_cmake/cmake)
[0.386s] -- Found ament_lint_auto: 0.12.9 (/opt/ros/humble/share/ament_lint_auto/cmake)
[0.478s] -- Found rosidl_default_generators: 1.2.0 (/opt/ros/humble/share/rosidl_default_generators/cmake)
[0.483s] -- Using all available rosidl_typesupport_c: rosidl_typesupport_fastrtps_c;rosidl_typesupport_introspection_c
[0.487s] -- Found rosidl_adapter: 3.1.5 (/opt/ros/humble/share/rosidl_adapter/cmake)
[0.540s] -- Using all available rosidl_typesupport_cpp: rosidl_typesupport_fastrtps_cpp;rosidl_typesupport_introspection_cpp
[0.967s] -- Found ament_cmake_ros: 0.10.0 (/opt/ros/humble/share/ament_cmake_ros/cmake)
[1.233s] -- Using all available rosidl_typesupport_c: rosidl_typesupport_fastrtps_c;rosidl_typesupport_introspection_c
[1.587s] -- Using all available rosidl_typesupport_cpp: rosidl_typesupport_fastrtps_cpp;rosidl_typesupport_introspection_cpp
[1.619s] -- Found python_cmake_module: 0.10.0 (/opt/ros/humble/share/python_cmake_module/cmake)
[1.653s] -- Using PYTHON_EXECUTABLE: /usr/bin/python3
[1.653s] -- Using PYTHON_INCLUDE_DIRS: /usr/include/python3.10
[1.653s] -- Using PYTHON_LIBRARIES: /usr/lib/x86_64-linux-gnu/libpython3.10.so
[1.689s] -- Added test 'lint_cmake' to check CMake code style
[1.691s] -- Added test 'xmllint' to check XML markup files
[1.701s] -- Configuring done
[1.764s] -- Generating done
[1.770s] -- Build files have been written to: /home/anmol/ws_offboard_control/build/action_commands
[1.812s] [  3%] [34m[1mGenerating C code for ROS interfaces[0m
[1.830s] [  6%] [34m[1mGenerating C++ code for ROS interfaces[0m
[1.850s] [  6%] Built target ament_cmake_python_copy_action_commands
[2.189s] running egg_info
[2.190s] writing action_commands.egg-info/PKG-INFO
[2.190s] writing dependency_links to action_commands.egg-info/dependency_links.txt
[2.190s] writing top-level names to action_commands.egg-info/top_level.txt
[2.193s] reading manifest file 'action_commands.egg-info/SOURCES.txt'
[2.201s] writing manifest file 'action_commands.egg-info/SOURCES.txt'
[2.246s] [  6%] Built target ament_cmake_python_build_action_commands_egg
[2.576s] [  6%] Built target action_commands__cpp
[2.590s] [35m[1mConsolidate compiler generated dependencies of target action_commands__rosidl_generator_c[0m
[2.592s] [ 12%] [34m[1mGenerating C++ introspection for ROS interfaces[0m
[2.592s] [ 12%] [34m[1mGenerating C++ type support dispatch for ROS interfaces[0m
[2.593s] [ 16%] [34m[1mGenerating C++ type support for eProsima Fast-RTPS[0m
[2.612s] [ 19%] [32mBuilding C object CMakeFiles/action_commands__rosidl_generator_c.dir/rosidl_generator_c/action_commands/action/detail/command__functions.c.o[0m
[2.818s] [ 22%] [32m[1mLinking C shared library libaction_commands__rosidl_generator_c.so[0m
[2.891s] [ 22%] Built target action_commands__rosidl_generator_c
[2.909s] [ 25%] [34m[1mGenerating C type support dispatch for ROS interfaces[0m
[2.911s] [ 29%] [34m[1mGenerating C type support for eProsima Fast-RTPS[0m
[2.912s] [ 32%] [34m[1mGenerating C introspection for ROS interfaces[0m
[3.327s] [35m[1mConsolidate compiler generated dependencies of target action_commands__rosidl_typesupport_fastrtps_cpp[0m
[3.360s] [ 35%] [32mBuilding CXX object CMakeFiles/action_commands__rosidl_typesupport_fastrtps_cpp.dir/rosidl_typesupport_fastrtps_cpp/action_commands/action/detail/dds_fastrtps/command__type_support.cpp.o[0m
[3.459s] [35m[1mConsolidate compiler generated dependencies of target action_commands__rosidl_typesupport_cpp[0m
[3.491s] [ 38%] [32mBuilding CXX object CMakeFiles/action_commands__rosidl_typesupport_cpp.dir/rosidl_typesupport_cpp/action_commands/action/command__type_support.cpp.o[0m
[3.503s] [35m[1mConsolidate compiler generated dependencies of target action_commands__rosidl_typesupport_c[0m
[3.525s] [ 41%] [32mBuilding CXX object CMakeFiles/action_commands__rosidl_typesupport_c.dir/rosidl_typesupport_c/action_commands/action/command__type_support.cpp.o[0m
[3.542s] [35m[1mConsolidate compiler generated dependencies of target action_commands__rosidl_typesupport_introspection_cpp[0m
[3.571s] [ 45%] [32mBuilding CXX object CMakeFiles/action_commands__rosidl_typesupport_introspection_cpp.dir/rosidl_typesupport_introspection_cpp/action_commands/action/detail/command__type_support.cpp.o[0m
[3.601s] [35m[1mConsolidate compiler generated dependencies of target action_commands__rosidl_typesupport_introspection_c[0m
[3.631s] [ 48%] [32mBuilding C object CMakeFiles/action_commands__rosidl_typesupport_introspection_c.dir/rosidl_typesupport_introspection_c/action_commands/action/detail/command__type_support.c.o[0m
[3.641s] [ 51%] [32m[1mLinking CXX shared library libaction_commands__rosidl_typesupport_c.so[0m
[3.686s] [35m[1mConsolidate compiler generated dependencies of target action_commands__rosidl_typesupport_fastrtps_c[0m
[3.718s] [ 54%] [32mBuilding CXX object CMakeFiles/action_commands__rosidl_typesupport_fastrtps_c.dir/rosidl_typesupport_fastrtps_c/action_commands/action/detail/command__type_support_c.cpp.o[0m
[3.730s] [ 54%] Built target action_commands__rosidl_typesupport_c
[3.749s] [ 58%] [32m[1mLinking C shared library libaction_commands__rosidl_typesupport_introspection_c.so[0m
[3.806s] [ 58%] Built target action_commands__rosidl_typesupport_introspection_c
[4.147s] [ 61%] [32m[1mLinking CXX shared library libaction_commands__rosidl_typesupport_cpp.so[0m
[4.217s] [ 61%] Built target action_commands__rosidl_typesupport_cpp
[4.244s] [ 64%] [32m[1mLinking CXX shared library libaction_commands__rosidl_typesupport_fastrtps_c.so[0m
[4.246s] [ 67%] [32m[1mLinking CXX shared library libaction_commands__rosidl_typesupport_fastrtps_cpp.so[0m
[4.393s] [ 67%] Built target action_commands__rosidl_typesupport_fastrtps_c
[4.393s] [ 67%] Built target action_commands__rosidl_typesupport_fastrtps_cpp
[4.483s] [ 70%] [32m[1mLinking CXX shared library libaction_commands__rosidl_typesupport_introspection_cpp.so[0m
[4.611s] [ 70%] Built target action_commands__rosidl_typesupport_introspection_cpp
[4.647s] [ 70%] Built target action_commands
[4.683s] [ 74%] [34m[1mGenerating Python code for ROS interfaces[0m
[6.023s] [ 74%] Built target action_commands__py
[6.041s] [35m[1mConsolidate compiler generated dependencies of target action_commands__rosidl_generator_py[0m
[6.064s] [ 77%] [32mBuilding C object CMakeFiles/action_commands__rosidl_generator_py.dir/rosidl_generator_py/action_commands/action/_command_s.c.o[0m
[6.289s] [ 80%] [32m[1mLinking C shared library rosidl_generator_py/action_commands/libaction_commands__rosidl_generator_py.so[0m
[6.354s] [ 80%] Built target action_commands__rosidl_generator_py
[6.372s] [35m[1mConsolidate compiler generated dependencies of target action_commands__rosidl_typesupport_fastrtps_c__pyext[0m
[6.372s] [35m[1mConsolidate compiler generated dependencies of target action_commands__rosidl_typesupport_introspection_c__pyext[0m
[6.372s] [35m[1mConsolidate compiler generated dependencies of target action_commands__rosidl_typesupport_c__pyext[0m
[6.395s] [ 83%] [32mBuilding C object CMakeFiles/action_commands__rosidl_typesupport_introspection_c__pyext.dir/rosidl_generator_py/action_commands/_action_commands_s.ep.rosidl_typesupport_introspection_c.c.o[0m
[6.395s] [ 87%] [32mBuilding C object CMakeFiles/action_commands__rosidl_typesupport_c__pyext.dir/rosidl_generator_py/action_commands/_action_commands_s.ep.rosidl_typesupport_c.c.o[0m
[6.396s] [ 90%] [32mBuilding C object CMakeFiles/action_commands__rosidl_typesupport_fastrtps_c__pyext.dir/rosidl_generator_py/action_commands/_action_commands_s.ep.rosidl_typesupport_fastrtps_c.c.o[0m
[6.582s] [ 93%] [32m[1mLinking C shared library rosidl_generator_py/action_commands/action_commands_s__rosidl_typesupport_fastrtps_c.cpython-310-x86_64-linux-gnu.so[0m
[6.590s] [ 96%] [32m[1mLinking C shared library rosidl_generator_py/action_commands/action_commands_s__rosidl_typesupport_introspection_c.cpython-310-x86_64-linux-gnu.so[0m
[6.618s] [100%] [32m[1mLinking C shared library rosidl_generator_py/action_commands/action_commands_s__rosidl_typesupport_c.cpython-310-x86_64-linux-gnu.so[0m
[6.659s] [100%] Built target action_commands__rosidl_typesupport_introspection_c__pyext
[6.664s] [100%] Built target action_commands__rosidl_typesupport_fastrtps_c__pyext
[6.692s] [100%] Built target action_commands__rosidl_typesupport_c__pyext
[6.715s] Invoked command in '/home/anmol/ws_offboard_control/build/action_commands' returned '0': CMAKE_PREFIX_PATH=${CMAKE_PREFIX_PATH}:/home/anmol/ws_offboard_control/install/manual_key_control:/opt/ros/humble /usr/bin/cmake --build /home/anmol/ws_offboard_control/build/action_commands -- -j12 -l12
[6.851s] Invoking command in '/home/anmol/ws_offboard_control/build/action_commands': CMAKE_PREFIX_PATH=${CMAKE_PREFIX_PATH}:/home/anmol/ws_offboard_control/install/manual_key_control:/opt/ros/humble /usr/bin/cmake --install /home/anmol/ws_offboard_control/build/action_commands
[6.864s] -- Install configuration: ""
[6.864s] -- Up-to-date: /home/anmol/ws_offboard_control/install/action_commands/share/ament_index/resource_index/rosidl_interfaces/action_commands
[6.865s] -- Up-to-date: /home/anmol/ws_offboard_control/install/action_commands/include/action_commands/action_commands
[6.865s] -- Up-to-date: /home/anmol/ws_offboard_control/install/action_commands/include/action_commands/action_commands/action
[6.865s] -- Installing: /home/anmol/ws_offboard_control/install/action_commands/include/action_commands/action_commands/action/command.h
[6.865s] -- Up-to-date: /home/anmol/ws_offboard_control/install/action_commands/include/action_commands/action_commands/action/detail
[6.865s] -- Installing: /home/anmol/ws_offboard_control/install/action_commands/include/action_commands/action_commands/action/detail/command__type_support.h
[6.866s] -- Installing: /home/anmol/ws_offboard_control/install/action_commands/include/action_commands/action_commands/action/detail/command__struct.h
[6.866s] -- Installing: /home/anmol/ws_offboard_control/install/action_commands/include/action_commands/action_commands/action/detail/command__functions.h
[6.866s] -- Installing: /home/anmol/ws_offboard_control/install/action_commands/include/action_commands/action_commands/action/detail/command__functions.c
[6.866s] -- Up-to-date: /home/anmol/ws_offboard_control/install/action_commands/include/action_commands/action_commands/msg
[6.866s] -- Up-to-date: /home/anmol/ws_offboard_control/install/action_commands/include/action_commands/action_commands/msg/rosidl_generator_c__visibility_control.h
[6.866s] -- Up-to-date: /home/anmol/ws_offboard_control/install/action_commands/share/action_commands/environment/library_path.sh
[6.867s] -- Installing: /home/anmol/ws_offboard_control/install/action_commands/share/action_commands/environment/library_path.dsv
[6.867s] -- Installing: /home/anmol/ws_offboard_control/install/action_commands/lib/libaction_commands__rosidl_generator_c.so
[6.867s] -- Set runtime path of "/home/anmol/ws_offboard_control/install/action_commands/lib/libaction_commands__rosidl_generator_c.so" to ""
[6.868s] -- Up-to-date: /home/anmol/ws_offboard_control/install/action_commands/include/action_commands/action_commands
[6.868s] -- Up-to-date: /home/anmol/ws_offboard_control/install/action_commands/include/action_commands/action_commands/action
[6.868s] -- Up-to-date: /home/anmol/ws_offboard_control/install/action_commands/include/action_commands/action_commands/action/detail
[6.868s] -- Installing: /home/anmol/ws_offboard_control/install/action_commands/include/action_commands/action_commands/action/detail/command__rosidl_typesupport_fastrtps_c.h
[6.868s] -- Up-to-date: /home/anmol/ws_offboard_control/install/action_commands/include/action_commands/action_commands/msg
[6.868s] -- Up-to-date: /home/anmol/ws_offboard_control/install/action_commands/include/action_commands/action_commands/msg/rosidl_typesupport_fastrtps_c__visibility_control.h
[6.868s] -- Installing: /home/anmol/ws_offboard_control/install/action_commands/lib/libaction_commands__rosidl_typesupport_fastrtps_c.so
[6.869s] -- Set runtime path of "/home/anmol/ws_offboard_control/install/action_commands/lib/libaction_commands__rosidl_typesupport_fastrtps_c.so" to ""
[6.869s] -- Up-to-date: /home/anmol/ws_offboard_control/install/action_commands/include/action_commands/action_commands
[6.869s] -- Up-to-date: /home/anmol/ws_offboard_control/install/action_commands/include/action_commands/action_commands/action
[6.869s] -- Up-to-date: /home/anmol/ws_offboard_control/install/action_commands/include/action_commands/action_commands/action/detail
[6.869s] -- Installing: /home/anmol/ws_offboard_control/install/action_commands/include/action_commands/action_commands/action/detail/command__type_support.c
[6.870s] -- Installing: /home/anmol/ws_offboard_control/install/action_commands/include/action_commands/action_commands/action/detail/command__rosidl_typesupport_introspection_c.h
[6.870s] -- Up-to-date: /home/anmol/ws_offboard_control/install/action_commands/include/action_commands/action_commands/msg
[6.870s] -- Up-to-date: /home/anmol/ws_offboard_control/install/action_commands/include/action_commands/action_commands/msg/rosidl_typesupport_introspection_c__visibility_control.h
[6.870s] -- Installing: /home/anmol/ws_offboard_control/install/action_commands/lib/libaction_commands__rosidl_typesupport_introspection_c.so
[6.871s] -- Set runtime path of "/home/anmol/ws_offboard_control/install/action_commands/lib/libaction_commands__rosidl_typesupport_introspection_c.so" to ""
[6.871s] -- Installing: /home/anmol/ws_offboard_control/install/action_commands/lib/libaction_commands__rosidl_typesupport_c.so
[6.872s] -- Set runtime path of "/home/anmol/ws_offboard_control/install/action_commands/lib/libaction_commands__rosidl_typesupport_c.so" to ""
[6.872s] -- Up-to-date: /home/anmol/ws_offboard_control/install/action_commands/include/action_commands/action_commands
[6.872s] -- Up-to-date: /home/anmol/ws_offboard_control/install/action_commands/include/action_commands/action_commands/action
[6.872s] -- Up-to-date: /home/anmol/ws_offboard_control/install/action_commands/include/action_commands/action_commands/action/detail
[6.872s] -- Installing: /home/anmol/ws_offboard_control/install/action_commands/include/action_commands/action_commands/action/detail/command__traits.hpp
[6.873s] -- Installing: /home/anmol/ws_offboard_control/install/action_commands/include/action_commands/action_commands/action/detail/command__builder.hpp
[6.873s] -- Installing: /home/anmol/ws_offboard_control/install/action_commands/include/action_commands/action_commands/action/detail/command__struct.hpp
[6.873s] -- Installing: /home/anmol/ws_offboard_control/install/action_commands/include/action_commands/action_commands/action/command.hpp
[6.874s] -- Up-to-date: /home/anmol/ws_offboard_control/install/action_commands/include/action_commands/action_commands
[6.874s] -- Up-to-date: /home/anmol/ws_offboard_control/install/action_commands/include/action_commands/action_commands/action
[6.875s] -- Up-to-date: /home/anmol/ws_offboard_control/install/action_commands/include/action_commands/action_commands/action/detail
[6.875s] -- Installing: /home/anmol/ws_offboard_control/install/action_commands/include/action_commands/action_commands/action/detail/command__rosidl_typesupport_fastrtps_cpp.hpp
[6.875s] -- Up-to-date: /home/anmol/ws_offboard_control/install/action_commands/include/action_commands/action_commands/action/detail/dds_fastrtps
[6.875s] -- Up-to-date: /home/anmol/ws_offboard_control/install/action_commands/include/action_commands/action_commands/msg
[6.875s] -- Up-to-date: /home/anmol/ws_offboard_control/install/action_commands/include/action_commands/action_commands/msg/rosidl_typesupport_fastrtps_cpp__visibility_control.h
[6.876s] -- Installing: /home/anmol/ws_offboard_control/install/action_commands/lib/libaction_commands__rosidl_typesupport_fastrtps_cpp.so
[6.877s] -- Set runtime path of "/home/anmol/ws_offboard_control/install/action_commands/lib/libaction_commands__rosidl_typesupport_fastrtps_cpp.so" to ""
[6.877s] -- Up-to-date: /home/anmol/ws_offboard_control/install/action_commands/include/action_commands/action_commands
[6.877s] -- Up-to-date: /home/anmol/ws_offboard_control/install/action_commands/include/action_commands/action_commands/action
[6.878s] -- Up-to-date: /home/anmol/ws_offboard_control/install/action_commands/include/action_commands/action_commands/action/detail
[6.878s] -- Installing: /home/anmol/ws_offboard_control/install/action_commands/include/action_commands/action_commands/action/detail/command__rosidl_typesupport_introspection_cpp.hpp
[6.878s] -- Installing: /home/anmol/ws_offboard_control/install/action_commands/include/action_commands/action_commands/action/detail/command__type_support.cpp
[6.879s] -- Installing: /home/anmol/ws_offboard_control/install/action_commands/lib/libaction_commands__rosidl_typesupport_introspection_cpp.so
[6.880s] -- Set runtime path of "/home/anmol/ws_offboard_control/install/action_commands/lib/libaction_commands__rosidl_typesupport_introspection_cpp.so" to ""
[6.881s] -- Installing: /home/anmol/ws_offboard_control/install/action_commands/lib/libaction_commands__rosidl_typesupport_cpp.so
[6.881s] -- Set runtime path of "/home/anmol/ws_offboard_control/install/action_commands/lib/libaction_commands__rosidl_typesupport_cpp.so" to ""
[6.882s] -- Up-to-date: /home/anmol/ws_offboard_control/install/action_commands/share/action_commands/environment/pythonpath.sh
[6.882s] -- Installing: /home/anmol/ws_offboard_control/install/action_commands/share/action_commands/environment/pythonpath.dsv
[6.882s] -- Up-to-date: /home/anmol/ws_offboard_control/install/action_commands/local/lib/python3.10/dist-packages/action_commands-0.0.0-py3.10.egg-info
[6.882s] -- Installing: /home/anmol/ws_offboard_control/install/action_commands/local/lib/python3.10/dist-packages/action_commands-0.0.0-py3.10.egg-info/dependency_links.txt
[6.882s] -- Installing: /home/anmol/ws_offboard_control/install/action_commands/local/lib/python3.10/dist-packages/action_commands-0.0.0-py3.10.egg-info/SOURCES.txt
[6.883s] -- Installing: /home/anmol/ws_offboard_control/install/action_commands/local/lib/python3.10/dist-packages/action_commands-0.0.0-py3.10.egg-info/PKG-INFO
[6.883s] -- Installing: /home/anmol/ws_offboard_control/install/action_commands/local/lib/python3.10/dist-packages/action_commands-0.0.0-py3.10.egg-info/top_level.txt
[6.883s] -- Up-to-date: /home/anmol/ws_offboard_control/install/action_commands/local/lib/python3.10/dist-packages/action_commands
[6.884s] -- Installing: /home/anmol/ws_offboard_control/install/action_commands/local/lib/python3.10/dist-packages/action_commands/action_commands_s__rosidl_typesupport_c.cpython-310-x86_64-linux-gnu.so
[6.884s] -- Up-to-date: /home/anmol/ws_offboard_control/install/action_commands/local/lib/python3.10/dist-packages/action_commands/action
[6.884s] -- Installing: /home/anmol/ws_offboard_control/install/action_commands/local/lib/python3.10/dist-packages/action_commands/action/_command_s.c
[6.884s] -- Installing: /home/anmol/ws_offboard_control/install/action_commands/local/lib/python3.10/dist-packages/action_commands/action/_command.py
[6.885s] -- Installing: /home/anmol/ws_offboard_control/install/action_commands/local/lib/python3.10/dist-packages/action_commands/action/__init__.py
[6.885s] -- Installing: /home/anmol/ws_offboard_control/install/action_commands/local/lib/python3.10/dist-packages/action_commands/libaction_commands__rosidl_generator_py.so
[6.885s] -- Installing: /home/anmol/ws_offboard_control/install/action_commands/local/lib/python3.10/dist-packages/action_commands/_action_commands_s.ep.rosidl_typesupport_c.c
[6.886s] -- Installing: /home/anmol/ws_offboard_control/install/action_commands/local/lib/python3.10/dist-packages/action_commands/__init__.py
[6.886s] -- Installing: /home/anmol/ws_offboard_control/install/action_commands/local/lib/python3.10/dist-packages/action_commands/_action_commands_s.ep.rosidl_typesupport_fastrtps_c.c
[6.886s] -- Installing: /home/anmol/ws_offboard_control/install/action_commands/local/lib/python3.10/dist-packages/action_commands/action_commands_s__rosidl_typesupport_fastrtps_c.cpython-310-x86_64-linux-gnu.so
[6.887s] -- Installing: /home/anmol/ws_offboard_control/install/action_commands/local/lib/python3.10/dist-packages/action_commands/action_commands_s__rosidl_typesupport_introspection_c.cpython-310-x86_64-linux-gnu.so
[6.887s] -- Installing: /home/anmol/ws_offboard_control/install/action_commands/local/lib/python3.10/dist-packages/action_commands/_action_commands_s.ep.rosidl_typesupport_introspection_c.c
[6.948s] Listing '/home/anmol/ws_offboard_control/install/action_commands/local/lib/python3.10/dist-packages/action_commands'...
[6.948s] Compiling '/home/anmol/ws_offboard_control/install/action_commands/local/lib/python3.10/dist-packages/action_commands/__init__.py'...
[6.948s] Listing '/home/anmol/ws_offboard_control/install/action_commands/local/lib/python3.10/dist-packages/action_commands/action'...
[6.948s] Compiling '/home/anmol/ws_offboard_control/install/action_commands/local/lib/python3.10/dist-packages/action_commands/action/__init__.py'...
[6.948s] Compiling '/home/anmol/ws_offboard_control/install/action_commands/local/lib/python3.10/dist-packages/action_commands/action/_command.py'...
[6.956s] -- Installing: /home/anmol/ws_offboard_control/install/action_commands/local/lib/python3.10/dist-packages/action_commands/action_commands_s__rosidl_typesupport_fastrtps_c.cpython-310-x86_64-linux-gnu.so
[6.956s] -- Set runtime path of "/home/anmol/ws_offboard_control/install/action_commands/local/lib/python3.10/dist-packages/action_commands/action_commands_s__rosidl_typesupport_fastrtps_c.cpython-310-x86_64-linux-gnu.so" to ""
[6.957s] -- Installing: /home/anmol/ws_offboard_control/install/action_commands/local/lib/python3.10/dist-packages/action_commands/action_commands_s__rosidl_typesupport_introspection_c.cpython-310-x86_64-linux-gnu.so
[6.957s] -- Set runtime path of "/home/anmol/ws_offboard_control/install/action_commands/local/lib/python3.10/dist-packages/action_commands/action_commands_s__rosidl_typesupport_introspection_c.cpython-310-x86_64-linux-gnu.so" to ""
[6.958s] -- Installing: /home/anmol/ws_offboard_control/install/action_commands/local/lib/python3.10/dist-packages/action_commands/action_commands_s__rosidl_typesupport_c.cpython-310-x86_64-linux-gnu.so
[6.958s] -- Set runtime path of "/home/anmol/ws_offboard_control/install/action_commands/local/lib/python3.10/dist-packages/action_commands/action_commands_s__rosidl_typesupport_c.cpython-310-x86_64-linux-gnu.so" to ""
[6.959s] -- Installing: /home/anmol/ws_offboard_control/install/action_commands/lib/libaction_commands__rosidl_generator_py.so
[6.960s] -- Set runtime path of "/home/anmol/ws_offboard_control/install/action_commands/lib/libaction_commands__rosidl_generator_py.so" to ""
[6.960s] -- Installing: /home/anmol/ws_offboard_control/install/action_commands/share/action_commands/action/Command.idl
[6.960s] -- Installing: /home/anmol/ws_offboard_control/install/action_commands/share/action_commands/action/Command.action
[6.960s] -- Up-to-date: /home/anmol/ws_offboard_control/install/action_commands/share/ament_index/resource_index/package_run_dependencies/action_commands
[6.960s] -- Installing: /home/anmol/ws_offboard_control/install/action_commands/share/ament_index/resource_index/parent_prefix_path/action_commands
[6.960s] -- Up-to-date: /home/anmol/ws_offboard_control/install/action_commands/share/action_commands/environment/ament_prefix_path.sh
[6.961s] -- Installing: /home/anmol/ws_offboard_control/install/action_commands/share/action_commands/environment/ament_prefix_path.dsv
[6.961s] -- Up-to-date: /home/anmol/ws_offboard_control/install/action_commands/share/action_commands/environment/path.sh
[6.961s] -- Installing: /home/anmol/ws_offboard_control/install/action_commands/share/action_commands/environment/path.dsv
[6.961s] -- Up-to-date: /home/anmol/ws_offboard_control/install/action_commands/share/action_commands/local_setup.bash
[6.961s] -- Up-to-date: /home/anmol/ws_offboard_control/install/action_commands/share/action_commands/local_setup.sh
[6.961s] -- Up-to-date: /home/anmol/ws_offboard_control/install/action_commands/share/action_commands/local_setup.zsh
[6.962s] -- Installing: /home/anmol/ws_offboard_control/install/action_commands/share/action_commands/local_setup.dsv
[6.962s] -- Installing: /home/anmol/ws_offboard_control/install/action_commands/share/action_commands/package.dsv
[6.962s] -- Up-to-date: /home/anmol/ws_offboard_control/install/action_commands/share/ament_index/resource_index/packages/action_commands
[6.962s] -- Up-to-date: /home/anmol/ws_offboard_control/install/action_commands/share/action_commands/cmake/export_action_commands__rosidl_generator_cExport.cmake
[6.963s] -- Up-to-date: /home/anmol/ws_offboard_control/install/action_commands/share/action_commands/cmake/export_action_commands__rosidl_generator_cExport-noconfig.cmake
[6.963s] -- Up-to-date: /home/anmol/ws_offboard_control/install/action_commands/share/action_commands/cmake/export_action_commands__rosidl_typesupport_fastrtps_cExport.cmake
[6.963s] -- Up-to-date: /home/anmol/ws_offboard_control/install/action_commands/share/action_commands/cmake/export_action_commands__rosidl_typesupport_fastrtps_cExport-noconfig.cmake
[6.963s] -- Up-to-date: /home/anmol/ws_offboard_control/install/action_commands/share/action_commands/cmake/action_commands__rosidl_typesupport_introspection_cExport.cmake
[6.963s] -- Up-to-date: /home/anmol/ws_offboard_control/install/action_commands/share/action_commands/cmake/action_commands__rosidl_typesupport_introspection_cExport-noconfig.cmake
[6.963s] -- Up-to-date: /home/anmol/ws_offboard_control/install/action_commands/share/action_commands/cmake/action_commands__rosidl_typesupport_cExport.cmake
[6.964s] -- Up-to-date: /home/anmol/ws_offboard_control/install/action_commands/share/action_commands/cmake/action_commands__rosidl_typesupport_cExport-noconfig.cmake
[6.964s] -- Up-to-date: /home/anmol/ws_offboard_control/install/action_commands/share/action_commands/cmake/export_action_commands__rosidl_generator_cppExport.cmake
[6.964s] -- Up-to-date: /home/anmol/ws_offboard_control/install/action_commands/share/action_commands/cmake/export_action_commands__rosidl_typesupport_fastrtps_cppExport.cmake
[6.964s] -- Up-to-date: /home/anmol/ws_offboard_control/install/action_commands/share/action_commands/cmake/export_action_commands__rosidl_typesupport_fastrtps_cppExport-noconfig.cmake
[6.964s] -- Up-to-date: /home/anmol/ws_offboard_control/install/action_commands/share/action_commands/cmake/action_commands__rosidl_typesupport_introspection_cppExport.cmake
[6.964s] -- Up-to-date: /home/anmol/ws_offboard_control/install/action_commands/share/action_commands/cmake/action_commands__rosidl_typesupport_introspection_cppExport-noconfig.cmake
[6.965s] -- Up-to-date: /home/anmol/ws_offboard_control/install/action_commands/share/action_commands/cmake/action_commands__rosidl_typesupport_cppExport.cmake
[6.965s] -- Up-to-date: /home/anmol/ws_offboard_control/install/action_commands/share/action_commands/cmake/action_commands__rosidl_typesupport_cppExport-noconfig.cmake
[6.965s] -- Up-to-date: /home/anmol/ws_offboard_control/install/action_commands/share/action_commands/cmake/export_action_commands__rosidl_generator_pyExport.cmake
[6.965s] -- Up-to-date: /home/anmol/ws_offboard_control/install/action_commands/share/action_commands/cmake/export_action_commands__rosidl_generator_pyExport-noconfig.cmake
[6.965s] -- Up-to-date: /home/anmol/ws_offboard_control/install/action_commands/share/action_commands/cmake/rosidl_cmake-extras.cmake
[6.965s] -- Up-to-date: /home/anmol/ws_offboard_control/install/action_commands/share/action_commands/cmake/ament_cmake_export_dependencies-extras.cmake
[6.966s] -- Up-to-date: /home/anmol/ws_offboard_control/install/action_commands/share/action_commands/cmake/ament_cmake_export_include_directories-extras.cmake
[6.966s] -- Up-to-date: /home/anmol/ws_offboard_control/install/action_commands/share/action_commands/cmake/ament_cmake_export_libraries-extras.cmake
[6.966s] -- Up-to-date: /home/anmol/ws_offboard_control/install/action_commands/share/action_commands/cmake/ament_cmake_export_targets-extras.cmake
[6.966s] -- Up-to-date: /home/anmol/ws_offboard_control/install/action_commands/share/action_commands/cmake/rosidl_cmake_export_typesupport_targets-extras.cmake
[6.966s] -- Up-to-date: /home/anmol/ws_offboard_control/install/action_commands/share/action_commands/cmake/rosidl_cmake_export_typesupport_libraries-extras.cmake
[6.966s] -- Up-to-date: /home/anmol/ws_offboard_control/install/action_commands/share/action_commands/cmake/action_commandsConfig.cmake
[6.966s] -- Up-to-date: /home/anmol/ws_offboard_control/install/action_commands/share/action_commands/cmake/action_commandsConfig-version.cmake
[6.966s] -- Up-to-date: /home/anmol/ws_offboard_control/install/action_commands/share/action_commands/package.xml
[6.969s] Invoked command in '/home/anmol/ws_offboard_control/build/action_commands' returned '0': CMAKE_PREFIX_PATH=${CMAKE_PREFIX_PATH}:/home/anmol/ws_offboard_control/install/manual_key_control:/opt/ros/humble /usr/bin/cmake --install /home/anmol/ws_offboard_control/build/action_commands
