[0.103s] Invoking command in '/home/anmol/ws_offboard_control/build/action_commands': CMAKE_PREFIX_PATH=${CMAKE_PREFIX_PATH}:/home/anmol/ws_offboard_control/install/manual_key_control:/opt/ros/humble /usr/bin/cmake /home/anmol/ws_offboard_control/src/action_commands -DCMAKE_INSTALL_PREFIX=/home/anmol/ws_offboard_control/install/action_commands
[0.231s] -- The C compiler identification is GNU 11.4.0
[0.347s] -- The CXX compiler identification is GNU 11.4.0
[0.361s] -- Detecting C compiler ABI info
[0.483s] -- Detecting C compiler ABI info - done
[0.494s] -- Check for working C compiler: /usr/bin/cc - skipped
[0.494s] -- Detecting C compile features
[0.495s] -- Detecting C compile features - done
[0.500s] -- Detecting CXX compiler ABI info
[0.639s] -- Detecting CXX compiler ABI info - done
[0.654s] -- Check for working CXX compiler: /usr/bin/c++ - skipped
[0.655s] -- Detecting CXX compile features
[0.656s] -- Detecting CXX compile features - done
[0.663s] -- Found ament_cmake: 1.3.6 (/opt/ros/humble/share/ament_cmake/cmake)
[1.010s] -- Found Python3: /usr/bin/python3.10 (found version "3.10.12") found components: Interpreter 
[1.155s] -- Found ament_lint_auto: 0.12.9 (/opt/ros/humble/share/ament_lint_auto/cmake)
[1.276s] -- Found rosidl_default_generators: 1.2.0 (/opt/ros/humble/share/rosidl_default_generators/cmake)
[1.281s] -- Using all available rosidl_typesupport_c: rosidl_typesupport_fastrtps_c;rosidl_typesupport_introspection_c
[1.294s] -- Found rosidl_adapter: 3.1.5 (/opt/ros/humble/share/rosidl_adapter/cmake)
[1.382s] -- Using all available rosidl_typesupport_cpp: rosidl_typesupport_fastrtps_cpp;rosidl_typesupport_introspection_cpp
[1.925s] -- Found ament_cmake_ros: 0.10.0 (/opt/ros/humble/share/ament_cmake_ros/cmake)
[2.233s] -- Using all available rosidl_typesupport_c: rosidl_typesupport_fastrtps_c;rosidl_typesupport_introspection_c
[2.646s] -- Using all available rosidl_typesupport_cpp: rosidl_typesupport_fastrtps_cpp;rosidl_typesupport_introspection_cpp
[2.684s] -- Found PythonInterp: /usr/bin/python3 (found suitable version "3.10.12", minimum required is "3.6") 
[2.687s] -- Found python_cmake_module: 0.10.0 (/opt/ros/humble/share/python_cmake_module/cmake)
[2.727s] -- Found PythonLibs: /usr/lib/x86_64-linux-gnu/libpython3.10.so (found suitable version "3.10.12", minimum required is "3.5") 
[2.727s] -- Using PYTHON_EXECUTABLE: /usr/bin/python3
[2.727s] -- Using PYTHON_INCLUDE_DIRS: /usr/include/python3.10
[2.727s] -- Using PYTHON_LIBRARIES: /usr/lib/x86_64-linux-gnu/libpython3.10.so
[2.761s] -- Found PythonExtra: .so  
[2.838s] -- Added test 'lint_cmake' to check CMake code style
[2.841s] -- Added test 'xmllint' to check XML markup files
[2.849s] -- Configuring done
[2.908s] -- Generating done
[2.914s] -- Build files have been written to: /home/anmol/ws_offboard_control/build/action_commands
[2.936s] Invoked command in '/home/anmol/ws_offboard_control/build/action_commands' returned '0': CMAKE_PREFIX_PATH=${CMAKE_PREFIX_PATH}:/home/anmol/ws_offboard_control/install/manual_key_control:/opt/ros/humble /usr/bin/cmake /home/anmol/ws_offboard_control/src/action_commands -DCMAKE_INSTALL_PREFIX=/home/anmol/ws_offboard_control/install/action_commands
[2.939s] Invoking command in '/home/anmol/ws_offboard_control/build/action_commands': CMAKE_PREFIX_PATH=${CMAKE_PREFIX_PATH}:/home/anmol/ws_offboard_control/install/manual_key_control:/opt/ros/humble /usr/bin/cmake --build /home/anmol/ws_offboard_control/build/action_commands -- -j12 -l12
[3.013s] [  3%] [34m[1mGenerating C code for ROS interfaces[0m
[3.031s] [  6%] [34m[1mGenerating C++ code for ROS interfaces[0m
[3.047s] [  6%] Built target ament_cmake_python_copy_action_commands
[3.401s] running egg_info
[3.402s] creating action_commands.egg-info
[3.402s] writing action_commands.egg-info/PKG-INFO
[3.402s] writing dependency_links to action_commands.egg-info/dependency_links.txt
[3.403s] writing top-level names to action_commands.egg-info/top_level.txt
[3.403s] writing manifest file 'action_commands.egg-info/SOURCES.txt'
[3.406s] reading manifest file 'action_commands.egg-info/SOURCES.txt'
[3.407s] writing manifest file 'action_commands.egg-info/SOURCES.txt'
[3.472s] [  6%] Built target ament_cmake_python_build_action_commands_egg
[3.870s] [  6%] Built target action_commands__cpp
[3.891s] [ 16%] [34m[1mGenerating C++ introspection for ROS interfaces[0m
[3.891s] [ 16%] [34m[1mGenerating C++ type support for eProsima Fast-RTPS[0m
[3.891s] [ 16%] [34m[1mGenerating C++ type support dispatch for ROS interfaces[0m
[3.986s] [ 19%] [32mBuilding C object CMakeFiles/action_commands__rosidl_generator_c.dir/rosidl_generator_c/action_commands/action/detail/command__functions.c.o[0m
[4.230s] [ 22%] [32m[1mLinking C shared library libaction_commands__rosidl_generator_c.so[0m
[4.301s] [ 22%] Built target action_commands__rosidl_generator_c
[4.321s] [ 25%] [34m[1mGenerating C type support dispatch for ROS interfaces[0m
[4.321s] [ 29%] [34m[1mGenerating C type support for eProsima Fast-RTPS[0m
[4.323s] [ 32%] [34m[1mGenerating C introspection for ROS interfaces[0m
[4.587s] [ 35%] [32mBuilding CXX object CMakeFiles/action_commands__rosidl_typesupport_cpp.dir/rosidl_typesupport_cpp/action_commands/action/command__type_support.cpp.o[0m
[4.665s] [ 38%] [32mBuilding CXX object CMakeFiles/action_commands__rosidl_typesupport_introspection_cpp.dir/rosidl_typesupport_introspection_cpp/action_commands/action/detail/command__type_support.cpp.o[0m
[4.797s] [ 41%] [32mBuilding CXX object CMakeFiles/action_commands__rosidl_typesupport_fastrtps_cpp.dir/rosidl_typesupport_fastrtps_cpp/action_commands/action/detail/dds_fastrtps/command__type_support.cpp.o[0m
[5.158s] [ 45%] [32mBuilding CXX object CMakeFiles/action_commands__rosidl_typesupport_c.dir/rosidl_typesupport_c/action_commands/action/command__type_support.cpp.o[0m
[5.247s] [ 48%] [32m[1mLinking CXX shared library libaction_commands__rosidl_typesupport_c.so[0m
[5.273s] [ 51%] [32mBuilding CXX object CMakeFiles/action_commands__rosidl_typesupport_fastrtps_c.dir/rosidl_typesupport_fastrtps_c/action_commands/action/detail/command__type_support_c.cpp.o[0m
[5.335s] [ 51%] Built target action_commands__rosidl_typesupport_c
[5.347s] [ 54%] [32mBuilding C object CMakeFiles/action_commands__rosidl_typesupport_introspection_c.dir/rosidl_typesupport_introspection_c/action_commands/action/detail/command__type_support.c.o[0m
[5.425s] [ 58%] [32m[1mLinking C shared library libaction_commands__rosidl_typesupport_introspection_c.so[0m
[5.453s] [ 61%] [32m[1mLinking CXX shared library libaction_commands__rosidl_typesupport_cpp.so[0m
[5.481s] [ 61%] Built target action_commands__rosidl_typesupport_introspection_c
[5.522s] [ 61%] Built target action_commands__rosidl_typesupport_cpp
[5.771s] [ 64%] [32m[1mLinking CXX shared library libaction_commands__rosidl_typesupport_introspection_cpp.so[0m
[5.819s] [ 67%] [32m[1mLinking CXX shared library libaction_commands__rosidl_typesupport_fastrtps_cpp.so[0m
[5.837s] [ 70%] [32m[1mLinking CXX shared library libaction_commands__rosidl_typesupport_fastrtps_c.so[0m
[5.921s] [ 70%] Built target action_commands__rosidl_typesupport_introspection_cpp
[6.007s] [ 70%] Built target action_commands__rosidl_typesupport_fastrtps_cpp
[6.023s] [ 70%] Built target action_commands__rosidl_typesupport_fastrtps_c
[6.056s] [ 70%] Built target action_commands
[6.090s] [ 74%] [34m[1mGenerating Python code for ROS interfaces[0m
[7.461s] [ 74%] Built target action_commands__py
[7.497s] [ 77%] [32mBuilding C object CMakeFiles/action_commands__rosidl_generator_py.dir/rosidl_generator_py/action_commands/action/_command_s.c.o[0m
[7.724s] [ 80%] [32m[1mLinking C shared library rosidl_generator_py/action_commands/libaction_commands__rosidl_generator_py.so[0m
[7.787s] [ 80%] Built target action_commands__rosidl_generator_py
[7.817s] [ 87%] [32mBuilding C object CMakeFiles/action_commands__rosidl_typesupport_fastrtps_c__pyext.dir/rosidl_generator_py/action_commands/_action_commands_s.ep.rosidl_typesupport_fastrtps_c.c.o[0m
[7.817s] [ 87%] [32mBuilding C object CMakeFiles/action_commands__rosidl_typesupport_c__pyext.dir/rosidl_generator_py/action_commands/_action_commands_s.ep.rosidl_typesupport_c.c.o[0m
[7.818s] [ 90%] [32mBuilding C object CMakeFiles/action_commands__rosidl_typesupport_introspection_c__pyext.dir/rosidl_generator_py/action_commands/_action_commands_s.ep.rosidl_typesupport_introspection_c.c.o[0m
[7.970s] [ 96%] [32m[1mLinking C shared library rosidl_generator_py/action_commands/action_commands_s__rosidl_typesupport_c.cpython-310-x86_64-linux-gnu.so[0m
[7.971s] [ 96%] [32m[1mLinking C shared library rosidl_generator_py/action_commands/action_commands_s__rosidl_typesupport_introspection_c.cpython-310-x86_64-linux-gnu.so[0m
[7.976s] [100%] [32m[1mLinking C shared library rosidl_generator_py/action_commands/action_commands_s__rosidl_typesupport_fastrtps_c.cpython-310-x86_64-linux-gnu.so[0m
[8.025s] [100%] Built target action_commands__rosidl_typesupport_c__pyext
[8.027s] [100%] Built target action_commands__rosidl_typesupport_introspection_c__pyext
[8.032s] [100%] Built target action_commands__rosidl_typesupport_fastrtps_c__pyext
[8.051s] Invoked command in '/home/anmol/ws_offboard_control/build/action_commands' returned '0': CMAKE_PREFIX_PATH=${CMAKE_PREFIX_PATH}:/home/anmol/ws_offboard_control/install/manual_key_control:/opt/ros/humble /usr/bin/cmake --build /home/anmol/ws_offboard_control/build/action_commands -- -j12 -l12
[8.147s] Invoking command in '/home/anmol/ws_offboard_control/build/action_commands': CMAKE_PREFIX_PATH=${CMAKE_PREFIX_PATH}:/home/anmol/ws_offboard_control/install/manual_key_control:/opt/ros/humble /usr/bin/cmake --install /home/anmol/ws_offboard_control/build/action_commands
[8.157s] -- Install configuration: ""
[8.157s] -- Installing: /home/anmol/ws_offboard_control/install/action_commands/share/ament_index/resource_index/rosidl_interfaces/action_commands
[8.158s] -- Installing: /home/anmol/ws_offboard_control/install/action_commands/include/action_commands/action_commands
[8.158s] -- Installing: /home/anmol/ws_offboard_control/install/action_commands/include/action_commands/action_commands/action
[8.158s] -- Installing: /home/anmol/ws_offboard_control/install/action_commands/include/action_commands/action_commands/action/command.h
[8.158s] -- Installing: /home/anmol/ws_offboard_control/install/action_commands/include/action_commands/action_commands/action/detail
[8.158s] -- Installing: /home/anmol/ws_offboard_control/install/action_commands/include/action_commands/action_commands/action/detail/command__type_support.h
[8.159s] -- Installing: /home/anmol/ws_offboard_control/install/action_commands/include/action_commands/action_commands/action/detail/command__struct.h
[8.159s] -- Installing: /home/anmol/ws_offboard_control/install/action_commands/include/action_commands/action_commands/action/detail/command__functions.h
[8.159s] -- Installing: /home/anmol/ws_offboard_control/install/action_commands/include/action_commands/action_commands/action/detail/command__functions.c
[8.159s] -- Installing: /home/anmol/ws_offboard_control/install/action_commands/include/action_commands/action_commands/msg
[8.159s] -- Installing: /home/anmol/ws_offboard_control/install/action_commands/include/action_commands/action_commands/msg/rosidl_generator_c__visibility_control.h
[8.159s] -- Installing: /home/anmol/ws_offboard_control/install/action_commands/share/action_commands/environment/library_path.sh
[8.159s] -- Installing: /home/anmol/ws_offboard_control/install/action_commands/share/action_commands/environment/library_path.dsv
[8.159s] -- Installing: /home/anmol/ws_offboard_control/install/action_commands/lib/libaction_commands__rosidl_generator_c.so
[8.160s] -- Set runtime path of "/home/anmol/ws_offboard_control/install/action_commands/lib/libaction_commands__rosidl_generator_c.so" to ""
[8.160s] -- Up-to-date: /home/anmol/ws_offboard_control/install/action_commands/include/action_commands/action_commands
[8.160s] -- Up-to-date: /home/anmol/ws_offboard_control/install/action_commands/include/action_commands/action_commands/action
[8.160s] -- Up-to-date: /home/anmol/ws_offboard_control/install/action_commands/include/action_commands/action_commands/action/detail
[8.160s] -- Installing: /home/anmol/ws_offboard_control/install/action_commands/include/action_commands/action_commands/action/detail/command__rosidl_typesupport_fastrtps_c.h
[8.160s] -- Up-to-date: /home/anmol/ws_offboard_control/install/action_commands/include/action_commands/action_commands/msg
[8.160s] -- Installing: /home/anmol/ws_offboard_control/install/action_commands/include/action_commands/action_commands/msg/rosidl_typesupport_fastrtps_c__visibility_control.h
[8.161s] -- Installing: /home/anmol/ws_offboard_control/install/action_commands/lib/libaction_commands__rosidl_typesupport_fastrtps_c.so
[8.161s] -- Set runtime path of "/home/anmol/ws_offboard_control/install/action_commands/lib/libaction_commands__rosidl_typesupport_fastrtps_c.so" to ""
[8.161s] -- Up-to-date: /home/anmol/ws_offboard_control/install/action_commands/include/action_commands/action_commands
[8.161s] -- Up-to-date: /home/anmol/ws_offboard_control/install/action_commands/include/action_commands/action_commands/action
[8.161s] -- Up-to-date: /home/anmol/ws_offboard_control/install/action_commands/include/action_commands/action_commands/action/detail
[8.161s] -- Installing: /home/anmol/ws_offboard_control/install/action_commands/include/action_commands/action_commands/action/detail/command__type_support.c
[8.161s] -- Installing: /home/anmol/ws_offboard_control/install/action_commands/include/action_commands/action_commands/action/detail/command__rosidl_typesupport_introspection_c.h
[8.162s] -- Up-to-date: /home/anmol/ws_offboard_control/install/action_commands/include/action_commands/action_commands/msg
[8.162s] -- Installing: /home/anmol/ws_offboard_control/install/action_commands/include/action_commands/action_commands/msg/rosidl_typesupport_introspection_c__visibility_control.h
[8.162s] -- Installing: /home/anmol/ws_offboard_control/install/action_commands/lib/libaction_commands__rosidl_typesupport_introspection_c.so
[8.162s] -- Set runtime path of "/home/anmol/ws_offboard_control/install/action_commands/lib/libaction_commands__rosidl_typesupport_introspection_c.so" to ""
[8.162s] -- Installing: /home/anmol/ws_offboard_control/install/action_commands/lib/libaction_commands__rosidl_typesupport_c.so
[8.163s] -- Set runtime path of "/home/anmol/ws_offboard_control/install/action_commands/lib/libaction_commands__rosidl_typesupport_c.so" to ""
[8.163s] -- Up-to-date: /home/anmol/ws_offboard_control/install/action_commands/include/action_commands/action_commands
[8.163s] -- Up-to-date: /home/anmol/ws_offboard_control/install/action_commands/include/action_commands/action_commands/action
[8.163s] -- Up-to-date: /home/anmol/ws_offboard_control/install/action_commands/include/action_commands/action_commands/action/detail
[8.163s] -- Installing: /home/anmol/ws_offboard_control/install/action_commands/include/action_commands/action_commands/action/detail/command__traits.hpp
[8.163s] -- Installing: /home/anmol/ws_offboard_control/install/action_commands/include/action_commands/action_commands/action/detail/command__builder.hpp
[8.163s] -- Installing: /home/anmol/ws_offboard_control/install/action_commands/include/action_commands/action_commands/action/detail/command__struct.hpp
[8.164s] -- Installing: /home/anmol/ws_offboard_control/install/action_commands/include/action_commands/action_commands/action/command.hpp
[8.164s] -- Up-to-date: /home/anmol/ws_offboard_control/install/action_commands/include/action_commands/action_commands
[8.164s] -- Up-to-date: /home/anmol/ws_offboard_control/install/action_commands/include/action_commands/action_commands/action
[8.164s] -- Up-to-date: /home/anmol/ws_offboard_control/install/action_commands/include/action_commands/action_commands/action/detail
[8.164s] -- Installing: /home/anmol/ws_offboard_control/install/action_commands/include/action_commands/action_commands/action/detail/command__rosidl_typesupport_fastrtps_cpp.hpp
[8.164s] -- Installing: /home/anmol/ws_offboard_control/install/action_commands/include/action_commands/action_commands/action/detail/dds_fastrtps
[8.164s] -- Up-to-date: /home/anmol/ws_offboard_control/install/action_commands/include/action_commands/action_commands/msg
[8.164s] -- Installing: /home/anmol/ws_offboard_control/install/action_commands/include/action_commands/action_commands/msg/rosidl_typesupport_fastrtps_cpp__visibility_control.h
[8.165s] -- Installing: /home/anmol/ws_offboard_control/install/action_commands/lib/libaction_commands__rosidl_typesupport_fastrtps_cpp.so
[8.165s] -- Set runtime path of "/home/anmol/ws_offboard_control/install/action_commands/lib/libaction_commands__rosidl_typesupport_fastrtps_cpp.so" to ""
[8.165s] -- Up-to-date: /home/anmol/ws_offboard_control/install/action_commands/include/action_commands/action_commands
[8.165s] -- Up-to-date: /home/anmol/ws_offboard_control/install/action_commands/include/action_commands/action_commands/action
[8.165s] -- Up-to-date: /home/anmol/ws_offboard_control/install/action_commands/include/action_commands/action_commands/action/detail
[8.165s] -- Installing: /home/anmol/ws_offboard_control/install/action_commands/include/action_commands/action_commands/action/detail/command__rosidl_typesupport_introspection_cpp.hpp
[8.165s] -- Installing: /home/anmol/ws_offboard_control/install/action_commands/include/action_commands/action_commands/action/detail/command__type_support.cpp
[8.166s] -- Installing: /home/anmol/ws_offboard_control/install/action_commands/lib/libaction_commands__rosidl_typesupport_introspection_cpp.so
[8.166s] -- Set runtime path of "/home/anmol/ws_offboard_control/install/action_commands/lib/libaction_commands__rosidl_typesupport_introspection_cpp.so" to ""
[8.166s] -- Installing: /home/anmol/ws_offboard_control/install/action_commands/lib/libaction_commands__rosidl_typesupport_cpp.so
[8.167s] -- Set runtime path of "/home/anmol/ws_offboard_control/install/action_commands/lib/libaction_commands__rosidl_typesupport_cpp.so" to ""
[8.167s] -- Installing: /home/anmol/ws_offboard_control/install/action_commands/share/action_commands/environment/pythonpath.sh
[8.167s] -- Installing: /home/anmol/ws_offboard_control/install/action_commands/share/action_commands/environment/pythonpath.dsv
[8.167s] -- Installing: /home/anmol/ws_offboard_control/install/action_commands/local/lib/python3.10/dist-packages/action_commands-0.0.0-py3.10.egg-info
[8.167s] -- Installing: /home/anmol/ws_offboard_control/install/action_commands/local/lib/python3.10/dist-packages/action_commands-0.0.0-py3.10.egg-info/dependency_links.txt
[8.168s] -- Installing: /home/anmol/ws_offboard_control/install/action_commands/local/lib/python3.10/dist-packages/action_commands-0.0.0-py3.10.egg-info/SOURCES.txt
[8.168s] -- Installing: /home/anmol/ws_offboard_control/install/action_commands/local/lib/python3.10/dist-packages/action_commands-0.0.0-py3.10.egg-info/PKG-INFO
[8.168s] -- Installing: /home/anmol/ws_offboard_control/install/action_commands/local/lib/python3.10/dist-packages/action_commands-0.0.0-py3.10.egg-info/top_level.txt
[8.168s] -- Installing: /home/anmol/ws_offboard_control/install/action_commands/local/lib/python3.10/dist-packages/action_commands
[8.168s] -- Installing: /home/anmol/ws_offboard_control/install/action_commands/local/lib/python3.10/dist-packages/action_commands/action_commands_s__rosidl_typesupport_c.cpython-310-x86_64-linux-gnu.so
[8.168s] -- Installing: /home/anmol/ws_offboard_control/install/action_commands/local/lib/python3.10/dist-packages/action_commands/action
[8.169s] -- Installing: /home/anmol/ws_offboard_control/install/action_commands/local/lib/python3.10/dist-packages/action_commands/action/_command_s.c
[8.169s] -- Installing: /home/anmol/ws_offboard_control/install/action_commands/local/lib/python3.10/dist-packages/action_commands/action/_command.py
[8.169s] -- Installing: /home/anmol/ws_offboard_control/install/action_commands/local/lib/python3.10/dist-packages/action_commands/action/__init__.py
[8.169s] -- Installing: /home/anmol/ws_offboard_control/install/action_commands/local/lib/python3.10/dist-packages/action_commands/libaction_commands__rosidl_generator_py.so
[8.169s] -- Installing: /home/anmol/ws_offboard_control/install/action_commands/local/lib/python3.10/dist-packages/action_commands/_action_commands_s.ep.rosidl_typesupport_c.c
[8.170s] -- Installing: /home/anmol/ws_offboard_control/install/action_commands/local/lib/python3.10/dist-packages/action_commands/__init__.py
[8.170s] -- Installing: /home/anmol/ws_offboard_control/install/action_commands/local/lib/python3.10/dist-packages/action_commands/_action_commands_s.ep.rosidl_typesupport_fastrtps_c.c
[8.170s] -- Installing: /home/anmol/ws_offboard_control/install/action_commands/local/lib/python3.10/dist-packages/action_commands/action_commands_s__rosidl_typesupport_fastrtps_c.cpython-310-x86_64-linux-gnu.so
[8.170s] -- Installing: /home/anmol/ws_offboard_control/install/action_commands/local/lib/python3.10/dist-packages/action_commands/action_commands_s__rosidl_typesupport_introspection_c.cpython-310-x86_64-linux-gnu.so
[8.171s] -- Installing: /home/anmol/ws_offboard_control/install/action_commands/local/lib/python3.10/dist-packages/action_commands/_action_commands_s.ep.rosidl_typesupport_introspection_c.c
[8.217s] Listing '/home/anmol/ws_offboard_control/install/action_commands/local/lib/python3.10/dist-packages/action_commands'...
[8.217s] Compiling '/home/anmol/ws_offboard_control/install/action_commands/local/lib/python3.10/dist-packages/action_commands/__init__.py'...
[8.217s] Listing '/home/anmol/ws_offboard_control/install/action_commands/local/lib/python3.10/dist-packages/action_commands/action'...
[8.217s] Compiling '/home/anmol/ws_offboard_control/install/action_commands/local/lib/python3.10/dist-packages/action_commands/action/__init__.py'...
[8.217s] Compiling '/home/anmol/ws_offboard_control/install/action_commands/local/lib/python3.10/dist-packages/action_commands/action/_command.py'...
[8.224s] -- Installing: /home/anmol/ws_offboard_control/install/action_commands/local/lib/python3.10/dist-packages/action_commands/action_commands_s__rosidl_typesupport_fastrtps_c.cpython-310-x86_64-linux-gnu.so
[8.224s] -- Set runtime path of "/home/anmol/ws_offboard_control/install/action_commands/local/lib/python3.10/dist-packages/action_commands/action_commands_s__rosidl_typesupport_fastrtps_c.cpython-310-x86_64-linux-gnu.so" to ""
[8.224s] -- Installing: /home/anmol/ws_offboard_control/install/action_commands/local/lib/python3.10/dist-packages/action_commands/action_commands_s__rosidl_typesupport_introspection_c.cpython-310-x86_64-linux-gnu.so
[8.225s] -- Set runtime path of "/home/anmol/ws_offboard_control/install/action_commands/local/lib/python3.10/dist-packages/action_commands/action_commands_s__rosidl_typesupport_introspection_c.cpython-310-x86_64-linux-gnu.so" to ""
[8.225s] -- Installing: /home/anmol/ws_offboard_control/install/action_commands/local/lib/python3.10/dist-packages/action_commands/action_commands_s__rosidl_typesupport_c.cpython-310-x86_64-linux-gnu.so
[8.226s] -- Set runtime path of "/home/anmol/ws_offboard_control/install/action_commands/local/lib/python3.10/dist-packages/action_commands/action_commands_s__rosidl_typesupport_c.cpython-310-x86_64-linux-gnu.so" to ""
[8.226s] -- Installing: /home/anmol/ws_offboard_control/install/action_commands/lib/libaction_commands__rosidl_generator_py.so
[8.227s] -- Set runtime path of "/home/anmol/ws_offboard_control/install/action_commands/lib/libaction_commands__rosidl_generator_py.so" to ""
[8.227s] -- Installing: /home/anmol/ws_offboard_control/install/action_commands/share/action_commands/action/Command.idl
[8.227s] -- Installing: /home/anmol/ws_offboard_control/install/action_commands/share/action_commands/action/Command.action
[8.228s] -- Installing: /home/anmol/ws_offboard_control/install/action_commands/share/ament_index/resource_index/package_run_dependencies/action_commands
[8.228s] -- Installing: /home/anmol/ws_offboard_control/install/action_commands/share/ament_index/resource_index/parent_prefix_path/action_commands
[8.228s] -- Installing: /home/anmol/ws_offboard_control/install/action_commands/share/action_commands/environment/ament_prefix_path.sh
[8.228s] -- Installing: /home/anmol/ws_offboard_control/install/action_commands/share/action_commands/environment/ament_prefix_path.dsv
[8.228s] -- Installing: /home/anmol/ws_offboard_control/install/action_commands/share/action_commands/environment/path.sh
[8.228s] -- Installing: /home/anmol/ws_offboard_control/install/action_commands/share/action_commands/environment/path.dsv
[8.229s] -- Installing: /home/anmol/ws_offboard_control/install/action_commands/share/action_commands/local_setup.bash
[8.229s] -- Installing: /home/anmol/ws_offboard_control/install/action_commands/share/action_commands/local_setup.sh
[8.229s] -- Installing: /home/anmol/ws_offboard_control/install/action_commands/share/action_commands/local_setup.zsh
[8.229s] -- Installing: /home/anmol/ws_offboard_control/install/action_commands/share/action_commands/local_setup.dsv
[8.229s] -- Installing: /home/anmol/ws_offboard_control/install/action_commands/share/action_commands/package.dsv
[8.229s] -- Installing: /home/anmol/ws_offboard_control/install/action_commands/share/ament_index/resource_index/packages/action_commands
[8.230s] -- Installing: /home/anmol/ws_offboard_control/install/action_commands/share/action_commands/cmake/export_action_commands__rosidl_generator_cExport.cmake
[8.230s] -- Installing: /home/anmol/ws_offboard_control/install/action_commands/share/action_commands/cmake/export_action_commands__rosidl_generator_cExport-noconfig.cmake
[8.230s] -- Installing: /home/anmol/ws_offboard_control/install/action_commands/share/action_commands/cmake/export_action_commands__rosidl_typesupport_fastrtps_cExport.cmake
[8.230s] -- Installing: /home/anmol/ws_offboard_control/install/action_commands/share/action_commands/cmake/export_action_commands__rosidl_typesupport_fastrtps_cExport-noconfig.cmake
[8.230s] -- Installing: /home/anmol/ws_offboard_control/install/action_commands/share/action_commands/cmake/action_commands__rosidl_typesupport_introspection_cExport.cmake
[8.231s] -- Installing: /home/anmol/ws_offboard_control/install/action_commands/share/action_commands/cmake/action_commands__rosidl_typesupport_introspection_cExport-noconfig.cmake
[8.231s] -- Installing: /home/anmol/ws_offboard_control/install/action_commands/share/action_commands/cmake/action_commands__rosidl_typesupport_cExport.cmake
[8.231s] -- Installing: /home/anmol/ws_offboard_control/install/action_commands/share/action_commands/cmake/action_commands__rosidl_typesupport_cExport-noconfig.cmake
[8.231s] -- Installing: /home/anmol/ws_offboard_control/install/action_commands/share/action_commands/cmake/export_action_commands__rosidl_generator_cppExport.cmake
[8.231s] -- Installing: /home/anmol/ws_offboard_control/install/action_commands/share/action_commands/cmake/export_action_commands__rosidl_typesupport_fastrtps_cppExport.cmake
[8.231s] -- Installing: /home/anmol/ws_offboard_control/install/action_commands/share/action_commands/cmake/export_action_commands__rosidl_typesupport_fastrtps_cppExport-noconfig.cmake
[8.232s] -- Installing: /home/anmol/ws_offboard_control/install/action_commands/share/action_commands/cmake/action_commands__rosidl_typesupport_introspection_cppExport.cmake
[8.232s] -- Installing: /home/anmol/ws_offboard_control/install/action_commands/share/action_commands/cmake/action_commands__rosidl_typesupport_introspection_cppExport-noconfig.cmake
[8.232s] -- Installing: /home/anmol/ws_offboard_control/install/action_commands/share/action_commands/cmake/action_commands__rosidl_typesupport_cppExport.cmake
[8.232s] -- Installing: /home/anmol/ws_offboard_control/install/action_commands/share/action_commands/cmake/action_commands__rosidl_typesupport_cppExport-noconfig.cmake
[8.232s] -- Installing: /home/anmol/ws_offboard_control/install/action_commands/share/action_commands/cmake/export_action_commands__rosidl_generator_pyExport.cmake
[8.232s] -- Installing: /home/anmol/ws_offboard_control/install/action_commands/share/action_commands/cmake/export_action_commands__rosidl_generator_pyExport-noconfig.cmake
[8.233s] -- Installing: /home/anmol/ws_offboard_control/install/action_commands/share/action_commands/cmake/rosidl_cmake-extras.cmake
[8.233s] -- Installing: /home/anmol/ws_offboard_control/install/action_commands/share/action_commands/cmake/ament_cmake_export_dependencies-extras.cmake
[8.233s] -- Installing: /home/anmol/ws_offboard_control/install/action_commands/share/action_commands/cmake/ament_cmake_export_include_directories-extras.cmake
[8.233s] -- Installing: /home/anmol/ws_offboard_control/install/action_commands/share/action_commands/cmake/ament_cmake_export_libraries-extras.cmake
[8.233s] -- Installing: /home/anmol/ws_offboard_control/install/action_commands/share/action_commands/cmake/ament_cmake_export_targets-extras.cmake
[8.234s] -- Installing: /home/anmol/ws_offboard_control/install/action_commands/share/action_commands/cmake/rosidl_cmake_export_typesupport_targets-extras.cmake
[8.234s] -- Installing: /home/anmol/ws_offboard_control/install/action_commands/share/action_commands/cmake/rosidl_cmake_export_typesupport_libraries-extras.cmake
[8.234s] -- Installing: /home/anmol/ws_offboard_control/install/action_commands/share/action_commands/cmake/action_commandsConfig.cmake
[8.234s] -- Installing: /home/anmol/ws_offboard_control/install/action_commands/share/action_commands/cmake/action_commandsConfig-version.cmake
[8.234s] -- Installing: /home/anmol/ws_offboard_control/install/action_commands/share/action_commands/package.xml
[8.237s] Invoked command in '/home/anmol/ws_offboard_control/build/action_commands' returned '0': CMAKE_PREFIX_PATH=${CMAKE_PREFIX_PATH}:/home/anmol/ws_offboard_control/install/manual_key_control:/opt/ros/humble /usr/bin/cmake --install /home/anmol/ws_offboard_control/build/action_commands
