[0.897s] Invoking command in '/home/anmol/ws_offboard_control/src/manual_key_control': PYTHONPATH=/home/anmol/ws_offboard_control/build/manual_key_control/prefix_override:/home/anmol/ws_offboard_control/install/manual_key_control/lib/python3.10/site-packages:${PYTHONPATH} /usr/bin/python3 setup.py egg_info --egg-base ../../build/manual_key_control build --build-base /home/anmol/ws_offboard_control/build/manual_key_control/build install --record /home/anmol/ws_offboard_control/build/manual_key_control/install.log --single-version-externally-managed
[1.179s] running egg_info
[1.180s] writing ../../build/manual_key_control/manual_key_control.egg-info/PKG-INFO
[1.181s] writing dependency_links to ../../build/manual_key_control/manual_key_control.egg-info/dependency_links.txt
[1.181s] writing entry points to ../../build/manual_key_control/manual_key_control.egg-info/entry_points.txt
[1.181s] writing requirements to ../../build/manual_key_control/manual_key_control.egg-info/requires.txt
[1.181s] writing top-level names to ../../build/manual_key_control/manual_key_control.egg-info/top_level.txt
[1.183s] reading manifest file '../../build/manual_key_control/manual_key_control.egg-info/SOURCES.txt'
[1.184s] writing manifest file '../../build/manual_key_control/manual_key_control.egg-info/SOURCES.txt'
[1.184s] running build
[1.184s] running build_py
[1.185s] copying manual_key_control/key_pub.py -> /home/anmol/ws_offboard_control/build/manual_key_control/build/lib/manual_key_control
[1.185s] running install
[1.185s] /usr/lib/python3/dist-packages/setuptools/command/install.py:34: SetuptoolsDeprecationWarning: setup.py install is deprecated. Use build and pip and other standards-based tools.
[1.185s]   warnings.warn(
[1.185s] running install_lib
[1.186s] copying /home/anmol/ws_offboard_control/build/manual_key_control/build/lib/manual_key_control/key_pub.py -> /home/anmol/ws_offboard_control/install/manual_key_control/lib/python3.10/site-packages/manual_key_control
[1.187s] byte-compiling /home/anmol/ws_offboard_control/install/manual_key_control/lib/python3.10/site-packages/manual_key_control/key_pub.py to key_pub.cpython-310.pyc
[1.188s] byte-compiling /home/anmol/ws_offboard_control/install/manual_key_control/lib/python3.10/site-packages/manual_key_control/key_sub.py to key_sub.cpython-310.pyc
[1.189s] Sorry: IndentationError: expected an indented block after function definition on line 41 (key_sub.py, line 56)
[1.189s] running install_data
[1.189s] running install_egg_info
[1.191s] removing '/home/anmol/ws_offboard_control/install/manual_key_control/lib/python3.10/site-packages/manual_key_control-0.0.0-py3.10.egg-info' (and everything under it)
[1.192s] Copying ../../build/manual_key_control/manual_key_control.egg-info to /home/anmol/ws_offboard_control/install/manual_key_control/lib/python3.10/site-packages/manual_key_control-0.0.0-py3.10.egg-info
[1.193s] running install_scripts
[1.217s] Installing arm script to /home/anmol/ws_offboard_control/install/manual_key_control/lib/manual_key_control
[1.218s] Installing key_pub script to /home/anmol/ws_offboard_control/install/manual_key_control/lib/manual_key_control
[1.218s] writing list of installed files to '/home/anmol/ws_offboard_control/build/manual_key_control/install.log'
[1.252s] Invoked command in '/home/anmol/ws_offboard_control/src/manual_key_control' returned '0': PYTHONPATH=/home/anmol/ws_offboard_control/build/manual_key_control/prefix_override:/home/anmol/ws_offboard_control/install/manual_key_control/lib/python3.10/site-packages:${PYTHONPATH} /usr/bin/python3 setup.py egg_info --egg-base ../../build/manual_key_control build --build-base /home/anmol/ws_offboard_control/build/manual_key_control/build install --record /home/anmol/ws_offboard_control/build/manual_key_control/install.log --single-version-externally-managed
