-- Found ament_cmake: 1.3.6 (/opt/ros/humble/share/ament_cmake/cmake)
-- Found ament_lint_auto: 0.12.9 (/opt/ros/humble/share/ament_lint_auto/cmake)
-- Found rosidl_default_generators: 1.2.0 (/opt/ros/humble/share/rosidl_default_generators/cmake)
-- Using all available rosidl_typesupport_c: rosidl_typesupport_fastrtps_c;rosidl_typesupport_introspection_c
-- Found rosidl_adapter: 3.1.5 (/opt/ros/humble/share/rosidl_adapter/cmake)
-- Using all available rosidl_typesupport_cpp: rosidl_typesupport_fastrtps_cpp;rosidl_typesupport_introspection_cpp
-- Found ament_cmake_ros: 0.10.0 (/opt/ros/humble/share/ament_cmake_ros/cmake)
-- Using all available rosidl_typesupport_c: rosidl_typesupport_fastrtps_c;rosidl_typesupport_introspection_c
-- Using all available rosidl_typesupport_cpp: rosidl_typesupport_fastrtps_cpp;rosidl_typesupport_introspection_cpp
-- Found python_cmake_module: 0.10.0 (/opt/ros/humble/share/python_cmake_module/cmake)
-- Using PYTHON_EXECUTABLE: /usr/bin/python3
-- Using PYTHON_INCLUDE_DIRS: /usr/include/python3.10
-- Using PYTHON_LIBRARIES: /usr/lib/x86_64-linux-gnu/libpython3.10.so
-- Added test 'lint_cmake' to check CMake code style
-- Added test 'xmllint' to check XML markup files
-- Configuring done
-- Generating done
-- Build files have been written to: /home/anmol/ws_offboard_control/build/action_tutorials_interfaces
[35m[1mConsolidate compiler generated dependencies of target action_tutorials_interfaces__rosidl_generator_c[0m
[  3%] [32m[1mLinking C shared library libaction_tutorials_interfaces__rosidl_generator_c.so[0m
[  6%] Built target action_tutorials_interfaces__cpp
[  6%] Built target ament_cmake_python_copy_action_tutorials_interfaces
[35m[1mConsolidate compiler generated dependencies of target action_tutorials_interfaces__rosidl_typesupport_fastrtps_cpp[0m
[35m[1mConsolidate compiler generated dependencies of target action_tutorials_interfaces__rosidl_typesupport_cpp[0m
[35m[1mConsolidate compiler generated dependencies of target action_tutorials_interfaces__rosidl_typesupport_introspection_cpp[0m
[  9%] [32m[1mLinking CXX shared library libaction_tutorials_interfaces__rosidl_typesupport_cpp.so[0m
[ 12%] [32m[1mLinking CXX shared library libaction_tutorials_interfaces__rosidl_typesupport_fastrtps_cpp.so[0m
[ 16%] [32m[1mLinking CXX shared library libaction_tutorials_interfaces__rosidl_typesupport_introspection_cpp.so[0m
[ 22%] Built target action_tutorials_interfaces__rosidl_generator_c
[35m[1mConsolidate compiler generated dependencies of target action_tutorials_interfaces__rosidl_typesupport_introspection_c[0m
[35m[1mConsolidate compiler generated dependencies of target action_tutorials_interfaces__rosidl_typesupport_c[0m
[35m[1mConsolidate compiler generated dependencies of target action_tutorials_interfaces__rosidl_typesupport_fastrtps_c[0m
[ 25%] [32m[1mLinking CXX shared library libaction_tutorials_interfaces__rosidl_typesupport_c.so[0m
[ 29%] [32m[1mLinking C shared library libaction_tutorials_interfaces__rosidl_typesupport_introspection_c.so[0m
[ 32%] [32m[1mLinking CXX shared library libaction_tutorials_interfaces__rosidl_typesupport_fastrtps_c.so[0m
[ 38%] Built target action_tutorials_interfaces__rosidl_typesupport_cpp
[ 45%] Built target action_tutorials_interfaces__rosidl_typesupport_introspection_c
[ 51%] Built target action_tutorials_interfaces__rosidl_typesupport_c
[ 58%] Built target action_tutorials_interfaces__rosidl_typesupport_fastrtps_cpp
[ 64%] Built target action_tutorials_interfaces__rosidl_typesupport_introspection_cpp
[ 70%] Built target action_tutorials_interfaces__rosidl_typesupport_fastrtps_c
[ 70%] Built target action_tutorials_interfaces
[ 74%] Built target action_tutorials_interfaces__py
[35m[1mConsolidate compiler generated dependencies of target action_tutorials_interfaces__rosidl_generator_py[0m
running egg_info
writing action_tutorials_interfaces.egg-info/PKG-INFO
writing dependency_links to action_tutorials_interfaces.egg-info/dependency_links.txt
writing top-level names to action_tutorials_interfaces.egg-info/top_level.txt
reading manifest file 'action_tutorials_interfaces.egg-info/SOURCES.txt'
writing manifest file 'action_tutorials_interfaces.egg-info/SOURCES.txt'
[ 77%] [32m[1mLinking C shared library rosidl_generator_py/action_tutorials_interfaces/libaction_tutorials_interfaces__rosidl_generator_py.so[0m
[ 77%] Built target ament_cmake_python_build_action_tutorials_interfaces_egg
[ 80%] Built target action_tutorials_interfaces__rosidl_generator_py
[35m[1mConsolidate compiler generated dependencies of target action_tutorials_interfaces__rosidl_typesupport_fastrtps_c__pyext[0m
[35m[1mConsolidate compiler generated dependencies of target action_tutorials_interfaces__rosidl_typesupport_introspection_c__pyext[0m
[35m[1mConsolidate compiler generated dependencies of target action_tutorials_interfaces__rosidl_typesupport_c__pyext[0m
[ 83%] [32m[1mLinking C shared library rosidl_generator_py/action_tutorials_interfaces/action_tutorials_interfaces_s__rosidl_typesupport_c.cpython-310-x86_64-linux-gnu.so[0m
[ 87%] [32m[1mLinking C shared library rosidl_generator_py/action_tutorials_interfaces/action_tutorials_interfaces_s__rosidl_typesupport_introspection_c.cpython-310-x86_64-linux-gnu.so[0m
[ 90%] [32m[1mLinking C shared library rosidl_generator_py/action_tutorials_interfaces/action_tutorials_interfaces_s__rosidl_typesupport_fastrtps_c.cpython-310-x86_64-linux-gnu.so[0m
[ 93%] Built target action_tutorials_interfaces__rosidl_typesupport_c__pyext
[ 96%] Built target action_tutorials_interfaces__rosidl_typesupport_introspection_c__pyext
[100%] Built target action_tutorials_interfaces__rosidl_typesupport_fastrtps_c__pyext
-- Install configuration: ""
-- Installing: /home/anmol/ws_offboard_control/install/action_tutorials_interfaces/share/ament_index/resource_index/rosidl_interfaces/action_tutorials_interfaces
-- Up-to-date: /home/anmol/ws_offboard_control/install/action_tutorials_interfaces/include/action_tutorials_interfaces/action_tutorials_interfaces
-- Up-to-date: /home/anmol/ws_offboard_control/install/action_tutorials_interfaces/include/action_tutorials_interfaces/action_tutorials_interfaces/action
-- Up-to-date: /home/anmol/ws_offboard_control/install/action_tutorials_interfaces/include/action_tutorials_interfaces/action_tutorials_interfaces/action/command.h
-- Up-to-date: /home/anmol/ws_offboard_control/install/action_tutorials_interfaces/include/action_tutorials_interfaces/action_tutorials_interfaces/action/offboard.h
-- Up-to-date: /home/anmol/ws_offboard_control/install/action_tutorials_interfaces/include/action_tutorials_interfaces/action_tutorials_interfaces/action/fibonacci.h
-- Up-to-date: /home/anmol/ws_offboard_control/install/action_tutorials_interfaces/include/action_tutorials_interfaces/action_tutorials_interfaces/action/detail
-- Up-to-date: /home/anmol/ws_offboard_control/install/action_tutorials_interfaces/include/action_tutorials_interfaces/action_tutorials_interfaces/action/detail/command__type_support.h
-- Up-to-date: /home/anmol/ws_offboard_control/install/action_tutorials_interfaces/include/action_tutorials_interfaces/action_tutorials_interfaces/action/detail/command__struct.h
-- Up-to-date: /home/anmol/ws_offboard_control/install/action_tutorials_interfaces/include/action_tutorials_interfaces/action_tutorials_interfaces/action/detail/offboard__functions.h
-- Up-to-date: /home/anmol/ws_offboard_control/install/action_tutorials_interfaces/include/action_tutorials_interfaces/action_tutorials_interfaces/action/detail/command__functions.h
-- Up-to-date: /home/anmol/ws_offboard_control/install/action_tutorials_interfaces/include/action_tutorials_interfaces/action_tutorials_interfaces/action/detail/fibonacci__functions.c
-- Up-to-date: /home/anmol/ws_offboard_control/install/action_tutorials_interfaces/include/action_tutorials_interfaces/action_tutorials_interfaces/action/detail/command__functions.c
-- Up-to-date: /home/anmol/ws_offboard_control/install/action_tutorials_interfaces/include/action_tutorials_interfaces/action_tutorials_interfaces/action/detail/offboard__type_support.h
-- Up-to-date: /home/anmol/ws_offboard_control/install/action_tutorials_interfaces/include/action_tutorials_interfaces/action_tutorials_interfaces/action/detail/offboard__functions.c
-- Up-to-date: /home/anmol/ws_offboard_control/install/action_tutorials_interfaces/include/action_tutorials_interfaces/action_tutorials_interfaces/action/detail/fibonacci__type_support.h
-- Up-to-date: /home/anmol/ws_offboard_control/install/action_tutorials_interfaces/include/action_tutorials_interfaces/action_tutorials_interfaces/action/detail/fibonacci__struct.h
-- Up-to-date: /home/anmol/ws_offboard_control/install/action_tutorials_interfaces/include/action_tutorials_interfaces/action_tutorials_interfaces/action/detail/offboard__struct.h
-- Up-to-date: /home/anmol/ws_offboard_control/install/action_tutorials_interfaces/include/action_tutorials_interfaces/action_tutorials_interfaces/action/detail/fibonacci__functions.h
-- Up-to-date: /home/anmol/ws_offboard_control/install/action_tutorials_interfaces/include/action_tutorials_interfaces/action_tutorials_interfaces/msg
-- Up-to-date: /home/anmol/ws_offboard_control/install/action_tutorials_interfaces/include/action_tutorials_interfaces/action_tutorials_interfaces/msg/rosidl_generator_c__visibility_control.h
-- Up-to-date: /home/anmol/ws_offboard_control/install/action_tutorials_interfaces/share/action_tutorials_interfaces/environment/library_path.sh
-- Installing: /home/anmol/ws_offboard_control/install/action_tutorials_interfaces/share/action_tutorials_interfaces/environment/library_path.dsv
-- Installing: /home/anmol/ws_offboard_control/install/action_tutorials_interfaces/lib/libaction_tutorials_interfaces__rosidl_generator_c.so
-- Set runtime path of "/home/anmol/ws_offboard_control/install/action_tutorials_interfaces/lib/libaction_tutorials_interfaces__rosidl_generator_c.so" to ""
-- Up-to-date: /home/anmol/ws_offboard_control/install/action_tutorials_interfaces/include/action_tutorials_interfaces/action_tutorials_interfaces
-- Up-to-date: /home/anmol/ws_offboard_control/install/action_tutorials_interfaces/include/action_tutorials_interfaces/action_tutorials_interfaces/action
-- Up-to-date: /home/anmol/ws_offboard_control/install/action_tutorials_interfaces/include/action_tutorials_interfaces/action_tutorials_interfaces/action/detail
-- Up-to-date: /home/anmol/ws_offboard_control/install/action_tutorials_interfaces/include/action_tutorials_interfaces/action_tutorials_interfaces/action/detail/fibonacci__rosidl_typesupport_fastrtps_c.h
-- Up-to-date: /home/anmol/ws_offboard_control/install/action_tutorials_interfaces/include/action_tutorials_interfaces/action_tutorials_interfaces/action/detail/command__rosidl_typesupport_fastrtps_c.h
-- Up-to-date: /home/anmol/ws_offboard_control/install/action_tutorials_interfaces/include/action_tutorials_interfaces/action_tutorials_interfaces/action/detail/offboard__rosidl_typesupport_fastrtps_c.h
-- Up-to-date: /home/anmol/ws_offboard_control/install/action_tutorials_interfaces/include/action_tutorials_interfaces/action_tutorials_interfaces/msg
-- Up-to-date: /home/anmol/ws_offboard_control/install/action_tutorials_interfaces/include/action_tutorials_interfaces/action_tutorials_interfaces/msg/rosidl_typesupport_fastrtps_c__visibility_control.h
-- Installing: /home/anmol/ws_offboard_control/install/action_tutorials_interfaces/lib/libaction_tutorials_interfaces__rosidl_typesupport_fastrtps_c.so
-- Set runtime path of "/home/anmol/ws_offboard_control/install/action_tutorials_interfaces/lib/libaction_tutorials_interfaces__rosidl_typesupport_fastrtps_c.so" to ""
-- Up-to-date: /home/anmol/ws_offboard_control/install/action_tutorials_interfaces/include/action_tutorials_interfaces/action_tutorials_interfaces
-- Up-to-date: /home/anmol/ws_offboard_control/install/action_tutorials_interfaces/include/action_tutorials_interfaces/action_tutorials_interfaces/action
-- Up-to-date: /home/anmol/ws_offboard_control/install/action_tutorials_interfaces/include/action_tutorials_interfaces/action_tutorials_interfaces/action/detail
-- Up-to-date: /home/anmol/ws_offboard_control/install/action_tutorials_interfaces/include/action_tutorials_interfaces/action_tutorials_interfaces/action/detail/command__type_support.c
-- Up-to-date: /home/anmol/ws_offboard_control/install/action_tutorials_interfaces/include/action_tutorials_interfaces/action_tutorials_interfaces/action/detail/offboard__rosidl_typesupport_introspection_c.h
-- Up-to-date: /home/anmol/ws_offboard_control/install/action_tutorials_interfaces/include/action_tutorials_interfaces/action_tutorials_interfaces/action/detail/offboard__type_support.c
-- Up-to-date: /home/anmol/ws_offboard_control/install/action_tutorials_interfaces/include/action_tutorials_interfaces/action_tutorials_interfaces/action/detail/command__rosidl_typesupport_introspection_c.h
-- Up-to-date: /home/anmol/ws_offboard_control/install/action_tutorials_interfaces/include/action_tutorials_interfaces/action_tutorials_interfaces/action/detail/fibonacci__rosidl_typesupport_introspection_c.h
-- Up-to-date: /home/anmol/ws_offboard_control/install/action_tutorials_interfaces/include/action_tutorials_interfaces/action_tutorials_interfaces/action/detail/fibonacci__type_support.c
-- Up-to-date: /home/anmol/ws_offboard_control/install/action_tutorials_interfaces/include/action_tutorials_interfaces/action_tutorials_interfaces/msg
-- Up-to-date: /home/anmol/ws_offboard_control/install/action_tutorials_interfaces/include/action_tutorials_interfaces/action_tutorials_interfaces/msg/rosidl_typesupport_introspection_c__visibility_control.h
-- Installing: /home/anmol/ws_offboard_control/install/action_tutorials_interfaces/lib/libaction_tutorials_interfaces__rosidl_typesupport_introspection_c.so
-- Set runtime path of "/home/anmol/ws_offboard_control/install/action_tutorials_interfaces/lib/libaction_tutorials_interfaces__rosidl_typesupport_introspection_c.so" to ""
-- Installing: /home/anmol/ws_offboard_control/install/action_tutorials_interfaces/lib/libaction_tutorials_interfaces__rosidl_typesupport_c.so
-- Set runtime path of "/home/anmol/ws_offboard_control/install/action_tutorials_interfaces/lib/libaction_tutorials_interfaces__rosidl_typesupport_c.so" to ""
-- Up-to-date: /home/anmol/ws_offboard_control/install/action_tutorials_interfaces/include/action_tutorials_interfaces/action_tutorials_interfaces
-- Up-to-date: /home/anmol/ws_offboard_control/install/action_tutorials_interfaces/include/action_tutorials_interfaces/action_tutorials_interfaces/action
-- Up-to-date: /home/anmol/ws_offboard_control/install/action_tutorials_interfaces/include/action_tutorials_interfaces/action_tutorials_interfaces/action/detail
-- Up-to-date: /home/anmol/ws_offboard_control/install/action_tutorials_interfaces/include/action_tutorials_interfaces/action_tutorials_interfaces/action/detail/fibonacci__builder.hpp
-- Up-to-date: /home/anmol/ws_offboard_control/install/action_tutorials_interfaces/include/action_tutorials_interfaces/action_tutorials_interfaces/action/detail/fibonacci__traits.hpp
-- Up-to-date: /home/anmol/ws_offboard_control/install/action_tutorials_interfaces/include/action_tutorials_interfaces/action_tutorials_interfaces/action/detail/command__traits.hpp
-- Up-to-date: /home/anmol/ws_offboard_control/install/action_tutorials_interfaces/include/action_tutorials_interfaces/action_tutorials_interfaces/action/detail/offboard__struct.hpp
-- Up-to-date: /home/anmol/ws_offboard_control/install/action_tutorials_interfaces/include/action_tutorials_interfaces/action_tutorials_interfaces/action/detail/offboard__traits.hpp
-- Installing: /home/anmol/ws_offboard_control/install/action_tutorials_interfaces/include/action_tutorials_interfaces/action_tutorials_interfaces/action/detail/command__builder.hpp
-- Up-to-date: /home/anmol/ws_offboard_control/install/action_tutorials_interfaces/include/action_tutorials_interfaces/action_tutorials_interfaces/action/detail/offboard__builder.hpp
-- Up-to-date: /home/anmol/ws_offboard_control/install/action_tutorials_interfaces/include/action_tutorials_interfaces/action_tutorials_interfaces/action/detail/fibonacci__struct.hpp
-- Up-to-date: /home/anmol/ws_offboard_control/install/action_tutorials_interfaces/include/action_tutorials_interfaces/action_tutorials_interfaces/action/detail/command__struct.hpp
-- Up-to-date: /home/anmol/ws_offboard_control/install/action_tutorials_interfaces/include/action_tutorials_interfaces/action_tutorials_interfaces/action/command.hpp
-- Up-to-date: /home/anmol/ws_offboard_control/install/action_tutorials_interfaces/include/action_tutorials_interfaces/action_tutorials_interfaces/action/offboard.hpp
-- Up-to-date: /home/anmol/ws_offboard_control/install/action_tutorials_interfaces/include/action_tutorials_interfaces/action_tutorials_interfaces/action/fibonacci.hpp
-- Up-to-date: /home/anmol/ws_offboard_control/install/action_tutorials_interfaces/include/action_tutorials_interfaces/action_tutorials_interfaces
-- Up-to-date: /home/anmol/ws_offboard_control/install/action_tutorials_interfaces/include/action_tutorials_interfaces/action_tutorials_interfaces/action
-- Up-to-date: /home/anmol/ws_offboard_control/install/action_tutorials_interfaces/include/action_tutorials_interfaces/action_tutorials_interfaces/action/detail
-- Up-to-date: /home/anmol/ws_offboard_control/install/action_tutorials_interfaces/include/action_tutorials_interfaces/action_tutorials_interfaces/action/detail/command__rosidl_typesupport_fastrtps_cpp.hpp
-- Up-to-date: /home/anmol/ws_offboard_control/install/action_tutorials_interfaces/include/action_tutorials_interfaces/action_tutorials_interfaces/action/detail/offboard__rosidl_typesupport_fastrtps_cpp.hpp
-- Up-to-date: /home/anmol/ws_offboard_control/install/action_tutorials_interfaces/include/action_tutorials_interfaces/action_tutorials_interfaces/action/detail/dds_fastrtps
-- Up-to-date: /home/anmol/ws_offboard_control/install/action_tutorials_interfaces/include/action_tutorials_interfaces/action_tutorials_interfaces/action/detail/fibonacci__rosidl_typesupport_fastrtps_cpp.hpp
-- Up-to-date: /home/anmol/ws_offboard_control/install/action_tutorials_interfaces/include/action_tutorials_interfaces/action_tutorials_interfaces/msg
-- Up-to-date: /home/anmol/ws_offboard_control/install/action_tutorials_interfaces/include/action_tutorials_interfaces/action_tutorials_interfaces/msg/rosidl_typesupport_fastrtps_cpp__visibility_control.h
-- Installing: /home/anmol/ws_offboard_control/install/action_tutorials_interfaces/lib/libaction_tutorials_interfaces__rosidl_typesupport_fastrtps_cpp.so
-- Set runtime path of "/home/anmol/ws_offboard_control/install/action_tutorials_interfaces/lib/libaction_tutorials_interfaces__rosidl_typesupport_fastrtps_cpp.so" to ""
-- Up-to-date: /home/anmol/ws_offboard_control/install/action_tutorials_interfaces/include/action_tutorials_interfaces/action_tutorials_interfaces
-- Up-to-date: /home/anmol/ws_offboard_control/install/action_tutorials_interfaces/include/action_tutorials_interfaces/action_tutorials_interfaces/action
-- Up-to-date: /home/anmol/ws_offboard_control/install/action_tutorials_interfaces/include/action_tutorials_interfaces/action_tutorials_interfaces/action/detail
-- Up-to-date: /home/anmol/ws_offboard_control/install/action_tutorials_interfaces/include/action_tutorials_interfaces/action_tutorials_interfaces/action/detail/command__rosidl_typesupport_introspection_cpp.hpp
-- Up-to-date: /home/anmol/ws_offboard_control/install/action_tutorials_interfaces/include/action_tutorials_interfaces/action_tutorials_interfaces/action/detail/fibonacci__rosidl_typesupport_introspection_cpp.hpp
-- Up-to-date: /home/anmol/ws_offboard_control/install/action_tutorials_interfaces/include/action_tutorials_interfaces/action_tutorials_interfaces/action/detail/fibonacci__type_support.cpp
-- Up-to-date: /home/anmol/ws_offboard_control/install/action_tutorials_interfaces/include/action_tutorials_interfaces/action_tutorials_interfaces/action/detail/offboard__rosidl_typesupport_introspection_cpp.hpp
-- Up-to-date: /home/anmol/ws_offboard_control/install/action_tutorials_interfaces/include/action_tutorials_interfaces/action_tutorials_interfaces/action/detail/command__type_support.cpp
-- Up-to-date: /home/anmol/ws_offboard_control/install/action_tutorials_interfaces/include/action_tutorials_interfaces/action_tutorials_interfaces/action/detail/offboard__type_support.cpp
-- Installing: /home/anmol/ws_offboard_control/install/action_tutorials_interfaces/lib/libaction_tutorials_interfaces__rosidl_typesupport_introspection_cpp.so
-- Set runtime path of "/home/anmol/ws_offboard_control/install/action_tutorials_interfaces/lib/libaction_tutorials_interfaces__rosidl_typesupport_introspection_cpp.so" to ""
-- Installing: /home/anmol/ws_offboard_control/install/action_tutorials_interfaces/lib/libaction_tutorials_interfaces__rosidl_typesupport_cpp.so
-- Set runtime path of "/home/anmol/ws_offboard_control/install/action_tutorials_interfaces/lib/libaction_tutorials_interfaces__rosidl_typesupport_cpp.so" to ""
-- Up-to-date: /home/anmol/ws_offboard_control/install/action_tutorials_interfaces/share/action_tutorials_interfaces/environment/pythonpath.sh
-- Installing: /home/anmol/ws_offboard_control/install/action_tutorials_interfaces/share/action_tutorials_interfaces/environment/pythonpath.dsv
-- Up-to-date: /home/anmol/ws_offboard_control/install/action_tutorials_interfaces/local/lib/python3.10/dist-packages/action_tutorials_interfaces-0.0.0-py3.10.egg-info
-- Installing: /home/anmol/ws_offboard_control/install/action_tutorials_interfaces/local/lib/python3.10/dist-packages/action_tutorials_interfaces-0.0.0-py3.10.egg-info/dependency_links.txt
-- Installing: /home/anmol/ws_offboard_control/install/action_tutorials_interfaces/local/lib/python3.10/dist-packages/action_tutorials_interfaces-0.0.0-py3.10.egg-info/SOURCES.txt
-- Installing: /home/anmol/ws_offboard_control/install/action_tutorials_interfaces/local/lib/python3.10/dist-packages/action_tutorials_interfaces-0.0.0-py3.10.egg-info/PKG-INFO
-- Installing: /home/anmol/ws_offboard_control/install/action_tutorials_interfaces/local/lib/python3.10/dist-packages/action_tutorials_interfaces-0.0.0-py3.10.egg-info/top_level.txt
-- Up-to-date: /home/anmol/ws_offboard_control/install/action_tutorials_interfaces/local/lib/python3.10/dist-packages/action_tutorials_interfaces
-- Up-to-date: /home/anmol/ws_offboard_control/install/action_tutorials_interfaces/local/lib/python3.10/dist-packages/action_tutorials_interfaces/_action_tutorials_interfaces_s.ep.rosidl_typesupport_fastrtps_c.c
-- Up-to-date: /home/anmol/ws_offboard_control/install/action_tutorials_interfaces/local/lib/python3.10/dist-packages/action_tutorials_interfaces/action
-- Up-to-date: /home/anmol/ws_offboard_control/install/action_tutorials_interfaces/local/lib/python3.10/dist-packages/action_tutorials_interfaces/action/_command_s.c
-- Up-to-date: /home/anmol/ws_offboard_control/install/action_tutorials_interfaces/local/lib/python3.10/dist-packages/action_tutorials_interfaces/action/_command.py
-- Up-to-date: /home/anmol/ws_offboard_control/install/action_tutorials_interfaces/local/lib/python3.10/dist-packages/action_tutorials_interfaces/action/__init__.py
-- Up-to-date: /home/anmol/ws_offboard_control/install/action_tutorials_interfaces/local/lib/python3.10/dist-packages/action_tutorials_interfaces/action/_offboard_s.c
-- Up-to-date: /home/anmol/ws_offboard_control/install/action_tutorials_interfaces/local/lib/python3.10/dist-packages/action_tutorials_interfaces/action/_fibonacci_s.c
-- Up-to-date: /home/anmol/ws_offboard_control/install/action_tutorials_interfaces/local/lib/python3.10/dist-packages/action_tutorials_interfaces/action/_offboard.py
-- Up-to-date: /home/anmol/ws_offboard_control/install/action_tutorials_interfaces/local/lib/python3.10/dist-packages/action_tutorials_interfaces/action/_fibonacci.py
-- Up-to-date: /home/anmol/ws_offboard_control/install/action_tutorials_interfaces/local/lib/python3.10/dist-packages/action_tutorials_interfaces/_action_tutorials_interfaces_s.ep.rosidl_typesupport_c.c
-- Up-to-date: /home/anmol/ws_offboard_control/install/action_tutorials_interfaces/local/lib/python3.10/dist-packages/action_tutorials_interfaces/_action_tutorials_interfaces_s.ep.rosidl_typesupport_introspection_c.c
-- Installing: /home/anmol/ws_offboard_control/install/action_tutorials_interfaces/local/lib/python3.10/dist-packages/action_tutorials_interfaces/action_tutorials_interfaces_s__rosidl_typesupport_fastrtps_c.cpython-310-x86_64-linux-gnu.so
-- Installing: /home/anmol/ws_offboard_control/install/action_tutorials_interfaces/local/lib/python3.10/dist-packages/action_tutorials_interfaces/action_tutorials_interfaces_s__rosidl_typesupport_c.cpython-310-x86_64-linux-gnu.so
-- Installing: /home/anmol/ws_offboard_control/install/action_tutorials_interfaces/local/lib/python3.10/dist-packages/action_tutorials_interfaces/__init__.py
-- Installing: /home/anmol/ws_offboard_control/install/action_tutorials_interfaces/local/lib/python3.10/dist-packages/action_tutorials_interfaces/libaction_tutorials_interfaces__rosidl_generator_py.so
-- Installing: /home/anmol/ws_offboard_control/install/action_tutorials_interfaces/local/lib/python3.10/dist-packages/action_tutorials_interfaces/action_tutorials_interfaces_s__rosidl_typesupport_introspection_c.cpython-310-x86_64-linux-gnu.so
Listing '/home/anmol/ws_offboard_control/install/action_tutorials_interfaces/local/lib/python3.10/dist-packages/action_tutorials_interfaces'...
Compiling '/home/anmol/ws_offboard_control/install/action_tutorials_interfaces/local/lib/python3.10/dist-packages/action_tutorials_interfaces/__init__.py'...
Listing '/home/anmol/ws_offboard_control/install/action_tutorials_interfaces/local/lib/python3.10/dist-packages/action_tutorials_interfaces/action'...
-- Installing: /home/anmol/ws_offboard_control/install/action_tutorials_interfaces/local/lib/python3.10/dist-packages/action_tutorials_interfaces/action_tutorials_interfaces_s__rosidl_typesupport_fastrtps_c.cpython-310-x86_64-linux-gnu.so
-- Set runtime path of "/home/anmol/ws_offboard_control/install/action_tutorials_interfaces/local/lib/python3.10/dist-packages/action_tutorials_interfaces/action_tutorials_interfaces_s__rosidl_typesupport_fastrtps_c.cpython-310-x86_64-linux-gnu.so" to ""
-- Installing: /home/anmol/ws_offboard_control/install/action_tutorials_interfaces/local/lib/python3.10/dist-packages/action_tutorials_interfaces/action_tutorials_interfaces_s__rosidl_typesupport_introspection_c.cpython-310-x86_64-linux-gnu.so
-- Set runtime path of "/home/anmol/ws_offboard_control/install/action_tutorials_interfaces/local/lib/python3.10/dist-packages/action_tutorials_interfaces/action_tutorials_interfaces_s__rosidl_typesupport_introspection_c.cpython-310-x86_64-linux-gnu.so" to ""
-- Installing: /home/anmol/ws_offboard_control/install/action_tutorials_interfaces/local/lib/python3.10/dist-packages/action_tutorials_interfaces/action_tutorials_interfaces_s__rosidl_typesupport_c.cpython-310-x86_64-linux-gnu.so
-- Set runtime path of "/home/anmol/ws_offboard_control/install/action_tutorials_interfaces/local/lib/python3.10/dist-packages/action_tutorials_interfaces/action_tutorials_interfaces_s__rosidl_typesupport_c.cpython-310-x86_64-linux-gnu.so" to ""
-- Installing: /home/anmol/ws_offboard_control/install/action_tutorials_interfaces/lib/libaction_tutorials_interfaces__rosidl_generator_py.so
-- Set runtime path of "/home/anmol/ws_offboard_control/install/action_tutorials_interfaces/lib/libaction_tutorials_interfaces__rosidl_generator_py.so" to ""
-- Up-to-date: /home/anmol/ws_offboard_control/install/action_tutorials_interfaces/share/action_tutorials_interfaces/action/Command.idl
-- Installing: /home/anmol/ws_offboard_control/install/action_tutorials_interfaces/share/action_tutorials_interfaces/action/Command.action
-- Up-to-date: /home/anmol/ws_offboard_control/install/action_tutorials_interfaces/share/ament_index/resource_index/package_run_dependencies/action_tutorials_interfaces
-- Up-to-date: /home/anmol/ws_offboard_control/install/action_tutorials_interfaces/share/ament_index/resource_index/parent_prefix_path/action_tutorials_interfaces
-- Up-to-date: /home/anmol/ws_offboard_control/install/action_tutorials_interfaces/share/action_tutorials_interfaces/environment/ament_prefix_path.sh
-- Installing: /home/anmol/ws_offboard_control/install/action_tutorials_interfaces/share/action_tutorials_interfaces/environment/ament_prefix_path.dsv
-- Up-to-date: /home/anmol/ws_offboard_control/install/action_tutorials_interfaces/share/action_tutorials_interfaces/environment/path.sh
-- Installing: /home/anmol/ws_offboard_control/install/action_tutorials_interfaces/share/action_tutorials_interfaces/environment/path.dsv
-- Up-to-date: /home/anmol/ws_offboard_control/install/action_tutorials_interfaces/share/action_tutorials_interfaces/local_setup.bash
-- Up-to-date: /home/anmol/ws_offboard_control/install/action_tutorials_interfaces/share/action_tutorials_interfaces/local_setup.sh
-- Up-to-date: /home/anmol/ws_offboard_control/install/action_tutorials_interfaces/share/action_tutorials_interfaces/local_setup.zsh
-- Installing: /home/anmol/ws_offboard_control/install/action_tutorials_interfaces/share/action_tutorials_interfaces/local_setup.dsv
-- Installing: /home/anmol/ws_offboard_control/install/action_tutorials_interfaces/share/action_tutorials_interfaces/package.dsv
-- Up-to-date: /home/anmol/ws_offboard_control/install/action_tutorials_interfaces/share/ament_index/resource_index/packages/action_tutorials_interfaces
-- Up-to-date: /home/anmol/ws_offboard_control/install/action_tutorials_interfaces/share/action_tutorials_interfaces/cmake/export_action_tutorials_interfaces__rosidl_generator_cExport.cmake
-- Up-to-date: /home/anmol/ws_offboard_control/install/action_tutorials_interfaces/share/action_tutorials_interfaces/cmake/export_action_tutorials_interfaces__rosidl_generator_cExport-noconfig.cmake
-- Up-to-date: /home/anmol/ws_offboard_control/install/action_tutorials_interfaces/share/action_tutorials_interfaces/cmake/export_action_tutorials_interfaces__rosidl_typesupport_fastrtps_cExport.cmake
-- Up-to-date: /home/anmol/ws_offboard_control/install/action_tutorials_interfaces/share/action_tutorials_interfaces/cmake/export_action_tutorials_interfaces__rosidl_typesupport_fastrtps_cExport-noconfig.cmake
-- Up-to-date: /home/anmol/ws_offboard_control/install/action_tutorials_interfaces/share/action_tutorials_interfaces/cmake/action_tutorials_interfaces__rosidl_typesupport_introspection_cExport.cmake
-- Up-to-date: /home/anmol/ws_offboard_control/install/action_tutorials_interfaces/share/action_tutorials_interfaces/cmake/action_tutorials_interfaces__rosidl_typesupport_introspection_cExport-noconfig.cmake
-- Up-to-date: /home/anmol/ws_offboard_control/install/action_tutorials_interfaces/share/action_tutorials_interfaces/cmake/action_tutorials_interfaces__rosidl_typesupport_cExport.cmake
-- Up-to-date: /home/anmol/ws_offboard_control/install/action_tutorials_interfaces/share/action_tutorials_interfaces/cmake/action_tutorials_interfaces__rosidl_typesupport_cExport-noconfig.cmake
-- Up-to-date: /home/anmol/ws_offboard_control/install/action_tutorials_interfaces/share/action_tutorials_interfaces/cmake/export_action_tutorials_interfaces__rosidl_generator_cppExport.cmake
-- Up-to-date: /home/anmol/ws_offboard_control/install/action_tutorials_interfaces/share/action_tutorials_interfaces/cmake/export_action_tutorials_interfaces__rosidl_typesupport_fastrtps_cppExport.cmake
-- Up-to-date: /home/anmol/ws_offboard_control/install/action_tutorials_interfaces/share/action_tutorials_interfaces/cmake/export_action_tutorials_interfaces__rosidl_typesupport_fastrtps_cppExport-noconfig.cmake
-- Up-to-date: /home/anmol/ws_offboard_control/install/action_tutorials_interfaces/share/action_tutorials_interfaces/cmake/action_tutorials_interfaces__rosidl_typesupport_introspection_cppExport.cmake
-- Up-to-date: /home/anmol/ws_offboard_control/install/action_tutorials_interfaces/share/action_tutorials_interfaces/cmake/action_tutorials_interfaces__rosidl_typesupport_introspection_cppExport-noconfig.cmake
-- Up-to-date: /home/anmol/ws_offboard_control/install/action_tutorials_interfaces/share/action_tutorials_interfaces/cmake/action_tutorials_interfaces__rosidl_typesupport_cppExport.cmake
-- Up-to-date: /home/anmol/ws_offboard_control/install/action_tutorials_interfaces/share/action_tutorials_interfaces/cmake/action_tutorials_interfaces__rosidl_typesupport_cppExport-noconfig.cmake
-- Up-to-date: /home/anmol/ws_offboard_control/install/action_tutorials_interfaces/share/action_tutorials_interfaces/cmake/export_action_tutorials_interfaces__rosidl_generator_pyExport.cmake
-- Up-to-date: /home/anmol/ws_offboard_control/install/action_tutorials_interfaces/share/action_tutorials_interfaces/cmake/export_action_tutorials_interfaces__rosidl_generator_pyExport-noconfig.cmake
-- Installing: /home/anmol/ws_offboard_control/install/action_tutorials_interfaces/share/action_tutorials_interfaces/cmake/rosidl_cmake-extras.cmake
-- Up-to-date: /home/anmol/ws_offboard_control/install/action_tutorials_interfaces/share/action_tutorials_interfaces/cmake/ament_cmake_export_dependencies-extras.cmake
-- Up-to-date: /home/anmol/ws_offboard_control/install/action_tutorials_interfaces/share/action_tutorials_interfaces/cmake/ament_cmake_export_include_directories-extras.cmake
-- Up-to-date: /home/anmol/ws_offboard_control/install/action_tutorials_interfaces/share/action_tutorials_interfaces/cmake/ament_cmake_export_libraries-extras.cmake
-- Up-to-date: /home/anmol/ws_offboard_control/install/action_tutorials_interfaces/share/action_tutorials_interfaces/cmake/ament_cmake_export_targets-extras.cmake
-- Up-to-date: /home/anmol/ws_offboard_control/install/action_tutorials_interfaces/share/action_tutorials_interfaces/cmake/rosidl_cmake_export_typesupport_targets-extras.cmake
-- Up-to-date: /home/anmol/ws_offboard_control/install/action_tutorials_interfaces/share/action_tutorials_interfaces/cmake/rosidl_cmake_export_typesupport_libraries-extras.cmake
-- Up-to-date: /home/anmol/ws_offboard_control/install/action_tutorials_interfaces/share/action_tutorials_interfaces/cmake/action_tutorials_interfacesConfig.cmake
-- Up-to-date: /home/anmol/ws_offboard_control/install/action_tutorials_interfaces/share/action_tutorials_interfaces/cmake/action_tutorials_interfacesConfig-version.cmake
-- Up-to-date: /home/anmol/ws_offboard_control/install/action_tutorials_interfaces/share/action_tutorials_interfaces/package.xml
