[0.104s] Invoking command in '/home/anmol/ws_offboard_control/build/action_tutorials_interfaces': CMAKE_PREFIX_PATH=${CMAKE_PREFIX_PATH}:/home/anmol/ws_offboard_control/install/manual_key_control:/opt/ros/humble /usr/bin/cmake --build /home/anmol/ws_offboard_control/build/action_tutorials_interfaces -- -j12 -l12
[0.155s] -- Found ament_cmake: 1.3.6 (/opt/ros/humble/share/ament_cmake/cmake)
[0.406s] -- Found ament_lint_auto: 0.12.9 (/opt/ros/humble/share/ament_lint_auto/cmake)
[0.507s] -- Found rosidl_default_generators: 1.2.0 (/opt/ros/humble/share/rosidl_default_generators/cmake)
[0.511s] -- Using all available rosidl_typesupport_c: rosidl_typesupport_fastrtps_c;rosidl_typesupport_introspection_c
[0.516s] -- Found rosidl_adapter: 3.1.5 (/opt/ros/humble/share/rosidl_adapter/cmake)
[0.570s] -- Using all available rosidl_typesupport_cpp: rosidl_typesupport_fastrtps_cpp;rosidl_typesupport_introspection_cpp
[1.003s] -- Found ament_cmake_ros: 0.10.0 (/opt/ros/humble/share/ament_cmake_ros/cmake)
[1.263s] -- Using all available rosidl_typesupport_c: rosidl_typesupport_fastrtps_c;rosidl_typesupport_introspection_c
[1.601s] -- Using all available rosidl_typesupport_cpp: rosidl_typesupport_fastrtps_cpp;rosidl_typesupport_introspection_cpp
[1.633s] -- Found python_cmake_module: 0.10.0 (/opt/ros/humble/share/python_cmake_module/cmake)
[1.665s] -- Using PYTHON_EXECUTABLE: /usr/bin/python3
[1.665s] -- Using PYTHON_INCLUDE_DIRS: /usr/include/python3.10
[1.665s] -- Using PYTHON_LIBRARIES: /usr/lib/x86_64-linux-gnu/libpython3.10.so
[1.698s] -- Added test 'lint_cmake' to check CMake code style
[1.700s] -- Added test 'xmllint' to check XML markup files
[1.709s] -- Configuring done
[1.766s] -- Generating done
[1.772s] -- Build files have been written to: /home/anmol/ws_offboard_control/build/action_tutorials_interfaces
[1.813s] [35m[1mConsolidate compiler generated dependencies of target action_tutorials_interfaces__rosidl_generator_c[0m
[1.834s] [  3%] [32m[1mLinking C shared library libaction_tutorials_interfaces__rosidl_generator_c.so[0m
[1.845s] [  6%] Built target action_tutorials_interfaces__cpp
[1.853s] [  6%] Built target ament_cmake_python_copy_action_tutorials_interfaces
[1.865s] [35m[1mConsolidate compiler generated dependencies of target action_tutorials_interfaces__rosidl_typesupport_fastrtps_cpp[0m
[1.865s] [35m[1mConsolidate compiler generated dependencies of target action_tutorials_interfaces__rosidl_typesupport_cpp[0m
[1.867s] [35m[1mConsolidate compiler generated dependencies of target action_tutorials_interfaces__rosidl_typesupport_introspection_cpp[0m
[1.893s] [  9%] [32m[1mLinking CXX shared library libaction_tutorials_interfaces__rosidl_typesupport_cpp.so[0m
[1.895s] [ 12%] [32m[1mLinking CXX shared library libaction_tutorials_interfaces__rosidl_typesupport_fastrtps_cpp.so[0m
[1.896s] [ 16%] [32m[1mLinking CXX shared library libaction_tutorials_interfaces__rosidl_typesupport_introspection_cpp.so[0m
[1.910s] [ 22%] Built target action_tutorials_interfaces__rosidl_generator_c
[1.928s] [35m[1mConsolidate compiler generated dependencies of target action_tutorials_interfaces__rosidl_typesupport_introspection_c[0m
[1.928s] [35m[1mConsolidate compiler generated dependencies of target action_tutorials_interfaces__rosidl_typesupport_c[0m
[1.931s] [35m[1mConsolidate compiler generated dependencies of target action_tutorials_interfaces__rosidl_typesupport_fastrtps_c[0m
[1.950s] [ 25%] [32m[1mLinking CXX shared library libaction_tutorials_interfaces__rosidl_typesupport_c.so[0m
[1.952s] [ 29%] [32m[1mLinking C shared library libaction_tutorials_interfaces__rosidl_typesupport_introspection_c.so[0m
[1.957s] [ 32%] [32m[1mLinking CXX shared library libaction_tutorials_interfaces__rosidl_typesupport_fastrtps_c.so[0m
[1.974s] [ 38%] Built target action_tutorials_interfaces__rosidl_typesupport_cpp
[2.015s] [ 45%] Built target action_tutorials_interfaces__rosidl_typesupport_introspection_c
[2.021s] [ 51%] Built target action_tutorials_interfaces__rosidl_typesupport_c
[2.060s] [ 58%] Built target action_tutorials_interfaces__rosidl_typesupport_fastrtps_cpp
[2.079s] [ 64%] Built target action_tutorials_interfaces__rosidl_typesupport_introspection_cpp
[2.104s] [ 70%] Built target action_tutorials_interfaces__rosidl_typesupport_fastrtps_c
[2.138s] [ 70%] Built target action_tutorials_interfaces
[2.172s] [ 74%] Built target action_tutorials_interfaces__py
[2.190s] [35m[1mConsolidate compiler generated dependencies of target action_tutorials_interfaces__rosidl_generator_py[0m
[2.198s] running egg_info
[2.199s] writing action_tutorials_interfaces.egg-info/PKG-INFO
[2.200s] writing dependency_links to action_tutorials_interfaces.egg-info/dependency_links.txt
[2.200s] writing top-level names to action_tutorials_interfaces.egg-info/top_level.txt
[2.203s] reading manifest file 'action_tutorials_interfaces.egg-info/SOURCES.txt'
[2.204s] writing manifest file 'action_tutorials_interfaces.egg-info/SOURCES.txt'
[2.213s] [ 77%] [32m[1mLinking C shared library rosidl_generator_py/action_tutorials_interfaces/libaction_tutorials_interfaces__rosidl_generator_py.so[0m
[2.247s] [ 77%] Built target ament_cmake_python_build_action_tutorials_interfaces_egg
[2.280s] [ 80%] Built target action_tutorials_interfaces__rosidl_generator_py
[2.297s] [35m[1mConsolidate compiler generated dependencies of target action_tutorials_interfaces__rosidl_typesupport_fastrtps_c__pyext[0m
[2.297s] [35m[1mConsolidate compiler generated dependencies of target action_tutorials_interfaces__rosidl_typesupport_introspection_c__pyext[0m
[2.299s] [35m[1mConsolidate compiler generated dependencies of target action_tutorials_interfaces__rosidl_typesupport_c__pyext[0m
[2.322s] [ 83%] [32m[1mLinking C shared library rosidl_generator_py/action_tutorials_interfaces/action_tutorials_interfaces_s__rosidl_typesupport_c.cpython-310-x86_64-linux-gnu.so[0m
[2.322s] [ 87%] [32m[1mLinking C shared library rosidl_generator_py/action_tutorials_interfaces/action_tutorials_interfaces_s__rosidl_typesupport_introspection_c.cpython-310-x86_64-linux-gnu.so[0m
[2.323s] [ 90%] [32m[1mLinking C shared library rosidl_generator_py/action_tutorials_interfaces/action_tutorials_interfaces_s__rosidl_typesupport_fastrtps_c.cpython-310-x86_64-linux-gnu.so[0m
[2.394s] [ 93%] Built target action_tutorials_interfaces__rosidl_typesupport_c__pyext
[2.402s] [ 96%] Built target action_tutorials_interfaces__rosidl_typesupport_introspection_c__pyext
[2.403s] [100%] Built target action_tutorials_interfaces__rosidl_typesupport_fastrtps_c__pyext
[2.425s] Invoked command in '/home/anmol/ws_offboard_control/build/action_tutorials_interfaces' returned '0': CMAKE_PREFIX_PATH=${CMAKE_PREFIX_PATH}:/home/anmol/ws_offboard_control/install/manual_key_control:/opt/ros/humble /usr/bin/cmake --build /home/anmol/ws_offboard_control/build/action_tutorials_interfaces -- -j12 -l12
[2.556s] Invoking command in '/home/anmol/ws_offboard_control/build/action_tutorials_interfaces': CMAKE_PREFIX_PATH=${CMAKE_PREFIX_PATH}:/home/anmol/ws_offboard_control/install/manual_key_control:/opt/ros/humble /usr/bin/cmake --install /home/anmol/ws_offboard_control/build/action_tutorials_interfaces
[2.567s] -- Install configuration: ""
[2.567s] -- Installing: /home/anmol/ws_offboard_control/install/action_tutorials_interfaces/share/ament_index/resource_index/rosidl_interfaces/action_tutorials_interfaces
[2.568s] -- Up-to-date: /home/anmol/ws_offboard_control/install/action_tutorials_interfaces/include/action_tutorials_interfaces/action_tutorials_interfaces
[2.568s] -- Up-to-date: /home/anmol/ws_offboard_control/install/action_tutorials_interfaces/include/action_tutorials_interfaces/action_tutorials_interfaces/action
[2.568s] -- Up-to-date: /home/anmol/ws_offboard_control/install/action_tutorials_interfaces/include/action_tutorials_interfaces/action_tutorials_interfaces/action/command.h
[2.568s] -- Up-to-date: /home/anmol/ws_offboard_control/install/action_tutorials_interfaces/include/action_tutorials_interfaces/action_tutorials_interfaces/action/offboard.h
[2.568s] -- Up-to-date: /home/anmol/ws_offboard_control/install/action_tutorials_interfaces/include/action_tutorials_interfaces/action_tutorials_interfaces/action/fibonacci.h
[2.569s] -- Up-to-date: /home/anmol/ws_offboard_control/install/action_tutorials_interfaces/include/action_tutorials_interfaces/action_tutorials_interfaces/action/detail
[2.569s] -- Up-to-date: /home/anmol/ws_offboard_control/install/action_tutorials_interfaces/include/action_tutorials_interfaces/action_tutorials_interfaces/action/detail/command__type_support.h
[2.569s] -- Up-to-date: /home/anmol/ws_offboard_control/install/action_tutorials_interfaces/include/action_tutorials_interfaces/action_tutorials_interfaces/action/detail/command__struct.h
[2.569s] -- Up-to-date: /home/anmol/ws_offboard_control/install/action_tutorials_interfaces/include/action_tutorials_interfaces/action_tutorials_interfaces/action/detail/offboard__functions.h
[2.569s] -- Up-to-date: /home/anmol/ws_offboard_control/install/action_tutorials_interfaces/include/action_tutorials_interfaces/action_tutorials_interfaces/action/detail/command__functions.h
[2.569s] -- Up-to-date: /home/anmol/ws_offboard_control/install/action_tutorials_interfaces/include/action_tutorials_interfaces/action_tutorials_interfaces/action/detail/fibonacci__functions.c
[2.569s] -- Up-to-date: /home/anmol/ws_offboard_control/install/action_tutorials_interfaces/include/action_tutorials_interfaces/action_tutorials_interfaces/action/detail/command__functions.c
[2.570s] -- Up-to-date: /home/anmol/ws_offboard_control/install/action_tutorials_interfaces/include/action_tutorials_interfaces/action_tutorials_interfaces/action/detail/offboard__type_support.h
[2.570s] -- Up-to-date: /home/anmol/ws_offboard_control/install/action_tutorials_interfaces/include/action_tutorials_interfaces/action_tutorials_interfaces/action/detail/offboard__functions.c
[2.570s] -- Up-to-date: /home/anmol/ws_offboard_control/install/action_tutorials_interfaces/include/action_tutorials_interfaces/action_tutorials_interfaces/action/detail/fibonacci__type_support.h
[2.570s] -- Up-to-date: /home/anmol/ws_offboard_control/install/action_tutorials_interfaces/include/action_tutorials_interfaces/action_tutorials_interfaces/action/detail/fibonacci__struct.h
[2.570s] -- Up-to-date: /home/anmol/ws_offboard_control/install/action_tutorials_interfaces/include/action_tutorials_interfaces/action_tutorials_interfaces/action/detail/offboard__struct.h
[2.570s] -- Up-to-date: /home/anmol/ws_offboard_control/install/action_tutorials_interfaces/include/action_tutorials_interfaces/action_tutorials_interfaces/action/detail/fibonacci__functions.h
[2.570s] -- Up-to-date: /home/anmol/ws_offboard_control/install/action_tutorials_interfaces/include/action_tutorials_interfaces/action_tutorials_interfaces/msg
[2.570s] -- Up-to-date: /home/anmol/ws_offboard_control/install/action_tutorials_interfaces/include/action_tutorials_interfaces/action_tutorials_interfaces/msg/rosidl_generator_c__visibility_control.h
[2.570s] -- Up-to-date: /home/anmol/ws_offboard_control/install/action_tutorials_interfaces/share/action_tutorials_interfaces/environment/library_path.sh
[2.570s] -- Installing: /home/anmol/ws_offboard_control/install/action_tutorials_interfaces/share/action_tutorials_interfaces/environment/library_path.dsv
[2.570s] -- Installing: /home/anmol/ws_offboard_control/install/action_tutorials_interfaces/lib/libaction_tutorials_interfaces__rosidl_generator_c.so
[2.570s] -- Set runtime path of "/home/anmol/ws_offboard_control/install/action_tutorials_interfaces/lib/libaction_tutorials_interfaces__rosidl_generator_c.so" to ""
[2.571s] -- Up-to-date: /home/anmol/ws_offboard_control/install/action_tutorials_interfaces/include/action_tutorials_interfaces/action_tutorials_interfaces
[2.571s] -- Up-to-date: /home/anmol/ws_offboard_control/install/action_tutorials_interfaces/include/action_tutorials_interfaces/action_tutorials_interfaces/action
[2.571s] -- Up-to-date: /home/anmol/ws_offboard_control/install/action_tutorials_interfaces/include/action_tutorials_interfaces/action_tutorials_interfaces/action/detail
[2.571s] -- Up-to-date: /home/anmol/ws_offboard_control/install/action_tutorials_interfaces/include/action_tutorials_interfaces/action_tutorials_interfaces/action/detail/fibonacci__rosidl_typesupport_fastrtps_c.h
[2.571s] -- Up-to-date: /home/anmol/ws_offboard_control/install/action_tutorials_interfaces/include/action_tutorials_interfaces/action_tutorials_interfaces/action/detail/command__rosidl_typesupport_fastrtps_c.h
[2.571s] -- Up-to-date: /home/anmol/ws_offboard_control/install/action_tutorials_interfaces/include/action_tutorials_interfaces/action_tutorials_interfaces/action/detail/offboard__rosidl_typesupport_fastrtps_c.h
[2.571s] -- Up-to-date: /home/anmol/ws_offboard_control/install/action_tutorials_interfaces/include/action_tutorials_interfaces/action_tutorials_interfaces/msg
[2.571s] -- Up-to-date: /home/anmol/ws_offboard_control/install/action_tutorials_interfaces/include/action_tutorials_interfaces/action_tutorials_interfaces/msg/rosidl_typesupport_fastrtps_c__visibility_control.h
[2.571s] -- Installing: /home/anmol/ws_offboard_control/install/action_tutorials_interfaces/lib/libaction_tutorials_interfaces__rosidl_typesupport_fastrtps_c.so
[2.571s] -- Set runtime path of "/home/anmol/ws_offboard_control/install/action_tutorials_interfaces/lib/libaction_tutorials_interfaces__rosidl_typesupport_fastrtps_c.so" to ""
[2.571s] -- Up-to-date: /home/anmol/ws_offboard_control/install/action_tutorials_interfaces/include/action_tutorials_interfaces/action_tutorials_interfaces
[2.572s] -- Up-to-date: /home/anmol/ws_offboard_control/install/action_tutorials_interfaces/include/action_tutorials_interfaces/action_tutorials_interfaces/action
[2.572s] -- Up-to-date: /home/anmol/ws_offboard_control/install/action_tutorials_interfaces/include/action_tutorials_interfaces/action_tutorials_interfaces/action/detail
[2.572s] -- Up-to-date: /home/anmol/ws_offboard_control/install/action_tutorials_interfaces/include/action_tutorials_interfaces/action_tutorials_interfaces/action/detail/command__type_support.c
[2.572s] -- Up-to-date: /home/anmol/ws_offboard_control/install/action_tutorials_interfaces/include/action_tutorials_interfaces/action_tutorials_interfaces/action/detail/offboard__rosidl_typesupport_introspection_c.h
[2.572s] -- Up-to-date: /home/anmol/ws_offboard_control/install/action_tutorials_interfaces/include/action_tutorials_interfaces/action_tutorials_interfaces/action/detail/offboard__type_support.c
[2.572s] -- Up-to-date: /home/anmol/ws_offboard_control/install/action_tutorials_interfaces/include/action_tutorials_interfaces/action_tutorials_interfaces/action/detail/command__rosidl_typesupport_introspection_c.h
[2.572s] -- Up-to-date: /home/anmol/ws_offboard_control/install/action_tutorials_interfaces/include/action_tutorials_interfaces/action_tutorials_interfaces/action/detail/fibonacci__rosidl_typesupport_introspection_c.h
[2.572s] -- Up-to-date: /home/anmol/ws_offboard_control/install/action_tutorials_interfaces/include/action_tutorials_interfaces/action_tutorials_interfaces/action/detail/fibonacci__type_support.c
[2.572s] -- Up-to-date: /home/anmol/ws_offboard_control/install/action_tutorials_interfaces/include/action_tutorials_interfaces/action_tutorials_interfaces/msg
[2.572s] -- Up-to-date: /home/anmol/ws_offboard_control/install/action_tutorials_interfaces/include/action_tutorials_interfaces/action_tutorials_interfaces/msg/rosidl_typesupport_introspection_c__visibility_control.h
[2.572s] -- Installing: /home/anmol/ws_offboard_control/install/action_tutorials_interfaces/lib/libaction_tutorials_interfaces__rosidl_typesupport_introspection_c.so
[2.573s] -- Set runtime path of "/home/anmol/ws_offboard_control/install/action_tutorials_interfaces/lib/libaction_tutorials_interfaces__rosidl_typesupport_introspection_c.so" to ""
[2.573s] -- Installing: /home/anmol/ws_offboard_control/install/action_tutorials_interfaces/lib/libaction_tutorials_interfaces__rosidl_typesupport_c.so
[2.574s] -- Set runtime path of "/home/anmol/ws_offboard_control/install/action_tutorials_interfaces/lib/libaction_tutorials_interfaces__rosidl_typesupport_c.so" to ""
[2.574s] -- Up-to-date: /home/anmol/ws_offboard_control/install/action_tutorials_interfaces/include/action_tutorials_interfaces/action_tutorials_interfaces
[2.574s] -- Up-to-date: /home/anmol/ws_offboard_control/install/action_tutorials_interfaces/include/action_tutorials_interfaces/action_tutorials_interfaces/action
[2.574s] -- Up-to-date: /home/anmol/ws_offboard_control/install/action_tutorials_interfaces/include/action_tutorials_interfaces/action_tutorials_interfaces/action/detail
[2.574s] -- Up-to-date: /home/anmol/ws_offboard_control/install/action_tutorials_interfaces/include/action_tutorials_interfaces/action_tutorials_interfaces/action/detail/fibonacci__builder.hpp
[2.574s] -- Up-to-date: /home/anmol/ws_offboard_control/install/action_tutorials_interfaces/include/action_tutorials_interfaces/action_tutorials_interfaces/action/detail/fibonacci__traits.hpp
[2.574s] -- Up-to-date: /home/anmol/ws_offboard_control/install/action_tutorials_interfaces/include/action_tutorials_interfaces/action_tutorials_interfaces/action/detail/command__traits.hpp
[2.574s] -- Up-to-date: /home/anmol/ws_offboard_control/install/action_tutorials_interfaces/include/action_tutorials_interfaces/action_tutorials_interfaces/action/detail/offboard__struct.hpp
[2.574s] -- Up-to-date: /home/anmol/ws_offboard_control/install/action_tutorials_interfaces/include/action_tutorials_interfaces/action_tutorials_interfaces/action/detail/offboard__traits.hpp
[2.575s] -- Installing: /home/anmol/ws_offboard_control/install/action_tutorials_interfaces/include/action_tutorials_interfaces/action_tutorials_interfaces/action/detail/command__builder.hpp
[2.585s] -- Up-to-date: /home/anmol/ws_offboard_control/install/action_tutorials_interfaces/include/action_tutorials_interfaces/action_tutorials_interfaces/action/detail/offboard__builder.hpp
[2.585s] -- Up-to-date: /home/anmol/ws_offboard_control/install/action_tutorials_interfaces/include/action_tutorials_interfaces/action_tutorials_interfaces/action/detail/fibonacci__struct.hpp
[2.585s] -- Up-to-date: /home/anmol/ws_offboard_control/install/action_tutorials_interfaces/include/action_tutorials_interfaces/action_tutorials_interfaces/action/detail/command__struct.hpp
[2.585s] -- Up-to-date: /home/anmol/ws_offboard_control/install/action_tutorials_interfaces/include/action_tutorials_interfaces/action_tutorials_interfaces/action/command.hpp
[2.586s] -- Up-to-date: /home/anmol/ws_offboard_control/install/action_tutorials_interfaces/include/action_tutorials_interfaces/action_tutorials_interfaces/action/offboard.hpp
[2.586s] -- Up-to-date: /home/anmol/ws_offboard_control/install/action_tutorials_interfaces/include/action_tutorials_interfaces/action_tutorials_interfaces/action/fibonacci.hpp
[2.586s] -- Up-to-date: /home/anmol/ws_offboard_control/install/action_tutorials_interfaces/include/action_tutorials_interfaces/action_tutorials_interfaces
[2.586s] -- Up-to-date: /home/anmol/ws_offboard_control/install/action_tutorials_interfaces/include/action_tutorials_interfaces/action_tutorials_interfaces/action
[2.586s] -- Up-to-date: /home/anmol/ws_offboard_control/install/action_tutorials_interfaces/include/action_tutorials_interfaces/action_tutorials_interfaces/action/detail
[2.586s] -- Up-to-date: /home/anmol/ws_offboard_control/install/action_tutorials_interfaces/include/action_tutorials_interfaces/action_tutorials_interfaces/action/detail/command__rosidl_typesupport_fastrtps_cpp.hpp
[2.586s] -- Up-to-date: /home/anmol/ws_offboard_control/install/action_tutorials_interfaces/include/action_tutorials_interfaces/action_tutorials_interfaces/action/detail/offboard__rosidl_typesupport_fastrtps_cpp.hpp
[2.586s] -- Up-to-date: /home/anmol/ws_offboard_control/install/action_tutorials_interfaces/include/action_tutorials_interfaces/action_tutorials_interfaces/action/detail/dds_fastrtps
[2.587s] -- Up-to-date: /home/anmol/ws_offboard_control/install/action_tutorials_interfaces/include/action_tutorials_interfaces/action_tutorials_interfaces/action/detail/fibonacci__rosidl_typesupport_fastrtps_cpp.hpp
[2.587s] -- Up-to-date: /home/anmol/ws_offboard_control/install/action_tutorials_interfaces/include/action_tutorials_interfaces/action_tutorials_interfaces/msg
[2.587s] -- Up-to-date: /home/anmol/ws_offboard_control/install/action_tutorials_interfaces/include/action_tutorials_interfaces/action_tutorials_interfaces/msg/rosidl_typesupport_fastrtps_cpp__visibility_control.h
[2.587s] -- Installing: /home/anmol/ws_offboard_control/install/action_tutorials_interfaces/lib/libaction_tutorials_interfaces__rosidl_typesupport_fastrtps_cpp.so
[2.588s] -- Set runtime path of "/home/anmol/ws_offboard_control/install/action_tutorials_interfaces/lib/libaction_tutorials_interfaces__rosidl_typesupport_fastrtps_cpp.so" to ""
[2.588s] -- Up-to-date: /home/anmol/ws_offboard_control/install/action_tutorials_interfaces/include/action_tutorials_interfaces/action_tutorials_interfaces
[2.588s] -- Up-to-date: /home/anmol/ws_offboard_control/install/action_tutorials_interfaces/include/action_tutorials_interfaces/action_tutorials_interfaces/action
[2.588s] -- Up-to-date: /home/anmol/ws_offboard_control/install/action_tutorials_interfaces/include/action_tutorials_interfaces/action_tutorials_interfaces/action/detail
[2.588s] -- Up-to-date: /home/anmol/ws_offboard_control/install/action_tutorials_interfaces/include/action_tutorials_interfaces/action_tutorials_interfaces/action/detail/command__rosidl_typesupport_introspection_cpp.hpp
[2.588s] -- Up-to-date: /home/anmol/ws_offboard_control/install/action_tutorials_interfaces/include/action_tutorials_interfaces/action_tutorials_interfaces/action/detail/fibonacci__rosidl_typesupport_introspection_cpp.hpp
[2.588s] -- Up-to-date: /home/anmol/ws_offboard_control/install/action_tutorials_interfaces/include/action_tutorials_interfaces/action_tutorials_interfaces/action/detail/fibonacci__type_support.cpp
[2.588s] -- Up-to-date: /home/anmol/ws_offboard_control/install/action_tutorials_interfaces/include/action_tutorials_interfaces/action_tutorials_interfaces/action/detail/offboard__rosidl_typesupport_introspection_cpp.hpp
[2.588s] -- Up-to-date: /home/anmol/ws_offboard_control/install/action_tutorials_interfaces/include/action_tutorials_interfaces/action_tutorials_interfaces/action/detail/command__type_support.cpp
[2.588s] -- Up-to-date: /home/anmol/ws_offboard_control/install/action_tutorials_interfaces/include/action_tutorials_interfaces/action_tutorials_interfaces/action/detail/offboard__type_support.cpp
[2.589s] -- Installing: /home/anmol/ws_offboard_control/install/action_tutorials_interfaces/lib/libaction_tutorials_interfaces__rosidl_typesupport_introspection_cpp.so
[2.589s] -- Set runtime path of "/home/anmol/ws_offboard_control/install/action_tutorials_interfaces/lib/libaction_tutorials_interfaces__rosidl_typesupport_introspection_cpp.so" to ""
[2.590s] -- Installing: /home/anmol/ws_offboard_control/install/action_tutorials_interfaces/lib/libaction_tutorials_interfaces__rosidl_typesupport_cpp.so
[2.591s] -- Set runtime path of "/home/anmol/ws_offboard_control/install/action_tutorials_interfaces/lib/libaction_tutorials_interfaces__rosidl_typesupport_cpp.so" to ""
[2.591s] -- Up-to-date: /home/anmol/ws_offboard_control/install/action_tutorials_interfaces/share/action_tutorials_interfaces/environment/pythonpath.sh
[2.591s] -- Installing: /home/anmol/ws_offboard_control/install/action_tutorials_interfaces/share/action_tutorials_interfaces/environment/pythonpath.dsv
[2.591s] -- Up-to-date: /home/anmol/ws_offboard_control/install/action_tutorials_interfaces/local/lib/python3.10/dist-packages/action_tutorials_interfaces-0.0.0-py3.10.egg-info
[2.591s] -- Installing: /home/anmol/ws_offboard_control/install/action_tutorials_interfaces/local/lib/python3.10/dist-packages/action_tutorials_interfaces-0.0.0-py3.10.egg-info/dependency_links.txt
[2.592s] -- Installing: /home/anmol/ws_offboard_control/install/action_tutorials_interfaces/local/lib/python3.10/dist-packages/action_tutorials_interfaces-0.0.0-py3.10.egg-info/SOURCES.txt
[2.592s] -- Installing: /home/anmol/ws_offboard_control/install/action_tutorials_interfaces/local/lib/python3.10/dist-packages/action_tutorials_interfaces-0.0.0-py3.10.egg-info/PKG-INFO
[2.592s] -- Installing: /home/anmol/ws_offboard_control/install/action_tutorials_interfaces/local/lib/python3.10/dist-packages/action_tutorials_interfaces-0.0.0-py3.10.egg-info/top_level.txt
[2.592s] -- Up-to-date: /home/anmol/ws_offboard_control/install/action_tutorials_interfaces/local/lib/python3.10/dist-packages/action_tutorials_interfaces
[2.592s] -- Up-to-date: /home/anmol/ws_offboard_control/install/action_tutorials_interfaces/local/lib/python3.10/dist-packages/action_tutorials_interfaces/_action_tutorials_interfaces_s.ep.rosidl_typesupport_fastrtps_c.c
[2.593s] -- Up-to-date: /home/anmol/ws_offboard_control/install/action_tutorials_interfaces/local/lib/python3.10/dist-packages/action_tutorials_interfaces/action
[2.593s] -- Up-to-date: /home/anmol/ws_offboard_control/install/action_tutorials_interfaces/local/lib/python3.10/dist-packages/action_tutorials_interfaces/action/_command_s.c
[2.593s] -- Up-to-date: /home/anmol/ws_offboard_control/install/action_tutorials_interfaces/local/lib/python3.10/dist-packages/action_tutorials_interfaces/action/_command.py
[2.593s] -- Up-to-date: /home/anmol/ws_offboard_control/install/action_tutorials_interfaces/local/lib/python3.10/dist-packages/action_tutorials_interfaces/action/__init__.py
[2.593s] -- Up-to-date: /home/anmol/ws_offboard_control/install/action_tutorials_interfaces/local/lib/python3.10/dist-packages/action_tutorials_interfaces/action/_offboard_s.c
[2.593s] -- Up-to-date: /home/anmol/ws_offboard_control/install/action_tutorials_interfaces/local/lib/python3.10/dist-packages/action_tutorials_interfaces/action/_fibonacci_s.c
[2.593s] -- Up-to-date: /home/anmol/ws_offboard_control/install/action_tutorials_interfaces/local/lib/python3.10/dist-packages/action_tutorials_interfaces/action/_offboard.py
[2.593s] -- Up-to-date: /home/anmol/ws_offboard_control/install/action_tutorials_interfaces/local/lib/python3.10/dist-packages/action_tutorials_interfaces/action/_fibonacci.py
[2.593s] -- Up-to-date: /home/anmol/ws_offboard_control/install/action_tutorials_interfaces/local/lib/python3.10/dist-packages/action_tutorials_interfaces/_action_tutorials_interfaces_s.ep.rosidl_typesupport_c.c
[2.593s] -- Up-to-date: /home/anmol/ws_offboard_control/install/action_tutorials_interfaces/local/lib/python3.10/dist-packages/action_tutorials_interfaces/_action_tutorials_interfaces_s.ep.rosidl_typesupport_introspection_c.c
[2.593s] -- Installing: /home/anmol/ws_offboard_control/install/action_tutorials_interfaces/local/lib/python3.10/dist-packages/action_tutorials_interfaces/action_tutorials_interfaces_s__rosidl_typesupport_fastrtps_c.cpython-310-x86_64-linux-gnu.so
[2.593s] -- Installing: /home/anmol/ws_offboard_control/install/action_tutorials_interfaces/local/lib/python3.10/dist-packages/action_tutorials_interfaces/action_tutorials_interfaces_s__rosidl_typesupport_c.cpython-310-x86_64-linux-gnu.so
[2.594s] -- Installing: /home/anmol/ws_offboard_control/install/action_tutorials_interfaces/local/lib/python3.10/dist-packages/action_tutorials_interfaces/__init__.py
[2.594s] -- Installing: /home/anmol/ws_offboard_control/install/action_tutorials_interfaces/local/lib/python3.10/dist-packages/action_tutorials_interfaces/libaction_tutorials_interfaces__rosidl_generator_py.so
[2.594s] -- Installing: /home/anmol/ws_offboard_control/install/action_tutorials_interfaces/local/lib/python3.10/dist-packages/action_tutorials_interfaces/action_tutorials_interfaces_s__rosidl_typesupport_introspection_c.cpython-310-x86_64-linux-gnu.so
[2.637s] Listing '/home/anmol/ws_offboard_control/install/action_tutorials_interfaces/local/lib/python3.10/dist-packages/action_tutorials_interfaces'...
[2.637s] Compiling '/home/anmol/ws_offboard_control/install/action_tutorials_interfaces/local/lib/python3.10/dist-packages/action_tutorials_interfaces/__init__.py'...
[2.637s] Listing '/home/anmol/ws_offboard_control/install/action_tutorials_interfaces/local/lib/python3.10/dist-packages/action_tutorials_interfaces/action'...
[2.643s] -- Installing: /home/anmol/ws_offboard_control/install/action_tutorials_interfaces/local/lib/python3.10/dist-packages/action_tutorials_interfaces/action_tutorials_interfaces_s__rosidl_typesupport_fastrtps_c.cpython-310-x86_64-linux-gnu.so
[2.644s] -- Set runtime path of "/home/anmol/ws_offboard_control/install/action_tutorials_interfaces/local/lib/python3.10/dist-packages/action_tutorials_interfaces/action_tutorials_interfaces_s__rosidl_typesupport_fastrtps_c.cpython-310-x86_64-linux-gnu.so" to ""
[2.644s] -- Installing: /home/anmol/ws_offboard_control/install/action_tutorials_interfaces/local/lib/python3.10/dist-packages/action_tutorials_interfaces/action_tutorials_interfaces_s__rosidl_typesupport_introspection_c.cpython-310-x86_64-linux-gnu.so
[2.645s] -- Set runtime path of "/home/anmol/ws_offboard_control/install/action_tutorials_interfaces/local/lib/python3.10/dist-packages/action_tutorials_interfaces/action_tutorials_interfaces_s__rosidl_typesupport_introspection_c.cpython-310-x86_64-linux-gnu.so" to ""
[2.645s] -- Installing: /home/anmol/ws_offboard_control/install/action_tutorials_interfaces/local/lib/python3.10/dist-packages/action_tutorials_interfaces/action_tutorials_interfaces_s__rosidl_typesupport_c.cpython-310-x86_64-linux-gnu.so
[2.646s] -- Set runtime path of "/home/anmol/ws_offboard_control/install/action_tutorials_interfaces/local/lib/python3.10/dist-packages/action_tutorials_interfaces/action_tutorials_interfaces_s__rosidl_typesupport_c.cpython-310-x86_64-linux-gnu.so" to ""
[2.646s] -- Installing: /home/anmol/ws_offboard_control/install/action_tutorials_interfaces/lib/libaction_tutorials_interfaces__rosidl_generator_py.so
[2.647s] -- Set runtime path of "/home/anmol/ws_offboard_control/install/action_tutorials_interfaces/lib/libaction_tutorials_interfaces__rosidl_generator_py.so" to ""
[2.647s] -- Up-to-date: /home/anmol/ws_offboard_control/install/action_tutorials_interfaces/share/action_tutorials_interfaces/action/Command.idl
[2.647s] -- Installing: /home/anmol/ws_offboard_control/install/action_tutorials_interfaces/share/action_tutorials_interfaces/action/Command.action
[2.647s] -- Up-to-date: /home/anmol/ws_offboard_control/install/action_tutorials_interfaces/share/ament_index/resource_index/package_run_dependencies/action_tutorials_interfaces
[2.647s] -- Up-to-date: /home/anmol/ws_offboard_control/install/action_tutorials_interfaces/share/ament_index/resource_index/parent_prefix_path/action_tutorials_interfaces
[2.648s] -- Up-to-date: /home/anmol/ws_offboard_control/install/action_tutorials_interfaces/share/action_tutorials_interfaces/environment/ament_prefix_path.sh
[2.648s] -- Installing: /home/anmol/ws_offboard_control/install/action_tutorials_interfaces/share/action_tutorials_interfaces/environment/ament_prefix_path.dsv
[2.648s] -- Up-to-date: /home/anmol/ws_offboard_control/install/action_tutorials_interfaces/share/action_tutorials_interfaces/environment/path.sh
[2.648s] -- Installing: /home/anmol/ws_offboard_control/install/action_tutorials_interfaces/share/action_tutorials_interfaces/environment/path.dsv
[2.648s] -- Up-to-date: /home/anmol/ws_offboard_control/install/action_tutorials_interfaces/share/action_tutorials_interfaces/local_setup.bash
[2.648s] -- Up-to-date: /home/anmol/ws_offboard_control/install/action_tutorials_interfaces/share/action_tutorials_interfaces/local_setup.sh
[2.648s] -- Up-to-date: /home/anmol/ws_offboard_control/install/action_tutorials_interfaces/share/action_tutorials_interfaces/local_setup.zsh
[2.648s] -- Installing: /home/anmol/ws_offboard_control/install/action_tutorials_interfaces/share/action_tutorials_interfaces/local_setup.dsv
[2.649s] -- Installing: /home/anmol/ws_offboard_control/install/action_tutorials_interfaces/share/action_tutorials_interfaces/package.dsv
[2.649s] -- Up-to-date: /home/anmol/ws_offboard_control/install/action_tutorials_interfaces/share/ament_index/resource_index/packages/action_tutorials_interfaces
[2.649s] -- Up-to-date: /home/anmol/ws_offboard_control/install/action_tutorials_interfaces/share/action_tutorials_interfaces/cmake/export_action_tutorials_interfaces__rosidl_generator_cExport.cmake
[2.649s] -- Up-to-date: /home/anmol/ws_offboard_control/install/action_tutorials_interfaces/share/action_tutorials_interfaces/cmake/export_action_tutorials_interfaces__rosidl_generator_cExport-noconfig.cmake
[2.649s] -- Up-to-date: /home/anmol/ws_offboard_control/install/action_tutorials_interfaces/share/action_tutorials_interfaces/cmake/export_action_tutorials_interfaces__rosidl_typesupport_fastrtps_cExport.cmake
[2.650s] -- Up-to-date: /home/anmol/ws_offboard_control/install/action_tutorials_interfaces/share/action_tutorials_interfaces/cmake/export_action_tutorials_interfaces__rosidl_typesupport_fastrtps_cExport-noconfig.cmake
[2.650s] -- Up-to-date: /home/anmol/ws_offboard_control/install/action_tutorials_interfaces/share/action_tutorials_interfaces/cmake/action_tutorials_interfaces__rosidl_typesupport_introspection_cExport.cmake
[2.650s] -- Up-to-date: /home/anmol/ws_offboard_control/install/action_tutorials_interfaces/share/action_tutorials_interfaces/cmake/action_tutorials_interfaces__rosidl_typesupport_introspection_cExport-noconfig.cmake
[2.650s] -- Up-to-date: /home/anmol/ws_offboard_control/install/action_tutorials_interfaces/share/action_tutorials_interfaces/cmake/action_tutorials_interfaces__rosidl_typesupport_cExport.cmake
[2.650s] -- Up-to-date: /home/anmol/ws_offboard_control/install/action_tutorials_interfaces/share/action_tutorials_interfaces/cmake/action_tutorials_interfaces__rosidl_typesupport_cExport-noconfig.cmake
[2.650s] -- Up-to-date: /home/anmol/ws_offboard_control/install/action_tutorials_interfaces/share/action_tutorials_interfaces/cmake/export_action_tutorials_interfaces__rosidl_generator_cppExport.cmake
[2.651s] -- Up-to-date: /home/anmol/ws_offboard_control/install/action_tutorials_interfaces/share/action_tutorials_interfaces/cmake/export_action_tutorials_interfaces__rosidl_typesupport_fastrtps_cppExport.cmake
[2.651s] -- Up-to-date: /home/anmol/ws_offboard_control/install/action_tutorials_interfaces/share/action_tutorials_interfaces/cmake/export_action_tutorials_interfaces__rosidl_typesupport_fastrtps_cppExport-noconfig.cmake
[2.651s] -- Up-to-date: /home/anmol/ws_offboard_control/install/action_tutorials_interfaces/share/action_tutorials_interfaces/cmake/action_tutorials_interfaces__rosidl_typesupport_introspection_cppExport.cmake
[2.651s] -- Up-to-date: /home/anmol/ws_offboard_control/install/action_tutorials_interfaces/share/action_tutorials_interfaces/cmake/action_tutorials_interfaces__rosidl_typesupport_introspection_cppExport-noconfig.cmake
[2.651s] -- Up-to-date: /home/anmol/ws_offboard_control/install/action_tutorials_interfaces/share/action_tutorials_interfaces/cmake/action_tutorials_interfaces__rosidl_typesupport_cppExport.cmake
[2.651s] -- Up-to-date: /home/anmol/ws_offboard_control/install/action_tutorials_interfaces/share/action_tutorials_interfaces/cmake/action_tutorials_interfaces__rosidl_typesupport_cppExport-noconfig.cmake
[2.652s] -- Up-to-date: /home/anmol/ws_offboard_control/install/action_tutorials_interfaces/share/action_tutorials_interfaces/cmake/export_action_tutorials_interfaces__rosidl_generator_pyExport.cmake
[2.652s] -- Up-to-date: /home/anmol/ws_offboard_control/install/action_tutorials_interfaces/share/action_tutorials_interfaces/cmake/export_action_tutorials_interfaces__rosidl_generator_pyExport-noconfig.cmake
[2.652s] -- Installing: /home/anmol/ws_offboard_control/install/action_tutorials_interfaces/share/action_tutorials_interfaces/cmake/rosidl_cmake-extras.cmake
[2.652s] -- Up-to-date: /home/anmol/ws_offboard_control/install/action_tutorials_interfaces/share/action_tutorials_interfaces/cmake/ament_cmake_export_dependencies-extras.cmake
[2.652s] -- Up-to-date: /home/anmol/ws_offboard_control/install/action_tutorials_interfaces/share/action_tutorials_interfaces/cmake/ament_cmake_export_include_directories-extras.cmake
[2.652s] -- Up-to-date: /home/anmol/ws_offboard_control/install/action_tutorials_interfaces/share/action_tutorials_interfaces/cmake/ament_cmake_export_libraries-extras.cmake
[2.652s] -- Up-to-date: /home/anmol/ws_offboard_control/install/action_tutorials_interfaces/share/action_tutorials_interfaces/cmake/ament_cmake_export_targets-extras.cmake
[2.653s] -- Up-to-date: /home/anmol/ws_offboard_control/install/action_tutorials_interfaces/share/action_tutorials_interfaces/cmake/rosidl_cmake_export_typesupport_targets-extras.cmake
[2.653s] -- Up-to-date: /home/anmol/ws_offboard_control/install/action_tutorials_interfaces/share/action_tutorials_interfaces/cmake/rosidl_cmake_export_typesupport_libraries-extras.cmake
[2.653s] -- Up-to-date: /home/anmol/ws_offboard_control/install/action_tutorials_interfaces/share/action_tutorials_interfaces/cmake/action_tutorials_interfacesConfig.cmake
[2.653s] -- Up-to-date: /home/anmol/ws_offboard_control/install/action_tutorials_interfaces/share/action_tutorials_interfaces/cmake/action_tutorials_interfacesConfig-version.cmake
[2.653s] -- Up-to-date: /home/anmol/ws_offboard_control/install/action_tutorials_interfaces/share/action_tutorials_interfaces/package.xml
[2.656s] Invoked command in '/home/anmol/ws_offboard_control/build/action_tutorials_interfaces' returned '0': CMAKE_PREFIX_PATH=${CMAKE_PREFIX_PATH}:/home/anmol/ws_offboard_control/install/manual_key_control:/opt/ros/humble /usr/bin/cmake --install /home/anmol/ws_offboard_control/build/action_tutorials_interfaces
