running egg_info
creating ../../build/manual_key_control/manual_key_control.egg-info
writing ../../build/manual_key_control/manual_key_control.egg-info/PKG-INFO
writing dependency_links to ../../build/manual_key_control/manual_key_control.egg-info/dependency_links.txt
writing entry points to ../../build/manual_key_control/manual_key_control.egg-info/entry_points.txt
writing requirements to ../../build/manual_key_control/manual_key_control.egg-info/requires.txt
writing top-level names to ../../build/manual_key_control/manual_key_control.egg-info/top_level.txt
writing manifest file '../../build/manual_key_control/manual_key_control.egg-info/SOURCES.txt'
reading manifest file '../../build/manual_key_control/manual_key_control.egg-info/SOURCES.txt'
writing manifest file '../../build/manual_key_control/manual_key_control.egg-info/SOURCES.txt'
running build
running build_py
creating /home/anmol/ws_offboard_control/build/manual_key_control/build
creating /home/anmol/ws_offboard_control/build/manual_key_control/build/lib
creating /home/anmol/ws_offboard_control/build/manual_key_control/build/lib/manual_key_control
copying manual_key_control/arm.py -> /home/anmol/ws_offboard_control/build/manual_key_control/build/lib/manual_key_control
copying manual_key_control/__init__.py -> /home/anmol/ws_offboard_control/build/manual_key_control/build/lib/manual_key_control
running install
/usr/lib/python3/dist-packages/setuptools/command/install.py:34: SetuptoolsDeprecationWarning: setup.py install is deprecated. Use build and pip and other standards-based tools.
  warnings.warn(
running install_lib
creating /home/anmol/ws_offboard_control/install/manual_key_control/lib/python3.10/site-packages/manual_key_control
copying /home/anmol/ws_offboard_control/build/manual_key_control/build/lib/manual_key_control/arm.py -> /home/anmol/ws_offboard_control/install/manual_key_control/lib/python3.10/site-packages/manual_key_control
copying /home/anmol/ws_offboard_control/build/manual_key_control/build/lib/manual_key_control/__init__.py -> /home/anmol/ws_offboard_control/install/manual_key_control/lib/python3.10/site-packages/manual_key_control
byte-compiling /home/anmol/ws_offboard_control/install/manual_key_control/lib/python3.10/site-packages/manual_key_control/arm.py to arm.cpython-310.pyc
byte-compiling /home/anmol/ws_offboard_control/install/manual_key_control/lib/python3.10/site-packages/manual_key_control/__init__.py to __init__.cpython-310.pyc
running install_data
creating /home/anmol/ws_offboard_control/install/manual_key_control/share/ament_index
creating /home/anmol/ws_offboard_control/install/manual_key_control/share/ament_index/resource_index
creating /home/anmol/ws_offboard_control/install/manual_key_control/share/ament_index/resource_index/packages
copying resource/manual_key_control -> /home/anmol/ws_offboard_control/install/manual_key_control/share/ament_index/resource_index/packages
copying package.xml -> /home/anmol/ws_offboard_control/install/manual_key_control/share/manual_key_control
running install_egg_info
Copying ../../build/manual_key_control/manual_key_control.egg-info to /home/anmol/ws_offboard_control/install/manual_key_control/lib/python3.10/site-packages/manual_key_control-0.0.0-py3.10.egg-info
running install_scripts
writing list of installed files to '/home/anmol/ws_offboard_control/build/manual_key_control/install.log'
