[0.588s] Invoking command in '/home/anmol/ws_offboard_control/src/manual_key_control': PYTHONPATH=/home/anmol/ws_offboard_control/build/manual_key_control/prefix_override:/home/anmol/ws_offboard_control/install/manual_key_control/lib/python3.10/site-packages:${PYTHONPATH} /usr/bin/python3 setup.py egg_info --egg-base ../../build/manual_key_control build --build-base /home/anmol/ws_offboard_control/build/manual_key_control/build install --record /home/anmol/ws_offboard_control/build/manual_key_control/install.log --single-version-externally-managed
[0.813s] running egg_info
[0.814s] creating ../../build/manual_key_control/manual_key_control.egg-info
[0.814s] writing ../../build/manual_key_control/manual_key_control.egg-info/PKG-INFO
[0.814s] writing dependency_links to ../../build/manual_key_control/manual_key_control.egg-info/dependency_links.txt
[0.814s] writing entry points to ../../build/manual_key_control/manual_key_control.egg-info/entry_points.txt
[0.814s] writing requirements to ../../build/manual_key_control/manual_key_control.egg-info/requires.txt
[0.815s] writing top-level names to ../../build/manual_key_control/manual_key_control.egg-info/top_level.txt
[0.815s] writing manifest file '../../build/manual_key_control/manual_key_control.egg-info/SOURCES.txt'
[0.816s] reading manifest file '../../build/manual_key_control/manual_key_control.egg-info/SOURCES.txt'
[0.816s] writing manifest file '../../build/manual_key_control/manual_key_control.egg-info/SOURCES.txt'
[0.816s] running build
[0.816s] running build_py
[0.816s] creating /home/anmol/ws_offboard_control/build/manual_key_control/build
[0.816s] creating /home/anmol/ws_offboard_control/build/manual_key_control/build/lib
[0.817s] creating /home/anmol/ws_offboard_control/build/manual_key_control/build/lib/manual_key_control
[0.817s] copying manual_key_control/arm.py -> /home/anmol/ws_offboard_control/build/manual_key_control/build/lib/manual_key_control
[0.817s] copying manual_key_control/__init__.py -> /home/anmol/ws_offboard_control/build/manual_key_control/build/lib/manual_key_control
[0.817s] running install
[0.817s] /usr/lib/python3/dist-packages/setuptools/command/install.py:34: SetuptoolsDeprecationWarning: setup.py install is deprecated. Use build and pip and other standards-based tools.
[0.817s]   warnings.warn(
[0.817s] running install_lib
[0.818s] creating /home/anmol/ws_offboard_control/install/manual_key_control/lib/python3.10/site-packages/manual_key_control
[0.818s] copying /home/anmol/ws_offboard_control/build/manual_key_control/build/lib/manual_key_control/arm.py -> /home/anmol/ws_offboard_control/install/manual_key_control/lib/python3.10/site-packages/manual_key_control
[0.818s] copying /home/anmol/ws_offboard_control/build/manual_key_control/build/lib/manual_key_control/__init__.py -> /home/anmol/ws_offboard_control/install/manual_key_control/lib/python3.10/site-packages/manual_key_control
[0.818s] byte-compiling /home/anmol/ws_offboard_control/install/manual_key_control/lib/python3.10/site-packages/manual_key_control/arm.py to arm.cpython-310.pyc
[0.819s] byte-compiling /home/anmol/ws_offboard_control/install/manual_key_control/lib/python3.10/site-packages/manual_key_control/__init__.py to __init__.cpython-310.pyc
[0.819s] running install_data
[0.820s] creating /home/anmol/ws_offboard_control/install/manual_key_control/share/ament_index
[0.820s] creating /home/anmol/ws_offboard_control/install/manual_key_control/share/ament_index/resource_index
[0.820s] creating /home/anmol/ws_offboard_control/install/manual_key_control/share/ament_index/resource_index/packages
[0.820s] copying resource/manual_key_control -> /home/anmol/ws_offboard_control/install/manual_key_control/share/ament_index/resource_index/packages
[0.820s] copying package.xml -> /home/anmol/ws_offboard_control/install/manual_key_control/share/manual_key_control
[0.820s] running install_egg_info
[0.822s] Copying ../../build/manual_key_control/manual_key_control.egg-info to /home/anmol/ws_offboard_control/install/manual_key_control/lib/python3.10/site-packages/manual_key_control-0.0.0-py3.10.egg-info
[0.822s] running install_scripts
[0.839s] writing list of installed files to '/home/anmol/ws_offboard_control/build/manual_key_control/install.log'
[0.870s] Invoked command in '/home/anmol/ws_offboard_control/src/manual_key_control' returned '0': PYTHONPATH=/home/anmol/ws_offboard_control/build/manual_key_control/prefix_override:/home/anmol/ws_offboard_control/install/manual_key_control/lib/python3.10/site-packages:${PYTHONPATH} /usr/bin/python3 setup.py egg_info --egg-base ../../build/manual_key_control build --build-base /home/anmol/ws_offboard_control/build/manual_key_control/build install --record /home/anmol/ws_offboard_control/build/manual_key_control/install.log --single-version-externally-managed
