[0.174s] Invoking command in '/home/anmol/ws_offboard_control/build/action_commands': CMAKE_PREFIX_PATH=${CMAKE_PREFIX_PATH}:/home/anmol/ws_offboard_control/install/manual_key_control:/opt/ros/humble /usr/bin/cmake --build /home/anmol/ws_offboard_control/build/action_commands -- -j12 -l12
[0.238s] -- Found ament_cmake: 1.3.6 (/opt/ros/humble/share/ament_cmake/cmake)
[0.625s] -- Found ament_lint_auto: 0.12.9 (/opt/ros/humble/share/ament_lint_auto/cmake)
[0.794s] -- Found rosidl_default_generators: 1.2.0 (/opt/ros/humble/share/rosidl_default_generators/cmake)
[0.800s] -- Using all available rosidl_typesupport_c: rosidl_typesupport_fastrtps_c;rosidl_typesupport_introspection_c
[0.807s] -- Found rosidl_adapter: 3.1.5 (/opt/ros/humble/share/rosidl_adapter/cmake)
[0.889s] -- Using all available rosidl_typesupport_cpp: rosidl_typesupport_fastrtps_cpp;rosidl_typesupport_introspection_cpp
[1.790s] -- Found ament_cmake_ros: 0.10.0 (/opt/ros/humble/share/ament_cmake_ros/cmake)
[2.418s] -- Using all available rosidl_typesupport_c: rosidl_typesupport_fastrtps_c;rosidl_typesupport_introspection_c
[3.117s] -- Using all available rosidl_typesupport_cpp: rosidl_typesupport_fastrtps_cpp;rosidl_typesupport_introspection_cpp
[3.180s] -- Found python_cmake_module: 0.10.0 (/opt/ros/humble/share/python_cmake_module/cmake)
[3.241s] -- Using PYTHON_EXECUTABLE: /usr/bin/python3
[3.242s] -- Using PYTHON_INCLUDE_DIRS: /usr/include/python3.10
[3.242s] -- Using PYTHON_LIBRARIES: /usr/lib/x86_64-linux-gnu/libpython3.10.so
[3.310s] -- Added test 'lint_cmake' to check CMake code style
[3.313s] -- Added test 'xmllint' to check XML markup files
[3.322s] -- Configuring done
[3.413s] -- Generating done
[3.423s] -- Build files have been written to: /home/anmol/ws_offboard_control/build/action_commands
[3.505s] [35m[1mConsolidate compiler generated dependencies of target action_commands__rosidl_generator_c[0m
[3.548s] [  3%] Built target action_commands__cpp
[3.549s] [ 12%] Built target action_commands__rosidl_generator_c
[3.579s] [ 12%] Built target ament_cmake_python_copy_action_commands
[3.590s] [35m[1mConsolidate compiler generated dependencies of target action_commands__rosidl_typesupport_cpp[0m
[3.594s] [35m[1mConsolidate compiler generated dependencies of target action_commands__rosidl_typesupport_fastrtps_c[0m
[3.596s] [35m[1mConsolidate compiler generated dependencies of target action_commands__rosidl_typesupport_introspection_c[0m
[3.599s] [35m[1mConsolidate compiler generated dependencies of target action_commands__rosidl_typesupport_fastrtps_cpp[0m
[3.606s] [35m[1mConsolidate compiler generated dependencies of target action_commands__rosidl_typesupport_introspection_cpp[0m
[3.615s] [35m[1mConsolidate compiler generated dependencies of target action_commands__rosidl_typesupport_c[0m
[3.645s] [ 22%] Built target action_commands__rosidl_typesupport_introspection_c
[3.668s] [ 32%] Built target action_commands__rosidl_typesupport_fastrtps_cpp
[3.671s] [ 41%] Built target action_commands__rosidl_typesupport_introspection_cpp
[3.672s] [ 51%] Built target action_commands__rosidl_typesupport_fastrtps_c
[3.672s] [ 61%] Built target action_commands__rosidl_typesupport_cpp
[3.676s] [ 70%] Built target action_commands__rosidl_typesupport_c
[3.741s] [ 70%] Built target action_commands
[3.817s] [ 74%] Built target action_commands__py
[3.856s] [35m[1mConsolidate compiler generated dependencies of target action_commands__rosidl_generator_py[0m
[3.910s] [ 80%] Built target action_commands__rosidl_generator_py
[3.944s] [35m[1mConsolidate compiler generated dependencies of target action_commands__rosidl_typesupport_fastrtps_c__pyext[0m
[3.951s] [35m[1mConsolidate compiler generated dependencies of target action_commands__rosidl_typesupport_introspection_c__pyext[0m
[3.953s] [35m[1mConsolidate compiler generated dependencies of target action_commands__rosidl_typesupport_c__pyext[0m
[4.003s] [ 87%] Built target action_commands__rosidl_typesupport_fastrtps_c__pyext
[4.008s] [ 93%] Built target action_commands__rosidl_typesupport_introspection_c__pyext
[4.010s] [100%] Built target action_commands__rosidl_typesupport_c__pyext
[4.276s] running egg_info
[4.278s] writing action_commands.egg-info/PKG-INFO
[4.278s] writing dependency_links to action_commands.egg-info/dependency_links.txt
[4.278s] writing top-level names to action_commands.egg-info/top_level.txt
[4.284s] reading manifest file 'action_commands.egg-info/SOURCES.txt'
[4.285s] writing manifest file 'action_commands.egg-info/SOURCES.txt'
[4.347s] [100%] Built target ament_cmake_python_build_action_commands_egg
[4.378s] Invoked command in '/home/anmol/ws_offboard_control/build/action_commands' returned '0': CMAKE_PREFIX_PATH=${CMAKE_PREFIX_PATH}:/home/anmol/ws_offboard_control/install/manual_key_control:/opt/ros/humble /usr/bin/cmake --build /home/anmol/ws_offboard_control/build/action_commands -- -j12 -l12
[4.562s] Invoking command in '/home/anmol/ws_offboard_control/build/action_commands': CMAKE_PREFIX_PATH=${CMAKE_PREFIX_PATH}:/home/anmol/ws_offboard_control/install/manual_key_control:/opt/ros/humble /usr/bin/cmake --install /home/anmol/ws_offboard_control/build/action_commands
[4.582s] -- Install configuration: ""
[4.582s] -- Up-to-date: /home/anmol/ws_offboard_control/install/action_commands/share/ament_index/resource_index/rosidl_interfaces/action_commands
[4.583s] -- Up-to-date: /home/anmol/ws_offboard_control/install/action_commands/include/action_commands/action_commands
[4.583s] -- Up-to-date: /home/anmol/ws_offboard_control/install/action_commands/include/action_commands/action_commands/action
[4.583s] -- Up-to-date: /home/anmol/ws_offboard_control/install/action_commands/include/action_commands/action_commands/action/command.h
[4.584s] -- Up-to-date: /home/anmol/ws_offboard_control/install/action_commands/include/action_commands/action_commands/action/detail
[4.584s] -- Up-to-date: /home/anmol/ws_offboard_control/install/action_commands/include/action_commands/action_commands/action/detail/command__type_support.h
[4.584s] -- Up-to-date: /home/anmol/ws_offboard_control/install/action_commands/include/action_commands/action_commands/action/detail/command__struct.h
[4.585s] -- Up-to-date: /home/anmol/ws_offboard_control/install/action_commands/include/action_commands/action_commands/action/detail/command__functions.h
[4.585s] -- Up-to-date: /home/anmol/ws_offboard_control/install/action_commands/include/action_commands/action_commands/action/detail/command__functions.c
[4.585s] -- Up-to-date: /home/anmol/ws_offboard_control/install/action_commands/include/action_commands/action_commands/msg
[4.585s] -- Up-to-date: /home/anmol/ws_offboard_control/install/action_commands/include/action_commands/action_commands/msg/rosidl_generator_c__visibility_control.h
[4.586s] -- Up-to-date: /home/anmol/ws_offboard_control/install/action_commands/share/action_commands/environment/library_path.sh
[4.586s] -- Installing: /home/anmol/ws_offboard_control/install/action_commands/share/action_commands/environment/library_path.dsv
[4.586s] -- Up-to-date: /home/anmol/ws_offboard_control/install/action_commands/lib/libaction_commands__rosidl_generator_c.so
[4.586s] -- Up-to-date: /home/anmol/ws_offboard_control/install/action_commands/include/action_commands/action_commands
[4.587s] -- Up-to-date: /home/anmol/ws_offboard_control/install/action_commands/include/action_commands/action_commands/action
[4.587s] -- Up-to-date: /home/anmol/ws_offboard_control/install/action_commands/include/action_commands/action_commands/action/detail
[4.587s] -- Up-to-date: /home/anmol/ws_offboard_control/install/action_commands/include/action_commands/action_commands/action/detail/command__rosidl_typesupport_fastrtps_c.h
[4.587s] -- Up-to-date: /home/anmol/ws_offboard_control/install/action_commands/include/action_commands/action_commands/msg
[4.588s] -- Up-to-date: /home/anmol/ws_offboard_control/install/action_commands/include/action_commands/action_commands/msg/rosidl_typesupport_fastrtps_c__visibility_control.h
[4.588s] -- Up-to-date: /home/anmol/ws_offboard_control/install/action_commands/lib/libaction_commands__rosidl_typesupport_fastrtps_c.so
[4.588s] -- Up-to-date: /home/anmol/ws_offboard_control/install/action_commands/include/action_commands/action_commands
[4.589s] -- Up-to-date: /home/anmol/ws_offboard_control/install/action_commands/include/action_commands/action_commands/action
[4.589s] -- Up-to-date: /home/anmol/ws_offboard_control/install/action_commands/include/action_commands/action_commands/action/detail
[4.589s] -- Up-to-date: /home/anmol/ws_offboard_control/install/action_commands/include/action_commands/action_commands/action/detail/command__type_support.c
[4.589s] -- Up-to-date: /home/anmol/ws_offboard_control/install/action_commands/include/action_commands/action_commands/action/detail/command__rosidl_typesupport_introspection_c.h
[4.590s] -- Up-to-date: /home/anmol/ws_offboard_control/install/action_commands/include/action_commands/action_commands/msg
[4.590s] -- Up-to-date: /home/anmol/ws_offboard_control/install/action_commands/include/action_commands/action_commands/msg/rosidl_typesupport_introspection_c__visibility_control.h
[4.590s] -- Up-to-date: /home/anmol/ws_offboard_control/install/action_commands/lib/libaction_commands__rosidl_typesupport_introspection_c.so
[4.591s] -- Up-to-date: /home/anmol/ws_offboard_control/install/action_commands/lib/libaction_commands__rosidl_typesupport_c.so
[4.591s] -- Up-to-date: /home/anmol/ws_offboard_control/install/action_commands/include/action_commands/action_commands
[4.591s] -- Up-to-date: /home/anmol/ws_offboard_control/install/action_commands/include/action_commands/action_commands/action
[4.592s] -- Up-to-date: /home/anmol/ws_offboard_control/install/action_commands/include/action_commands/action_commands/action/detail
[4.592s] -- Up-to-date: /home/anmol/ws_offboard_control/install/action_commands/include/action_commands/action_commands/action/detail/command__traits.hpp
[4.592s] -- Up-to-date: /home/anmol/ws_offboard_control/install/action_commands/include/action_commands/action_commands/action/detail/command__builder.hpp
[4.592s] -- Up-to-date: /home/anmol/ws_offboard_control/install/action_commands/include/action_commands/action_commands/action/detail/command__struct.hpp
[4.593s] -- Up-to-date: /home/anmol/ws_offboard_control/install/action_commands/include/action_commands/action_commands/action/command.hpp
[4.593s] -- Up-to-date: /home/anmol/ws_offboard_control/install/action_commands/include/action_commands/action_commands
[4.593s] -- Up-to-date: /home/anmol/ws_offboard_control/install/action_commands/include/action_commands/action_commands/action
[4.593s] -- Up-to-date: /home/anmol/ws_offboard_control/install/action_commands/include/action_commands/action_commands/action/detail
[4.594s] -- Up-to-date: /home/anmol/ws_offboard_control/install/action_commands/include/action_commands/action_commands/action/detail/command__rosidl_typesupport_fastrtps_cpp.hpp
[4.594s] -- Up-to-date: /home/anmol/ws_offboard_control/install/action_commands/include/action_commands/action_commands/action/detail/dds_fastrtps
[4.594s] -- Up-to-date: /home/anmol/ws_offboard_control/install/action_commands/include/action_commands/action_commands/msg
[4.594s] -- Up-to-date: /home/anmol/ws_offboard_control/install/action_commands/include/action_commands/action_commands/msg/rosidl_typesupport_fastrtps_cpp__visibility_control.h
[4.595s] -- Up-to-date: /home/anmol/ws_offboard_control/install/action_commands/lib/libaction_commands__rosidl_typesupport_fastrtps_cpp.so
[4.595s] -- Up-to-date: /home/anmol/ws_offboard_control/install/action_commands/include/action_commands/action_commands
[4.595s] -- Up-to-date: /home/anmol/ws_offboard_control/install/action_commands/include/action_commands/action_commands/action
[4.596s] -- Up-to-date: /home/anmol/ws_offboard_control/install/action_commands/include/action_commands/action_commands/action/detail
[4.596s] -- Up-to-date: /home/anmol/ws_offboard_control/install/action_commands/include/action_commands/action_commands/action/detail/command__rosidl_typesupport_introspection_cpp.hpp
[4.596s] -- Up-to-date: /home/anmol/ws_offboard_control/install/action_commands/include/action_commands/action_commands/action/detail/command__type_support.cpp
[4.596s] -- Up-to-date: /home/anmol/ws_offboard_control/install/action_commands/lib/libaction_commands__rosidl_typesupport_introspection_cpp.so
[4.596s] -- Up-to-date: /home/anmol/ws_offboard_control/install/action_commands/lib/libaction_commands__rosidl_typesupport_cpp.so
[4.597s] -- Up-to-date: /home/anmol/ws_offboard_control/install/action_commands/share/action_commands/environment/pythonpath.sh
[4.597s] -- Installing: /home/anmol/ws_offboard_control/install/action_commands/share/action_commands/environment/pythonpath.dsv
[4.597s] -- Up-to-date: /home/anmol/ws_offboard_control/install/action_commands/local/lib/python3.10/dist-packages/action_commands-0.0.0-py3.10.egg-info
[4.597s] -- Installing: /home/anmol/ws_offboard_control/install/action_commands/local/lib/python3.10/dist-packages/action_commands-0.0.0-py3.10.egg-info/dependency_links.txt
[4.597s] -- Installing: /home/anmol/ws_offboard_control/install/action_commands/local/lib/python3.10/dist-packages/action_commands-0.0.0-py3.10.egg-info/SOURCES.txt
[4.598s] -- Installing: /home/anmol/ws_offboard_control/install/action_commands/local/lib/python3.10/dist-packages/action_commands-0.0.0-py3.10.egg-info/PKG-INFO
[4.598s] -- Installing: /home/anmol/ws_offboard_control/install/action_commands/local/lib/python3.10/dist-packages/action_commands-0.0.0-py3.10.egg-info/top_level.txt
[4.598s] -- Up-to-date: /home/anmol/ws_offboard_control/install/action_commands/local/lib/python3.10/dist-packages/action_commands
[4.598s] -- Up-to-date: /home/anmol/ws_offboard_control/install/action_commands/local/lib/python3.10/dist-packages/action_commands/action_commands_s__rosidl_typesupport_c.cpython-310-x86_64-linux-gnu.so
[4.598s] -- Up-to-date: /home/anmol/ws_offboard_control/install/action_commands/local/lib/python3.10/dist-packages/action_commands/action
[4.599s] -- Up-to-date: /home/anmol/ws_offboard_control/install/action_commands/local/lib/python3.10/dist-packages/action_commands/action/_command_s.c
[4.599s] -- Up-to-date: /home/anmol/ws_offboard_control/install/action_commands/local/lib/python3.10/dist-packages/action_commands/action/_command.py
[4.599s] -- Up-to-date: /home/anmol/ws_offboard_control/install/action_commands/local/lib/python3.10/dist-packages/action_commands/action/__init__.py
[4.599s] -- Up-to-date: /home/anmol/ws_offboard_control/install/action_commands/local/lib/python3.10/dist-packages/action_commands/libaction_commands__rosidl_generator_py.so
[4.599s] -- Up-to-date: /home/anmol/ws_offboard_control/install/action_commands/local/lib/python3.10/dist-packages/action_commands/_action_commands_s.ep.rosidl_typesupport_c.c
[4.600s] -- Installing: /home/anmol/ws_offboard_control/install/action_commands/local/lib/python3.10/dist-packages/action_commands/__init__.py
[4.600s] -- Up-to-date: /home/anmol/ws_offboard_control/install/action_commands/local/lib/python3.10/dist-packages/action_commands/_action_commands_s.ep.rosidl_typesupport_fastrtps_c.c
[4.600s] -- Up-to-date: /home/anmol/ws_offboard_control/install/action_commands/local/lib/python3.10/dist-packages/action_commands/action_commands_s__rosidl_typesupport_fastrtps_c.cpython-310-x86_64-linux-gnu.so
[4.600s] -- Up-to-date: /home/anmol/ws_offboard_control/install/action_commands/local/lib/python3.10/dist-packages/action_commands/action_commands_s__rosidl_typesupport_introspection_c.cpython-310-x86_64-linux-gnu.so
[4.600s] -- Up-to-date: /home/anmol/ws_offboard_control/install/action_commands/local/lib/python3.10/dist-packages/action_commands/_action_commands_s.ep.rosidl_typesupport_introspection_c.c
[4.661s] Listing '/home/anmol/ws_offboard_control/install/action_commands/local/lib/python3.10/dist-packages/action_commands'...
[4.661s] Compiling '/home/anmol/ws_offboard_control/install/action_commands/local/lib/python3.10/dist-packages/action_commands/__init__.py'...
[4.661s] Listing '/home/anmol/ws_offboard_control/install/action_commands/local/lib/python3.10/dist-packages/action_commands/action'...
[4.670s] -- Up-to-date: /home/anmol/ws_offboard_control/install/action_commands/local/lib/python3.10/dist-packages/action_commands/action_commands_s__rosidl_typesupport_fastrtps_c.cpython-310-x86_64-linux-gnu.so
[4.671s] -- Up-to-date: /home/anmol/ws_offboard_control/install/action_commands/local/lib/python3.10/dist-packages/action_commands/action_commands_s__rosidl_typesupport_introspection_c.cpython-310-x86_64-linux-gnu.so
[4.672s] -- Up-to-date: /home/anmol/ws_offboard_control/install/action_commands/local/lib/python3.10/dist-packages/action_commands/action_commands_s__rosidl_typesupport_c.cpython-310-x86_64-linux-gnu.so
[4.673s] -- Up-to-date: /home/anmol/ws_offboard_control/install/action_commands/lib/libaction_commands__rosidl_generator_py.so
[4.673s] -- Up-to-date: /home/anmol/ws_offboard_control/install/action_commands/share/action_commands/action/Command.idl
[4.674s] -- Up-to-date: /home/anmol/ws_offboard_control/install/action_commands/share/action_commands/action/Command.action
[4.674s] -- Up-to-date: /home/anmol/ws_offboard_control/install/action_commands/share/ament_index/resource_index/package_run_dependencies/action_commands
[4.674s] -- Installing: /home/anmol/ws_offboard_control/install/action_commands/share/ament_index/resource_index/parent_prefix_path/action_commands
[4.674s] -- Up-to-date: /home/anmol/ws_offboard_control/install/action_commands/share/action_commands/environment/ament_prefix_path.sh
[4.674s] -- Installing: /home/anmol/ws_offboard_control/install/action_commands/share/action_commands/environment/ament_prefix_path.dsv
[4.675s] -- Up-to-date: /home/anmol/ws_offboard_control/install/action_commands/share/action_commands/environment/path.sh
[4.675s] -- Installing: /home/anmol/ws_offboard_control/install/action_commands/share/action_commands/environment/path.dsv
[4.676s] -- Up-to-date: /home/anmol/ws_offboard_control/install/action_commands/share/action_commands/local_setup.bash
[4.676s] -- Up-to-date: /home/anmol/ws_offboard_control/install/action_commands/share/action_commands/local_setup.sh
[4.676s] -- Up-to-date: /home/anmol/ws_offboard_control/install/action_commands/share/action_commands/local_setup.zsh
[4.676s] -- Installing: /home/anmol/ws_offboard_control/install/action_commands/share/action_commands/local_setup.dsv
[4.677s] -- Installing: /home/anmol/ws_offboard_control/install/action_commands/share/action_commands/package.dsv
[4.677s] -- Up-to-date: /home/anmol/ws_offboard_control/install/action_commands/share/ament_index/resource_index/packages/action_commands
[4.677s] -- Up-to-date: /home/anmol/ws_offboard_control/install/action_commands/share/action_commands/cmake/export_action_commands__rosidl_generator_cExport.cmake
[4.677s] -- Up-to-date: /home/anmol/ws_offboard_control/install/action_commands/share/action_commands/cmake/export_action_commands__rosidl_generator_cExport-noconfig.cmake
[4.678s] -- Up-to-date: /home/anmol/ws_offboard_control/install/action_commands/share/action_commands/cmake/export_action_commands__rosidl_typesupport_fastrtps_cExport.cmake
[4.678s] -- Up-to-date: /home/anmol/ws_offboard_control/install/action_commands/share/action_commands/cmake/export_action_commands__rosidl_typesupport_fastrtps_cExport-noconfig.cmake
[4.678s] -- Up-to-date: /home/anmol/ws_offboard_control/install/action_commands/share/action_commands/cmake/action_commands__rosidl_typesupport_introspection_cExport.cmake
[4.679s] -- Up-to-date: /home/anmol/ws_offboard_control/install/action_commands/share/action_commands/cmake/action_commands__rosidl_typesupport_introspection_cExport-noconfig.cmake
[4.679s] -- Up-to-date: /home/anmol/ws_offboard_control/install/action_commands/share/action_commands/cmake/action_commands__rosidl_typesupport_cExport.cmake
[4.679s] -- Up-to-date: /home/anmol/ws_offboard_control/install/action_commands/share/action_commands/cmake/action_commands__rosidl_typesupport_cExport-noconfig.cmake
[4.679s] -- Up-to-date: /home/anmol/ws_offboard_control/install/action_commands/share/action_commands/cmake/export_action_commands__rosidl_generator_cppExport.cmake
[4.679s] -- Up-to-date: /home/anmol/ws_offboard_control/install/action_commands/share/action_commands/cmake/export_action_commands__rosidl_typesupport_fastrtps_cppExport.cmake
[4.680s] -- Up-to-date: /home/anmol/ws_offboard_control/install/action_commands/share/action_commands/cmake/export_action_commands__rosidl_typesupport_fastrtps_cppExport-noconfig.cmake
[4.680s] -- Up-to-date: /home/anmol/ws_offboard_control/install/action_commands/share/action_commands/cmake/action_commands__rosidl_typesupport_introspection_cppExport.cmake
[4.680s] -- Up-to-date: /home/anmol/ws_offboard_control/install/action_commands/share/action_commands/cmake/action_commands__rosidl_typesupport_introspection_cppExport-noconfig.cmake
[4.680s] -- Up-to-date: /home/anmol/ws_offboard_control/install/action_commands/share/action_commands/cmake/action_commands__rosidl_typesupport_cppExport.cmake
[4.681s] -- Up-to-date: /home/anmol/ws_offboard_control/install/action_commands/share/action_commands/cmake/action_commands__rosidl_typesupport_cppExport-noconfig.cmake
[4.681s] -- Up-to-date: /home/anmol/ws_offboard_control/install/action_commands/share/action_commands/cmake/export_action_commands__rosidl_generator_pyExport.cmake
[4.681s] -- Up-to-date: /home/anmol/ws_offboard_control/install/action_commands/share/action_commands/cmake/export_action_commands__rosidl_generator_pyExport-noconfig.cmake
[4.681s] -- Up-to-date: /home/anmol/ws_offboard_control/install/action_commands/share/action_commands/cmake/rosidl_cmake-extras.cmake
[4.682s] -- Up-to-date: /home/anmol/ws_offboard_control/install/action_commands/share/action_commands/cmake/ament_cmake_export_dependencies-extras.cmake
[4.682s] -- Up-to-date: /home/anmol/ws_offboard_control/install/action_commands/share/action_commands/cmake/ament_cmake_export_include_directories-extras.cmake
[4.682s] -- Up-to-date: /home/anmol/ws_offboard_control/install/action_commands/share/action_commands/cmake/ament_cmake_export_libraries-extras.cmake
[4.682s] -- Up-to-date: /home/anmol/ws_offboard_control/install/action_commands/share/action_commands/cmake/ament_cmake_export_targets-extras.cmake
[4.682s] -- Up-to-date: /home/anmol/ws_offboard_control/install/action_commands/share/action_commands/cmake/rosidl_cmake_export_typesupport_targets-extras.cmake
[4.682s] -- Up-to-date: /home/anmol/ws_offboard_control/install/action_commands/share/action_commands/cmake/rosidl_cmake_export_typesupport_libraries-extras.cmake
[4.683s] -- Up-to-date: /home/anmol/ws_offboard_control/install/action_commands/share/action_commands/cmake/action_commandsConfig.cmake
[4.683s] -- Up-to-date: /home/anmol/ws_offboard_control/install/action_commands/share/action_commands/cmake/action_commandsConfig-version.cmake
[4.683s] -- Installing: /home/anmol/ws_offboard_control/install/action_commands/share/action_commands/package.xml
[4.689s] Invoked command in '/home/anmol/ws_offboard_control/build/action_commands' returned '0': CMAKE_PREFIX_PATH=${CMAKE_PREFIX_PATH}:/home/anmol/ws_offboard_control/install/manual_key_control:/opt/ros/humble /usr/bin/cmake --install /home/anmol/ws_offboard_control/build/action_commands
