[0.091s] Invoking command in '/home/anmol/ws_offboard_control/build/custom_msgs': CMAKE_PREFIX_PATH=${CMAKE_PREFIX_PATH}:/home/anmol/ws_offboard_control/install/manual_key_control:/opt/ros/humble /usr/bin/cmake /home/anmol/ws_offboard_control/src/custom_msgs -DCMAKE_INSTALL_PREFIX=/home/anmol/ws_offboard_control/install/custom_msgs
[0.108s] -- Found ament_cmake: 1.3.6 (/opt/ros/humble/share/ament_cmake/cmake)
[0.332s] -- Found rosidl_default_generators: 1.2.0 (/opt/ros/humble/share/rosidl_default_generators/cmake)
[0.335s] -- Using all available rosidl_typesupport_c: rosidl_typesupport_fastrtps_c;rosidl_typesupport_introspection_c
[0.338s] -- Found rosidl_adapter: 3.1.5 (/opt/ros/humble/share/rosidl_adapter/cmake)
[0.382s] -- Using all available rosidl_typesupport_cpp: rosidl_typesupport_fastrtps_cpp;rosidl_typesupport_introspection_cpp
[0.416s] -- Found geometry_msgs: 4.2.3 (/opt/ros/humble/share/geometry_msgs/cmake)
[0.957s] -- Found ament_cmake_ros: 0.10.0 (/opt/ros/humble/share/ament_cmake_ros/cmake)
[1.307s] -- Using all available rosidl_typesupport_c: rosidl_typesupport_fastrtps_c;rosidl_typesupport_introspection_c
[1.744s] -- Using all available rosidl_typesupport_cpp: rosidl_typesupport_fastrtps_cpp;rosidl_typesupport_introspection_cpp
[1.773s] -- Found PythonInterp: /usr/bin/python3 (found suitable version "3.10.12", minimum required is "3.6") 
[1.775s] -- Found python_cmake_module: 0.10.0 (/opt/ros/humble/share/python_cmake_module/cmake)
[1.810s] -- Found PythonLibs: /usr/lib/x86_64-linux-gnu/libpython3.10.so (found suitable version "3.10.12", minimum required is "3.5") 
[1.811s] -- Using PYTHON_EXECUTABLE: /usr/bin/python3
[1.811s] -- Using PYTHON_INCLUDE_DIRS: /usr/include/python3.10
[1.811s] -- Using PYTHON_LIBRARIES: /usr/lib/x86_64-linux-gnu/libpython3.10.so
[1.839s] -- Found PythonExtra: .so  
[1.919s] -- Found ament_lint_auto: 0.12.9 (/opt/ros/humble/share/ament_lint_auto/cmake)
[1.946s] -- Added test 'lint_cmake' to check CMake code style
[1.948s] -- Added test 'xmllint' to check XML markup files
[1.952s] -- Configuring done
[2.001s] -- Generating done
[2.005s] -- Build files have been written to: /home/anmol/ws_offboard_control/build/custom_msgs
[2.015s] Invoked command in '/home/anmol/ws_offboard_control/build/custom_msgs' returned '0': CMAKE_PREFIX_PATH=${CMAKE_PREFIX_PATH}:/home/anmol/ws_offboard_control/install/manual_key_control:/opt/ros/humble /usr/bin/cmake /home/anmol/ws_offboard_control/src/custom_msgs -DCMAKE_INSTALL_PREFIX=/home/anmol/ws_offboard_control/install/custom_msgs
[2.018s] Invoking command in '/home/anmol/ws_offboard_control/build/custom_msgs': CMAKE_PREFIX_PATH=${CMAKE_PREFIX_PATH}:/home/anmol/ws_offboard_control/install/manual_key_control:/opt/ros/humble /usr/bin/cmake --build /home/anmol/ws_offboard_control/build/custom_msgs -- -j12 -l12
[2.078s] [  3%] [34m[1mGenerating C code for ROS interfaces[0m
[2.092s] [  6%] [34m[1mGenerating C++ code for ROS interfaces[0m
[2.109s] [  6%] Built target ament_cmake_python_copy_custom_msgs
[2.415s] running egg_info
[2.416s] creating custom_msgs.egg-info
[2.416s] writing custom_msgs.egg-info/PKG-INFO
[2.416s] writing dependency_links to custom_msgs.egg-info/dependency_links.txt
[2.417s] writing top-level names to custom_msgs.egg-info/top_level.txt
[2.417s] writing manifest file 'custom_msgs.egg-info/SOURCES.txt'
[2.420s] reading manifest file 'custom_msgs.egg-info/SOURCES.txt'
[2.420s] writing manifest file 'custom_msgs.egg-info/SOURCES.txt'
[2.421s] [  9%] [32mBuilding C object CMakeFiles/custom_msgs__rosidl_generator_c.dir/rosidl_generator_c/custom_msgs/msg/detail/board__functions.c.o[0m
[2.430s] [  9%] Built target custom_msgs__cpp
[2.447s] [ 12%] [34m[1mGenerating C++ type support dispatch for ROS interfaces[0m
[2.447s] [ 16%] [34m[1mGenerating C++ type support for eProsima Fast-RTPS[0m
[2.447s] [ 19%] [34m[1mGenerating C++ introspection for ROS interfaces[0m
[2.468s] [ 19%] Built target ament_cmake_python_build_custom_msgs_egg
[2.494s] [ 22%] [32m[1mLinking C shared library libcustom_msgs__rosidl_generator_c.so[0m
[2.553s] [ 22%] Built target custom_msgs__rosidl_generator_c
[2.568s] [ 29%] [34m[1mGenerating C type support for eProsima Fast-RTPS[0m
[2.569s] [ 32%] [34m[1mGenerating C type support dispatch for ROS interfaces[0m
[2.569s] [ 32%] [34m[1mGenerating C introspection for ROS interfaces[0m
[2.755s] [ 35%] [32mBuilding CXX object CMakeFiles/custom_msgs__rosidl_typesupport_cpp.dir/rosidl_typesupport_cpp/custom_msgs/msg/board__type_support.cpp.o[0m
[2.792s] [ 38%] [32mBuilding CXX object CMakeFiles/custom_msgs__rosidl_typesupport_introspection_cpp.dir/rosidl_typesupport_introspection_cpp/custom_msgs/msg/detail/board__type_support.cpp.o[0m
[2.795s] [ 41%] [32mBuilding CXX object CMakeFiles/custom_msgs__rosidl_typesupport_fastrtps_cpp.dir/rosidl_typesupport_fastrtps_cpp/custom_msgs/msg/detail/dds_fastrtps/board__type_support.cpp.o[0m
[2.875s] [ 45%] [32mBuilding CXX object CMakeFiles/custom_msgs__rosidl_typesupport_c.dir/rosidl_typesupport_c/custom_msgs/msg/board__type_support.cpp.o[0m
[2.910s] [ 48%] [32mBuilding C object CMakeFiles/custom_msgs__rosidl_typesupport_introspection_c.dir/rosidl_typesupport_introspection_c/custom_msgs/msg/detail/board__type_support.c.o[0m
[2.914s] [ 51%] [32mBuilding CXX object CMakeFiles/custom_msgs__rosidl_typesupport_fastrtps_c.dir/rosidl_typesupport_fastrtps_c/custom_msgs/msg/detail/board__type_support_c.cpp.o[0m
[2.923s] [ 54%] [32m[1mLinking CXX shared library libcustom_msgs__rosidl_typesupport_c.so[0m
[2.964s] [ 58%] [32m[1mLinking C shared library libcustom_msgs__rosidl_typesupport_introspection_c.so[0m
[2.986s] [ 58%] Built target custom_msgs__rosidl_typesupport_c
[3.013s] [ 58%] Built target custom_msgs__rosidl_typesupport_introspection_c
[3.092s] [ 61%] [32m[1mLinking CXX shared library libcustom_msgs__rosidl_typesupport_cpp.so[0m
[3.156s] [ 61%] Built target custom_msgs__rosidl_typesupport_cpp
[3.247s] [ 64%] [32m[1mLinking CXX shared library libcustom_msgs__rosidl_typesupport_introspection_cpp.so[0m
[3.286s] [ 67%] [32m[1mLinking CXX shared library libcustom_msgs__rosidl_typesupport_fastrtps_cpp.so[0m
[3.312s] [ 67%] Built target custom_msgs__rosidl_typesupport_introspection_cpp
[3.334s] [ 70%] [32m[1mLinking CXX shared library libcustom_msgs__rosidl_typesupport_fastrtps_c.so[0m
[3.416s] [ 70%] Built target custom_msgs__rosidl_typesupport_fastrtps_cpp
[3.460s] [ 70%] Built target custom_msgs__rosidl_typesupport_fastrtps_c
[3.491s] [ 70%] Built target custom_msgs
[3.524s] [ 74%] [34m[1mGenerating Python code for ROS interfaces[0m
[3.946s] [ 74%] Built target custom_msgs__py
[3.979s] [ 77%] [32mBuilding C object CMakeFiles/custom_msgs__rosidl_generator_py.dir/rosidl_generator_py/custom_msgs/msg/_board_s.c.o[0m
[4.124s] [ 80%] [32m[1mLinking C shared library rosidl_generator_py/custom_msgs/libcustom_msgs__rosidl_generator_py.so[0m
[4.188s] [ 80%] Built target custom_msgs__rosidl_generator_py
[4.218s] [ 87%] [32mBuilding C object CMakeFiles/custom_msgs__rosidl_typesupport_fastrtps_c__pyext.dir/rosidl_generator_py/custom_msgs/_custom_msgs_s.ep.rosidl_typesupport_fastrtps_c.c.o[0m
[4.219s] [ 87%] [32mBuilding C object CMakeFiles/custom_msgs__rosidl_typesupport_c__pyext.dir/rosidl_generator_py/custom_msgs/_custom_msgs_s.ep.rosidl_typesupport_c.c.o[0m
[4.219s] [ 90%] [32mBuilding C object CMakeFiles/custom_msgs__rosidl_typesupport_introspection_c__pyext.dir/rosidl_generator_py/custom_msgs/_custom_msgs_s.ep.rosidl_typesupport_introspection_c.c.o[0m
[4.359s] [ 96%] [32m[1mLinking C shared library rosidl_generator_py/custom_msgs/custom_msgs_s__rosidl_typesupport_c.cpython-310-x86_64-linux-gnu.so[0m
[4.359s] [ 96%] [32m[1mLinking C shared library rosidl_generator_py/custom_msgs/custom_msgs_s__rosidl_typesupport_fastrtps_c.cpython-310-x86_64-linux-gnu.so[0m
[4.360s] [100%] [32m[1mLinking C shared library rosidl_generator_py/custom_msgs/custom_msgs_s__rosidl_typesupport_introspection_c.cpython-310-x86_64-linux-gnu.so[0m
[4.419s] [100%] Built target custom_msgs__rosidl_typesupport_c__pyext
[4.420s] [100%] Built target custom_msgs__rosidl_typesupport_fastrtps_c__pyext
[4.420s] [100%] Built target custom_msgs__rosidl_typesupport_introspection_c__pyext
[4.440s] Invoked command in '/home/anmol/ws_offboard_control/build/custom_msgs' returned '0': CMAKE_PREFIX_PATH=${CMAKE_PREFIX_PATH}:/home/anmol/ws_offboard_control/install/manual_key_control:/opt/ros/humble /usr/bin/cmake --build /home/anmol/ws_offboard_control/build/custom_msgs -- -j12 -l12
[4.555s] Invoking command in '/home/anmol/ws_offboard_control/build/custom_msgs': CMAKE_PREFIX_PATH=${CMAKE_PREFIX_PATH}:/home/anmol/ws_offboard_control/install/manual_key_control:/opt/ros/humble /usr/bin/cmake --install /home/anmol/ws_offboard_control/build/custom_msgs
[4.567s] -- Install configuration: ""
[4.568s] -- Installing: /home/anmol/ws_offboard_control/install/custom_msgs/share/ament_index/resource_index/rosidl_interfaces/custom_msgs
[4.568s] -- Installing: /home/anmol/ws_offboard_control/install/custom_msgs/include/custom_msgs/custom_msgs
[4.568s] -- Installing: /home/anmol/ws_offboard_control/install/custom_msgs/include/custom_msgs/custom_msgs/msg
[4.568s] -- Installing: /home/anmol/ws_offboard_control/install/custom_msgs/include/custom_msgs/custom_msgs/msg/detail
[4.569s] -- Installing: /home/anmol/ws_offboard_control/install/custom_msgs/include/custom_msgs/custom_msgs/msg/detail/board__struct.h
[4.569s] -- Installing: /home/anmol/ws_offboard_control/install/custom_msgs/include/custom_msgs/custom_msgs/msg/detail/board__functions.c
[4.569s] -- Installing: /home/anmol/ws_offboard_control/install/custom_msgs/include/custom_msgs/custom_msgs/msg/detail/board__functions.h
[4.569s] -- Installing: /home/anmol/ws_offboard_control/install/custom_msgs/include/custom_msgs/custom_msgs/msg/detail/board__type_support.h
[4.569s] -- Installing: /home/anmol/ws_offboard_control/install/custom_msgs/include/custom_msgs/custom_msgs/msg/board.h
[4.569s] -- Installing: /home/anmol/ws_offboard_control/install/custom_msgs/include/custom_msgs/custom_msgs/msg/rosidl_generator_c__visibility_control.h
[4.569s] -- Installing: /home/anmol/ws_offboard_control/install/custom_msgs/share/custom_msgs/environment/library_path.sh
[4.570s] -- Installing: /home/anmol/ws_offboard_control/install/custom_msgs/share/custom_msgs/environment/library_path.dsv
[4.570s] -- Installing: /home/anmol/ws_offboard_control/install/custom_msgs/lib/libcustom_msgs__rosidl_generator_c.so
[4.570s] -- Set runtime path of "/home/anmol/ws_offboard_control/install/custom_msgs/lib/libcustom_msgs__rosidl_generator_c.so" to ""
[4.570s] -- Up-to-date: /home/anmol/ws_offboard_control/install/custom_msgs/include/custom_msgs/custom_msgs
[4.570s] -- Up-to-date: /home/anmol/ws_offboard_control/install/custom_msgs/include/custom_msgs/custom_msgs/msg
[4.571s] -- Up-to-date: /home/anmol/ws_offboard_control/install/custom_msgs/include/custom_msgs/custom_msgs/msg/detail
[4.571s] -- Installing: /home/anmol/ws_offboard_control/install/custom_msgs/include/custom_msgs/custom_msgs/msg/detail/board__rosidl_typesupport_fastrtps_c.h
[4.571s] -- Installing: /home/anmol/ws_offboard_control/install/custom_msgs/include/custom_msgs/custom_msgs/msg/rosidl_typesupport_fastrtps_c__visibility_control.h
[4.571s] -- Installing: /home/anmol/ws_offboard_control/install/custom_msgs/lib/libcustom_msgs__rosidl_typesupport_fastrtps_c.so
[4.571s] -- Set runtime path of "/home/anmol/ws_offboard_control/install/custom_msgs/lib/libcustom_msgs__rosidl_typesupport_fastrtps_c.so" to ""
[4.571s] -- Up-to-date: /home/anmol/ws_offboard_control/install/custom_msgs/include/custom_msgs/custom_msgs
[4.572s] -- Up-to-date: /home/anmol/ws_offboard_control/install/custom_msgs/include/custom_msgs/custom_msgs/msg
[4.572s] -- Up-to-date: /home/anmol/ws_offboard_control/install/custom_msgs/include/custom_msgs/custom_msgs/msg/detail
[4.572s] -- Installing: /home/anmol/ws_offboard_control/install/custom_msgs/include/custom_msgs/custom_msgs/msg/detail/board__rosidl_typesupport_introspection_c.h
[4.572s] -- Installing: /home/anmol/ws_offboard_control/install/custom_msgs/include/custom_msgs/custom_msgs/msg/detail/board__type_support.c
[4.572s] -- Installing: /home/anmol/ws_offboard_control/install/custom_msgs/include/custom_msgs/custom_msgs/msg/rosidl_typesupport_introspection_c__visibility_control.h
[4.572s] -- Installing: /home/anmol/ws_offboard_control/install/custom_msgs/lib/libcustom_msgs__rosidl_typesupport_introspection_c.so
[4.573s] -- Set runtime path of "/home/anmol/ws_offboard_control/install/custom_msgs/lib/libcustom_msgs__rosidl_typesupport_introspection_c.so" to ""
[4.573s] -- Installing: /home/anmol/ws_offboard_control/install/custom_msgs/lib/libcustom_msgs__rosidl_typesupport_c.so
[4.574s] -- Set runtime path of "/home/anmol/ws_offboard_control/install/custom_msgs/lib/libcustom_msgs__rosidl_typesupport_c.so" to ""
[4.574s] -- Up-to-date: /home/anmol/ws_offboard_control/install/custom_msgs/include/custom_msgs/custom_msgs
[4.574s] -- Up-to-date: /home/anmol/ws_offboard_control/install/custom_msgs/include/custom_msgs/custom_msgs/msg
[4.574s] -- Up-to-date: /home/anmol/ws_offboard_control/install/custom_msgs/include/custom_msgs/custom_msgs/msg/detail
[4.574s] -- Installing: /home/anmol/ws_offboard_control/install/custom_msgs/include/custom_msgs/custom_msgs/msg/detail/board__builder.hpp
[4.574s] -- Installing: /home/anmol/ws_offboard_control/install/custom_msgs/include/custom_msgs/custom_msgs/msg/detail/board__traits.hpp
[4.574s] -- Installing: /home/anmol/ws_offboard_control/install/custom_msgs/include/custom_msgs/custom_msgs/msg/detail/board__struct.hpp
[4.574s] -- Installing: /home/anmol/ws_offboard_control/install/custom_msgs/include/custom_msgs/custom_msgs/msg/board.hpp
[4.574s] -- Up-to-date: /home/anmol/ws_offboard_control/install/custom_msgs/include/custom_msgs/custom_msgs
[4.575s] -- Up-to-date: /home/anmol/ws_offboard_control/install/custom_msgs/include/custom_msgs/custom_msgs/msg
[4.575s] -- Up-to-date: /home/anmol/ws_offboard_control/install/custom_msgs/include/custom_msgs/custom_msgs/msg/detail
[4.575s] -- Installing: /home/anmol/ws_offboard_control/install/custom_msgs/include/custom_msgs/custom_msgs/msg/detail/dds_fastrtps
[4.575s] -- Installing: /home/anmol/ws_offboard_control/install/custom_msgs/include/custom_msgs/custom_msgs/msg/detail/board__rosidl_typesupport_fastrtps_cpp.hpp
[4.575s] -- Installing: /home/anmol/ws_offboard_control/install/custom_msgs/include/custom_msgs/custom_msgs/msg/rosidl_typesupport_fastrtps_cpp__visibility_control.h
[4.575s] -- Installing: /home/anmol/ws_offboard_control/install/custom_msgs/lib/libcustom_msgs__rosidl_typesupport_fastrtps_cpp.so
[4.576s] -- Set runtime path of "/home/anmol/ws_offboard_control/install/custom_msgs/lib/libcustom_msgs__rosidl_typesupport_fastrtps_cpp.so" to ""
[4.576s] -- Up-to-date: /home/anmol/ws_offboard_control/install/custom_msgs/include/custom_msgs/custom_msgs
[4.576s] -- Up-to-date: /home/anmol/ws_offboard_control/install/custom_msgs/include/custom_msgs/custom_msgs/msg
[4.576s] -- Up-to-date: /home/anmol/ws_offboard_control/install/custom_msgs/include/custom_msgs/custom_msgs/msg/detail
[4.576s] -- Installing: /home/anmol/ws_offboard_control/install/custom_msgs/include/custom_msgs/custom_msgs/msg/detail/board__type_support.cpp
[4.576s] -- Installing: /home/anmol/ws_offboard_control/install/custom_msgs/include/custom_msgs/custom_msgs/msg/detail/board__rosidl_typesupport_introspection_cpp.hpp
[4.576s] -- Installing: /home/anmol/ws_offboard_control/install/custom_msgs/lib/libcustom_msgs__rosidl_typesupport_introspection_cpp.so
[4.577s] -- Set runtime path of "/home/anmol/ws_offboard_control/install/custom_msgs/lib/libcustom_msgs__rosidl_typesupport_introspection_cpp.so" to ""
[4.577s] -- Installing: /home/anmol/ws_offboard_control/install/custom_msgs/lib/libcustom_msgs__rosidl_typesupport_cpp.so
[4.578s] -- Set runtime path of "/home/anmol/ws_offboard_control/install/custom_msgs/lib/libcustom_msgs__rosidl_typesupport_cpp.so" to ""
[4.578s] -- Installing: /home/anmol/ws_offboard_control/install/custom_msgs/share/custom_msgs/environment/pythonpath.sh
[4.578s] -- Installing: /home/anmol/ws_offboard_control/install/custom_msgs/share/custom_msgs/environment/pythonpath.dsv
[4.578s] -- Installing: /home/anmol/ws_offboard_control/install/custom_msgs/local/lib/python3.10/dist-packages/custom_msgs-0.0.0-py3.10.egg-info
[4.578s] -- Installing: /home/anmol/ws_offboard_control/install/custom_msgs/local/lib/python3.10/dist-packages/custom_msgs-0.0.0-py3.10.egg-info/dependency_links.txt
[4.578s] -- Installing: /home/anmol/ws_offboard_control/install/custom_msgs/local/lib/python3.10/dist-packages/custom_msgs-0.0.0-py3.10.egg-info/SOURCES.txt
[4.579s] -- Installing: /home/anmol/ws_offboard_control/install/custom_msgs/local/lib/python3.10/dist-packages/custom_msgs-0.0.0-py3.10.egg-info/PKG-INFO
[4.579s] -- Installing: /home/anmol/ws_offboard_control/install/custom_msgs/local/lib/python3.10/dist-packages/custom_msgs-0.0.0-py3.10.egg-info/top_level.txt
[4.579s] -- Installing: /home/anmol/ws_offboard_control/install/custom_msgs/local/lib/python3.10/dist-packages/custom_msgs
[4.579s] -- Installing: /home/anmol/ws_offboard_control/install/custom_msgs/local/lib/python3.10/dist-packages/custom_msgs/_custom_msgs_s.ep.rosidl_typesupport_c.c
[4.579s] -- Installing: /home/anmol/ws_offboard_control/install/custom_msgs/local/lib/python3.10/dist-packages/custom_msgs/libcustom_msgs__rosidl_generator_py.so
[4.580s] -- Installing: /home/anmol/ws_offboard_control/install/custom_msgs/local/lib/python3.10/dist-packages/custom_msgs/_custom_msgs_s.ep.rosidl_typesupport_introspection_c.c
[4.580s] -- Installing: /home/anmol/ws_offboard_control/install/custom_msgs/local/lib/python3.10/dist-packages/custom_msgs/__init__.py
[4.580s] -- Installing: /home/anmol/ws_offboard_control/install/custom_msgs/local/lib/python3.10/dist-packages/custom_msgs/_custom_msgs_s.ep.rosidl_typesupport_fastrtps_c.c
[4.580s] -- Installing: /home/anmol/ws_offboard_control/install/custom_msgs/local/lib/python3.10/dist-packages/custom_msgs/custom_msgs_s__rosidl_typesupport_introspection_c.cpython-310-x86_64-linux-gnu.so
[4.580s] -- Installing: /home/anmol/ws_offboard_control/install/custom_msgs/local/lib/python3.10/dist-packages/custom_msgs/custom_msgs_s__rosidl_typesupport_c.cpython-310-x86_64-linux-gnu.so
[4.581s] -- Installing: /home/anmol/ws_offboard_control/install/custom_msgs/local/lib/python3.10/dist-packages/custom_msgs/custom_msgs_s__rosidl_typesupport_fastrtps_c.cpython-310-x86_64-linux-gnu.so
[4.581s] -- Installing: /home/anmol/ws_offboard_control/install/custom_msgs/local/lib/python3.10/dist-packages/custom_msgs/msg
[4.581s] -- Installing: /home/anmol/ws_offboard_control/install/custom_msgs/local/lib/python3.10/dist-packages/custom_msgs/msg/__init__.py
[4.581s] -- Installing: /home/anmol/ws_offboard_control/install/custom_msgs/local/lib/python3.10/dist-packages/custom_msgs/msg/_board.py
[4.581s] -- Installing: /home/anmol/ws_offboard_control/install/custom_msgs/local/lib/python3.10/dist-packages/custom_msgs/msg/_board_s.c
[4.624s] Listing '/home/anmol/ws_offboard_control/install/custom_msgs/local/lib/python3.10/dist-packages/custom_msgs'...
[4.624s] Compiling '/home/anmol/ws_offboard_control/install/custom_msgs/local/lib/python3.10/dist-packages/custom_msgs/__init__.py'...
[4.624s] Listing '/home/anmol/ws_offboard_control/install/custom_msgs/local/lib/python3.10/dist-packages/custom_msgs/msg'...
[4.624s] Compiling '/home/anmol/ws_offboard_control/install/custom_msgs/local/lib/python3.10/dist-packages/custom_msgs/msg/__init__.py'...
[4.624s] Compiling '/home/anmol/ws_offboard_control/install/custom_msgs/local/lib/python3.10/dist-packages/custom_msgs/msg/_board.py'...
[4.630s] -- Installing: /home/anmol/ws_offboard_control/install/custom_msgs/local/lib/python3.10/dist-packages/custom_msgs/custom_msgs_s__rosidl_typesupport_fastrtps_c.cpython-310-x86_64-linux-gnu.so
[4.631s] -- Set runtime path of "/home/anmol/ws_offboard_control/install/custom_msgs/local/lib/python3.10/dist-packages/custom_msgs/custom_msgs_s__rosidl_typesupport_fastrtps_c.cpython-310-x86_64-linux-gnu.so" to ""
[4.631s] -- Installing: /home/anmol/ws_offboard_control/install/custom_msgs/local/lib/python3.10/dist-packages/custom_msgs/custom_msgs_s__rosidl_typesupport_introspection_c.cpython-310-x86_64-linux-gnu.so
[4.632s] -- Set runtime path of "/home/anmol/ws_offboard_control/install/custom_msgs/local/lib/python3.10/dist-packages/custom_msgs/custom_msgs_s__rosidl_typesupport_introspection_c.cpython-310-x86_64-linux-gnu.so" to ""
[4.632s] -- Installing: /home/anmol/ws_offboard_control/install/custom_msgs/local/lib/python3.10/dist-packages/custom_msgs/custom_msgs_s__rosidl_typesupport_c.cpython-310-x86_64-linux-gnu.so
[4.633s] -- Set runtime path of "/home/anmol/ws_offboard_control/install/custom_msgs/local/lib/python3.10/dist-packages/custom_msgs/custom_msgs_s__rosidl_typesupport_c.cpython-310-x86_64-linux-gnu.so" to ""
[4.633s] -- Installing: /home/anmol/ws_offboard_control/install/custom_msgs/lib/libcustom_msgs__rosidl_generator_py.so
[4.633s] -- Set runtime path of "/home/anmol/ws_offboard_control/install/custom_msgs/lib/libcustom_msgs__rosidl_generator_py.so" to ""
[4.634s] -- Installing: /home/anmol/ws_offboard_control/install/custom_msgs/share/custom_msgs/msg/Board.idl
[4.634s] -- Installing: /home/anmol/ws_offboard_control/install/custom_msgs/share/custom_msgs/msgs/Board.msg
[4.634s] -- Installing: /home/anmol/ws_offboard_control/install/custom_msgs/share/ament_index/resource_index/package_run_dependencies/custom_msgs
[4.634s] -- Installing: /home/anmol/ws_offboard_control/install/custom_msgs/share/ament_index/resource_index/parent_prefix_path/custom_msgs
[4.635s] -- Installing: /home/anmol/ws_offboard_control/install/custom_msgs/share/custom_msgs/environment/ament_prefix_path.sh
[4.635s] -- Installing: /home/anmol/ws_offboard_control/install/custom_msgs/share/custom_msgs/environment/ament_prefix_path.dsv
[4.635s] -- Installing: /home/anmol/ws_offboard_control/install/custom_msgs/share/custom_msgs/environment/path.sh
[4.635s] -- Installing: /home/anmol/ws_offboard_control/install/custom_msgs/share/custom_msgs/environment/path.dsv
[4.635s] -- Installing: /home/anmol/ws_offboard_control/install/custom_msgs/share/custom_msgs/local_setup.bash
[4.636s] -- Installing: /home/anmol/ws_offboard_control/install/custom_msgs/share/custom_msgs/local_setup.sh
[4.636s] -- Installing: /home/anmol/ws_offboard_control/install/custom_msgs/share/custom_msgs/local_setup.zsh
[4.636s] -- Installing: /home/anmol/ws_offboard_control/install/custom_msgs/share/custom_msgs/local_setup.dsv
[4.636s] -- Installing: /home/anmol/ws_offboard_control/install/custom_msgs/share/custom_msgs/package.dsv
[4.637s] -- Installing: /home/anmol/ws_offboard_control/install/custom_msgs/share/ament_index/resource_index/packages/custom_msgs
[4.637s] -- Installing: /home/anmol/ws_offboard_control/install/custom_msgs/share/custom_msgs/cmake/export_custom_msgs__rosidl_generator_cExport.cmake
[4.637s] -- Installing: /home/anmol/ws_offboard_control/install/custom_msgs/share/custom_msgs/cmake/export_custom_msgs__rosidl_generator_cExport-noconfig.cmake
[4.637s] -- Installing: /home/anmol/ws_offboard_control/install/custom_msgs/share/custom_msgs/cmake/export_custom_msgs__rosidl_typesupport_fastrtps_cExport.cmake
[4.637s] -- Installing: /home/anmol/ws_offboard_control/install/custom_msgs/share/custom_msgs/cmake/export_custom_msgs__rosidl_typesupport_fastrtps_cExport-noconfig.cmake
[4.638s] -- Installing: /home/anmol/ws_offboard_control/install/custom_msgs/share/custom_msgs/cmake/custom_msgs__rosidl_typesupport_introspection_cExport.cmake
[4.638s] -- Installing: /home/anmol/ws_offboard_control/install/custom_msgs/share/custom_msgs/cmake/custom_msgs__rosidl_typesupport_introspection_cExport-noconfig.cmake
[4.638s] -- Installing: /home/anmol/ws_offboard_control/install/custom_msgs/share/custom_msgs/cmake/custom_msgs__rosidl_typesupport_cExport.cmake
[4.638s] -- Installing: /home/anmol/ws_offboard_control/install/custom_msgs/share/custom_msgs/cmake/custom_msgs__rosidl_typesupport_cExport-noconfig.cmake
[4.639s] -- Installing: /home/anmol/ws_offboard_control/install/custom_msgs/share/custom_msgs/cmake/export_custom_msgs__rosidl_generator_cppExport.cmake
[4.639s] -- Installing: /home/anmol/ws_offboard_control/install/custom_msgs/share/custom_msgs/cmake/export_custom_msgs__rosidl_typesupport_fastrtps_cppExport.cmake
[4.639s] -- Installing: /home/anmol/ws_offboard_control/install/custom_msgs/share/custom_msgs/cmake/export_custom_msgs__rosidl_typesupport_fastrtps_cppExport-noconfig.cmake
[4.639s] -- Installing: /home/anmol/ws_offboard_control/install/custom_msgs/share/custom_msgs/cmake/custom_msgs__rosidl_typesupport_introspection_cppExport.cmake
[4.640s] -- Installing: /home/anmol/ws_offboard_control/install/custom_msgs/share/custom_msgs/cmake/custom_msgs__rosidl_typesupport_introspection_cppExport-noconfig.cmake
[4.640s] -- Installing: /home/anmol/ws_offboard_control/install/custom_msgs/share/custom_msgs/cmake/custom_msgs__rosidl_typesupport_cppExport.cmake
[4.640s] -- Installing: /home/anmol/ws_offboard_control/install/custom_msgs/share/custom_msgs/cmake/custom_msgs__rosidl_typesupport_cppExport-noconfig.cmake
[4.640s] -- Installing: /home/anmol/ws_offboard_control/install/custom_msgs/share/custom_msgs/cmake/export_custom_msgs__rosidl_generator_pyExport.cmake
[4.640s] -- Installing: /home/anmol/ws_offboard_control/install/custom_msgs/share/custom_msgs/cmake/export_custom_msgs__rosidl_generator_pyExport-noconfig.cmake
[4.641s] -- Installing: /home/anmol/ws_offboard_control/install/custom_msgs/share/custom_msgs/cmake/rosidl_cmake-extras.cmake
[4.641s] -- Installing: /home/anmol/ws_offboard_control/install/custom_msgs/share/custom_msgs/cmake/ament_cmake_export_dependencies-extras.cmake
[4.641s] -- Installing: /home/anmol/ws_offboard_control/install/custom_msgs/share/custom_msgs/cmake/ament_cmake_export_include_directories-extras.cmake
[4.641s] -- Installing: /home/anmol/ws_offboard_control/install/custom_msgs/share/custom_msgs/cmake/ament_cmake_export_libraries-extras.cmake
[4.641s] -- Installing: /home/anmol/ws_offboard_control/install/custom_msgs/share/custom_msgs/cmake/ament_cmake_export_targets-extras.cmake
[4.642s] -- Installing: /home/anmol/ws_offboard_control/install/custom_msgs/share/custom_msgs/cmake/rosidl_cmake_export_typesupport_targets-extras.cmake
[4.642s] -- Installing: /home/anmol/ws_offboard_control/install/custom_msgs/share/custom_msgs/cmake/rosidl_cmake_export_typesupport_libraries-extras.cmake
[4.642s] -- Installing: /home/anmol/ws_offboard_control/install/custom_msgs/share/custom_msgs/cmake/custom_msgsConfig.cmake
[4.642s] -- Installing: /home/anmol/ws_offboard_control/install/custom_msgs/share/custom_msgs/cmake/custom_msgsConfig-version.cmake
[4.642s] -- Installing: /home/anmol/ws_offboard_control/install/custom_msgs/share/custom_msgs/package.xml
[4.647s] Invoked command in '/home/anmol/ws_offboard_control/build/custom_msgs' returned '0': CMAKE_PREFIX_PATH=${CMAKE_PREFIX_PATH}:/home/anmol/ws_offboard_control/install/manual_key_control:/opt/ros/humble /usr/bin/cmake --install /home/anmol/ws_offboard_control/build/custom_msgs
