[1.024s] Invoking command in '/home/anmol/ws_offboard_control/src/manual_key_control': CMAKE_PREFIX_PATH=/home/anmol/ws_offboard_control/install/tutorial_interfaces:/home/anmol/ws_offboard_control/install/action_tutorials_interfaces:/home/anmol/ws_offboard_control/install/px4_ros_com:/home/anmol/ws_offboard_control/install/px4_msgs:/home/anmol/ws_offboard_control/install/custom_msgs LD_LIBRARY_PATH=/home/anmol/ws_offboard_control/install/tutorial_interfaces/lib:/home/anmol/ws_offboard_control/install/action_tutorials_interfaces/lib:/home/anmol/ws_offboard_control/install/px4_ros_com/lib:/home/anmol/ws_offboard_control/install/px4_msgs/lib:/home/anmol/ws_offboard_control/install/custom_msgs/lib:/opt/ros/humble/opt/rviz_ogre_vendor/lib:/opt/ros/humble/lib/x86_64-linux-gnu:/opt/ros/humble/lib PYTHONPATH=/home/anmol/ws_offboard_control/build/manual_key_control/prefix_override:/home/anmol/ws_offboard_control/install/manual_key_control/lib/python3.10/site-packages:${PYTHONPATH} /usr/bin/python3 setup.py egg_info --egg-base ../../build/manual_key_control build --build-base /home/anmol/ws_offboard_control/build/manual_key_control/build install --record /home/anmol/ws_offboard_control/build/manual_key_control/install.log --single-version-externally-managed
[1.314s] running egg_info
[1.315s] writing ../../build/manual_key_control/manual_key_control.egg-info/PKG-INFO
[1.315s] writing dependency_links to ../../build/manual_key_control/manual_key_control.egg-info/dependency_links.txt
[1.316s] writing entry points to ../../build/manual_key_control/manual_key_control.egg-info/entry_points.txt
[1.316s] writing requirements to ../../build/manual_key_control/manual_key_control.egg-info/requires.txt
[1.316s] writing top-level names to ../../build/manual_key_control/manual_key_control.egg-info/top_level.txt
[1.318s] reading manifest file '../../build/manual_key_control/manual_key_control.egg-info/SOURCES.txt'
[1.327s] writing manifest file '../../build/manual_key_control/manual_key_control.egg-info/SOURCES.txt'
[1.327s] running build
[1.328s] running build_py
[1.328s] copying manual_key_control/key_trigger.py -> /home/anmol/ws_offboard_control/build/manual_key_control/build/lib/manual_key_control
[1.328s] copying manual_key_control/key_server.py -> /home/anmol/ws_offboard_control/build/manual_key_control/build/lib/manual_key_control
[1.328s] running install
[1.329s] /usr/lib/python3/dist-packages/setuptools/command/install.py:34: SetuptoolsDeprecationWarning: setup.py install is deprecated. Use build and pip and other standards-based tools.
[1.329s]   warnings.warn(
[1.329s] running install_lib
[1.330s] copying /home/anmol/ws_offboard_control/build/manual_key_control/build/lib/manual_key_control/key_trigger.py -> /home/anmol/ws_offboard_control/install/manual_key_control/lib/python3.10/site-packages/manual_key_control
[1.330s] copying /home/anmol/ws_offboard_control/build/manual_key_control/build/lib/manual_key_control/key_server.py -> /home/anmol/ws_offboard_control/install/manual_key_control/lib/python3.10/site-packages/manual_key_control
[1.331s] byte-compiling /home/anmol/ws_offboard_control/install/manual_key_control/lib/python3.10/site-packages/manual_key_control/key_trigger.py to key_trigger.cpython-310.pyc
[1.333s] byte-compiling /home/anmol/ws_offboard_control/install/manual_key_control/lib/python3.10/site-packages/manual_key_control/key_server.py to key_server.cpython-310.pyc
[1.335s] running install_data
[1.335s] running install_egg_info
[1.337s] removing '/home/anmol/ws_offboard_control/install/manual_key_control/lib/python3.10/site-packages/manual_key_control-0.0.0-py3.10.egg-info' (and everything under it)
[1.338s] Copying ../../build/manual_key_control/manual_key_control.egg-info to /home/anmol/ws_offboard_control/install/manual_key_control/lib/python3.10/site-packages/manual_key_control-0.0.0-py3.10.egg-info
[1.339s] running install_scripts
[1.364s] Installing draw_square script to /home/anmol/ws_offboard_control/install/manual_key_control/lib/manual_key_control
[1.364s] Installing key_pub script to /home/anmol/ws_offboard_control/install/manual_key_control/lib/manual_key_control
[1.364s] Installing key_server script to /home/anmol/ws_offboard_control/install/manual_key_control/lib/manual_key_control
[1.365s] Installing key_trigger script to /home/anmol/ws_offboard_control/install/manual_key_control/lib/manual_key_control
[1.365s] writing list of installed files to '/home/anmol/ws_offboard_control/build/manual_key_control/install.log'
[1.398s] Invoked command in '/home/anmol/ws_offboard_control/src/manual_key_control' returned '0': CMAKE_PREFIX_PATH=/home/anmol/ws_offboard_control/install/tutorial_interfaces:/home/anmol/ws_offboard_control/install/action_tutorials_interfaces:/home/anmol/ws_offboard_control/install/px4_ros_com:/home/anmol/ws_offboard_control/install/px4_msgs:/home/anmol/ws_offboard_control/install/custom_msgs LD_LIBRARY_PATH=/home/anmol/ws_offboard_control/install/tutorial_interfaces/lib:/home/anmol/ws_offboard_control/install/action_tutorials_interfaces/lib:/home/anmol/ws_offboard_control/install/px4_ros_com/lib:/home/anmol/ws_offboard_control/install/px4_msgs/lib:/home/anmol/ws_offboard_control/install/custom_msgs/lib:/opt/ros/humble/opt/rviz_ogre_vendor/lib:/opt/ros/humble/lib/x86_64-linux-gnu:/opt/ros/humble/lib PYTHONPATH=/home/anmol/ws_offboard_control/build/manual_key_control/prefix_override:/home/anmol/ws_offboard_control/install/manual_key_control/lib/python3.10/site-packages:${PYTHONPATH} /usr/bin/python3 setup.py egg_info --egg-base ../../build/manual_key_control build --build-base /home/anmol/ws_offboard_control/build/manual_key_control/build install --record /home/anmol/ws_offboard_control/build/manual_key_control/install.log --single-version-externally-managed
