[0.062s] Invoking command in '/home/anmol/ws_offboard_control/build/px4_ros_com': CMAKE_PREFIX_PATH=/home/anmol/ws_offboard_control/install/px4_msgs:/home/anmol/ws_offboard_control/install/tutorial_interfaces:/home/anmol/ws_offboard_control/install/px4_ros_com:/home/anmol/ws_offboard_control/install/custom_msgs:/home/anmol/ws_offboard_control/install/action_tutorials_interfaces:/home/anmol/ws_offboard_control/install/manual_key_control:/opt/ros/humble LD_LIBRARY_PATH=/home/anmol/ws_offboard_control/install/px4_msgs/lib:/home/anmol/ws_offboard_control/install/tutorial_interfaces/lib:/home/anmol/ws_offboard_control/install/px4_ros_com/lib:/home/anmol/ws_offboard_control/install/custom_msgs/lib:/home/anmol/ws_offboard_control/install/action_tutorials_interfaces/lib:/opt/ros/humble/opt/rviz_ogre_vendor/lib:/opt/ros/humble/lib/x86_64-linux-gnu:/opt/ros/humble/lib /usr/bin/cmake --build /home/anmol/ws_offboard_control/build/px4_ros_com -- -j12 -l12
[0.136s] [ 10%] [32mBuilding CXX object CMakeFiles/frame_transforms.dir/src/lib/frame_transforms.cpp.o[0m
[0.142s] [ 90%] Built target vehicle_gps_position_listener
[0.142s] [ 90%] Built target offboard_control
[0.142s] [ 90%] Built target debug_vect_advertiser
[0.143s] [ 90%] Built target sensor_combined_listener
[6.277s] [100%] [32m[1mLinking CXX shared library libframe_transforms.so[0m
[6.551s] [100%] Built target frame_transforms
[6.565s] Invoked command in '/home/anmol/ws_offboard_control/build/px4_ros_com' returned '0': CMAKE_PREFIX_PATH=/home/anmol/ws_offboard_control/install/px4_msgs:/home/anmol/ws_offboard_control/install/tutorial_interfaces:/home/anmol/ws_offboard_control/install/px4_ros_com:/home/anmol/ws_offboard_control/install/custom_msgs:/home/anmol/ws_offboard_control/install/action_tutorials_interfaces:/home/anmol/ws_offboard_control/install/manual_key_control:/opt/ros/humble LD_LIBRARY_PATH=/home/anmol/ws_offboard_control/install/px4_msgs/lib:/home/anmol/ws_offboard_control/install/tutorial_interfaces/lib:/home/anmol/ws_offboard_control/install/px4_ros_com/lib:/home/anmol/ws_offboard_control/install/custom_msgs/lib:/home/anmol/ws_offboard_control/install/action_tutorials_interfaces/lib:/opt/ros/humble/opt/rviz_ogre_vendor/lib:/opt/ros/humble/lib/x86_64-linux-gnu:/opt/ros/humble/lib /usr/bin/cmake --build /home/anmol/ws_offboard_control/build/px4_ros_com -- -j12 -l12
[6.621s] Invoking command in '/home/anmol/ws_offboard_control/build/px4_ros_com': CMAKE_PREFIX_PATH=/home/anmol/ws_offboard_control/install/px4_msgs:/home/anmol/ws_offboard_control/install/tutorial_interfaces:/home/anmol/ws_offboard_control/install/px4_ros_com:/home/anmol/ws_offboard_control/install/custom_msgs:/home/anmol/ws_offboard_control/install/action_tutorials_interfaces:/home/anmol/ws_offboard_control/install/manual_key_control:/opt/ros/humble LD_LIBRARY_PATH=/home/anmol/ws_offboard_control/install/px4_msgs/lib:/home/anmol/ws_offboard_control/install/tutorial_interfaces/lib:/home/anmol/ws_offboard_control/install/px4_ros_com/lib:/home/anmol/ws_offboard_control/install/custom_msgs/lib:/home/anmol/ws_offboard_control/install/action_tutorials_interfaces/lib:/opt/ros/humble/opt/rviz_ogre_vendor/lib:/opt/ros/humble/lib/x86_64-linux-gnu:/opt/ros/humble/lib /usr/bin/cmake --install /home/anmol/ws_offboard_control/build/px4_ros_com
[6.629s] -- Install configuration: ""
[6.630s] -- Up-to-date: /home/anmol/ws_offboard_control/install/px4_ros_com/lib/px4_ros_com/sensor_combined_listener
[6.630s] -- Up-to-date: /home/anmol/ws_offboard_control/install/px4_ros_com/lib/px4_ros_com/vehicle_gps_position_listener
[6.631s] -- Up-to-date: /home/anmol/ws_offboard_control/install/px4_ros_com/lib/px4_ros_com/debug_vect_advertiser
[6.632s] -- Up-to-date: /home/anmol/ws_offboard_control/install/px4_ros_com/lib/px4_ros_com/offboard_control
[6.632s] -- Up-to-date: /home/anmol/ws_offboard_control/install/px4_ros_com/share/px4_ros_com/environment/library_path.sh
[6.632s] -- Up-to-date: /home/anmol/ws_offboard_control/install/px4_ros_com/share/px4_ros_com/environment/library_path.dsv
[6.632s] -- Up-to-date: /home/anmol/ws_offboard_control/install/px4_ros_com/include/px4_ros_com
[6.633s] -- Installing: /home/anmol/ws_offboard_control/install/px4_ros_com/include/px4_ros_com/frame_transforms.h
[6.633s] -- Installing: /home/anmol/ws_offboard_control/install/px4_ros_com/lib/libframe_transforms.so
[6.639s] -- Set runtime path of "/home/anmol/ws_offboard_control/install/px4_ros_com/lib/libframe_transforms.so" to ""
[6.640s] -- Up-to-date: /home/anmol/ws_offboard_control/install/px4_ros_com/share/px4_ros_com//launch
[6.640s] -- Up-to-date: /home/anmol/ws_offboard_control/install/px4_ros_com/share/px4_ros_com//launch/sensor_combined_listener.launch.py
[6.640s] -- Up-to-date: /home/anmol/ws_offboard_control/install/px4_ros_com/share/px4_ros_com//launch/offboard_control_launch.yaml
[6.640s] -- Up-to-date: /home/anmol/ws_offboard_control/install/px4_ros_com/share/px4_ros_com//test
[6.640s] -- Up-to-date: /home/anmol/ws_offboard_control/install/px4_ros_com/share/px4_ros_com//test/pipeline_io_test.py
[6.640s] -- Up-to-date: /home/anmol/ws_offboard_control/install/px4_ros_com/share/px4_ros_com//test/__init__.py
[6.640s] -- Up-to-date: /home/anmol/ws_offboard_control/install/px4_ros_com/share/px4_ros_com//test/test_output.py
[6.641s] -- Up-to-date: /home/anmol/ws_offboard_control/install/px4_ros_com/share/px4_ros_com//test/test_input.py
[6.641s] -- Up-to-date: /home/anmol/ws_offboard_control/install/px4_ros_com/share/ament_index/resource_index/package_run_dependencies/px4_ros_com
[6.641s] -- Up-to-date: /home/anmol/ws_offboard_control/install/px4_ros_com/share/ament_index/resource_index/parent_prefix_path/px4_ros_com
[6.641s] -- Up-to-date: /home/anmol/ws_offboard_control/install/px4_ros_com/share/px4_ros_com/environment/ament_prefix_path.sh
[6.641s] -- Up-to-date: /home/anmol/ws_offboard_control/install/px4_ros_com/share/px4_ros_com/environment/ament_prefix_path.dsv
[6.641s] -- Up-to-date: /home/anmol/ws_offboard_control/install/px4_ros_com/share/px4_ros_com/environment/path.sh
[6.642s] -- Up-to-date: /home/anmol/ws_offboard_control/install/px4_ros_com/share/px4_ros_com/environment/path.dsv
[6.642s] -- Up-to-date: /home/anmol/ws_offboard_control/install/px4_ros_com/share/px4_ros_com/local_setup.bash
[6.642s] -- Up-to-date: /home/anmol/ws_offboard_control/install/px4_ros_com/share/px4_ros_com/local_setup.sh
[6.642s] -- Up-to-date: /home/anmol/ws_offboard_control/install/px4_ros_com/share/px4_ros_com/local_setup.zsh
[6.642s] -- Up-to-date: /home/anmol/ws_offboard_control/install/px4_ros_com/share/px4_ros_com/local_setup.dsv
[6.642s] -- Installing: /home/anmol/ws_offboard_control/install/px4_ros_com/share/px4_ros_com/package.dsv
[6.642s] -- Up-to-date: /home/anmol/ws_offboard_control/install/px4_ros_com/share/ament_index/resource_index/packages/px4_ros_com
[6.642s] -- Up-to-date: /home/anmol/ws_offboard_control/install/px4_ros_com/share/px4_ros_com/cmake/export_frame_transformsExport.cmake
[6.642s] -- Up-to-date: /home/anmol/ws_offboard_control/install/px4_ros_com/share/px4_ros_com/cmake/export_frame_transformsExport-noconfig.cmake
[6.642s] -- Up-to-date: /home/anmol/ws_offboard_control/install/px4_ros_com/share/px4_ros_com/cmake/ament_cmake_export_dependencies-extras.cmake
[6.642s] -- Up-to-date: /home/anmol/ws_offboard_control/install/px4_ros_com/share/px4_ros_com/cmake/ament_cmake_export_targets-extras.cmake
[6.642s] -- Up-to-date: /home/anmol/ws_offboard_control/install/px4_ros_com/share/px4_ros_com/cmake/ament_cmake_export_include_directories-extras.cmake
[6.642s] -- Up-to-date: /home/anmol/ws_offboard_control/install/px4_ros_com/share/px4_ros_com/cmake/ament_cmake_export_libraries-extras.cmake
[6.642s] -- Up-to-date: /home/anmol/ws_offboard_control/install/px4_ros_com/share/px4_ros_com/cmake/px4_ros_comConfig.cmake
[6.642s] -- Up-to-date: /home/anmol/ws_offboard_control/install/px4_ros_com/share/px4_ros_com/cmake/px4_ros_comConfig-version.cmake
[6.643s] -- Up-to-date: /home/anmol/ws_offboard_control/install/px4_ros_com/share/px4_ros_com/package.xml
[6.644s] Invoked command in '/home/anmol/ws_offboard_control/build/px4_ros_com' returned '0': CMAKE_PREFIX_PATH=/home/anmol/ws_offboard_control/install/px4_msgs:/home/anmol/ws_offboard_control/install/tutorial_interfaces:/home/anmol/ws_offboard_control/install/px4_ros_com:/home/anmol/ws_offboard_control/install/custom_msgs:/home/anmol/ws_offboard_control/install/action_tutorials_interfaces:/home/anmol/ws_offboard_control/install/manual_key_control:/opt/ros/humble LD_LIBRARY_PATH=/home/anmol/ws_offboard_control/install/px4_msgs/lib:/home/anmol/ws_offboard_control/install/tutorial_interfaces/lib:/home/anmol/ws_offboard_control/install/px4_ros_com/lib:/home/anmol/ws_offboard_control/install/custom_msgs/lib:/home/anmol/ws_offboard_control/install/action_tutorials_interfaces/lib:/opt/ros/humble/opt/rviz_ogre_vendor/lib:/opt/ros/humble/lib/x86_64-linux-gnu:/opt/ros/humble/lib /usr/bin/cmake --install /home/anmol/ws_offboard_control/build/px4_ros_com
