[0.176s] Invoking command in '/home/anmol/ws_offboard_control/build/tutorial_interfaces': CMAKE_PREFIX_PATH=${CMAKE_PREFIX_PATH}:/home/anmol/ws_offboard_control/install/manual_key_control:/opt/ros/humble /usr/bin/cmake --build /home/anmol/ws_offboard_control/build/tutorial_interfaces -- -j12 -l12
[0.266s] [35m[1mConsolidate compiler generated dependencies of target tutorial_interfaces__rosidl_generator_c[0m
[0.284s] [  2%] Built target tutorial_interfaces__cpp
[0.295s] [ 12%] Built target tutorial_interfaces__rosidl_generator_c
[0.306s] [ 12%] Built target ament_cmake_python_copy_tutorial_interfaces
[0.308s] [35m[1mConsolidate compiler generated dependencies of target tutorial_interfaces__rosidl_typesupport_fastrtps_cpp[0m
[0.308s] [35m[1mConsolidate compiler generated dependencies of target tutorial_interfaces__rosidl_typesupport_cpp[0m
[0.309s] [35m[1mConsolidate compiler generated dependencies of target tutorial_interfaces__rosidl_typesupport_introspection_cpp[0m
[0.320s] [35m[1mConsolidate compiler generated dependencies of target tutorial_interfaces__rosidl_typesupport_c[0m
[0.321s] [35m[1mConsolidate compiler generated dependencies of target tutorial_interfaces__rosidl_typesupport_introspection_c[0m
[0.323s] [35m[1mConsolidate compiler generated dependencies of target tutorial_interfaces__rosidl_typesupport_fastrtps_c[0m
[0.346s] [ 34%] Built target tutorial_interfaces__rosidl_typesupport_cpp
[0.346s] [ 34%] Built target tutorial_interfaces__rosidl_typesupport_introspection_cpp
[0.348s] [ 44%] Built target tutorial_interfaces__rosidl_typesupport_c
[0.350s] [ 55%] Built target tutorial_interfaces__rosidl_typesupport_introspection_c
[0.351s] [ 65%] Built target tutorial_interfaces__rosidl_typesupport_fastrtps_cpp
[0.357s] [ 76%] Built target tutorial_interfaces__rosidl_typesupport_fastrtps_c
[0.395s] [ 76%] Built target tutorial_interfaces
[0.438s] [ 78%] Built target tutorial_interfaces__py
[0.458s] [35m[1mConsolidate compiler generated dependencies of target tutorial_interfaces__rosidl_generator_py[0m
[0.488s] [ 87%] Built target tutorial_interfaces__rosidl_generator_py
[0.507s] [35m[1mConsolidate compiler generated dependencies of target tutorial_interfaces__rosidl_typesupport_introspection_c__pyext[0m
[0.509s] [35m[1mConsolidate compiler generated dependencies of target tutorial_interfaces__rosidl_typesupport_c__pyext[0m
[0.509s] [35m[1mConsolidate compiler generated dependencies of target tutorial_interfaces__rosidl_typesupport_fastrtps_c__pyext[0m
[0.535s] [ 91%] Built target tutorial_interfaces__rosidl_typesupport_introspection_c__pyext
[0.538s] [ 95%] Built target tutorial_interfaces__rosidl_typesupport_c__pyext
[0.539s] [100%] Built target tutorial_interfaces__rosidl_typesupport_fastrtps_c__pyext
[0.653s] running egg_info
[0.654s] writing tutorial_interfaces.egg-info/PKG-INFO
[0.655s] writing dependency_links to tutorial_interfaces.egg-info/dependency_links.txt
[0.655s] writing top-level names to tutorial_interfaces.egg-info/top_level.txt
[0.658s] reading manifest file 'tutorial_interfaces.egg-info/SOURCES.txt'
[0.659s] writing manifest file 'tutorial_interfaces.egg-info/SOURCES.txt'
[0.708s] [100%] Built target ament_cmake_python_build_tutorial_interfaces_egg
[0.736s] Invoked command in '/home/anmol/ws_offboard_control/build/tutorial_interfaces' returned '0': CMAKE_PREFIX_PATH=${CMAKE_PREFIX_PATH}:/home/anmol/ws_offboard_control/install/manual_key_control:/opt/ros/humble /usr/bin/cmake --build /home/anmol/ws_offboard_control/build/tutorial_interfaces -- -j12 -l12
