[0.179s] Invoking command in '/home/anmol/ws_offboard_control/build/tutorial_interfaces': CMAKE_PREFIX_PATH=${CMAKE_PREFIX_PATH}:/home/anmol/ws_offboard_control/install/manual_key_control:/opt/ros/humble /usr/bin/cmake --build /home/anmol/ws_offboard_control/build/tutorial_interfaces -- -j12 -l12
[0.269s] [  2%] Built target tutorial_interfaces__cpp
[0.274s] [ 12%] Built target tutorial_interfaces__rosidl_generator_c
[0.290s] [ 12%] Built target ament_cmake_python_copy_tutorial_interfaces
[0.317s] [ 23%] Built target tutorial_interfaces__rosidl_typesupport_fastrtps_cpp
[0.319s] [ 34%] Built target tutorial_interfaces__rosidl_typesupport_cpp
[0.321s] [ 44%] Built target tutorial_interfaces__rosidl_typesupport_introspection_cpp
[0.323s] [ 55%] Built target tutorial_interfaces__rosidl_typesupport_introspection_c
[0.325s] [ 65%] Built target tutorial_interfaces__rosidl_typesupport_c
[0.326s] [ 76%] Built target tutorial_interfaces__rosidl_typesupport_fastrtps_c
[0.364s] [ 76%] Built target tutorial_interfaces
[0.402s] [ 78%] Built target tutorial_interfaces__py
[0.447s] [ 87%] Built target tutorial_interfaces__rosidl_generator_py
[0.485s] [100%] Built target tutorial_interfaces__rosidl_typesupport_fastrtps_c__pyext
[0.485s] [100%] Built target tutorial_interfaces__rosidl_typesupport_c__pyext
[0.485s] [100%] Built target tutorial_interfaces__rosidl_typesupport_introspection_c__pyext
[0.646s] running egg_info
[0.647s] writing tutorial_interfaces.egg-info/PKG-INFO
[0.647s] writing dependency_links to tutorial_interfaces.egg-info/dependency_links.txt
[0.647s] writing top-level names to tutorial_interfaces.egg-info/top_level.txt
[0.651s] reading manifest file 'tutorial_interfaces.egg-info/SOURCES.txt'
[0.651s] writing manifest file 'tutorial_interfaces.egg-info/SOURCES.txt'
[0.704s] [100%] Built target ament_cmake_python_build_tutorial_interfaces_egg
[0.726s] Invoked command in '/home/anmol/ws_offboard_control/build/tutorial_interfaces' returned '0': CMAKE_PREFIX_PATH=${CMAKE_PREFIX_PATH}:/home/anmol/ws_offboard_control/install/manual_key_control:/opt/ros/humble /usr/bin/cmake --build /home/anmol/ws_offboard_control/build/tutorial_interfaces -- -j12 -l12
