[0.090s] Invoking command in '/home/anmol/ws_offboard_control/build/custom_msgs': CMAKE_PREFIX_PATH=${CMAKE_PREFIX_PATH}:/home/anmol/ws_offboard_control/install/manual_key_control:/opt/ros/humble /usr/bin/cmake /home/anmol/ws_offboard_control/src/custom_msgs -DCMAKE_INSTALL_PREFIX=/home/anmol/ws_offboard_control/install/custom_msgs
[0.280s] -- The C compiler identification is GNU 11.4.0
[0.394s] -- The CXX compiler identification is GNU 11.4.0
[0.408s] -- Detecting C compiler ABI info
[0.534s] -- Detecting C compiler ABI info - done
[0.544s] -- Check for working C compiler: /usr/bin/cc - skipped
[0.544s] -- Detecting C compile features
[0.545s] -- Detecting C compile features - done
[0.550s] -- Detecting CXX compiler ABI info
[0.683s] -- Detecting CXX compiler ABI info - done
[0.694s] -- Check for working CXX compiler: /usr/bin/c++ - skipped
[0.695s] -- Detecting CXX compile features
[0.695s] -- Detecting CXX compile features - done
[0.701s] -- Found ament_cmake: 1.3.6 (/opt/ros/humble/share/ament_cmake/cmake)
[0.949s] -- Found Python3: /usr/bin/python3.10 (found version "3.10.12") found components: Interpreter 
[1.091s] -- Found rosidl_default_generators: 1.2.0 (/opt/ros/humble/share/rosidl_default_generators/cmake)
[1.097s] -- Using all available rosidl_typesupport_c: rosidl_typesupport_fastrtps_c;rosidl_typesupport_introspection_c
[1.108s] -- Found rosidl_adapter: 3.1.5 (/opt/ros/humble/share/rosidl_adapter/cmake)
[1.176s] -- Using all available rosidl_typesupport_cpp: rosidl_typesupport_fastrtps_cpp;rosidl_typesupport_introspection_cpp
[1.440s] [31mCMake Error at /opt/ros/humble/share/rosidl_adapter/cmake/rosidl_adapt_interfaces.cmake:59 (message):
[1.440s]   execute_process(/usr/bin/python3.10 -m rosidl_adapter --package-name
[1.441s]   custom_msgs --arguments-file
[1.441s]   /home/anmol/ws_offboard_control/build/custom_msgs/rosidl_adapter__arguments__custom_msgs.json
[1.441s]   --output-dir
[1.441s]   /home/anmol/ws_offboard_control/build/custom_msgs/rosidl_adapter/custom_msgs
[1.441s]   --output-file
[1.441s]   /home/anmol/ws_offboard_control/build/custom_msgs/rosidl_adapter/custom_msgs.idls)
[1.441s]   returned error code 1:
[1.442s] 
[1.442s]   Traceback (most recent call last):
[1.442s] 
[1.442s]     File "/usr/lib/python3.10/runpy.py", line 196, in _run_module_as_main
[1.442s]       return _run_code(code, main_globals, None,
[1.442s]     File "/usr/lib/python3.10/runpy.py", line 86, in _run_code
[1.442s]       exec(code, run_globals)
[1.442s]     File "/opt/ros/humble/local/lib/python3.10/dist-packages/rosidl_adapter/__main__.py", line 19, in <module>
[1.442s]       sys.exit(main())
[1.443s]     File "/opt/ros/humble/local/lib/python3.10/dist-packages/rosidl_adapter/main.py", line 53, in main
[1.443s]       abs_idl_file = convert_to_idl(
[1.443s]     File "/opt/ros/humble/local/lib/python3.10/dist-packages/rosidl_adapter/__init__.py", line 19, in convert_to_idl
[1.443s]       return convert_msg_to_idl(
[1.443s]     File "/opt/ros/humble/local/lib/python3.10/dist-packages/rosidl_adapter/msg/__init__.py", line 28, in convert_msg_to_idl
[1.443s]       msg = parse_message_string(package_name, input_file.stem, content)
[1.443s]     File "/opt/ros/humble/local/lib/python3.10/dist-packages/rosidl_adapter/parser.py", line 544, in parse_message_string
[1.443s]       msg = MessageSpecification(pkg_name, msg_name, fields, constants)
[1.443s]     File "/opt/ros/humble/local/lib/python3.10/dist-packages/rosidl_adapter/parser.py", line 388, in __init__
[1.444s]       self.base_type = BaseType(
[1.444s]     File "/opt/ros/humble/local/lib/python3.10/dist-packages/rosidl_adapter/parser.py", line 205, in __init__
[1.444s]       raise InvalidResourceName(
[1.444s] 
[1.444s]   rosidl_adapter.parser.InvalidResourceName: 'key' is an invalid message
[1.444s]   name.  It should have the pattern '^[A-Z][A-Za-z0-9]*$'
[1.444s] 
[1.444s] Call Stack (most recent call first):
[1.444s]   /opt/ros/humble/share/rosidl_cmake/cmake/rosidl_generate_interfaces.cmake:130 (rosidl_adapt_interfaces)
[1.444s]   CMakeLists.txt:15 (rosidl_generate_interfaces)
[1.445s] 
[1.445s] [0m
[1.445s] -- Configuring incomplete, errors occurred!
[1.445s] See also "/home/anmol/ws_offboard_control/build/custom_msgs/CMakeFiles/CMakeOutput.log".
[1.450s] Invoked command in '/home/anmol/ws_offboard_control/build/custom_msgs' returned '1': CMAKE_PREFIX_PATH=${CMAKE_PREFIX_PATH}:/home/anmol/ws_offboard_control/install/manual_key_control:/opt/ros/humble /usr/bin/cmake /home/anmol/ws_offboard_control/src/custom_msgs -DCMAKE_INSTALL_PREFIX=/home/anmol/ws_offboard_control/install/custom_msgs
