[1.237s] DEBUG:colcon:Command line arguments: ['/usr/bin/colcon', 'build']
[1.237s] DEBUG:colcon:Parsed command line arguments: Namespace(log_base=None, log_level=None, verb_name='build', build_base='build', install_base='install', merge_install=False, symlink_install=False, test_result_base=None, continue_on_error=False, executor='parallel', parallel_workers=12, event_handlers=None, ignore_user_meta=False, metas=['./colcon.meta'], base_paths=['.'], packages_ignore=None, packages_ignore_regex=None, paths=None, packages_up_to=None, packages_up_to_regex=None, packages_above=None, packages_above_and_dependencies=None, packages_above_depth=None, packages_select_by_dep=None, packages_skip_by_dep=None, packages_skip_up_to=None, packages_select_build_failed=False, packages_skip_build_finished=False, packages_select_test_failures=False, packages_skip_test_passed=False, packages_select=None, packages_skip=None, packages_select_regex=None, packages_skip_regex=None, packages_start=None, packages_end=None, allow_overriding=[], cmake_args=None, cmake_target=None, cmake_target_skip_unavailable=False, cmake_clean_cache=False, cmake_clean_first=False, cmake_force_configure=False, ament_cmake_args=None, catkin_cmake_args=None, catkin_skip_building_tests=False, verb_parser=<colcon_defaults.argument_parser.defaults.DefaultArgumentsDecorator object at 0x7f56d5dac1f0>, verb_extension=<colcon_core.verb.build.BuildVerb object at 0x7f56d5dadb10>, main=<bound method BuildVerb.main of <colcon_core.verb.build.BuildVerb object at 0x7f56d5dadb10>>)
[1.297s] Level 1:colcon.colcon_core.package_discovery:discover_packages(colcon_meta) check parameters
[1.297s] Level 1:colcon.colcon_core.package_discovery:discover_packages(recursive) check parameters
[1.297s] Level 1:colcon.colcon_core.package_discovery:discover_packages(ignore) check parameters
[1.297s] Level 1:colcon.colcon_core.package_discovery:discover_packages(path) check parameters
[1.297s] Level 1:colcon.colcon_core.package_discovery:discover_packages(colcon_meta) discover
[1.297s] Level 1:colcon.colcon_core.package_discovery:discover_packages(recursive) discover
[1.297s] INFO:colcon.colcon_core.package_discovery:Crawling recursively for packages in '/home/anmol/ws_offboard_control'
[1.297s] Level 1:colcon.colcon_core.package_identification:_identify(.) by extensions ['ignore', 'ignore_ament_install']
[1.297s] Level 1:colcon.colcon_core.package_identification:_identify(.) by extension 'ignore'
[1.298s] Level 1:colcon.colcon_core.package_identification:_identify(.) by extension 'ignore_ament_install'
[1.298s] Level 1:colcon.colcon_core.package_identification:_identify(.) by extensions ['colcon_pkg']
[1.298s] Level 1:colcon.colcon_core.package_identification:_identify(.) by extension 'colcon_pkg'
[1.298s] Level 1:colcon.colcon_core.package_identification:_identify(.) by extensions ['colcon_meta']
[1.298s] Level 1:colcon.colcon_core.package_identification:_identify(.) by extension 'colcon_meta'
[1.298s] Level 1:colcon.colcon_core.package_identification:_identify(.) by extensions ['ros']
[1.298s] Level 1:colcon.colcon_core.package_identification:_identify(.) by extension 'ros'
[1.313s] Level 1:colcon.colcon_core.package_identification:_identify(.) by extensions ['cmake', 'python']
[1.313s] Level 1:colcon.colcon_core.package_identification:_identify(.) by extension 'cmake'
[1.313s] Level 1:colcon.colcon_core.package_identification:_identify(.) by extension 'python'
[1.313s] Level 1:colcon.colcon_core.package_identification:_identify(.) by extensions ['python_setup_py']
[1.313s] Level 1:colcon.colcon_core.package_identification:_identify(.) by extension 'python_setup_py'
[1.313s] Level 1:colcon.colcon_core.package_identification:_identify(build) by extensions ['ignore', 'ignore_ament_install']
[1.314s] Level 1:colcon.colcon_core.package_identification:_identify(build) by extension 'ignore'
[1.314s] Level 1:colcon.colcon_core.package_identification:_identify(build) ignored
[1.314s] Level 1:colcon.colcon_core.package_identification:_identify(install) by extensions ['ignore', 'ignore_ament_install']
[1.314s] Level 1:colcon.colcon_core.package_identification:_identify(install) by extension 'ignore'
[1.314s] Level 1:colcon.colcon_core.package_identification:_identify(install) ignored
[1.314s] Level 1:colcon.colcon_core.package_identification:_identify(log) by extensions ['ignore', 'ignore_ament_install']
[1.315s] Level 1:colcon.colcon_core.package_identification:_identify(log) by extension 'ignore'
[1.315s] Level 1:colcon.colcon_core.package_identification:_identify(log) ignored
[1.315s] Level 1:colcon.colcon_core.package_identification:_identify(src) by extensions ['ignore', 'ignore_ament_install']
[1.315s] Level 1:colcon.colcon_core.package_identification:_identify(src) by extension 'ignore'
[1.315s] Level 1:colcon.colcon_core.package_identification:_identify(src) by extension 'ignore_ament_install'
[1.315s] Level 1:colcon.colcon_core.package_identification:_identify(src) by extensions ['colcon_pkg']
[1.315s] Level 1:colcon.colcon_core.package_identification:_identify(src) by extension 'colcon_pkg'
[1.315s] Level 1:colcon.colcon_core.package_identification:_identify(src) by extensions ['colcon_meta']
[1.315s] Level 1:colcon.colcon_core.package_identification:_identify(src) by extension 'colcon_meta'
[1.315s] Level 1:colcon.colcon_core.package_identification:_identify(src) by extensions ['ros']
[1.315s] Level 1:colcon.colcon_core.package_identification:_identify(src) by extension 'ros'
[1.315s] Level 1:colcon.colcon_core.package_identification:_identify(src) by extensions ['cmake', 'python']
[1.315s] Level 1:colcon.colcon_core.package_identification:_identify(src) by extension 'cmake'
[1.315s] Level 1:colcon.colcon_core.package_identification:_identify(src) by extension 'python'
[1.315s] Level 1:colcon.colcon_core.package_identification:_identify(src) by extensions ['python_setup_py']
[1.316s] Level 1:colcon.colcon_core.package_identification:_identify(src) by extension 'python_setup_py'
[1.316s] Level 1:colcon.colcon_core.package_identification:_identify(src/action_commands) by extensions ['ignore', 'ignore_ament_install']
[1.316s] Level 1:colcon.colcon_core.package_identification:_identify(src/action_commands) by extension 'ignore'
[1.316s] Level 1:colcon.colcon_core.package_identification:_identify(src/action_commands) by extension 'ignore_ament_install'
[1.316s] Level 1:colcon.colcon_core.package_identification:_identify(src/action_commands) by extensions ['colcon_pkg']
[1.316s] Level 1:colcon.colcon_core.package_identification:_identify(src/action_commands) by extension 'colcon_pkg'
[1.316s] Level 1:colcon.colcon_core.package_identification:_identify(src/action_commands) by extensions ['colcon_meta']
[1.316s] Level 1:colcon.colcon_core.package_identification:_identify(src/action_commands) by extension 'colcon_meta'
[1.316s] Level 1:colcon.colcon_core.package_identification:_identify(src/action_commands) by extensions ['ros']
[1.316s] Level 1:colcon.colcon_core.package_identification:_identify(src/action_commands) by extension 'ros'
[1.320s] DEBUG:colcon.colcon_core.package_identification:Package 'src/action_commands' with type 'ros.ament_cmake' and name 'action_commands'
[1.320s] Level 1:colcon.colcon_core.package_identification:_identify(src/manual_key_control) by extensions ['ignore', 'ignore_ament_install']
[1.320s] Level 1:colcon.colcon_core.package_identification:_identify(src/manual_key_control) by extension 'ignore'
[1.320s] Level 1:colcon.colcon_core.package_identification:_identify(src/manual_key_control) by extension 'ignore_ament_install'
[1.321s] Level 1:colcon.colcon_core.package_identification:_identify(src/manual_key_control) by extensions ['colcon_pkg']
[1.321s] Level 1:colcon.colcon_core.package_identification:_identify(src/manual_key_control) by extension 'colcon_pkg'
[1.321s] Level 1:colcon.colcon_core.package_identification:_identify(src/manual_key_control) by extensions ['colcon_meta']
[1.321s] Level 1:colcon.colcon_core.package_identification:_identify(src/manual_key_control) by extension 'colcon_meta'
[1.321s] Level 1:colcon.colcon_core.package_identification:_identify(src/manual_key_control) by extensions ['ros']
[1.321s] Level 1:colcon.colcon_core.package_identification:_identify(src/manual_key_control) by extension 'ros'
[1.321s] DEBUG:colcon.colcon_core.package_identification:Package 'src/manual_key_control' with type 'ros.ament_python' and name 'manual_key_control'
[1.321s] Level 1:colcon.colcon_core.package_identification:_identify(src/px4_msgs) by extensions ['ignore', 'ignore_ament_install']
[1.322s] Level 1:colcon.colcon_core.package_identification:_identify(src/px4_msgs) by extension 'ignore'
[1.322s] Level 1:colcon.colcon_core.package_identification:_identify(src/px4_msgs) by extension 'ignore_ament_install'
[1.322s] Level 1:colcon.colcon_core.package_identification:_identify(src/px4_msgs) by extensions ['colcon_pkg']
[1.322s] Level 1:colcon.colcon_core.package_identification:_identify(src/px4_msgs) by extension 'colcon_pkg'
[1.322s] Level 1:colcon.colcon_core.package_identification:_identify(src/px4_msgs) by extensions ['colcon_meta']
[1.322s] Level 1:colcon.colcon_core.package_identification:_identify(src/px4_msgs) by extension 'colcon_meta'
[1.322s] Level 1:colcon.colcon_core.package_identification:_identify(src/px4_msgs) by extensions ['ros']
[1.322s] Level 1:colcon.colcon_core.package_identification:_identify(src/px4_msgs) by extension 'ros'
[1.323s] DEBUG:colcon.colcon_core.package_identification:Package 'src/px4_msgs' with type 'ros.ament_cmake' and name 'px4_msgs'
[1.323s] Level 1:colcon.colcon_core.package_identification:_identify(src/px4_ros_com) by extensions ['ignore', 'ignore_ament_install']
[1.323s] Level 1:colcon.colcon_core.package_identification:_identify(src/px4_ros_com) by extension 'ignore'
[1.323s] Level 1:colcon.colcon_core.package_identification:_identify(src/px4_ros_com) by extension 'ignore_ament_install'
[1.323s] Level 1:colcon.colcon_core.package_identification:_identify(src/px4_ros_com) by extensions ['colcon_pkg']
[1.323s] Level 1:colcon.colcon_core.package_identification:_identify(src/px4_ros_com) by extension 'colcon_pkg'
[1.323s] Level 1:colcon.colcon_core.package_identification:_identify(src/px4_ros_com) by extensions ['colcon_meta']
[1.323s] Level 1:colcon.colcon_core.package_identification:_identify(src/px4_ros_com) by extension 'colcon_meta'
[1.323s] Level 1:colcon.colcon_core.package_identification:_identify(src/px4_ros_com) by extensions ['ros']
[1.323s] Level 1:colcon.colcon_core.package_identification:_identify(src/px4_ros_com) by extension 'ros'
[1.325s] DEBUG:colcon.colcon_core.package_identification:Package 'src/px4_ros_com' with type 'ros.ament_cmake' and name 'px4_ros_com'
[1.325s] Level 1:colcon.colcon_core.package_identification:_identify(src/tutorial_interfaces) by extensions ['ignore', 'ignore_ament_install']
[1.325s] Level 1:colcon.colcon_core.package_identification:_identify(src/tutorial_interfaces) by extension 'ignore'
[1.325s] Level 1:colcon.colcon_core.package_identification:_identify(src/tutorial_interfaces) by extension 'ignore_ament_install'
[1.325s] Level 1:colcon.colcon_core.package_identification:_identify(src/tutorial_interfaces) by extensions ['colcon_pkg']
[1.325s] Level 1:colcon.colcon_core.package_identification:_identify(src/tutorial_interfaces) by extension 'colcon_pkg'
[1.325s] Level 1:colcon.colcon_core.package_identification:_identify(src/tutorial_interfaces) by extensions ['colcon_meta']
[1.325s] Level 1:colcon.colcon_core.package_identification:_identify(src/tutorial_interfaces) by extension 'colcon_meta'
[1.325s] Level 1:colcon.colcon_core.package_identification:_identify(src/tutorial_interfaces) by extensions ['ros']
[1.325s] Level 1:colcon.colcon_core.package_identification:_identify(src/tutorial_interfaces) by extension 'ros'
[1.326s] DEBUG:colcon.colcon_core.package_identification:Package 'src/tutorial_interfaces' with type 'ros.ament_cmake' and name 'tutorial_interfaces'
[1.326s] Level 1:colcon.colcon_core.package_discovery:discover_packages(recursive) using defaults
[1.326s] Level 1:colcon.colcon_core.package_discovery:discover_packages(ignore) discover
[1.326s] Level 1:colcon.colcon_core.package_discovery:discover_packages(ignore) using defaults
[1.326s] Level 1:colcon.colcon_core.package_discovery:discover_packages(path) discover
[1.326s] Level 1:colcon.colcon_core.package_discovery:discover_packages(path) using defaults
[1.444s] Level 1:colcon.colcon_core.package_discovery:discover_packages(prefix_path) check parameters
[1.444s] Level 1:colcon.colcon_core.package_discovery:discover_packages(prefix_path) discover
[1.483s] DEBUG:colcon.colcon_installed_package_information.package_discovery:Found 6 installed packages in /home/anmol/ws_offboard_control/install
[1.503s] DEBUG:colcon.colcon_installed_package_information.package_discovery:Found 270 installed packages in /opt/ros/humble
[1.504s] Level 1:colcon.colcon_core.package_discovery:discover_packages(prefix_path) using defaults
[1.633s] Level 5:colcon.colcon_core.verb:set package 'action_commands' build argument 'cmake_args' from command line to 'None'
[1.633s] Level 5:colcon.colcon_core.verb:set package 'action_commands' build argument 'cmake_target' from command line to 'None'
[1.633s] Level 5:colcon.colcon_core.verb:set package 'action_commands' build argument 'cmake_target_skip_unavailable' from command line to 'False'
[1.633s] Level 5:colcon.colcon_core.verb:set package 'action_commands' build argument 'cmake_clean_cache' from command line to 'False'
[1.633s] Level 5:colcon.colcon_core.verb:set package 'action_commands' build argument 'cmake_clean_first' from command line to 'False'
[1.633s] Level 5:colcon.colcon_core.verb:set package 'action_commands' build argument 'cmake_force_configure' from command line to 'False'
[1.633s] Level 5:colcon.colcon_core.verb:set package 'action_commands' build argument 'ament_cmake_args' from command line to 'None'
[1.633s] Level 5:colcon.colcon_core.verb:set package 'action_commands' build argument 'catkin_cmake_args' from command line to 'None'
[1.633s] Level 5:colcon.colcon_core.verb:set package 'action_commands' build argument 'catkin_skip_building_tests' from command line to 'False'
[1.633s] DEBUG:colcon.colcon_core.verb:Building package 'action_commands' with the following arguments: {'ament_cmake_args': None, 'build_base': '/home/anmol/ws_offboard_control/build/action_commands', 'catkin_cmake_args': None, 'catkin_skip_building_tests': False, 'cmake_args': None, 'cmake_clean_cache': False, 'cmake_clean_first': False, 'cmake_force_configure': False, 'cmake_target': None, 'cmake_target_skip_unavailable': False, 'install_base': '/home/anmol/ws_offboard_control/install/action_commands', 'merge_install': False, 'path': '/home/anmol/ws_offboard_control/src/action_commands', 'symlink_install': False, 'test_result_base': None}
[1.652s] Level 5:colcon.colcon_core.verb:set package 'px4_msgs' build argument 'cmake_args' from command line to 'None'
[1.652s] Level 5:colcon.colcon_core.verb:set package 'px4_msgs' build argument 'cmake_target' from command line to 'None'
[1.652s] Level 5:colcon.colcon_core.verb:set package 'px4_msgs' build argument 'cmake_target_skip_unavailable' from command line to 'False'
[1.652s] Level 5:colcon.colcon_core.verb:set package 'px4_msgs' build argument 'cmake_clean_cache' from command line to 'False'
[1.652s] Level 5:colcon.colcon_core.verb:set package 'px4_msgs' build argument 'cmake_clean_first' from command line to 'False'
[1.653s] Level 5:colcon.colcon_core.verb:set package 'px4_msgs' build argument 'cmake_force_configure' from command line to 'False'
[1.653s] Level 5:colcon.colcon_core.verb:set package 'px4_msgs' build argument 'ament_cmake_args' from command line to 'None'
[1.653s] Level 5:colcon.colcon_core.verb:set package 'px4_msgs' build argument 'catkin_cmake_args' from command line to 'None'
[1.653s] Level 5:colcon.colcon_core.verb:set package 'px4_msgs' build argument 'catkin_skip_building_tests' from command line to 'False'
[1.653s] DEBUG:colcon.colcon_core.verb:Building package 'px4_msgs' with the following arguments: {'ament_cmake_args': None, 'build_base': '/home/anmol/ws_offboard_control/build/px4_msgs', 'catkin_cmake_args': None, 'catkin_skip_building_tests': False, 'cmake_args': None, 'cmake_clean_cache': False, 'cmake_clean_first': False, 'cmake_force_configure': False, 'cmake_target': None, 'cmake_target_skip_unavailable': False, 'install_base': '/home/anmol/ws_offboard_control/install/px4_msgs', 'merge_install': False, 'path': '/home/anmol/ws_offboard_control/src/px4_msgs', 'symlink_install': False, 'test_result_base': None}
[1.672s] Level 5:colcon.colcon_core.verb:set package 'tutorial_interfaces' build argument 'cmake_args' from command line to 'None'
[1.672s] Level 5:colcon.colcon_core.verb:set package 'tutorial_interfaces' build argument 'cmake_target' from command line to 'None'
[1.672s] Level 5:colcon.colcon_core.verb:set package 'tutorial_interfaces' build argument 'cmake_target_skip_unavailable' from command line to 'False'
[1.672s] Level 5:colcon.colcon_core.verb:set package 'tutorial_interfaces' build argument 'cmake_clean_cache' from command line to 'False'
[1.672s] Level 5:colcon.colcon_core.verb:set package 'tutorial_interfaces' build argument 'cmake_clean_first' from command line to 'False'
[1.672s] Level 5:colcon.colcon_core.verb:set package 'tutorial_interfaces' build argument 'cmake_force_configure' from command line to 'False'
[1.672s] Level 5:colcon.colcon_core.verb:set package 'tutorial_interfaces' build argument 'ament_cmake_args' from command line to 'None'
[1.672s] Level 5:colcon.colcon_core.verb:set package 'tutorial_interfaces' build argument 'catkin_cmake_args' from command line to 'None'
[1.672s] Level 5:colcon.colcon_core.verb:set package 'tutorial_interfaces' build argument 'catkin_skip_building_tests' from command line to 'False'
[1.672s] DEBUG:colcon.colcon_core.verb:Building package 'tutorial_interfaces' with the following arguments: {'ament_cmake_args': None, 'build_base': '/home/anmol/ws_offboard_control/build/tutorial_interfaces', 'catkin_cmake_args': None, 'catkin_skip_building_tests': False, 'cmake_args': None, 'cmake_clean_cache': False, 'cmake_clean_first': False, 'cmake_force_configure': False, 'cmake_target': None, 'cmake_target_skip_unavailable': False, 'install_base': '/home/anmol/ws_offboard_control/install/tutorial_interfaces', 'merge_install': False, 'path': '/home/anmol/ws_offboard_control/src/tutorial_interfaces', 'symlink_install': False, 'test_result_base': None}
[1.691s] Level 5:colcon.colcon_core.verb:set package 'manual_key_control' build argument 'cmake_args' from command line to 'None'
[1.691s] Level 5:colcon.colcon_core.verb:set package 'manual_key_control' build argument 'cmake_target' from command line to 'None'
[1.691s] Level 5:colcon.colcon_core.verb:set package 'manual_key_control' build argument 'cmake_target_skip_unavailable' from command line to 'False'
[1.691s] Level 5:colcon.colcon_core.verb:set package 'manual_key_control' build argument 'cmake_clean_cache' from command line to 'False'
[1.691s] Level 5:colcon.colcon_core.verb:set package 'manual_key_control' build argument 'cmake_clean_first' from command line to 'False'
[1.691s] Level 5:colcon.colcon_core.verb:set package 'manual_key_control' build argument 'cmake_force_configure' from command line to 'False'
[1.691s] Level 5:colcon.colcon_core.verb:set package 'manual_key_control' build argument 'ament_cmake_args' from command line to 'None'
[1.691s] Level 5:colcon.colcon_core.verb:set package 'manual_key_control' build argument 'catkin_cmake_args' from command line to 'None'
[1.691s] Level 5:colcon.colcon_core.verb:set package 'manual_key_control' build argument 'catkin_skip_building_tests' from command line to 'False'
[1.691s] DEBUG:colcon.colcon_core.verb:Building package 'manual_key_control' with the following arguments: {'ament_cmake_args': None, 'build_base': '/home/anmol/ws_offboard_control/build/manual_key_control', 'catkin_cmake_args': None, 'catkin_skip_building_tests': False, 'cmake_args': None, 'cmake_clean_cache': False, 'cmake_clean_first': False, 'cmake_force_configure': False, 'cmake_target': None, 'cmake_target_skip_unavailable': False, 'install_base': '/home/anmol/ws_offboard_control/install/manual_key_control', 'merge_install': False, 'path': '/home/anmol/ws_offboard_control/src/manual_key_control', 'symlink_install': False, 'test_result_base': None}
[1.710s] Level 5:colcon.colcon_core.verb:set package 'px4_ros_com' build argument 'cmake_args' from command line to 'None'
[1.710s] Level 5:colcon.colcon_core.verb:set package 'px4_ros_com' build argument 'cmake_target' from command line to 'None'
[1.710s] Level 5:colcon.colcon_core.verb:set package 'px4_ros_com' build argument 'cmake_target_skip_unavailable' from command line to 'False'
[1.710s] Level 5:colcon.colcon_core.verb:set package 'px4_ros_com' build argument 'cmake_clean_cache' from command line to 'False'
[1.710s] Level 5:colcon.colcon_core.verb:set package 'px4_ros_com' build argument 'cmake_clean_first' from command line to 'False'
[1.710s] Level 5:colcon.colcon_core.verb:set package 'px4_ros_com' build argument 'cmake_force_configure' from command line to 'False'
[1.710s] Level 5:colcon.colcon_core.verb:set package 'px4_ros_com' build argument 'ament_cmake_args' from command line to 'None'
[1.710s] Level 5:colcon.colcon_core.verb:set package 'px4_ros_com' build argument 'catkin_cmake_args' from command line to 'None'
[1.710s] Level 5:colcon.colcon_core.verb:set package 'px4_ros_com' build argument 'catkin_skip_building_tests' from command line to 'False'
[1.710s] DEBUG:colcon.colcon_core.verb:Building package 'px4_ros_com' with the following arguments: {'ament_cmake_args': None, 'build_base': '/home/anmol/ws_offboard_control/build/px4_ros_com', 'catkin_cmake_args': None, 'catkin_skip_building_tests': False, 'cmake_args': None, 'cmake_clean_cache': False, 'cmake_clean_first': False, 'cmake_force_configure': False, 'cmake_target': None, 'cmake_target_skip_unavailable': False, 'install_base': '/home/anmol/ws_offboard_control/install/px4_ros_com', 'merge_install': False, 'path': '/home/anmol/ws_offboard_control/src/px4_ros_com', 'symlink_install': False, 'test_result_base': None}
[1.729s] INFO:colcon.colcon_core.executor:Executing jobs using 'parallel' executor
[1.749s] DEBUG:colcon.colcon_parallel_executor.executor.parallel:run_until_complete
[1.750s] INFO:colcon.colcon_ros.task.ament_cmake.build:Building ROS package in '/home/anmol/ws_offboard_control/src/px4_msgs' with build type 'ament_cmake'
[1.750s] INFO:colcon.colcon_cmake.task.cmake.build:Building CMake package in '/home/anmol/ws_offboard_control/src/px4_msgs'
[1.772s] INFO:colcon.colcon_core.plugin_system:Skipping extension 'colcon_core.shell.bat': Not used on non-Windows systems
[1.773s] INFO:colcon.colcon_core.shell:Skip shell extension 'powershell' for command environment: Not usable outside of PowerShell
[1.773s] DEBUG:colcon.colcon_core.shell:Skip shell extension 'dsv' for command environment
[1.835s] INFO:colcon.colcon_ros.task.ament_cmake.build:Building ROS package in '/home/anmol/ws_offboard_control/src/tutorial_interfaces' with build type 'ament_cmake'
[1.835s] INFO:colcon.colcon_cmake.task.cmake.build:Building CMake package in '/home/anmol/ws_offboard_control/src/tutorial_interfaces'
[1.857s] INFO:colcon.colcon_core.shell:Skip shell extension 'powershell' for command environment: Not usable outside of PowerShell
[1.857s] DEBUG:colcon.colcon_core.shell:Skip shell extension 'dsv' for command environment
[1.927s] INFO:colcon.colcon_ros.task.ament_cmake.build:Building ROS package in '/home/anmol/ws_offboard_control/src/action_commands' with build type 'ament_cmake'
[1.928s] INFO:colcon.colcon_cmake.task.cmake.build:Building CMake package in '/home/anmol/ws_offboard_control/src/action_commands'
[1.948s] INFO:colcon.colcon_core.shell:Skip shell extension 'powershell' for command environment: Not usable outside of PowerShell
[1.949s] DEBUG:colcon.colcon_core.shell:Skip shell extension 'dsv' for command environment
[2.021s] DEBUG:colcon.colcon_core.event_handler.log_command:Invoking command in '/home/anmol/ws_offboard_control/build/px4_msgs': CMAKE_PREFIX_PATH=${CMAKE_PREFIX_PATH}:/home/anmol/ws_offboard_control/install/manual_key_control:/opt/ros/humble /usr/bin/cmake --build /home/anmol/ws_offboard_control/build/px4_msgs -- -j12 -l12
[2.026s] DEBUG:colcon.colcon_core.event_handler.log_command:Invoking command in '/home/anmol/ws_offboard_control/build/tutorial_interfaces': CMAKE_PREFIX_PATH=${CMAKE_PREFIX_PATH}:/home/anmol/ws_offboard_control/install/manual_key_control:/opt/ros/humble /usr/bin/cmake --build /home/anmol/ws_offboard_control/build/tutorial_interfaces -- -j12 -l12
[2.032s] DEBUG:colcon.colcon_core.event_handler.log_command:Invoking command in '/home/anmol/ws_offboard_control/build/action_commands': CMAKE_PREFIX_PATH=${CMAKE_PREFIX_PATH}:/home/anmol/ws_offboard_control/install/manual_key_control:/opt/ros/humble /usr/bin/cmake /home/anmol/ws_offboard_control/src/action_commands -DCMAKE_INSTALL_PREFIX=/home/anmol/ws_offboard_control/install/action_commands
[2.593s] DEBUG:colcon.colcon_core.event_handler.log_command:Invoked command in '/home/anmol/ws_offboard_control/build/tutorial_interfaces' returned '0': CMAKE_PREFIX_PATH=${CMAKE_PREFIX_PATH}:/home/anmol/ws_offboard_control/install/manual_key_control:/opt/ros/humble /usr/bin/cmake --build /home/anmol/ws_offboard_control/build/tutorial_interfaces -- -j12 -l12
[2.872s] DEBUG:colcon.colcon_core.event_handler.log_command:Invoking command in '/home/anmol/ws_offboard_control/build/tutorial_interfaces': CMAKE_PREFIX_PATH=${CMAKE_PREFIX_PATH}:/home/anmol/ws_offboard_control/install/manual_key_control:/opt/ros/humble /usr/bin/cmake --install /home/anmol/ws_offboard_control/build/tutorial_interfaces
[2.962s] Level 1:colcon.colcon_core.environment:create_environment_scripts_only(tutorial_interfaces)
[2.963s] DEBUG:colcon.colcon_core.event_handler.log_command:Invoked command in '/home/anmol/ws_offboard_control/build/tutorial_interfaces' returned '0': CMAKE_PREFIX_PATH=${CMAKE_PREFIX_PATH}:/home/anmol/ws_offboard_control/install/manual_key_control:/opt/ros/humble /usr/bin/cmake --install /home/anmol/ws_offboard_control/build/tutorial_interfaces
[2.984s] Level 1:colcon.colcon_core.environment:checking '/home/anmol/ws_offboard_control/install/tutorial_interfaces' for CMake module files
[2.985s] Level 1:colcon.colcon_core.environment:checking '/home/anmol/ws_offboard_control/install/tutorial_interfaces' for CMake config files
[2.986s] Level 1:colcon.colcon_core.shell:create_environment_hook('tutorial_interfaces', 'cmake_prefix_path')
[3.004s] INFO:colcon.colcon_core.shell:Creating environment hook '/home/anmol/ws_offboard_control/install/tutorial_interfaces/share/tutorial_interfaces/hook/cmake_prefix_path.ps1'
[3.005s] INFO:colcon.colcon_core.shell:Creating environment descriptor '/home/anmol/ws_offboard_control/install/tutorial_interfaces/share/tutorial_interfaces/hook/cmake_prefix_path.dsv'
[3.005s] INFO:colcon.colcon_core.shell:Creating environment hook '/home/anmol/ws_offboard_control/install/tutorial_interfaces/share/tutorial_interfaces/hook/cmake_prefix_path.sh'
[3.006s] Level 1:colcon.colcon_core.environment:checking '/home/anmol/ws_offboard_control/install/tutorial_interfaces/lib'
[3.006s] Level 1:colcon.colcon_core.shell:create_environment_hook('tutorial_interfaces', 'ld_library_path_lib')
[3.025s] INFO:colcon.colcon_core.shell:Creating environment hook '/home/anmol/ws_offboard_control/install/tutorial_interfaces/share/tutorial_interfaces/hook/ld_library_path_lib.ps1'
[3.026s] INFO:colcon.colcon_core.shell:Creating environment descriptor '/home/anmol/ws_offboard_control/install/tutorial_interfaces/share/tutorial_interfaces/hook/ld_library_path_lib.dsv'
[3.026s] INFO:colcon.colcon_core.shell:Creating environment hook '/home/anmol/ws_offboard_control/install/tutorial_interfaces/share/tutorial_interfaces/hook/ld_library_path_lib.sh'
[3.027s] Level 1:colcon.colcon_core.environment:checking '/home/anmol/ws_offboard_control/install/tutorial_interfaces/bin'
[3.027s] Level 1:colcon.colcon_core.environment:checking '/home/anmol/ws_offboard_control/install/tutorial_interfaces/lib/pkgconfig/tutorial_interfaces.pc'
[3.027s] Level 1:colcon.colcon_core.environment:checking '/home/anmol/ws_offboard_control/install/tutorial_interfaces/lib/python3.10/site-packages'
[3.028s] Level 1:colcon.colcon_core.environment:checking '/home/anmol/ws_offboard_control/install/tutorial_interfaces/bin'
[3.055s] INFO:colcon.colcon_core.shell:Creating package script '/home/anmol/ws_offboard_control/install/tutorial_interfaces/share/tutorial_interfaces/package.ps1'
[3.056s] INFO:colcon.colcon_core.shell:Creating package descriptor '/home/anmol/ws_offboard_control/install/tutorial_interfaces/share/tutorial_interfaces/package.dsv'
[3.057s] INFO:colcon.colcon_core.shell:Creating package script '/home/anmol/ws_offboard_control/install/tutorial_interfaces/share/tutorial_interfaces/package.sh'
[3.059s] INFO:colcon.colcon_core.shell:Creating package script '/home/anmol/ws_offboard_control/install/tutorial_interfaces/share/tutorial_interfaces/package.bash'
[3.060s] INFO:colcon.colcon_core.shell:Creating package script '/home/anmol/ws_offboard_control/install/tutorial_interfaces/share/tutorial_interfaces/package.zsh'
[3.061s] Level 1:colcon.colcon_core.environment:create_file_with_runtime_dependencies(/home/anmol/ws_offboard_control/install/tutorial_interfaces/share/colcon-core/packages/tutorial_interfaces)
[3.206s] DEBUG:colcon.colcon_core.event_handler.log_command:Invoked command in '/home/anmol/ws_offboard_control/build/px4_msgs' returned '0': CMAKE_PREFIX_PATH=${CMAKE_PREFIX_PATH}:/home/anmol/ws_offboard_control/install/manual_key_control:/opt/ros/humble /usr/bin/cmake --build /home/anmol/ws_offboard_control/build/px4_msgs -- -j12 -l12
[3.285s] Level 1:colcon.colcon_core.environment:create_environment_scripts_only(tutorial_interfaces)
[3.313s] Level 1:colcon.colcon_core.environment:checking '/home/anmol/ws_offboard_control/install/tutorial_interfaces' for CMake module files
[3.314s] Level 1:colcon.colcon_core.environment:checking '/home/anmol/ws_offboard_control/install/tutorial_interfaces' for CMake config files
[3.315s] Level 1:colcon.colcon_core.shell:create_environment_hook('tutorial_interfaces', 'cmake_prefix_path')
[3.342s] INFO:colcon.colcon_core.shell:Creating environment hook '/home/anmol/ws_offboard_control/install/tutorial_interfaces/share/tutorial_interfaces/hook/cmake_prefix_path.ps1'
[3.343s] INFO:colcon.colcon_core.shell:Creating environment descriptor '/home/anmol/ws_offboard_control/install/tutorial_interfaces/share/tutorial_interfaces/hook/cmake_prefix_path.dsv'
[3.344s] INFO:colcon.colcon_core.shell:Creating environment hook '/home/anmol/ws_offboard_control/install/tutorial_interfaces/share/tutorial_interfaces/hook/cmake_prefix_path.sh'
[3.346s] Level 1:colcon.colcon_core.environment:checking '/home/anmol/ws_offboard_control/install/tutorial_interfaces/lib'
[3.346s] Level 1:colcon.colcon_core.shell:create_environment_hook('tutorial_interfaces', 'ld_library_path_lib')
[3.375s] INFO:colcon.colcon_core.shell:Creating environment hook '/home/anmol/ws_offboard_control/install/tutorial_interfaces/share/tutorial_interfaces/hook/ld_library_path_lib.ps1'
[3.376s] INFO:colcon.colcon_core.shell:Creating environment descriptor '/home/anmol/ws_offboard_control/install/tutorial_interfaces/share/tutorial_interfaces/hook/ld_library_path_lib.dsv'
[3.377s] INFO:colcon.colcon_core.shell:Creating environment hook '/home/anmol/ws_offboard_control/install/tutorial_interfaces/share/tutorial_interfaces/hook/ld_library_path_lib.sh'
[3.378s] Level 1:colcon.colcon_core.environment:checking '/home/anmol/ws_offboard_control/install/tutorial_interfaces/bin'
[3.378s] Level 1:colcon.colcon_core.environment:checking '/home/anmol/ws_offboard_control/install/tutorial_interfaces/lib/pkgconfig/tutorial_interfaces.pc'
[3.378s] Level 1:colcon.colcon_core.environment:checking '/home/anmol/ws_offboard_control/install/tutorial_interfaces/lib/python3.10/site-packages'
[3.379s] Level 1:colcon.colcon_core.environment:checking '/home/anmol/ws_offboard_control/install/tutorial_interfaces/bin'
[3.407s] INFO:colcon.colcon_core.shell:Creating package script '/home/anmol/ws_offboard_control/install/tutorial_interfaces/share/tutorial_interfaces/package.ps1'
[3.407s] INFO:colcon.colcon_core.shell:Creating package descriptor '/home/anmol/ws_offboard_control/install/tutorial_interfaces/share/tutorial_interfaces/package.dsv'
[3.408s] INFO:colcon.colcon_core.shell:Creating package script '/home/anmol/ws_offboard_control/install/tutorial_interfaces/share/tutorial_interfaces/package.sh'
[3.409s] INFO:colcon.colcon_core.shell:Creating package script '/home/anmol/ws_offboard_control/install/tutorial_interfaces/share/tutorial_interfaces/package.bash'
[3.409s] INFO:colcon.colcon_core.shell:Creating package script '/home/anmol/ws_offboard_control/install/tutorial_interfaces/share/tutorial_interfaces/package.zsh'
[3.410s] Level 1:colcon.colcon_core.environment:create_file_with_runtime_dependencies(/home/anmol/ws_offboard_control/install/tutorial_interfaces/share/colcon-core/packages/tutorial_interfaces)
[3.410s] INFO:colcon.colcon_ros.task.ament_python.build:Building ROS package in '/home/anmol/ws_offboard_control/src/manual_key_control' with build type 'ament_python'
[3.411s] Level 1:colcon.colcon_core.shell:create_environment_hook('manual_key_control', 'ament_prefix_path')
[3.431s] INFO:colcon.colcon_core.shell:Creating environment hook '/home/anmol/ws_offboard_control/install/manual_key_control/share/manual_key_control/hook/ament_prefix_path.ps1'
[3.432s] INFO:colcon.colcon_core.shell:Creating environment descriptor '/home/anmol/ws_offboard_control/install/manual_key_control/share/manual_key_control/hook/ament_prefix_path.dsv'
[3.432s] INFO:colcon.colcon_core.shell:Creating environment hook '/home/anmol/ws_offboard_control/install/manual_key_control/share/manual_key_control/hook/ament_prefix_path.sh'
[3.462s] INFO:colcon.colcon_core.shell:Skip shell extension 'powershell' for command environment: Not usable outside of PowerShell
[3.462s] DEBUG:colcon.colcon_core.shell:Skip shell extension 'dsv' for command environment
[3.969s] INFO:colcon.colcon_core.task.python.build:Building Python package in '/home/anmol/ws_offboard_control/src/manual_key_control'
[3.989s] INFO:colcon.colcon_core.shell:Skip shell extension 'powershell' for command environment: Not usable outside of PowerShell
[3.989s] DEBUG:colcon.colcon_core.shell:Skip shell extension 'dsv' for command environment
[4.553s] DEBUG:colcon.colcon_core.event_handler.log_command:Invoking command in '/home/anmol/ws_offboard_control/src/manual_key_control': PYTHONPATH=/home/anmol/ws_offboard_control/build/manual_key_control/prefix_override:/home/anmol/ws_offboard_control/install/manual_key_control/lib/python3.10/site-packages:${PYTHONPATH} /usr/bin/python3 setup.py egg_info --egg-base ../../build/manual_key_control build --build-base /home/anmol/ws_offboard_control/build/manual_key_control/build install --record /home/anmol/ws_offboard_control/build/manual_key_control/install.log --single-version-externally-managed
[4.865s] DEBUG:colcon.colcon_core.event_handler.log_command:Invoked command in '/home/anmol/ws_offboard_control/build/action_commands' returned '0': CMAKE_PREFIX_PATH=${CMAKE_PREFIX_PATH}:/home/anmol/ws_offboard_control/install/manual_key_control:/opt/ros/humble /usr/bin/cmake /home/anmol/ws_offboard_control/src/action_commands -DCMAKE_INSTALL_PREFIX=/home/anmol/ws_offboard_control/install/action_commands
[4.867s] DEBUG:colcon.colcon_core.event_handler.log_command:Invoking command in '/home/anmol/ws_offboard_control/build/action_commands': CMAKE_PREFIX_PATH=${CMAKE_PREFIX_PATH}:/home/anmol/ws_offboard_control/install/manual_key_control:/opt/ros/humble /usr/bin/cmake --build /home/anmol/ws_offboard_control/build/action_commands -- -j12 -l12
[5.084s] DEBUG:colcon.colcon_core.event_handler.log_command:Invoked command in '/home/anmol/ws_offboard_control/src/manual_key_control' returned '0': PYTHONPATH=/home/anmol/ws_offboard_control/build/manual_key_control/prefix_override:/home/anmol/ws_offboard_control/install/manual_key_control/lib/python3.10/site-packages:${PYTHONPATH} /usr/bin/python3 setup.py egg_info --egg-base ../../build/manual_key_control build --build-base /home/anmol/ws_offboard_control/build/manual_key_control/build install --record /home/anmol/ws_offboard_control/build/manual_key_control/install.log --single-version-externally-managed
[5.114s] Level 1:colcon.colcon_core.environment:checking '/home/anmol/ws_offboard_control/install/manual_key_control' for CMake module files
[5.115s] Level 1:colcon.colcon_core.environment:checking '/home/anmol/ws_offboard_control/install/manual_key_control' for CMake config files
[5.116s] Level 1:colcon.colcon_core.environment:checking '/home/anmol/ws_offboard_control/install/manual_key_control/lib'
[5.116s] Level 1:colcon.colcon_core.environment:checking '/home/anmol/ws_offboard_control/install/manual_key_control/bin'
[5.116s] Level 1:colcon.colcon_core.environment:checking '/home/anmol/ws_offboard_control/install/manual_key_control/lib/pkgconfig/manual_key_control.pc'
[5.117s] Level 1:colcon.colcon_core.environment:checking '/home/anmol/ws_offboard_control/install/manual_key_control/lib/python3.10/site-packages'
[5.117s] Level 1:colcon.colcon_core.shell:create_environment_hook('manual_key_control', 'pythonpath')
[5.147s] INFO:colcon.colcon_core.shell:Creating environment hook '/home/anmol/ws_offboard_control/install/manual_key_control/share/manual_key_control/hook/pythonpath.ps1'
[5.148s] INFO:colcon.colcon_core.shell:Creating environment descriptor '/home/anmol/ws_offboard_control/install/manual_key_control/share/manual_key_control/hook/pythonpath.dsv'
[5.148s] INFO:colcon.colcon_core.shell:Creating environment hook '/home/anmol/ws_offboard_control/install/manual_key_control/share/manual_key_control/hook/pythonpath.sh'
[5.149s] Level 1:colcon.colcon_core.environment:checking '/home/anmol/ws_offboard_control/install/manual_key_control/bin'
[5.150s] Level 1:colcon.colcon_core.environment:create_environment_scripts_only(manual_key_control)
[5.172s] INFO:colcon.colcon_core.shell:Creating package script '/home/anmol/ws_offboard_control/install/manual_key_control/share/manual_key_control/package.ps1'
[5.173s] INFO:colcon.colcon_core.shell:Creating package descriptor '/home/anmol/ws_offboard_control/install/manual_key_control/share/manual_key_control/package.dsv'
[5.173s] INFO:colcon.colcon_core.shell:Creating package script '/home/anmol/ws_offboard_control/install/manual_key_control/share/manual_key_control/package.sh'
[5.174s] INFO:colcon.colcon_core.shell:Creating package script '/home/anmol/ws_offboard_control/install/manual_key_control/share/manual_key_control/package.bash'
[5.174s] INFO:colcon.colcon_core.shell:Creating package script '/home/anmol/ws_offboard_control/install/manual_key_control/share/manual_key_control/package.zsh'
[5.175s] Level 1:colcon.colcon_core.environment:create_file_with_runtime_dependencies(/home/anmol/ws_offboard_control/install/manual_key_control/share/colcon-core/packages/manual_key_control)
[9.980s] DEBUG:colcon.colcon_core.event_handler.log_command:Invoked command in '/home/anmol/ws_offboard_control/build/action_commands' returned '0': CMAKE_PREFIX_PATH=${CMAKE_PREFIX_PATH}:/home/anmol/ws_offboard_control/install/manual_key_control:/opt/ros/humble /usr/bin/cmake --build /home/anmol/ws_offboard_control/build/action_commands -- -j12 -l12
[10.076s] DEBUG:colcon.colcon_core.event_handler.log_command:Invoking command in '/home/anmol/ws_offboard_control/build/action_commands': CMAKE_PREFIX_PATH=${CMAKE_PREFIX_PATH}:/home/anmol/ws_offboard_control/install/manual_key_control:/opt/ros/humble /usr/bin/cmake --install /home/anmol/ws_offboard_control/build/action_commands
[10.165s] Level 1:colcon.colcon_core.environment:create_environment_scripts_only(action_commands)
[10.166s] DEBUG:colcon.colcon_core.event_handler.log_command:Invoked command in '/home/anmol/ws_offboard_control/build/action_commands' returned '0': CMAKE_PREFIX_PATH=${CMAKE_PREFIX_PATH}:/home/anmol/ws_offboard_control/install/manual_key_control:/opt/ros/humble /usr/bin/cmake --install /home/anmol/ws_offboard_control/build/action_commands
[10.181s] Level 1:colcon.colcon_core.environment:checking '/home/anmol/ws_offboard_control/install/action_commands' for CMake module files
[10.182s] Level 1:colcon.colcon_core.environment:checking '/home/anmol/ws_offboard_control/install/action_commands' for CMake config files
[10.182s] Level 1:colcon.colcon_core.shell:create_environment_hook('action_commands', 'cmake_prefix_path')
[10.196s] INFO:colcon.colcon_core.shell:Creating environment hook '/home/anmol/ws_offboard_control/install/action_commands/share/action_commands/hook/cmake_prefix_path.ps1'
[10.196s] INFO:colcon.colcon_core.shell:Creating environment descriptor '/home/anmol/ws_offboard_control/install/action_commands/share/action_commands/hook/cmake_prefix_path.dsv'
[10.196s] INFO:colcon.colcon_core.shell:Creating environment hook '/home/anmol/ws_offboard_control/install/action_commands/share/action_commands/hook/cmake_prefix_path.sh'
[10.197s] Level 1:colcon.colcon_core.environment:checking '/home/anmol/ws_offboard_control/install/action_commands/lib'
[10.197s] Level 1:colcon.colcon_core.shell:create_environment_hook('action_commands', 'ld_library_path_lib')
[10.211s] INFO:colcon.colcon_core.shell:Creating environment hook '/home/anmol/ws_offboard_control/install/action_commands/share/action_commands/hook/ld_library_path_lib.ps1'
[10.212s] INFO:colcon.colcon_core.shell:Creating environment descriptor '/home/anmol/ws_offboard_control/install/action_commands/share/action_commands/hook/ld_library_path_lib.dsv'
[10.212s] INFO:colcon.colcon_core.shell:Creating environment hook '/home/anmol/ws_offboard_control/install/action_commands/share/action_commands/hook/ld_library_path_lib.sh'
[10.212s] Level 1:colcon.colcon_core.environment:checking '/home/anmol/ws_offboard_control/install/action_commands/bin'
[10.212s] Level 1:colcon.colcon_core.environment:checking '/home/anmol/ws_offboard_control/install/action_commands/lib/pkgconfig/action_commands.pc'
[10.212s] Level 1:colcon.colcon_core.environment:checking '/home/anmol/ws_offboard_control/install/action_commands/lib/python3.10/site-packages'
[10.213s] Level 1:colcon.colcon_core.environment:checking '/home/anmol/ws_offboard_control/install/action_commands/bin'
[10.227s] INFO:colcon.colcon_core.shell:Creating package script '/home/anmol/ws_offboard_control/install/action_commands/share/action_commands/package.ps1'
[10.227s] INFO:colcon.colcon_core.shell:Creating package descriptor '/home/anmol/ws_offboard_control/install/action_commands/share/action_commands/package.dsv'
[10.228s] INFO:colcon.colcon_core.shell:Creating package script '/home/anmol/ws_offboard_control/install/action_commands/share/action_commands/package.sh'
[10.228s] INFO:colcon.colcon_core.shell:Creating package script '/home/anmol/ws_offboard_control/install/action_commands/share/action_commands/package.bash'
[10.228s] INFO:colcon.colcon_core.shell:Creating package script '/home/anmol/ws_offboard_control/install/action_commands/share/action_commands/package.zsh'
[10.229s] Level 1:colcon.colcon_core.environment:create_file_with_runtime_dependencies(/home/anmol/ws_offboard_control/install/action_commands/share/colcon-core/packages/action_commands)
[10.321s] Level 1:colcon.colcon_core.environment:create_environment_scripts_only(action_commands)
[10.335s] Level 1:colcon.colcon_core.environment:checking '/home/anmol/ws_offboard_control/install/action_commands' for CMake module files
[10.335s] Level 1:colcon.colcon_core.environment:checking '/home/anmol/ws_offboard_control/install/action_commands' for CMake config files
[10.336s] Level 1:colcon.colcon_core.shell:create_environment_hook('action_commands', 'cmake_prefix_path')
[10.349s] INFO:colcon.colcon_core.shell:Creating environment hook '/home/anmol/ws_offboard_control/install/action_commands/share/action_commands/hook/cmake_prefix_path.ps1'
[10.349s] INFO:colcon.colcon_core.shell:Creating environment descriptor '/home/anmol/ws_offboard_control/install/action_commands/share/action_commands/hook/cmake_prefix_path.dsv'
[10.350s] INFO:colcon.colcon_core.shell:Creating environment hook '/home/anmol/ws_offboard_control/install/action_commands/share/action_commands/hook/cmake_prefix_path.sh'
[10.350s] Level 1:colcon.colcon_core.environment:checking '/home/anmol/ws_offboard_control/install/action_commands/lib'
[10.350s] Level 1:colcon.colcon_core.shell:create_environment_hook('action_commands', 'ld_library_path_lib')
[10.363s] INFO:colcon.colcon_core.shell:Creating environment hook '/home/anmol/ws_offboard_control/install/action_commands/share/action_commands/hook/ld_library_path_lib.ps1'
[10.364s] INFO:colcon.colcon_core.shell:Creating environment descriptor '/home/anmol/ws_offboard_control/install/action_commands/share/action_commands/hook/ld_library_path_lib.dsv'
[10.364s] INFO:colcon.colcon_core.shell:Creating environment hook '/home/anmol/ws_offboard_control/install/action_commands/share/action_commands/hook/ld_library_path_lib.sh'
[10.364s] Level 1:colcon.colcon_core.environment:checking '/home/anmol/ws_offboard_control/install/action_commands/bin'
[10.364s] Level 1:colcon.colcon_core.environment:checking '/home/anmol/ws_offboard_control/install/action_commands/lib/pkgconfig/action_commands.pc'
[10.365s] Level 1:colcon.colcon_core.environment:checking '/home/anmol/ws_offboard_control/install/action_commands/lib/python3.10/site-packages'
[10.365s] Level 1:colcon.colcon_core.environment:checking '/home/anmol/ws_offboard_control/install/action_commands/bin'
[10.378s] INFO:colcon.colcon_core.shell:Creating package script '/home/anmol/ws_offboard_control/install/action_commands/share/action_commands/package.ps1'
[10.378s] INFO:colcon.colcon_core.shell:Creating package descriptor '/home/anmol/ws_offboard_control/install/action_commands/share/action_commands/package.dsv'
[10.379s] INFO:colcon.colcon_core.shell:Creating package script '/home/anmol/ws_offboard_control/install/action_commands/share/action_commands/package.sh'
[10.379s] INFO:colcon.colcon_core.shell:Creating package script '/home/anmol/ws_offboard_control/install/action_commands/share/action_commands/package.bash'
[10.379s] INFO:colcon.colcon_core.shell:Creating package script '/home/anmol/ws_offboard_control/install/action_commands/share/action_commands/package.zsh'
[10.380s] Level 1:colcon.colcon_core.environment:create_file_with_runtime_dependencies(/home/anmol/ws_offboard_control/install/action_commands/share/colcon-core/packages/action_commands)
[11.503s] DEBUG:colcon.colcon_core.event_handler.log_command:Invoking command in '/home/anmol/ws_offboard_control/build/px4_msgs': CMAKE_PREFIX_PATH=${CMAKE_PREFIX_PATH}:/home/anmol/ws_offboard_control/install/manual_key_control:/opt/ros/humble /usr/bin/cmake --install /home/anmol/ws_offboard_control/build/px4_msgs
[11.851s] Level 1:colcon.colcon_core.environment:create_environment_scripts_only(px4_msgs)
[11.851s] DEBUG:colcon.colcon_core.event_handler.log_command:Invoked command in '/home/anmol/ws_offboard_control/build/px4_msgs' returned '0': CMAKE_PREFIX_PATH=${CMAKE_PREFIX_PATH}:/home/anmol/ws_offboard_control/install/manual_key_control:/opt/ros/humble /usr/bin/cmake --install /home/anmol/ws_offboard_control/build/px4_msgs
[11.865s] Level 1:colcon.colcon_core.environment:checking '/home/anmol/ws_offboard_control/install/px4_msgs' for CMake module files
[11.865s] Level 1:colcon.colcon_core.environment:checking '/home/anmol/ws_offboard_control/install/px4_msgs' for CMake config files
[11.865s] Level 1:colcon.colcon_core.shell:create_environment_hook('px4_msgs', 'cmake_prefix_path')
[11.878s] INFO:colcon.colcon_core.shell:Creating environment hook '/home/anmol/ws_offboard_control/install/px4_msgs/share/px4_msgs/hook/cmake_prefix_path.ps1'
[11.878s] INFO:colcon.colcon_core.shell:Creating environment descriptor '/home/anmol/ws_offboard_control/install/px4_msgs/share/px4_msgs/hook/cmake_prefix_path.dsv'
[11.879s] INFO:colcon.colcon_core.shell:Creating environment hook '/home/anmol/ws_offboard_control/install/px4_msgs/share/px4_msgs/hook/cmake_prefix_path.sh'
[11.879s] Level 1:colcon.colcon_core.environment:checking '/home/anmol/ws_offboard_control/install/px4_msgs/lib'
[11.879s] Level 1:colcon.colcon_core.shell:create_environment_hook('px4_msgs', 'ld_library_path_lib')
[11.892s] INFO:colcon.colcon_core.shell:Creating environment hook '/home/anmol/ws_offboard_control/install/px4_msgs/share/px4_msgs/hook/ld_library_path_lib.ps1'
[11.892s] INFO:colcon.colcon_core.shell:Creating environment descriptor '/home/anmol/ws_offboard_control/install/px4_msgs/share/px4_msgs/hook/ld_library_path_lib.dsv'
[11.893s] INFO:colcon.colcon_core.shell:Creating environment hook '/home/anmol/ws_offboard_control/install/px4_msgs/share/px4_msgs/hook/ld_library_path_lib.sh'
[11.893s] Level 1:colcon.colcon_core.environment:checking '/home/anmol/ws_offboard_control/install/px4_msgs/bin'
[11.893s] Level 1:colcon.colcon_core.environment:checking '/home/anmol/ws_offboard_control/install/px4_msgs/lib/pkgconfig/px4_msgs.pc'
[11.893s] Level 1:colcon.colcon_core.environment:checking '/home/anmol/ws_offboard_control/install/px4_msgs/lib/python3.10/site-packages'
[11.893s] Level 1:colcon.colcon_core.environment:checking '/home/anmol/ws_offboard_control/install/px4_msgs/bin'
[11.920s] INFO:colcon.colcon_core.shell:Creating package script '/home/anmol/ws_offboard_control/install/px4_msgs/share/px4_msgs/package.ps1'
[11.921s] INFO:colcon.colcon_core.shell:Creating package descriptor '/home/anmol/ws_offboard_control/install/px4_msgs/share/px4_msgs/package.dsv'
[11.921s] INFO:colcon.colcon_core.shell:Creating package script '/home/anmol/ws_offboard_control/install/px4_msgs/share/px4_msgs/package.sh'
[11.922s] INFO:colcon.colcon_core.shell:Creating package script '/home/anmol/ws_offboard_control/install/px4_msgs/share/px4_msgs/package.bash'
[11.922s] INFO:colcon.colcon_core.shell:Creating package script '/home/anmol/ws_offboard_control/install/px4_msgs/share/px4_msgs/package.zsh'
[11.922s] Level 1:colcon.colcon_core.environment:create_file_with_runtime_dependencies(/home/anmol/ws_offboard_control/install/px4_msgs/share/colcon-core/packages/px4_msgs)
[17.555s] Level 1:colcon.colcon_core.environment:create_environment_scripts_only(px4_msgs)
[17.568s] Level 1:colcon.colcon_core.environment:checking '/home/anmol/ws_offboard_control/install/px4_msgs' for CMake module files
[17.568s] Level 1:colcon.colcon_core.environment:checking '/home/anmol/ws_offboard_control/install/px4_msgs' for CMake config files
[17.569s] Level 1:colcon.colcon_core.shell:create_environment_hook('px4_msgs', 'cmake_prefix_path')
[17.581s] INFO:colcon.colcon_core.shell:Creating environment hook '/home/anmol/ws_offboard_control/install/px4_msgs/share/px4_msgs/hook/cmake_prefix_path.ps1'
[17.582s] INFO:colcon.colcon_core.shell:Creating environment descriptor '/home/anmol/ws_offboard_control/install/px4_msgs/share/px4_msgs/hook/cmake_prefix_path.dsv'
[17.582s] INFO:colcon.colcon_core.shell:Creating environment hook '/home/anmol/ws_offboard_control/install/px4_msgs/share/px4_msgs/hook/cmake_prefix_path.sh'
[17.582s] Level 1:colcon.colcon_core.environment:checking '/home/anmol/ws_offboard_control/install/px4_msgs/lib'
[17.582s] Level 1:colcon.colcon_core.shell:create_environment_hook('px4_msgs', 'ld_library_path_lib')
[17.595s] INFO:colcon.colcon_core.shell:Creating environment hook '/home/anmol/ws_offboard_control/install/px4_msgs/share/px4_msgs/hook/ld_library_path_lib.ps1'
[17.596s] INFO:colcon.colcon_core.shell:Creating environment descriptor '/home/anmol/ws_offboard_control/install/px4_msgs/share/px4_msgs/hook/ld_library_path_lib.dsv'
[17.596s] INFO:colcon.colcon_core.shell:Creating environment hook '/home/anmol/ws_offboard_control/install/px4_msgs/share/px4_msgs/hook/ld_library_path_lib.sh'
[17.596s] Level 1:colcon.colcon_core.environment:checking '/home/anmol/ws_offboard_control/install/px4_msgs/bin'
[17.596s] Level 1:colcon.colcon_core.environment:checking '/home/anmol/ws_offboard_control/install/px4_msgs/lib/pkgconfig/px4_msgs.pc'
[17.597s] Level 1:colcon.colcon_core.environment:checking '/home/anmol/ws_offboard_control/install/px4_msgs/lib/python3.10/site-packages'
[17.597s] Level 1:colcon.colcon_core.environment:checking '/home/anmol/ws_offboard_control/install/px4_msgs/bin'
[17.610s] INFO:colcon.colcon_core.shell:Creating package script '/home/anmol/ws_offboard_control/install/px4_msgs/share/px4_msgs/package.ps1'
[17.610s] INFO:colcon.colcon_core.shell:Creating package descriptor '/home/anmol/ws_offboard_control/install/px4_msgs/share/px4_msgs/package.dsv'
[17.611s] INFO:colcon.colcon_core.shell:Creating package script '/home/anmol/ws_offboard_control/install/px4_msgs/share/px4_msgs/package.sh'
[17.611s] INFO:colcon.colcon_core.shell:Creating package script '/home/anmol/ws_offboard_control/install/px4_msgs/share/px4_msgs/package.bash'
[17.612s] INFO:colcon.colcon_core.shell:Creating package script '/home/anmol/ws_offboard_control/install/px4_msgs/share/px4_msgs/package.zsh'
[17.612s] Level 1:colcon.colcon_core.environment:create_file_with_runtime_dependencies(/home/anmol/ws_offboard_control/install/px4_msgs/share/colcon-core/packages/px4_msgs)
[17.612s] INFO:colcon.colcon_ros.task.ament_cmake.build:Building ROS package in '/home/anmol/ws_offboard_control/src/px4_ros_com' with build type 'ament_cmake'
[17.612s] INFO:colcon.colcon_cmake.task.cmake.build:Building CMake package in '/home/anmol/ws_offboard_control/src/px4_ros_com'
[17.626s] INFO:colcon.colcon_core.shell:Skip shell extension 'powershell' for command environment: Not usable outside of PowerShell
[17.626s] DEBUG:colcon.colcon_core.shell:Skip shell extension 'dsv' for command environment
[17.675s] DEBUG:colcon.colcon_core.event_handler.log_command:Invoking command in '/home/anmol/ws_offboard_control/build/px4_ros_com': CMAKE_PREFIX_PATH=/home/anmol/ws_offboard_control/install/px4_msgs:/home/anmol/ws_offboard_control/install/tutorial_interfaces:/home/anmol/ws_offboard_control/install/px4_ros_com:/home/anmol/ws_offboard_control/install/custom_msgs:/home/anmol/ws_offboard_control/install/action_tutorials_interfaces:/home/anmol/ws_offboard_control/install/manual_key_control:/opt/ros/humble LD_LIBRARY_PATH=/home/anmol/ws_offboard_control/install/px4_msgs/lib:/home/anmol/ws_offboard_control/install/tutorial_interfaces/lib:/home/anmol/ws_offboard_control/install/px4_ros_com/lib:/home/anmol/ws_offboard_control/install/custom_msgs/lib:/home/anmol/ws_offboard_control/install/action_tutorials_interfaces/lib:/opt/ros/humble/opt/rviz_ogre_vendor/lib:/opt/ros/humble/lib/x86_64-linux-gnu:/opt/ros/humble/lib /usr/bin/cmake --build /home/anmol/ws_offboard_control/build/px4_ros_com -- -j12 -l12
[24.179s] DEBUG:colcon.colcon_core.event_handler.log_command:Invoked command in '/home/anmol/ws_offboard_control/build/px4_ros_com' returned '0': CMAKE_PREFIX_PATH=/home/anmol/ws_offboard_control/install/px4_msgs:/home/anmol/ws_offboard_control/install/tutorial_interfaces:/home/anmol/ws_offboard_control/install/px4_ros_com:/home/anmol/ws_offboard_control/install/custom_msgs:/home/anmol/ws_offboard_control/install/action_tutorials_interfaces:/home/anmol/ws_offboard_control/install/manual_key_control:/opt/ros/humble LD_LIBRARY_PATH=/home/anmol/ws_offboard_control/install/px4_msgs/lib:/home/anmol/ws_offboard_control/install/tutorial_interfaces/lib:/home/anmol/ws_offboard_control/install/px4_ros_com/lib:/home/anmol/ws_offboard_control/install/custom_msgs/lib:/home/anmol/ws_offboard_control/install/action_tutorials_interfaces/lib:/opt/ros/humble/opt/rviz_ogre_vendor/lib:/opt/ros/humble/lib/x86_64-linux-gnu:/opt/ros/humble/lib /usr/bin/cmake --build /home/anmol/ws_offboard_control/build/px4_ros_com -- -j12 -l12
[24.235s] DEBUG:colcon.colcon_core.event_handler.log_command:Invoking command in '/home/anmol/ws_offboard_control/build/px4_ros_com': CMAKE_PREFIX_PATH=/home/anmol/ws_offboard_control/install/px4_msgs:/home/anmol/ws_offboard_control/install/tutorial_interfaces:/home/anmol/ws_offboard_control/install/px4_ros_com:/home/anmol/ws_offboard_control/install/custom_msgs:/home/anmol/ws_offboard_control/install/action_tutorials_interfaces:/home/anmol/ws_offboard_control/install/manual_key_control:/opt/ros/humble LD_LIBRARY_PATH=/home/anmol/ws_offboard_control/install/px4_msgs/lib:/home/anmol/ws_offboard_control/install/tutorial_interfaces/lib:/home/anmol/ws_offboard_control/install/px4_ros_com/lib:/home/anmol/ws_offboard_control/install/custom_msgs/lib:/home/anmol/ws_offboard_control/install/action_tutorials_interfaces/lib:/opt/ros/humble/opt/rviz_ogre_vendor/lib:/opt/ros/humble/lib/x86_64-linux-gnu:/opt/ros/humble/lib /usr/bin/cmake --install /home/anmol/ws_offboard_control/build/px4_ros_com
[24.257s] Level 1:colcon.colcon_core.environment:create_environment_scripts_only(px4_ros_com)
[24.257s] DEBUG:colcon.colcon_core.event_handler.log_command:Invoked command in '/home/anmol/ws_offboard_control/build/px4_ros_com' returned '0': CMAKE_PREFIX_PATH=/home/anmol/ws_offboard_control/install/px4_msgs:/home/anmol/ws_offboard_control/install/tutorial_interfaces:/home/anmol/ws_offboard_control/install/px4_ros_com:/home/anmol/ws_offboard_control/install/custom_msgs:/home/anmol/ws_offboard_control/install/action_tutorials_interfaces:/home/anmol/ws_offboard_control/install/manual_key_control:/opt/ros/humble LD_LIBRARY_PATH=/home/anmol/ws_offboard_control/install/px4_msgs/lib:/home/anmol/ws_offboard_control/install/tutorial_interfaces/lib:/home/anmol/ws_offboard_control/install/px4_ros_com/lib:/home/anmol/ws_offboard_control/install/custom_msgs/lib:/home/anmol/ws_offboard_control/install/action_tutorials_interfaces/lib:/opt/ros/humble/opt/rviz_ogre_vendor/lib:/opt/ros/humble/lib/x86_64-linux-gnu:/opt/ros/humble/lib /usr/bin/cmake --install /home/anmol/ws_offboard_control/build/px4_ros_com
[24.276s] Level 1:colcon.colcon_core.environment:checking '/home/anmol/ws_offboard_control/install/px4_ros_com' for CMake module files
[24.277s] Level 1:colcon.colcon_core.environment:checking '/home/anmol/ws_offboard_control/install/px4_ros_com' for CMake config files
[24.278s] Level 1:colcon.colcon_core.shell:create_environment_hook('px4_ros_com', 'cmake_prefix_path')
[24.296s] INFO:colcon.colcon_core.shell:Creating environment hook '/home/anmol/ws_offboard_control/install/px4_ros_com/share/px4_ros_com/hook/cmake_prefix_path.ps1'
[24.297s] INFO:colcon.colcon_core.shell:Creating environment descriptor '/home/anmol/ws_offboard_control/install/px4_ros_com/share/px4_ros_com/hook/cmake_prefix_path.dsv'
[24.297s] INFO:colcon.colcon_core.shell:Creating environment hook '/home/anmol/ws_offboard_control/install/px4_ros_com/share/px4_ros_com/hook/cmake_prefix_path.sh'
[24.298s] Level 1:colcon.colcon_core.environment:checking '/home/anmol/ws_offboard_control/install/px4_ros_com/lib'
[24.298s] Level 1:colcon.colcon_core.shell:create_environment_hook('px4_ros_com', 'ld_library_path_lib')
[24.310s] INFO:colcon.colcon_core.shell:Creating environment hook '/home/anmol/ws_offboard_control/install/px4_ros_com/share/px4_ros_com/hook/ld_library_path_lib.ps1'
[24.310s] INFO:colcon.colcon_core.shell:Creating environment descriptor '/home/anmol/ws_offboard_control/install/px4_ros_com/share/px4_ros_com/hook/ld_library_path_lib.dsv'
[24.311s] INFO:colcon.colcon_core.shell:Creating environment hook '/home/anmol/ws_offboard_control/install/px4_ros_com/share/px4_ros_com/hook/ld_library_path_lib.sh'
[24.311s] Level 1:colcon.colcon_core.environment:checking '/home/anmol/ws_offboard_control/install/px4_ros_com/bin'
[24.311s] Level 1:colcon.colcon_core.environment:checking '/home/anmol/ws_offboard_control/install/px4_ros_com/lib/pkgconfig/px4_ros_com.pc'
[24.311s] Level 1:colcon.colcon_core.environment:checking '/home/anmol/ws_offboard_control/install/px4_ros_com/lib/python3.10/site-packages'
[24.311s] Level 1:colcon.colcon_core.environment:checking '/home/anmol/ws_offboard_control/install/px4_ros_com/bin'
[24.324s] INFO:colcon.colcon_core.shell:Creating package script '/home/anmol/ws_offboard_control/install/px4_ros_com/share/px4_ros_com/package.ps1'
[24.324s] INFO:colcon.colcon_core.shell:Creating package descriptor '/home/anmol/ws_offboard_control/install/px4_ros_com/share/px4_ros_com/package.dsv'
[24.324s] INFO:colcon.colcon_core.shell:Creating package script '/home/anmol/ws_offboard_control/install/px4_ros_com/share/px4_ros_com/package.sh'
[24.325s] INFO:colcon.colcon_core.shell:Creating package script '/home/anmol/ws_offboard_control/install/px4_ros_com/share/px4_ros_com/package.bash'
[24.325s] INFO:colcon.colcon_core.shell:Creating package script '/home/anmol/ws_offboard_control/install/px4_ros_com/share/px4_ros_com/package.zsh'
[24.325s] Level 1:colcon.colcon_core.environment:create_file_with_runtime_dependencies(/home/anmol/ws_offboard_control/install/px4_ros_com/share/colcon-core/packages/px4_ros_com)
[24.394s] Level 1:colcon.colcon_core.environment:create_environment_scripts_only(px4_ros_com)
[24.407s] Level 1:colcon.colcon_core.environment:checking '/home/anmol/ws_offboard_control/install/px4_ros_com' for CMake module files
[24.407s] Level 1:colcon.colcon_core.environment:checking '/home/anmol/ws_offboard_control/install/px4_ros_com' for CMake config files
[24.408s] Level 1:colcon.colcon_core.shell:create_environment_hook('px4_ros_com', 'cmake_prefix_path')
[24.420s] INFO:colcon.colcon_core.shell:Creating environment hook '/home/anmol/ws_offboard_control/install/px4_ros_com/share/px4_ros_com/hook/cmake_prefix_path.ps1'
[24.421s] INFO:colcon.colcon_core.shell:Creating environment descriptor '/home/anmol/ws_offboard_control/install/px4_ros_com/share/px4_ros_com/hook/cmake_prefix_path.dsv'
[24.421s] INFO:colcon.colcon_core.shell:Creating environment hook '/home/anmol/ws_offboard_control/install/px4_ros_com/share/px4_ros_com/hook/cmake_prefix_path.sh'
[24.421s] Level 1:colcon.colcon_core.environment:checking '/home/anmol/ws_offboard_control/install/px4_ros_com/lib'
[24.421s] Level 1:colcon.colcon_core.shell:create_environment_hook('px4_ros_com', 'ld_library_path_lib')
[24.434s] INFO:colcon.colcon_core.shell:Creating environment hook '/home/anmol/ws_offboard_control/install/px4_ros_com/share/px4_ros_com/hook/ld_library_path_lib.ps1'
[24.434s] INFO:colcon.colcon_core.shell:Creating environment descriptor '/home/anmol/ws_offboard_control/install/px4_ros_com/share/px4_ros_com/hook/ld_library_path_lib.dsv'
[24.435s] INFO:colcon.colcon_core.shell:Creating environment hook '/home/anmol/ws_offboard_control/install/px4_ros_com/share/px4_ros_com/hook/ld_library_path_lib.sh'
[24.435s] Level 1:colcon.colcon_core.environment:checking '/home/anmol/ws_offboard_control/install/px4_ros_com/bin'
[24.435s] Level 1:colcon.colcon_core.environment:checking '/home/anmol/ws_offboard_control/install/px4_ros_com/lib/pkgconfig/px4_ros_com.pc'
[24.435s] Level 1:colcon.colcon_core.environment:checking '/home/anmol/ws_offboard_control/install/px4_ros_com/lib/python3.10/site-packages'
[24.435s] Level 1:colcon.colcon_core.environment:checking '/home/anmol/ws_offboard_control/install/px4_ros_com/bin'
[24.448s] INFO:colcon.colcon_core.shell:Creating package script '/home/anmol/ws_offboard_control/install/px4_ros_com/share/px4_ros_com/package.ps1'
[24.448s] INFO:colcon.colcon_core.shell:Creating package descriptor '/home/anmol/ws_offboard_control/install/px4_ros_com/share/px4_ros_com/package.dsv'
[24.449s] INFO:colcon.colcon_core.shell:Creating package script '/home/anmol/ws_offboard_control/install/px4_ros_com/share/px4_ros_com/package.sh'
[24.449s] INFO:colcon.colcon_core.shell:Creating package script '/home/anmol/ws_offboard_control/install/px4_ros_com/share/px4_ros_com/package.bash'
[24.449s] INFO:colcon.colcon_core.shell:Creating package script '/home/anmol/ws_offboard_control/install/px4_ros_com/share/px4_ros_com/package.zsh'
[24.450s] Level 1:colcon.colcon_core.environment:create_file_with_runtime_dependencies(/home/anmol/ws_offboard_control/install/px4_ros_com/share/colcon-core/packages/px4_ros_com)
[24.450s] DEBUG:colcon.colcon_parallel_executor.executor.parallel:closing loop
[24.450s] DEBUG:colcon.colcon_parallel_executor.executor.parallel:loop closed
[24.450s] DEBUG:colcon.colcon_parallel_executor.executor.parallel:run_until_complete finished with '0'
[24.450s] DEBUG:colcon.colcon_core.event_reactor:joining thread
[24.468s] INFO:colcon.colcon_core.plugin_system:Skipping extension 'colcon_notification.desktop_notification.terminal_notifier': Not used on non-Darwin systems
[24.468s] INFO:colcon.colcon_core.plugin_system:Skipping extension 'colcon_notification.desktop_notification.win32': Not used on non-Windows systems
[24.468s] INFO:colcon.colcon_notification.desktop_notification:Sending desktop notification using 'notify2'
[24.483s] DEBUG:colcon.colcon_core.event_reactor:joined thread
[24.498s] INFO:colcon.colcon_core.shell:Creating prefix script '/home/anmol/ws_offboard_control/install/local_setup.ps1'
[24.499s] INFO:colcon.colcon_core.shell:Creating prefix util module '/home/anmol/ws_offboard_control/install/_local_setup_util_ps1.py'
[24.500s] INFO:colcon.colcon_core.shell:Creating prefix chain script '/home/anmol/ws_offboard_control/install/setup.ps1'
[24.513s] INFO:colcon.colcon_core.shell:Creating prefix script '/home/anmol/ws_offboard_control/install/local_setup.sh'
[24.514s] INFO:colcon.colcon_core.shell:Creating prefix util module '/home/anmol/ws_offboard_control/install/_local_setup_util_sh.py'
[24.514s] INFO:colcon.colcon_core.shell:Creating prefix chain script '/home/anmol/ws_offboard_control/install/setup.sh'
[24.528s] INFO:colcon.colcon_core.shell:Creating prefix script '/home/anmol/ws_offboard_control/install/local_setup.bash'
[24.528s] INFO:colcon.colcon_core.shell:Creating prefix chain script '/home/anmol/ws_offboard_control/install/setup.bash'
[24.541s] INFO:colcon.colcon_core.shell:Creating prefix script '/home/anmol/ws_offboard_control/install/local_setup.zsh'
[24.542s] INFO:colcon.colcon_core.shell:Creating prefix chain script '/home/anmol/ws_offboard_control/install/setup.zsh'
