[0.255s] Invoking command in '/home/anmol/ws_offboard_control/build/px4_msgs': CMAKE_PREFIX_PATH=${CMAKE_PREFIX_PATH}:/home/anmol/ws_offboard_control/install/manual_key_control:/opt/ros/humble /usr/bin/cmake --build /home/anmol/ws_offboard_control/build/px4_msgs -- -j12 -l12
[0.876s] [  0%] Built target px4_msgs__cpp
[0.947s] [ 12%] Built target px4_msgs__rosidl_generator_c
[0.985s] [ 12%] Built target ament_cmake_python_copy_px4_msgs
[1.050s] [ 24%] Built target px4_msgs__rosidl_typesupport_cpp
[1.063s] [ 37%] Built target px4_msgs__rosidl_typesupport_c
[1.073s] [ 50%] Built target px4_msgs__rosidl_typesupport_introspection_cpp
[1.088s] [ 62%] Built target px4_msgs__rosidl_typesupport_fastrtps_cpp
[1.098s] [ 75%] Built target px4_msgs__rosidl_typesupport_introspection_c
[1.161s] [ 88%] Built target px4_msgs__rosidl_typesupport_fastrtps_c
[1.200s] [ 88%] Built target px4_msgs
[1.251s] [ 88%] Built target px4_msgs__py
[1.340s] running egg_info
[1.341s] writing px4_msgs.egg-info/PKG-INFO
[1.341s] writing dependency_links to px4_msgs.egg-info/dependency_links.txt
[1.341s] writing top-level names to px4_msgs.egg-info/top_level.txt
[1.348s] reading manifest file 'px4_msgs.egg-info/SOURCES.txt'
[1.352s] writing manifest file 'px4_msgs.egg-info/SOURCES.txt'
[1.396s] [100%] Built target px4_msgs__rosidl_generator_py
[1.399s] [100%] Built target ament_cmake_python_build_px4_msgs_egg
[1.440s] [100%] Built target px4_msgs__rosidl_typesupport_fastrtps_c__pyext
[1.440s] [100%] Built target px4_msgs__rosidl_typesupport_introspection_c__pyext
[1.440s] [100%] Built target px4_msgs__rosidl_typesupport_c__pyext
