[0.928s] Invoking command in '/home/anmol/ws_offboard_control/src/manual_key_control': PYTHONPATH=/home/anmol/ws_offboard_control/build/manual_key_control/prefix_override:/home/anmol/ws_offboard_control/install/manual_key_control/lib/python3.10/site-packages:${PYTHONPATH} /usr/bin/python3 setup.py egg_info --egg-base ../../build/manual_key_control build --build-base /home/anmol/ws_offboard_control/build/manual_key_control/build install --record /home/anmol/ws_offboard_control/build/manual_key_control/install.log --single-version-externally-managed
[1.211s] running egg_info
[1.212s] writing ../../build/manual_key_control/manual_key_control.egg-info/PKG-INFO
[1.212s] writing dependency_links to ../../build/manual_key_control/manual_key_control.egg-info/dependency_links.txt
[1.212s] writing entry points to ../../build/manual_key_control/manual_key_control.egg-info/entry_points.txt
[1.213s] writing requirements to ../../build/manual_key_control/manual_key_control.egg-info/requires.txt
[1.213s] writing top-level names to ../../build/manual_key_control/manual_key_control.egg-info/top_level.txt
[1.214s] reading manifest file '../../build/manual_key_control/manual_key_control.egg-info/SOURCES.txt'
[1.215s] writing manifest file '../../build/manual_key_control/manual_key_control.egg-info/SOURCES.txt'
[1.216s] running build
[1.216s] running build_py
[1.216s] running install
[1.216s] /usr/lib/python3/dist-packages/setuptools/command/install.py:34: SetuptoolsDeprecationWarning: setup.py install is deprecated. Use build and pip and other standards-based tools.
[1.217s]   warnings.warn(
[1.217s] running install_lib
[1.219s] running install_data
[1.219s] running install_egg_info
[1.221s] removing '/home/anmol/ws_offboard_control/install/manual_key_control/lib/python3.10/site-packages/manual_key_control-0.0.0-py3.10.egg-info' (and everything under it)
[1.221s] Copying ../../build/manual_key_control/manual_key_control.egg-info to /home/anmol/ws_offboard_control/install/manual_key_control/lib/python3.10/site-packages/manual_key_control-0.0.0-py3.10.egg-info
[1.223s] running install_scripts
[1.248s] Installing arm script to /home/anmol/ws_offboard_control/install/manual_key_control/lib/manual_key_control
[1.248s] Installing key_pub script to /home/anmol/ws_offboard_control/install/manual_key_control/lib/manual_key_control
[1.249s] Installing key_sub script to /home/anmol/ws_offboard_control/install/manual_key_control/lib/manual_key_control
[1.249s] Installing key_trigger script to /home/anmol/ws_offboard_control/install/manual_key_control/lib/manual_key_control
[1.249s] Installing key_trigger_Server script to /home/anmol/ws_offboard_control/install/manual_key_control/lib/manual_key_control
[1.249s] writing list of installed files to '/home/anmol/ws_offboard_control/build/manual_key_control/install.log'
[1.282s] Invoked command in '/home/anmol/ws_offboard_control/src/manual_key_control' returned '0': PYTHONPATH=/home/anmol/ws_offboard_control/build/manual_key_control/prefix_override:/home/anmol/ws_offboard_control/install/manual_key_control/lib/python3.10/site-packages:${PYTHONPATH} /usr/bin/python3 setup.py egg_info --egg-base ../../build/manual_key_control build --build-base /home/anmol/ws_offboard_control/build/manual_key_control/build install --record /home/anmol/ws_offboard_control/build/manual_key_control/install.log --single-version-externally-managed
