[0.977s] Invoking command in '/home/anmol/ws_offboard_control/src/manual_key_control': AMENT_PREFIX_PATH=/home/anmol/ws_offboard_control/install/tutorial_interfaces:${AMENT_PREFIX_PATH} CMAKE_PREFIX_PATH=/home/anmol/ws_offboard_control/install/tutorial_interfaces:${CMAKE_PREFIX_PATH} LD_LIBRARY_PATH=/home/anmol/ws_offboard_control/install/tutorial_interfaces/lib:${LD_LIBRARY_PATH} PYTHONPATH=/home/anmol/ws_offboard_control/build/manual_key_control/prefix_override:/home/anmol/ws_offboard_control/install/manual_key_control/lib/python3.10/site-packages:/home/anmol/ws_offboard_control/install/tutorial_interfaces/local/lib/python3.10/dist-packages:${PYTHONPATH} /usr/bin/python3 setup.py egg_info --egg-base ../../build/manual_key_control build --build-base /home/anmol/ws_offboard_control/build/manual_key_control/build install --record /home/anmol/ws_offboard_control/build/manual_key_control/install.log --single-version-externally-managed
[1.267s] running egg_info
[1.268s] writing ../../build/manual_key_control/manual_key_control.egg-info/PKG-INFO
[1.269s] writing dependency_links to ../../build/manual_key_control/manual_key_control.egg-info/dependency_links.txt
[1.269s] writing entry points to ../../build/manual_key_control/manual_key_control.egg-info/entry_points.txt
[1.269s] writing requirements to ../../build/manual_key_control/manual_key_control.egg-info/requires.txt
[1.269s] writing top-level names to ../../build/manual_key_control/manual_key_control.egg-info/top_level.txt
[1.271s] reading manifest file '../../build/manual_key_control/manual_key_control.egg-info/SOURCES.txt'
[1.272s] writing manifest file '../../build/manual_key_control/manual_key_control.egg-info/SOURCES.txt'
[1.272s] running build
[1.273s] running build_py
[1.273s] copying manual_key_control/key_pub.py -> /home/anmol/ws_offboard_control/build/manual_key_control/build/lib/manual_key_control
[1.273s] running install
[1.273s] /usr/lib/python3/dist-packages/setuptools/command/install.py:34: SetuptoolsDeprecationWarning: setup.py install is deprecated. Use build and pip and other standards-based tools.
[1.273s]   warnings.warn(
[1.273s] running install_lib
[1.274s] copying /home/anmol/ws_offboard_control/build/manual_key_control/build/lib/manual_key_control/key_pub.py -> /home/anmol/ws_offboard_control/install/manual_key_control/lib/python3.10/site-packages/manual_key_control
[1.275s] byte-compiling /home/anmol/ws_offboard_control/install/manual_key_control/lib/python3.10/site-packages/manual_key_control/key_pub.py to key_pub.cpython-310.pyc
[1.276s] running install_data
[1.277s] copying package.xml -> /home/anmol/ws_offboard_control/install/manual_key_control/share/manual_key_control
[1.277s] running install_egg_info
[1.279s] removing '/home/anmol/ws_offboard_control/install/manual_key_control/lib/python3.10/site-packages/manual_key_control-0.0.0-py3.10.egg-info' (and everything under it)
[1.280s] Copying ../../build/manual_key_control/manual_key_control.egg-info to /home/anmol/ws_offboard_control/install/manual_key_control/lib/python3.10/site-packages/manual_key_control-0.0.0-py3.10.egg-info
[1.281s] running install_scripts
[1.305s] Installing arm script to /home/anmol/ws_offboard_control/install/manual_key_control/lib/manual_key_control
[1.305s] Installing key_pub script to /home/anmol/ws_offboard_control/install/manual_key_control/lib/manual_key_control
[1.306s] writing list of installed files to '/home/anmol/ws_offboard_control/build/manual_key_control/install.log'
[1.341s] Invoked command in '/home/anmol/ws_offboard_control/src/manual_key_control' returned '0': AMENT_PREFIX_PATH=/home/anmol/ws_offboard_control/install/tutorial_interfaces:${AMENT_PREFIX_PATH} CMAKE_PREFIX_PATH=/home/anmol/ws_offboard_control/install/tutorial_interfaces:${CMAKE_PREFIX_PATH} LD_LIBRARY_PATH=/home/anmol/ws_offboard_control/install/tutorial_interfaces/lib:${LD_LIBRARY_PATH} PYTHONPATH=/home/anmol/ws_offboard_control/build/manual_key_control/prefix_override:/home/anmol/ws_offboard_control/install/manual_key_control/lib/python3.10/site-packages:/home/anmol/ws_offboard_control/install/tutorial_interfaces/local/lib/python3.10/dist-packages:${PYTHONPATH} /usr/bin/python3 setup.py egg_info --egg-base ../../build/manual_key_control build --build-base /home/anmol/ws_offboard_control/build/manual_key_control/build install --record /home/anmol/ws_offboard_control/build/manual_key_control/install.log --single-version-externally-managed
