[0.089s] Invoking command in '/home/anmol/ws_offboard_control/build/action_tutorials_interfaces': CMAKE_PREFIX_PATH=${CMAKE_PREFIX_PATH}:/home/anmol/ws_offboard_control/install/manual_key_control:/opt/ros/humble /usr/bin/cmake --build /home/anmol/ws_offboard_control/build/action_tutorials_interfaces -- -j12 -l12
[0.126s] -- Found ament_cmake: 1.3.6 (/opt/ros/humble/share/ament_cmake/cmake)
[0.332s] -- Found ament_lint_auto: 0.12.9 (/opt/ros/humble/share/ament_lint_auto/cmake)
[0.416s] -- Found rosidl_default_generators: 1.2.0 (/opt/ros/humble/share/rosidl_default_generators/cmake)
[0.419s] -- Using all available rosidl_typesupport_c: rosidl_typesupport_fastrtps_c;rosidl_typesupport_introspection_c
[0.422s] -- Found rosidl_adapter: 3.1.5 (/opt/ros/humble/share/rosidl_adapter/cmake)
[0.465s] -- Using all available rosidl_typesupport_cpp: rosidl_typesupport_fastrtps_cpp;rosidl_typesupport_introspection_cpp
[0.897s] -- Found ament_cmake_ros: 0.10.0 (/opt/ros/humble/share/ament_cmake_ros/cmake)
[1.154s] -- Using all available rosidl_typesupport_c: rosidl_typesupport_fastrtps_c;rosidl_typesupport_introspection_c
[1.491s] -- Using all available rosidl_typesupport_cpp: rosidl_typesupport_fastrtps_cpp;rosidl_typesupport_introspection_cpp
[1.523s] -- Found python_cmake_module: 0.10.0 (/opt/ros/humble/share/python_cmake_module/cmake)
[1.555s] -- Using PYTHON_EXECUTABLE: /usr/bin/python3
[1.556s] -- Using PYTHON_INCLUDE_DIRS: /usr/include/python3.10
[1.556s] -- Using PYTHON_LIBRARIES: /usr/lib/x86_64-linux-gnu/libpython3.10.so
[1.588s] -- Added test 'lint_cmake' to check CMake code style
[1.590s] -- Added test 'xmllint' to check XML markup files
[1.598s] -- Configuring done
[1.656s] -- Generating done
[1.661s] -- Build files have been written to: /home/anmol/ws_offboard_control/build/action_tutorials_interfaces
[1.703s] [  2%] [34m[1mGenerating C code for ROS interfaces[0m
[1.719s] [  5%] [34m[1mGenerating C++ code for ROS interfaces[0m
[1.741s] [  5%] Built target ament_cmake_python_copy_action_tutorials_interfaces
[2.052s] running egg_info
[2.053s] writing action_tutorials_interfaces.egg-info/PKG-INFO
[2.053s] writing dependency_links to action_tutorials_interfaces.egg-info/dependency_links.txt
[2.054s] writing top-level names to action_tutorials_interfaces.egg-info/top_level.txt
[2.057s] reading manifest file 'action_tutorials_interfaces.egg-info/SOURCES.txt'
[2.058s] writing manifest file 'action_tutorials_interfaces.egg-info/SOURCES.txt'
[2.099s] [  5%] Built target ament_cmake_python_build_action_tutorials_interfaces_egg
[2.736s] [35m[1mConsolidate compiler generated dependencies of target action_tutorials_interfaces__rosidl_generator_c[0m
[2.759s] [ 10%] [32mBuilding C object CMakeFiles/action_tutorials_interfaces__rosidl_generator_c.dir/rosidl_generator_c/action_tutorials_interfaces/action/detail/command__functions.c.o[0m
[2.759s] [ 10%] [32mBuilding C object CMakeFiles/action_tutorials_interfaces__rosidl_generator_c.dir/rosidl_generator_c/action_tutorials_interfaces/action/detail/fibonacci__functions.c.o[0m
[2.766s] [ 10%] Built target action_tutorials_interfaces__cpp
[2.783s] [ 12%] [34m[1mGenerating C++ type support dispatch for ROS interfaces[0m
[2.783s] [ 15%] [34m[1mGenerating C++ type support for eProsima Fast-RTPS[0m
[2.783s] [ 17%] [34m[1mGenerating C++ introspection for ROS interfaces[0m
[2.960s] [ 20%] [32m[1mLinking C shared library libaction_tutorials_interfaces__rosidl_generator_c.so[0m
[3.029s] [ 20%] Built target action_tutorials_interfaces__rosidl_generator_c
[3.049s] [ 25%] [34m[1mGenerating C type support for eProsima Fast-RTPS[0m
[3.049s] [ 25%] [34m[1mGenerating C introspection for ROS interfaces[0m
[3.049s] [ 28%] [34m[1mGenerating C type support dispatch for ROS interfaces[0m
[3.555s] [35m[1mConsolidate compiler generated dependencies of target action_tutorials_interfaces__rosidl_typesupport_introspection_cpp[0m
[3.581s] [ 30%] [32mBuilding CXX object CMakeFiles/action_tutorials_interfaces__rosidl_typesupport_introspection_cpp.dir/rosidl_typesupport_introspection_cpp/action_tutorials_interfaces/action/detail/fibonacci__type_support.cpp.o[0m
[3.585s] [ 33%] [32mBuilding CXX object CMakeFiles/action_tutorials_interfaces__rosidl_typesupport_introspection_cpp.dir/rosidl_typesupport_introspection_cpp/action_tutorials_interfaces/action/detail/command__type_support.cpp.o[0m
[3.672s] [35m[1mConsolidate compiler generated dependencies of target action_tutorials_interfaces__rosidl_typesupport_cpp[0m
[3.683s] [35m[1mConsolidate compiler generated dependencies of target action_tutorials_interfaces__rosidl_typesupport_c[0m
[3.704s] [ 35%] [32mBuilding CXX object CMakeFiles/action_tutorials_interfaces__rosidl_typesupport_cpp.dir/rosidl_typesupport_cpp/action_tutorials_interfaces/action/command__type_support.cpp.o[0m
[3.705s] [ 38%] [32mBuilding CXX object CMakeFiles/action_tutorials_interfaces__rosidl_typesupport_cpp.dir/rosidl_typesupport_cpp/action_tutorials_interfaces/action/fibonacci__type_support.cpp.o[0m
[3.706s] [ 41%] [32mBuilding CXX object CMakeFiles/action_tutorials_interfaces__rosidl_typesupport_c.dir/rosidl_typesupport_c/action_tutorials_interfaces/action/fibonacci__type_support.cpp.o[0m
[3.709s] [ 43%] [32mBuilding CXX object CMakeFiles/action_tutorials_interfaces__rosidl_typesupport_c.dir/rosidl_typesupport_c/action_tutorials_interfaces/action/command__type_support.cpp.o[0m
[3.821s] [ 46%] [32m[1mLinking CXX shared library libaction_tutorials_interfaces__rosidl_typesupport_c.so[0m
[3.902s] [ 46%] Built target action_tutorials_interfaces__rosidl_typesupport_c
[3.990s] [35m[1mConsolidate compiler generated dependencies of target action_tutorials_interfaces__rosidl_typesupport_introspection_c[0m
[4.018s] [ 48%] [32mBuilding C object CMakeFiles/action_tutorials_interfaces__rosidl_typesupport_introspection_c.dir/rosidl_typesupport_introspection_c/action_tutorials_interfaces/action/detail/fibonacci__type_support.c.o[0m
[4.020s] [ 51%] [32mBuilding C object CMakeFiles/action_tutorials_interfaces__rosidl_typesupport_introspection_c.dir/rosidl_typesupport_introspection_c/action_tutorials_interfaces/action/detail/command__type_support.c.o[0m
[4.025s] [35m[1mConsolidate compiler generated dependencies of target action_tutorials_interfaces__rosidl_typesupport_fastrtps_cpp[0m
[4.039s] [35m[1mConsolidate compiler generated dependencies of target action_tutorials_interfaces__rosidl_typesupport_fastrtps_c[0m
[4.064s] [ 56%] [32mBuilding CXX object CMakeFiles/action_tutorials_interfaces__rosidl_typesupport_fastrtps_cpp.dir/rosidl_typesupport_fastrtps_cpp/action_tutorials_interfaces/action/detail/dds_fastrtps/command__type_support.cpp.o[0m
[4.066s] [ 56%] [32mBuilding CXX object CMakeFiles/action_tutorials_interfaces__rosidl_typesupport_fastrtps_cpp.dir/rosidl_typesupport_fastrtps_cpp/action_tutorials_interfaces/action/detail/dds_fastrtps/fibonacci__type_support.cpp.o[0m
[4.074s] [ 58%] [32mBuilding CXX object CMakeFiles/action_tutorials_interfaces__rosidl_typesupport_fastrtps_c.dir/rosidl_typesupport_fastrtps_c/action_tutorials_interfaces/action/detail/fibonacci__type_support_c.cpp.o[0m
[4.075s] [ 61%] [32mBuilding CXX object CMakeFiles/action_tutorials_interfaces__rosidl_typesupport_fastrtps_c.dir/rosidl_typesupport_fastrtps_c/action_tutorials_interfaces/action/detail/command__type_support_c.cpp.o[0m
[4.121s] [ 64%] [32m[1mLinking C shared library libaction_tutorials_interfaces__rosidl_typesupport_introspection_c.so[0m
[4.195s] [ 64%] Built target action_tutorials_interfaces__rosidl_typesupport_introspection_c
[4.485s] [ 66%] [32m[1mLinking CXX shared library libaction_tutorials_interfaces__rosidl_typesupport_cpp.so[0m
[4.556s] [ 66%] Built target action_tutorials_interfaces__rosidl_typesupport_cpp
[4.586s] [ 69%] [32m[1mLinking CXX shared library libaction_tutorials_interfaces__rosidl_typesupport_introspection_cpp.so[0m
[4.714s] [ 71%] [32m[1mLinking CXX shared library libaction_tutorials_interfaces__rosidl_typesupport_fastrtps_c.so[0m
[4.721s] [ 71%] Built target action_tutorials_interfaces__rosidl_typesupport_introspection_cpp
[4.848s] [ 71%] Built target action_tutorials_interfaces__rosidl_typesupport_fastrtps_c
[4.955s] [ 74%] [32m[1mLinking CXX shared library libaction_tutorials_interfaces__rosidl_typesupport_fastrtps_cpp.so[0m
[5.084s] [ 74%] Built target action_tutorials_interfaces__rosidl_typesupport_fastrtps_cpp
[5.121s] [ 74%] Built target action_tutorials_interfaces
[5.158s] [ 76%] [34m[1mGenerating Python code for ROS interfaces[0m
[6.981s] [ 76%] Built target action_tutorials_interfaces__py
[7.000s] [35m[1mConsolidate compiler generated dependencies of target action_tutorials_interfaces__rosidl_generator_py[0m
[7.025s] [ 82%] [32mBuilding C object CMakeFiles/action_tutorials_interfaces__rosidl_generator_py.dir/rosidl_generator_py/action_tutorials_interfaces/action/_command_s.c.o[0m
[7.026s] [ 82%] [32mBuilding C object CMakeFiles/action_tutorials_interfaces__rosidl_generator_py.dir/rosidl_generator_py/action_tutorials_interfaces/action/_fibonacci_s.c.o[0m
[7.239s] [ 84%] [32m[1mLinking C shared library rosidl_generator_py/action_tutorials_interfaces/libaction_tutorials_interfaces__rosidl_generator_py.so[0m
[7.304s] [ 84%] Built target action_tutorials_interfaces__rosidl_generator_py
[7.321s] [35m[1mConsolidate compiler generated dependencies of target action_tutorials_interfaces__rosidl_typesupport_fastrtps_c__pyext[0m
[7.321s] [35m[1mConsolidate compiler generated dependencies of target action_tutorials_interfaces__rosidl_typesupport_c__pyext[0m
[7.322s] [35m[1mConsolidate compiler generated dependencies of target action_tutorials_interfaces__rosidl_typesupport_introspection_c__pyext[0m
[7.342s] [ 92%] [32mBuilding C object CMakeFiles/action_tutorials_interfaces__rosidl_typesupport_introspection_c__pyext.dir/rosidl_generator_py/action_tutorials_interfaces/_action_tutorials_interfaces_s.ep.rosidl_typesupport_introspection_c.c.o[0m
[7.342s] [ 92%] [32mBuilding C object CMakeFiles/action_tutorials_interfaces__rosidl_typesupport_fastrtps_c__pyext.dir/rosidl_generator_py/action_tutorials_interfaces/_action_tutorials_interfaces_s.ep.rosidl_typesupport_fastrtps_c.c.o[0m
[7.342s] [ 92%] [32mBuilding C object CMakeFiles/action_tutorials_interfaces__rosidl_typesupport_c__pyext.dir/rosidl_generator_py/action_tutorials_interfaces/_action_tutorials_interfaces_s.ep.rosidl_typesupport_c.c.o[0m
[7.518s] [ 94%] [32m[1mLinking C shared library rosidl_generator_py/action_tutorials_interfaces/action_tutorials_interfaces_s__rosidl_typesupport_introspection_c.cpython-310-x86_64-linux-gnu.so[0m
[7.521s] [ 97%] [32m[1mLinking C shared library rosidl_generator_py/action_tutorials_interfaces/action_tutorials_interfaces_s__rosidl_typesupport_c.cpython-310-x86_64-linux-gnu.so[0m
[7.525s] [100%] [32m[1mLinking C shared library rosidl_generator_py/action_tutorials_interfaces/action_tutorials_interfaces_s__rosidl_typesupport_fastrtps_c.cpython-310-x86_64-linux-gnu.so[0m
[7.576s] [100%] Built target action_tutorials_interfaces__rosidl_typesupport_introspection_c__pyext
[7.578s] [100%] Built target action_tutorials_interfaces__rosidl_typesupport_c__pyext
[7.583s] [100%] Built target action_tutorials_interfaces__rosidl_typesupport_fastrtps_c__pyext
[7.603s] Invoked command in '/home/anmol/ws_offboard_control/build/action_tutorials_interfaces' returned '0': CMAKE_PREFIX_PATH=${CMAKE_PREFIX_PATH}:/home/anmol/ws_offboard_control/install/manual_key_control:/opt/ros/humble /usr/bin/cmake --build /home/anmol/ws_offboard_control/build/action_tutorials_interfaces -- -j12 -l12
[7.751s] Invoking command in '/home/anmol/ws_offboard_control/build/action_tutorials_interfaces': CMAKE_PREFIX_PATH=${CMAKE_PREFIX_PATH}:/home/anmol/ws_offboard_control/install/manual_key_control:/opt/ros/humble /usr/bin/cmake --install /home/anmol/ws_offboard_control/build/action_tutorials_interfaces
[7.763s] -- Install configuration: ""
[7.763s] -- Installing: /home/anmol/ws_offboard_control/install/action_tutorials_interfaces/share/ament_index/resource_index/rosidl_interfaces/action_tutorials_interfaces
[7.763s] -- Up-to-date: /home/anmol/ws_offboard_control/install/action_tutorials_interfaces/include/action_tutorials_interfaces/action_tutorials_interfaces
[7.763s] -- Up-to-date: /home/anmol/ws_offboard_control/install/action_tutorials_interfaces/include/action_tutorials_interfaces/action_tutorials_interfaces/action
[7.763s] -- Installing: /home/anmol/ws_offboard_control/install/action_tutorials_interfaces/include/action_tutorials_interfaces/action_tutorials_interfaces/action/command.h
[7.763s] -- Up-to-date: /home/anmol/ws_offboard_control/install/action_tutorials_interfaces/include/action_tutorials_interfaces/action_tutorials_interfaces/action/offboard.h
[7.764s] -- Installing: /home/anmol/ws_offboard_control/install/action_tutorials_interfaces/include/action_tutorials_interfaces/action_tutorials_interfaces/action/fibonacci.h
[7.764s] -- Up-to-date: /home/anmol/ws_offboard_control/install/action_tutorials_interfaces/include/action_tutorials_interfaces/action_tutorials_interfaces/action/detail
[7.764s] -- Installing: /home/anmol/ws_offboard_control/install/action_tutorials_interfaces/include/action_tutorials_interfaces/action_tutorials_interfaces/action/detail/command__type_support.h
[7.764s] -- Installing: /home/anmol/ws_offboard_control/install/action_tutorials_interfaces/include/action_tutorials_interfaces/action_tutorials_interfaces/action/detail/command__struct.h
[7.764s] -- Up-to-date: /home/anmol/ws_offboard_control/install/action_tutorials_interfaces/include/action_tutorials_interfaces/action_tutorials_interfaces/action/detail/offboard__functions.h
[7.764s] -- Installing: /home/anmol/ws_offboard_control/install/action_tutorials_interfaces/include/action_tutorials_interfaces/action_tutorials_interfaces/action/detail/command__functions.h
[7.764s] -- Installing: /home/anmol/ws_offboard_control/install/action_tutorials_interfaces/include/action_tutorials_interfaces/action_tutorials_interfaces/action/detail/fibonacci__functions.c
[7.765s] -- Installing: /home/anmol/ws_offboard_control/install/action_tutorials_interfaces/include/action_tutorials_interfaces/action_tutorials_interfaces/action/detail/command__functions.c
[7.765s] -- Up-to-date: /home/anmol/ws_offboard_control/install/action_tutorials_interfaces/include/action_tutorials_interfaces/action_tutorials_interfaces/action/detail/offboard__type_support.h
[7.765s] -- Up-to-date: /home/anmol/ws_offboard_control/install/action_tutorials_interfaces/include/action_tutorials_interfaces/action_tutorials_interfaces/action/detail/offboard__functions.c
[7.765s] -- Installing: /home/anmol/ws_offboard_control/install/action_tutorials_interfaces/include/action_tutorials_interfaces/action_tutorials_interfaces/action/detail/fibonacci__type_support.h
[7.765s] -- Installing: /home/anmol/ws_offboard_control/install/action_tutorials_interfaces/include/action_tutorials_interfaces/action_tutorials_interfaces/action/detail/fibonacci__struct.h
[7.765s] -- Up-to-date: /home/anmol/ws_offboard_control/install/action_tutorials_interfaces/include/action_tutorials_interfaces/action_tutorials_interfaces/action/detail/offboard__struct.h
[7.766s] -- Installing: /home/anmol/ws_offboard_control/install/action_tutorials_interfaces/include/action_tutorials_interfaces/action_tutorials_interfaces/action/detail/fibonacci__functions.h
[7.766s] -- Up-to-date: /home/anmol/ws_offboard_control/install/action_tutorials_interfaces/include/action_tutorials_interfaces/action_tutorials_interfaces/msg
[7.766s] -- Up-to-date: /home/anmol/ws_offboard_control/install/action_tutorials_interfaces/include/action_tutorials_interfaces/action_tutorials_interfaces/msg/rosidl_generator_c__visibility_control.h
[7.766s] -- Up-to-date: /home/anmol/ws_offboard_control/install/action_tutorials_interfaces/share/action_tutorials_interfaces/environment/library_path.sh
[7.766s] -- Installing: /home/anmol/ws_offboard_control/install/action_tutorials_interfaces/share/action_tutorials_interfaces/environment/library_path.dsv
[7.766s] -- Installing: /home/anmol/ws_offboard_control/install/action_tutorials_interfaces/lib/libaction_tutorials_interfaces__rosidl_generator_c.so
[7.767s] -- Set runtime path of "/home/anmol/ws_offboard_control/install/action_tutorials_interfaces/lib/libaction_tutorials_interfaces__rosidl_generator_c.so" to ""
[7.767s] -- Up-to-date: /home/anmol/ws_offboard_control/install/action_tutorials_interfaces/include/action_tutorials_interfaces/action_tutorials_interfaces
[7.767s] -- Up-to-date: /home/anmol/ws_offboard_control/install/action_tutorials_interfaces/include/action_tutorials_interfaces/action_tutorials_interfaces/action
[7.767s] -- Up-to-date: /home/anmol/ws_offboard_control/install/action_tutorials_interfaces/include/action_tutorials_interfaces/action_tutorials_interfaces/action/detail
[7.767s] -- Installing: /home/anmol/ws_offboard_control/install/action_tutorials_interfaces/include/action_tutorials_interfaces/action_tutorials_interfaces/action/detail/fibonacci__rosidl_typesupport_fastrtps_c.h
[7.767s] -- Installing: /home/anmol/ws_offboard_control/install/action_tutorials_interfaces/include/action_tutorials_interfaces/action_tutorials_interfaces/action/detail/command__rosidl_typesupport_fastrtps_c.h
[7.768s] -- Up-to-date: /home/anmol/ws_offboard_control/install/action_tutorials_interfaces/include/action_tutorials_interfaces/action_tutorials_interfaces/action/detail/offboard__rosidl_typesupport_fastrtps_c.h
[7.768s] -- Up-to-date: /home/anmol/ws_offboard_control/install/action_tutorials_interfaces/include/action_tutorials_interfaces/action_tutorials_interfaces/msg
[7.768s] -- Up-to-date: /home/anmol/ws_offboard_control/install/action_tutorials_interfaces/include/action_tutorials_interfaces/action_tutorials_interfaces/msg/rosidl_typesupport_fastrtps_c__visibility_control.h
[7.768s] -- Installing: /home/anmol/ws_offboard_control/install/action_tutorials_interfaces/lib/libaction_tutorials_interfaces__rosidl_typesupport_fastrtps_c.so
[7.768s] -- Set runtime path of "/home/anmol/ws_offboard_control/install/action_tutorials_interfaces/lib/libaction_tutorials_interfaces__rosidl_typesupport_fastrtps_c.so" to ""
[7.769s] -- Up-to-date: /home/anmol/ws_offboard_control/install/action_tutorials_interfaces/include/action_tutorials_interfaces/action_tutorials_interfaces
[7.769s] -- Up-to-date: /home/anmol/ws_offboard_control/install/action_tutorials_interfaces/include/action_tutorials_interfaces/action_tutorials_interfaces/action
[7.769s] -- Up-to-date: /home/anmol/ws_offboard_control/install/action_tutorials_interfaces/include/action_tutorials_interfaces/action_tutorials_interfaces/action/detail
[7.769s] -- Installing: /home/anmol/ws_offboard_control/install/action_tutorials_interfaces/include/action_tutorials_interfaces/action_tutorials_interfaces/action/detail/command__type_support.c
[7.769s] -- Up-to-date: /home/anmol/ws_offboard_control/install/action_tutorials_interfaces/include/action_tutorials_interfaces/action_tutorials_interfaces/action/detail/offboard__rosidl_typesupport_introspection_c.h
[7.769s] -- Up-to-date: /home/anmol/ws_offboard_control/install/action_tutorials_interfaces/include/action_tutorials_interfaces/action_tutorials_interfaces/action/detail/offboard__type_support.c
[7.769s] -- Installing: /home/anmol/ws_offboard_control/install/action_tutorials_interfaces/include/action_tutorials_interfaces/action_tutorials_interfaces/action/detail/command__rosidl_typesupport_introspection_c.h
[7.769s] -- Installing: /home/anmol/ws_offboard_control/install/action_tutorials_interfaces/include/action_tutorials_interfaces/action_tutorials_interfaces/action/detail/fibonacci__rosidl_typesupport_introspection_c.h
[7.770s] -- Installing: /home/anmol/ws_offboard_control/install/action_tutorials_interfaces/include/action_tutorials_interfaces/action_tutorials_interfaces/action/detail/fibonacci__type_support.c
[7.770s] -- Up-to-date: /home/anmol/ws_offboard_control/install/action_tutorials_interfaces/include/action_tutorials_interfaces/action_tutorials_interfaces/msg
[7.770s] -- Up-to-date: /home/anmol/ws_offboard_control/install/action_tutorials_interfaces/include/action_tutorials_interfaces/action_tutorials_interfaces/msg/rosidl_typesupport_introspection_c__visibility_control.h
[7.770s] -- Installing: /home/anmol/ws_offboard_control/install/action_tutorials_interfaces/lib/libaction_tutorials_interfaces__rosidl_typesupport_introspection_c.so
[7.771s] -- Set runtime path of "/home/anmol/ws_offboard_control/install/action_tutorials_interfaces/lib/libaction_tutorials_interfaces__rosidl_typesupport_introspection_c.so" to ""
[7.771s] -- Installing: /home/anmol/ws_offboard_control/install/action_tutorials_interfaces/lib/libaction_tutorials_interfaces__rosidl_typesupport_c.so
[7.771s] -- Set runtime path of "/home/anmol/ws_offboard_control/install/action_tutorials_interfaces/lib/libaction_tutorials_interfaces__rosidl_typesupport_c.so" to ""
[7.772s] -- Up-to-date: /home/anmol/ws_offboard_control/install/action_tutorials_interfaces/include/action_tutorials_interfaces/action_tutorials_interfaces
[7.772s] -- Up-to-date: /home/anmol/ws_offboard_control/install/action_tutorials_interfaces/include/action_tutorials_interfaces/action_tutorials_interfaces/action
[7.772s] -- Up-to-date: /home/anmol/ws_offboard_control/install/action_tutorials_interfaces/include/action_tutorials_interfaces/action_tutorials_interfaces/action/detail
[7.772s] -- Installing: /home/anmol/ws_offboard_control/install/action_tutorials_interfaces/include/action_tutorials_interfaces/action_tutorials_interfaces/action/detail/fibonacci__builder.hpp
[7.772s] -- Installing: /home/anmol/ws_offboard_control/install/action_tutorials_interfaces/include/action_tutorials_interfaces/action_tutorials_interfaces/action/detail/fibonacci__traits.hpp
[7.772s] -- Installing: /home/anmol/ws_offboard_control/install/action_tutorials_interfaces/include/action_tutorials_interfaces/action_tutorials_interfaces/action/detail/command__traits.hpp
[7.772s] -- Up-to-date: /home/anmol/ws_offboard_control/install/action_tutorials_interfaces/include/action_tutorials_interfaces/action_tutorials_interfaces/action/detail/offboard__struct.hpp
[7.773s] -- Up-to-date: /home/anmol/ws_offboard_control/install/action_tutorials_interfaces/include/action_tutorials_interfaces/action_tutorials_interfaces/action/detail/offboard__traits.hpp
[7.773s] -- Installing: /home/anmol/ws_offboard_control/install/action_tutorials_interfaces/include/action_tutorials_interfaces/action_tutorials_interfaces/action/detail/command__builder.hpp
[7.773s] -- Up-to-date: /home/anmol/ws_offboard_control/install/action_tutorials_interfaces/include/action_tutorials_interfaces/action_tutorials_interfaces/action/detail/offboard__builder.hpp
[7.773s] -- Installing: /home/anmol/ws_offboard_control/install/action_tutorials_interfaces/include/action_tutorials_interfaces/action_tutorials_interfaces/action/detail/fibonacci__struct.hpp
[7.773s] -- Installing: /home/anmol/ws_offboard_control/install/action_tutorials_interfaces/include/action_tutorials_interfaces/action_tutorials_interfaces/action/detail/command__struct.hpp
[7.773s] -- Installing: /home/anmol/ws_offboard_control/install/action_tutorials_interfaces/include/action_tutorials_interfaces/action_tutorials_interfaces/action/command.hpp
[7.773s] -- Up-to-date: /home/anmol/ws_offboard_control/install/action_tutorials_interfaces/include/action_tutorials_interfaces/action_tutorials_interfaces/action/offboard.hpp
[7.774s] -- Installing: /home/anmol/ws_offboard_control/install/action_tutorials_interfaces/include/action_tutorials_interfaces/action_tutorials_interfaces/action/fibonacci.hpp
[7.774s] -- Up-to-date: /home/anmol/ws_offboard_control/install/action_tutorials_interfaces/include/action_tutorials_interfaces/action_tutorials_interfaces
[7.774s] -- Up-to-date: /home/anmol/ws_offboard_control/install/action_tutorials_interfaces/include/action_tutorials_interfaces/action_tutorials_interfaces/action
[7.774s] -- Up-to-date: /home/anmol/ws_offboard_control/install/action_tutorials_interfaces/include/action_tutorials_interfaces/action_tutorials_interfaces/action/detail
[7.774s] -- Installing: /home/anmol/ws_offboard_control/install/action_tutorials_interfaces/include/action_tutorials_interfaces/action_tutorials_interfaces/action/detail/command__rosidl_typesupport_fastrtps_cpp.hpp
[7.774s] -- Up-to-date: /home/anmol/ws_offboard_control/install/action_tutorials_interfaces/include/action_tutorials_interfaces/action_tutorials_interfaces/action/detail/offboard__rosidl_typesupport_fastrtps_cpp.hpp
[7.774s] -- Up-to-date: /home/anmol/ws_offboard_control/install/action_tutorials_interfaces/include/action_tutorials_interfaces/action_tutorials_interfaces/action/detail/dds_fastrtps
[7.774s] -- Installing: /home/anmol/ws_offboard_control/install/action_tutorials_interfaces/include/action_tutorials_interfaces/action_tutorials_interfaces/action/detail/fibonacci__rosidl_typesupport_fastrtps_cpp.hpp
[7.775s] -- Up-to-date: /home/anmol/ws_offboard_control/install/action_tutorials_interfaces/include/action_tutorials_interfaces/action_tutorials_interfaces/msg
[7.775s] -- Up-to-date: /home/anmol/ws_offboard_control/install/action_tutorials_interfaces/include/action_tutorials_interfaces/action_tutorials_interfaces/msg/rosidl_typesupport_fastrtps_cpp__visibility_control.h
[7.776s] -- Installing: /home/anmol/ws_offboard_control/install/action_tutorials_interfaces/lib/libaction_tutorials_interfaces__rosidl_typesupport_fastrtps_cpp.so
[7.776s] -- Set runtime path of "/home/anmol/ws_offboard_control/install/action_tutorials_interfaces/lib/libaction_tutorials_interfaces__rosidl_typesupport_fastrtps_cpp.so" to ""
[7.777s] -- Up-to-date: /home/anmol/ws_offboard_control/install/action_tutorials_interfaces/include/action_tutorials_interfaces/action_tutorials_interfaces
[7.777s] -- Up-to-date: /home/anmol/ws_offboard_control/install/action_tutorials_interfaces/include/action_tutorials_interfaces/action_tutorials_interfaces/action
[7.777s] -- Up-to-date: /home/anmol/ws_offboard_control/install/action_tutorials_interfaces/include/action_tutorials_interfaces/action_tutorials_interfaces/action/detail
[7.777s] -- Installing: /home/anmol/ws_offboard_control/install/action_tutorials_interfaces/include/action_tutorials_interfaces/action_tutorials_interfaces/action/detail/command__rosidl_typesupport_introspection_cpp.hpp
[7.777s] -- Installing: /home/anmol/ws_offboard_control/install/action_tutorials_interfaces/include/action_tutorials_interfaces/action_tutorials_interfaces/action/detail/fibonacci__rosidl_typesupport_introspection_cpp.hpp
[7.777s] -- Installing: /home/anmol/ws_offboard_control/install/action_tutorials_interfaces/include/action_tutorials_interfaces/action_tutorials_interfaces/action/detail/fibonacci__type_support.cpp
[7.777s] -- Up-to-date: /home/anmol/ws_offboard_control/install/action_tutorials_interfaces/include/action_tutorials_interfaces/action_tutorials_interfaces/action/detail/offboard__rosidl_typesupport_introspection_cpp.hpp
[7.777s] -- Installing: /home/anmol/ws_offboard_control/install/action_tutorials_interfaces/include/action_tutorials_interfaces/action_tutorials_interfaces/action/detail/command__type_support.cpp
[7.778s] -- Up-to-date: /home/anmol/ws_offboard_control/install/action_tutorials_interfaces/include/action_tutorials_interfaces/action_tutorials_interfaces/action/detail/offboard__type_support.cpp
[7.778s] -- Installing: /home/anmol/ws_offboard_control/install/action_tutorials_interfaces/lib/libaction_tutorials_interfaces__rosidl_typesupport_introspection_cpp.so
[7.779s] -- Set runtime path of "/home/anmol/ws_offboard_control/install/action_tutorials_interfaces/lib/libaction_tutorials_interfaces__rosidl_typesupport_introspection_cpp.so" to ""
[7.780s] -- Installing: /home/anmol/ws_offboard_control/install/action_tutorials_interfaces/lib/libaction_tutorials_interfaces__rosidl_typesupport_cpp.so
[7.781s] -- Set runtime path of "/home/anmol/ws_offboard_control/install/action_tutorials_interfaces/lib/libaction_tutorials_interfaces__rosidl_typesupport_cpp.so" to ""
[7.781s] -- Up-to-date: /home/anmol/ws_offboard_control/install/action_tutorials_interfaces/share/action_tutorials_interfaces/environment/pythonpath.sh
[7.781s] -- Installing: /home/anmol/ws_offboard_control/install/action_tutorials_interfaces/share/action_tutorials_interfaces/environment/pythonpath.dsv
[7.781s] -- Up-to-date: /home/anmol/ws_offboard_control/install/action_tutorials_interfaces/local/lib/python3.10/dist-packages/action_tutorials_interfaces-0.0.0-py3.10.egg-info
[7.781s] -- Installing: /home/anmol/ws_offboard_control/install/action_tutorials_interfaces/local/lib/python3.10/dist-packages/action_tutorials_interfaces-0.0.0-py3.10.egg-info/dependency_links.txt
[7.781s] -- Installing: /home/anmol/ws_offboard_control/install/action_tutorials_interfaces/local/lib/python3.10/dist-packages/action_tutorials_interfaces-0.0.0-py3.10.egg-info/SOURCES.txt
[7.782s] -- Installing: /home/anmol/ws_offboard_control/install/action_tutorials_interfaces/local/lib/python3.10/dist-packages/action_tutorials_interfaces-0.0.0-py3.10.egg-info/PKG-INFO
[7.782s] -- Installing: /home/anmol/ws_offboard_control/install/action_tutorials_interfaces/local/lib/python3.10/dist-packages/action_tutorials_interfaces-0.0.0-py3.10.egg-info/top_level.txt
[7.782s] -- Up-to-date: /home/anmol/ws_offboard_control/install/action_tutorials_interfaces/local/lib/python3.10/dist-packages/action_tutorials_interfaces
[7.782s] -- Installing: /home/anmol/ws_offboard_control/install/action_tutorials_interfaces/local/lib/python3.10/dist-packages/action_tutorials_interfaces/_action_tutorials_interfaces_s.ep.rosidl_typesupport_fastrtps_c.c
[7.783s] -- Up-to-date: /home/anmol/ws_offboard_control/install/action_tutorials_interfaces/local/lib/python3.10/dist-packages/action_tutorials_interfaces/action
[7.783s] -- Installing: /home/anmol/ws_offboard_control/install/action_tutorials_interfaces/local/lib/python3.10/dist-packages/action_tutorials_interfaces/action/_command_s.c
[7.783s] -- Installing: /home/anmol/ws_offboard_control/install/action_tutorials_interfaces/local/lib/python3.10/dist-packages/action_tutorials_interfaces/action/_command.py
[7.784s] -- Installing: /home/anmol/ws_offboard_control/install/action_tutorials_interfaces/local/lib/python3.10/dist-packages/action_tutorials_interfaces/action/__init__.py
[7.784s] -- Up-to-date: /home/anmol/ws_offboard_control/install/action_tutorials_interfaces/local/lib/python3.10/dist-packages/action_tutorials_interfaces/action/_offboard_s.c
[7.784s] -- Installing: /home/anmol/ws_offboard_control/install/action_tutorials_interfaces/local/lib/python3.10/dist-packages/action_tutorials_interfaces/action/_fibonacci_s.c
[7.784s] -- Up-to-date: /home/anmol/ws_offboard_control/install/action_tutorials_interfaces/local/lib/python3.10/dist-packages/action_tutorials_interfaces/action/_offboard.py
[7.784s] -- Installing: /home/anmol/ws_offboard_control/install/action_tutorials_interfaces/local/lib/python3.10/dist-packages/action_tutorials_interfaces/action/_fibonacci.py
[7.785s] -- Installing: /home/anmol/ws_offboard_control/install/action_tutorials_interfaces/local/lib/python3.10/dist-packages/action_tutorials_interfaces/_action_tutorials_interfaces_s.ep.rosidl_typesupport_c.c
[7.785s] -- Installing: /home/anmol/ws_offboard_control/install/action_tutorials_interfaces/local/lib/python3.10/dist-packages/action_tutorials_interfaces/_action_tutorials_interfaces_s.ep.rosidl_typesupport_introspection_c.c
[7.786s] -- Installing: /home/anmol/ws_offboard_control/install/action_tutorials_interfaces/local/lib/python3.10/dist-packages/action_tutorials_interfaces/action_tutorials_interfaces_s__rosidl_typesupport_fastrtps_c.cpython-310-x86_64-linux-gnu.so
[7.786s] -- Installing: /home/anmol/ws_offboard_control/install/action_tutorials_interfaces/local/lib/python3.10/dist-packages/action_tutorials_interfaces/action_tutorials_interfaces_s__rosidl_typesupport_c.cpython-310-x86_64-linux-gnu.so
[7.787s] -- Installing: /home/anmol/ws_offboard_control/install/action_tutorials_interfaces/local/lib/python3.10/dist-packages/action_tutorials_interfaces/__init__.py
[7.787s] -- Installing: /home/anmol/ws_offboard_control/install/action_tutorials_interfaces/local/lib/python3.10/dist-packages/action_tutorials_interfaces/libaction_tutorials_interfaces__rosidl_generator_py.so
[7.788s] -- Installing: /home/anmol/ws_offboard_control/install/action_tutorials_interfaces/local/lib/python3.10/dist-packages/action_tutorials_interfaces/action_tutorials_interfaces_s__rosidl_typesupport_introspection_c.cpython-310-x86_64-linux-gnu.so
[7.839s] Listing '/home/anmol/ws_offboard_control/install/action_tutorials_interfaces/local/lib/python3.10/dist-packages/action_tutorials_interfaces'...
[7.840s] Compiling '/home/anmol/ws_offboard_control/install/action_tutorials_interfaces/local/lib/python3.10/dist-packages/action_tutorials_interfaces/__init__.py'...
[7.840s] Listing '/home/anmol/ws_offboard_control/install/action_tutorials_interfaces/local/lib/python3.10/dist-packages/action_tutorials_interfaces/action'...
[7.840s] Compiling '/home/anmol/ws_offboard_control/install/action_tutorials_interfaces/local/lib/python3.10/dist-packages/action_tutorials_interfaces/action/__init__.py'...
[7.840s] Compiling '/home/anmol/ws_offboard_control/install/action_tutorials_interfaces/local/lib/python3.10/dist-packages/action_tutorials_interfaces/action/_command.py'...
[7.840s] Compiling '/home/anmol/ws_offboard_control/install/action_tutorials_interfaces/local/lib/python3.10/dist-packages/action_tutorials_interfaces/action/_fibonacci.py'...
[7.845s] -- Installing: /home/anmol/ws_offboard_control/install/action_tutorials_interfaces/local/lib/python3.10/dist-packages/action_tutorials_interfaces/action_tutorials_interfaces_s__rosidl_typesupport_fastrtps_c.cpython-310-x86_64-linux-gnu.so
[7.847s] -- Set runtime path of "/home/anmol/ws_offboard_control/install/action_tutorials_interfaces/local/lib/python3.10/dist-packages/action_tutorials_interfaces/action_tutorials_interfaces_s__rosidl_typesupport_fastrtps_c.cpython-310-x86_64-linux-gnu.so" to ""
[7.847s] -- Installing: /home/anmol/ws_offboard_control/install/action_tutorials_interfaces/local/lib/python3.10/dist-packages/action_tutorials_interfaces/action_tutorials_interfaces_s__rosidl_typesupport_introspection_c.cpython-310-x86_64-linux-gnu.so
[7.847s] -- Set runtime path of "/home/anmol/ws_offboard_control/install/action_tutorials_interfaces/local/lib/python3.10/dist-packages/action_tutorials_interfaces/action_tutorials_interfaces_s__rosidl_typesupport_introspection_c.cpython-310-x86_64-linux-gnu.so" to ""
[7.848s] -- Installing: /home/anmol/ws_offboard_control/install/action_tutorials_interfaces/local/lib/python3.10/dist-packages/action_tutorials_interfaces/action_tutorials_interfaces_s__rosidl_typesupport_c.cpython-310-x86_64-linux-gnu.so
[7.848s] -- Set runtime path of "/home/anmol/ws_offboard_control/install/action_tutorials_interfaces/local/lib/python3.10/dist-packages/action_tutorials_interfaces/action_tutorials_interfaces_s__rosidl_typesupport_c.cpython-310-x86_64-linux-gnu.so" to ""
[7.849s] -- Installing: /home/anmol/ws_offboard_control/install/action_tutorials_interfaces/lib/libaction_tutorials_interfaces__rosidl_generator_py.so
[7.850s] -- Set runtime path of "/home/anmol/ws_offboard_control/install/action_tutorials_interfaces/lib/libaction_tutorials_interfaces__rosidl_generator_py.so" to ""
[7.850s] -- Up-to-date: /home/anmol/ws_offboard_control/install/action_tutorials_interfaces/share/action_tutorials_interfaces/action/Fibonacci.idl
[7.850s] -- Installing: /home/anmol/ws_offboard_control/install/action_tutorials_interfaces/share/action_tutorials_interfaces/action/Command.idl
[7.850s] -- Up-to-date: /home/anmol/ws_offboard_control/install/action_tutorials_interfaces/share/action_tutorials_interfaces/action/Fibonacci.action
[7.850s] -- Installing: /home/anmol/ws_offboard_control/install/action_tutorials_interfaces/share/action_tutorials_interfaces/action/Command.action
[7.850s] -- Up-to-date: /home/anmol/ws_offboard_control/install/action_tutorials_interfaces/share/ament_index/resource_index/package_run_dependencies/action_tutorials_interfaces
[7.851s] -- Installing: /home/anmol/ws_offboard_control/install/action_tutorials_interfaces/share/ament_index/resource_index/parent_prefix_path/action_tutorials_interfaces
[7.851s] -- Up-to-date: /home/anmol/ws_offboard_control/install/action_tutorials_interfaces/share/action_tutorials_interfaces/environment/ament_prefix_path.sh
[7.851s] -- Installing: /home/anmol/ws_offboard_control/install/action_tutorials_interfaces/share/action_tutorials_interfaces/environment/ament_prefix_path.dsv
[7.851s] -- Up-to-date: /home/anmol/ws_offboard_control/install/action_tutorials_interfaces/share/action_tutorials_interfaces/environment/path.sh
[7.851s] -- Installing: /home/anmol/ws_offboard_control/install/action_tutorials_interfaces/share/action_tutorials_interfaces/environment/path.dsv
[7.851s] -- Up-to-date: /home/anmol/ws_offboard_control/install/action_tutorials_interfaces/share/action_tutorials_interfaces/local_setup.bash
[7.851s] -- Up-to-date: /home/anmol/ws_offboard_control/install/action_tutorials_interfaces/share/action_tutorials_interfaces/local_setup.sh
[7.851s] -- Up-to-date: /home/anmol/ws_offboard_control/install/action_tutorials_interfaces/share/action_tutorials_interfaces/local_setup.zsh
[7.851s] -- Installing: /home/anmol/ws_offboard_control/install/action_tutorials_interfaces/share/action_tutorials_interfaces/local_setup.dsv
[7.852s] -- Installing: /home/anmol/ws_offboard_control/install/action_tutorials_interfaces/share/action_tutorials_interfaces/package.dsv
[7.852s] -- Up-to-date: /home/anmol/ws_offboard_control/install/action_tutorials_interfaces/share/ament_index/resource_index/packages/action_tutorials_interfaces
[7.852s] -- Up-to-date: /home/anmol/ws_offboard_control/install/action_tutorials_interfaces/share/action_tutorials_interfaces/cmake/export_action_tutorials_interfaces__rosidl_generator_cExport.cmake
[7.852s] -- Up-to-date: /home/anmol/ws_offboard_control/install/action_tutorials_interfaces/share/action_tutorials_interfaces/cmake/export_action_tutorials_interfaces__rosidl_generator_cExport-noconfig.cmake
[7.852s] -- Up-to-date: /home/anmol/ws_offboard_control/install/action_tutorials_interfaces/share/action_tutorials_interfaces/cmake/export_action_tutorials_interfaces__rosidl_typesupport_fastrtps_cExport.cmake
[7.852s] -- Up-to-date: /home/anmol/ws_offboard_control/install/action_tutorials_interfaces/share/action_tutorials_interfaces/cmake/export_action_tutorials_interfaces__rosidl_typesupport_fastrtps_cExport-noconfig.cmake
[7.852s] -- Up-to-date: /home/anmol/ws_offboard_control/install/action_tutorials_interfaces/share/action_tutorials_interfaces/cmake/action_tutorials_interfaces__rosidl_typesupport_introspection_cExport.cmake
[7.853s] -- Up-to-date: /home/anmol/ws_offboard_control/install/action_tutorials_interfaces/share/action_tutorials_interfaces/cmake/action_tutorials_interfaces__rosidl_typesupport_introspection_cExport-noconfig.cmake
[7.853s] -- Up-to-date: /home/anmol/ws_offboard_control/install/action_tutorials_interfaces/share/action_tutorials_interfaces/cmake/action_tutorials_interfaces__rosidl_typesupport_cExport.cmake
[7.853s] -- Up-to-date: /home/anmol/ws_offboard_control/install/action_tutorials_interfaces/share/action_tutorials_interfaces/cmake/action_tutorials_interfaces__rosidl_typesupport_cExport-noconfig.cmake
[7.853s] -- Up-to-date: /home/anmol/ws_offboard_control/install/action_tutorials_interfaces/share/action_tutorials_interfaces/cmake/export_action_tutorials_interfaces__rosidl_generator_cppExport.cmake
[7.853s] -- Up-to-date: /home/anmol/ws_offboard_control/install/action_tutorials_interfaces/share/action_tutorials_interfaces/cmake/export_action_tutorials_interfaces__rosidl_typesupport_fastrtps_cppExport.cmake
[7.853s] -- Up-to-date: /home/anmol/ws_offboard_control/install/action_tutorials_interfaces/share/action_tutorials_interfaces/cmake/export_action_tutorials_interfaces__rosidl_typesupport_fastrtps_cppExport-noconfig.cmake
[7.853s] -- Up-to-date: /home/anmol/ws_offboard_control/install/action_tutorials_interfaces/share/action_tutorials_interfaces/cmake/action_tutorials_interfaces__rosidl_typesupport_introspection_cppExport.cmake
[7.854s] -- Up-to-date: /home/anmol/ws_offboard_control/install/action_tutorials_interfaces/share/action_tutorials_interfaces/cmake/action_tutorials_interfaces__rosidl_typesupport_introspection_cppExport-noconfig.cmake
[7.854s] -- Up-to-date: /home/anmol/ws_offboard_control/install/action_tutorials_interfaces/share/action_tutorials_interfaces/cmake/action_tutorials_interfaces__rosidl_typesupport_cppExport.cmake
[7.854s] -- Up-to-date: /home/anmol/ws_offboard_control/install/action_tutorials_interfaces/share/action_tutorials_interfaces/cmake/action_tutorials_interfaces__rosidl_typesupport_cppExport-noconfig.cmake
[7.854s] -- Up-to-date: /home/anmol/ws_offboard_control/install/action_tutorials_interfaces/share/action_tutorials_interfaces/cmake/export_action_tutorials_interfaces__rosidl_generator_pyExport.cmake
[7.854s] -- Up-to-date: /home/anmol/ws_offboard_control/install/action_tutorials_interfaces/share/action_tutorials_interfaces/cmake/export_action_tutorials_interfaces__rosidl_generator_pyExport-noconfig.cmake
[7.854s] -- Installing: /home/anmol/ws_offboard_control/install/action_tutorials_interfaces/share/action_tutorials_interfaces/cmake/rosidl_cmake-extras.cmake
[7.854s] -- Up-to-date: /home/anmol/ws_offboard_control/install/action_tutorials_interfaces/share/action_tutorials_interfaces/cmake/ament_cmake_export_dependencies-extras.cmake
[7.855s] -- Up-to-date: /home/anmol/ws_offboard_control/install/action_tutorials_interfaces/share/action_tutorials_interfaces/cmake/ament_cmake_export_include_directories-extras.cmake
[7.855s] -- Up-to-date: /home/anmol/ws_offboard_control/install/action_tutorials_interfaces/share/action_tutorials_interfaces/cmake/ament_cmake_export_libraries-extras.cmake
[7.855s] -- Up-to-date: /home/anmol/ws_offboard_control/install/action_tutorials_interfaces/share/action_tutorials_interfaces/cmake/ament_cmake_export_targets-extras.cmake
[7.855s] -- Up-to-date: /home/anmol/ws_offboard_control/install/action_tutorials_interfaces/share/action_tutorials_interfaces/cmake/rosidl_cmake_export_typesupport_targets-extras.cmake
[7.855s] -- Up-to-date: /home/anmol/ws_offboard_control/install/action_tutorials_interfaces/share/action_tutorials_interfaces/cmake/rosidl_cmake_export_typesupport_libraries-extras.cmake
[7.855s] -- Up-to-date: /home/anmol/ws_offboard_control/install/action_tutorials_interfaces/share/action_tutorials_interfaces/cmake/action_tutorials_interfacesConfig.cmake
[7.855s] -- Up-to-date: /home/anmol/ws_offboard_control/install/action_tutorials_interfaces/share/action_tutorials_interfaces/cmake/action_tutorials_interfacesConfig-version.cmake
[7.855s] -- Up-to-date: /home/anmol/ws_offboard_control/install/action_tutorials_interfaces/share/action_tutorials_interfaces/package.xml
[7.858s] Invoked command in '/home/anmol/ws_offboard_control/build/action_tutorials_interfaces' returned '0': CMAKE_PREFIX_PATH=${CMAKE_PREFIX_PATH}:/home/anmol/ws_offboard_control/install/manual_key_control:/opt/ros/humble /usr/bin/cmake --install /home/anmol/ws_offboard_control/build/action_tutorials_interfaces
