[1.263s] DEBUG:colcon:Command line arguments: ['/usr/bin/colcon', 'build', '--packages-select', 'custom_msgs']
[1.263s] DEBUG:colcon:Parsed command line arguments: Namespace(log_base=None, log_level=None, verb_name='build', build_base='build', install_base='install', merge_install=False, symlink_install=False, test_result_base=None, continue_on_error=False, executor='parallel', parallel_workers=12, event_handlers=None, ignore_user_meta=False, metas=['./colcon.meta'], base_paths=['.'], packages_ignore=None, packages_ignore_regex=None, paths=None, packages_up_to=None, packages_up_to_regex=None, packages_above=None, packages_above_and_dependencies=None, packages_above_depth=None, packages_select_by_dep=None, packages_skip_by_dep=None, packages_skip_up_to=None, packages_select_build_failed=False, packages_skip_build_finished=False, packages_select_test_failures=False, packages_skip_test_passed=False, packages_select=['custom_msgs'], packages_skip=None, packages_select_regex=None, packages_skip_regex=None, packages_start=None, packages_end=None, allow_overriding=[], cmake_args=None, cmake_target=None, cmake_target_skip_unavailable=False, cmake_clean_cache=False, cmake_clean_first=False, cmake_force_configure=False, ament_cmake_args=None, catkin_cmake_args=None, catkin_skip_building_tests=False, verb_parser=<colcon_defaults.argument_parser.defaults.DefaultArgumentsDecorator object at 0x7f0c47cb50c0>, verb_extension=<colcon_core.verb.build.BuildVerb object at 0x7f0c47cb45e0>, main=<bound method BuildVerb.main of <colcon_core.verb.build.BuildVerb object at 0x7f0c47cb45e0>>)
[1.321s] Level 1:colcon.colcon_core.package_discovery:discover_packages(colcon_meta) check parameters
[1.321s] Level 1:colcon.colcon_core.package_discovery:discover_packages(recursive) check parameters
[1.321s] Level 1:colcon.colcon_core.package_discovery:discover_packages(ignore) check parameters
[1.321s] Level 1:colcon.colcon_core.package_discovery:discover_packages(path) check parameters
[1.321s] Level 1:colcon.colcon_core.package_discovery:discover_packages(colcon_meta) discover
[1.322s] Level 1:colcon.colcon_core.package_discovery:discover_packages(recursive) discover
[1.322s] INFO:colcon.colcon_core.package_discovery:Crawling recursively for packages in '/home/anmol/ws_offboard_control'
[1.322s] Level 1:colcon.colcon_core.package_identification:_identify(.) by extensions ['ignore', 'ignore_ament_install']
[1.322s] Level 1:colcon.colcon_core.package_identification:_identify(.) by extension 'ignore'
[1.322s] Level 1:colcon.colcon_core.package_identification:_identify(.) by extension 'ignore_ament_install'
[1.322s] Level 1:colcon.colcon_core.package_identification:_identify(.) by extensions ['colcon_pkg']
[1.322s] Level 1:colcon.colcon_core.package_identification:_identify(.) by extension 'colcon_pkg'
[1.322s] Level 1:colcon.colcon_core.package_identification:_identify(.) by extensions ['colcon_meta']
[1.322s] Level 1:colcon.colcon_core.package_identification:_identify(.) by extension 'colcon_meta'
[1.322s] Level 1:colcon.colcon_core.package_identification:_identify(.) by extensions ['ros']
[1.322s] Level 1:colcon.colcon_core.package_identification:_identify(.) by extension 'ros'
[1.337s] Level 1:colcon.colcon_core.package_identification:_identify(.) by extensions ['cmake', 'python']
[1.337s] Level 1:colcon.colcon_core.package_identification:_identify(.) by extension 'cmake'
[1.337s] Level 1:colcon.colcon_core.package_identification:_identify(.) by extension 'python'
[1.337s] Level 1:colcon.colcon_core.package_identification:_identify(.) by extensions ['python_setup_py']
[1.337s] Level 1:colcon.colcon_core.package_identification:_identify(.) by extension 'python_setup_py'
[1.337s] Level 1:colcon.colcon_core.package_identification:_identify(build) by extensions ['ignore', 'ignore_ament_install']
[1.337s] Level 1:colcon.colcon_core.package_identification:_identify(build) by extension 'ignore'
[1.337s] Level 1:colcon.colcon_core.package_identification:_identify(build) ignored
[1.337s] Level 1:colcon.colcon_core.package_identification:_identify(install) by extensions ['ignore', 'ignore_ament_install']
[1.338s] Level 1:colcon.colcon_core.package_identification:_identify(install) by extension 'ignore'
[1.338s] Level 1:colcon.colcon_core.package_identification:_identify(install) ignored
[1.338s] Level 1:colcon.colcon_core.package_identification:_identify(log) by extensions ['ignore', 'ignore_ament_install']
[1.338s] Level 1:colcon.colcon_core.package_identification:_identify(log) by extension 'ignore'
[1.338s] Level 1:colcon.colcon_core.package_identification:_identify(log) ignored
[1.338s] Level 1:colcon.colcon_core.package_identification:_identify(src) by extensions ['ignore', 'ignore_ament_install']
[1.338s] Level 1:colcon.colcon_core.package_identification:_identify(src) by extension 'ignore'
[1.338s] Level 1:colcon.colcon_core.package_identification:_identify(src) by extension 'ignore_ament_install'
[1.338s] Level 1:colcon.colcon_core.package_identification:_identify(src) by extensions ['colcon_pkg']
[1.338s] Level 1:colcon.colcon_core.package_identification:_identify(src) by extension 'colcon_pkg'
[1.338s] Level 1:colcon.colcon_core.package_identification:_identify(src) by extensions ['colcon_meta']
[1.338s] Level 1:colcon.colcon_core.package_identification:_identify(src) by extension 'colcon_meta'
[1.338s] Level 1:colcon.colcon_core.package_identification:_identify(src) by extensions ['ros']
[1.339s] Level 1:colcon.colcon_core.package_identification:_identify(src) by extension 'ros'
[1.339s] Level 1:colcon.colcon_core.package_identification:_identify(src) by extensions ['cmake', 'python']
[1.339s] Level 1:colcon.colcon_core.package_identification:_identify(src) by extension 'cmake'
[1.339s] Level 1:colcon.colcon_core.package_identification:_identify(src) by extension 'python'
[1.339s] Level 1:colcon.colcon_core.package_identification:_identify(src) by extensions ['python_setup_py']
[1.339s] Level 1:colcon.colcon_core.package_identification:_identify(src) by extension 'python_setup_py'
[1.339s] Level 1:colcon.colcon_core.package_identification:_identify(src/custom_msgs) by extensions ['ignore', 'ignore_ament_install']
[1.339s] Level 1:colcon.colcon_core.package_identification:_identify(src/custom_msgs) by extension 'ignore'
[1.339s] Level 1:colcon.colcon_core.package_identification:_identify(src/custom_msgs) by extension 'ignore_ament_install'
[1.339s] Level 1:colcon.colcon_core.package_identification:_identify(src/custom_msgs) by extensions ['colcon_pkg']
[1.339s] Level 1:colcon.colcon_core.package_identification:_identify(src/custom_msgs) by extension 'colcon_pkg'
[1.339s] Level 1:colcon.colcon_core.package_identification:_identify(src/custom_msgs) by extensions ['colcon_meta']
[1.339s] Level 1:colcon.colcon_core.package_identification:_identify(src/custom_msgs) by extension 'colcon_meta'
[1.339s] Level 1:colcon.colcon_core.package_identification:_identify(src/custom_msgs) by extensions ['ros']
[1.339s] Level 1:colcon.colcon_core.package_identification:_identify(src/custom_msgs) by extension 'ros'
[1.343s] DEBUG:colcon.colcon_core.package_identification:Package 'src/custom_msgs' with type 'ros.ament_cmake' and name 'custom_msgs'
[1.343s] Level 1:colcon.colcon_core.package_identification:_identify(src/manual_key_control) by extensions ['ignore', 'ignore_ament_install']
[1.343s] Level 1:colcon.colcon_core.package_identification:_identify(src/manual_key_control) by extension 'ignore'
[1.343s] Level 1:colcon.colcon_core.package_identification:_identify(src/manual_key_control) by extension 'ignore_ament_install'
[1.343s] Level 1:colcon.colcon_core.package_identification:_identify(src/manual_key_control) by extensions ['colcon_pkg']
[1.343s] Level 1:colcon.colcon_core.package_identification:_identify(src/manual_key_control) by extension 'colcon_pkg'
[1.343s] Level 1:colcon.colcon_core.package_identification:_identify(src/manual_key_control) by extensions ['colcon_meta']
[1.344s] Level 1:colcon.colcon_core.package_identification:_identify(src/manual_key_control) by extension 'colcon_meta'
[1.344s] Level 1:colcon.colcon_core.package_identification:_identify(src/manual_key_control) by extensions ['ros']
[1.344s] Level 1:colcon.colcon_core.package_identification:_identify(src/manual_key_control) by extension 'ros'
[1.344s] DEBUG:colcon.colcon_core.package_identification:Package 'src/manual_key_control' with type 'ros.ament_python' and name 'manual_key_control'
[1.344s] Level 1:colcon.colcon_core.package_identification:_identify(src/px4_msgs) by extensions ['ignore', 'ignore_ament_install']
[1.345s] Level 1:colcon.colcon_core.package_identification:_identify(src/px4_msgs) by extension 'ignore'
[1.345s] Level 1:colcon.colcon_core.package_identification:_identify(src/px4_msgs) by extension 'ignore_ament_install'
[1.345s] Level 1:colcon.colcon_core.package_identification:_identify(src/px4_msgs) by extensions ['colcon_pkg']
[1.345s] Level 1:colcon.colcon_core.package_identification:_identify(src/px4_msgs) by extension 'colcon_pkg'
[1.345s] Level 1:colcon.colcon_core.package_identification:_identify(src/px4_msgs) by extensions ['colcon_meta']
[1.345s] Level 1:colcon.colcon_core.package_identification:_identify(src/px4_msgs) by extension 'colcon_meta'
[1.345s] Level 1:colcon.colcon_core.package_identification:_identify(src/px4_msgs) by extensions ['ros']
[1.345s] Level 1:colcon.colcon_core.package_identification:_identify(src/px4_msgs) by extension 'ros'
[1.346s] DEBUG:colcon.colcon_core.package_identification:Package 'src/px4_msgs' with type 'ros.ament_cmake' and name 'px4_msgs'
[1.346s] Level 1:colcon.colcon_core.package_identification:_identify(src/px4_ros_com) by extensions ['ignore', 'ignore_ament_install']
[1.346s] Level 1:colcon.colcon_core.package_identification:_identify(src/px4_ros_com) by extension 'ignore'
[1.346s] Level 1:colcon.colcon_core.package_identification:_identify(src/px4_ros_com) by extension 'ignore_ament_install'
[1.346s] Level 1:colcon.colcon_core.package_identification:_identify(src/px4_ros_com) by extensions ['colcon_pkg']
[1.346s] Level 1:colcon.colcon_core.package_identification:_identify(src/px4_ros_com) by extension 'colcon_pkg'
[1.346s] Level 1:colcon.colcon_core.package_identification:_identify(src/px4_ros_com) by extensions ['colcon_meta']
[1.346s] Level 1:colcon.colcon_core.package_identification:_identify(src/px4_ros_com) by extension 'colcon_meta'
[1.346s] Level 1:colcon.colcon_core.package_identification:_identify(src/px4_ros_com) by extensions ['ros']
[1.346s] Level 1:colcon.colcon_core.package_identification:_identify(src/px4_ros_com) by extension 'ros'
[1.347s] DEBUG:colcon.colcon_core.package_identification:Package 'src/px4_ros_com' with type 'ros.ament_cmake' and name 'px4_ros_com'
[1.348s] Level 1:colcon.colcon_core.package_discovery:discover_packages(recursive) using defaults
[1.348s] Level 1:colcon.colcon_core.package_discovery:discover_packages(ignore) discover
[1.348s] Level 1:colcon.colcon_core.package_discovery:discover_packages(ignore) using defaults
[1.348s] Level 1:colcon.colcon_core.package_discovery:discover_packages(path) discover
[1.348s] Level 1:colcon.colcon_core.package_discovery:discover_packages(path) using defaults
[1.427s] INFO:colcon.colcon_core.package_selection:Skipping not selected package 'manual_key_control' in 'src/manual_key_control'
[1.427s] INFO:colcon.colcon_core.package_selection:Skipping not selected package 'px4_msgs' in 'src/px4_msgs'
[1.427s] INFO:colcon.colcon_core.package_selection:Skipping not selected package 'px4_ros_com' in 'src/px4_ros_com'
[1.463s] Level 1:colcon.colcon_core.package_discovery:discover_packages(prefix_path) check parameters
[1.463s] Level 1:colcon.colcon_core.package_discovery:discover_packages(prefix_path) discover
[1.501s] DEBUG:colcon.colcon_installed_package_information.package_discovery:Found 4 installed packages in /home/anmol/ws_offboard_control/install
[1.521s] DEBUG:colcon.colcon_installed_package_information.package_discovery:Found 270 installed packages in /opt/ros/humble
[1.522s] Level 1:colcon.colcon_core.package_discovery:discover_packages(prefix_path) using defaults
[1.651s] Level 5:colcon.colcon_core.verb:set package 'custom_msgs' build argument 'cmake_args' from command line to 'None'
[1.651s] Level 5:colcon.colcon_core.verb:set package 'custom_msgs' build argument 'cmake_target' from command line to 'None'
[1.651s] Level 5:colcon.colcon_core.verb:set package 'custom_msgs' build argument 'cmake_target_skip_unavailable' from command line to 'False'
[1.651s] Level 5:colcon.colcon_core.verb:set package 'custom_msgs' build argument 'cmake_clean_cache' from command line to 'False'
[1.651s] Level 5:colcon.colcon_core.verb:set package 'custom_msgs' build argument 'cmake_clean_first' from command line to 'False'
[1.651s] Level 5:colcon.colcon_core.verb:set package 'custom_msgs' build argument 'cmake_force_configure' from command line to 'False'
[1.651s] Level 5:colcon.colcon_core.verb:set package 'custom_msgs' build argument 'ament_cmake_args' from command line to 'None'
[1.651s] Level 5:colcon.colcon_core.verb:set package 'custom_msgs' build argument 'catkin_cmake_args' from command line to 'None'
[1.651s] Level 5:colcon.colcon_core.verb:set package 'custom_msgs' build argument 'catkin_skip_building_tests' from command line to 'False'
[1.651s] DEBUG:colcon.colcon_core.verb:Building package 'custom_msgs' with the following arguments: {'ament_cmake_args': None, 'build_base': '/home/anmol/ws_offboard_control/build/custom_msgs', 'catkin_cmake_args': None, 'catkin_skip_building_tests': False, 'cmake_args': None, 'cmake_clean_cache': False, 'cmake_clean_first': False, 'cmake_force_configure': False, 'cmake_target': None, 'cmake_target_skip_unavailable': False, 'install_base': '/home/anmol/ws_offboard_control/install/custom_msgs', 'merge_install': False, 'path': '/home/anmol/ws_offboard_control/src/custom_msgs', 'symlink_install': False, 'test_result_base': None}
[1.670s] INFO:colcon.colcon_core.executor:Executing jobs using 'parallel' executor
[1.690s] DEBUG:colcon.colcon_parallel_executor.executor.parallel:run_until_complete
[1.691s] INFO:colcon.colcon_ros.task.ament_cmake.build:Building ROS package in '/home/anmol/ws_offboard_control/src/custom_msgs' with build type 'ament_cmake'
[1.691s] INFO:colcon.colcon_cmake.task.cmake.build:Building CMake package in '/home/anmol/ws_offboard_control/src/custom_msgs'
[1.712s] INFO:colcon.colcon_core.plugin_system:Skipping extension 'colcon_core.shell.bat': Not used on non-Windows systems
[1.712s] INFO:colcon.colcon_core.shell:Skip shell extension 'powershell' for command environment: Not usable outside of PowerShell
[1.713s] DEBUG:colcon.colcon_core.shell:Skip shell extension 'dsv' for command environment
[1.781s] DEBUG:colcon.colcon_core.event_handler.log_command:Invoking command in '/home/anmol/ws_offboard_control/build/custom_msgs': CMAKE_PREFIX_PATH=${CMAKE_PREFIX_PATH}:/home/anmol/ws_offboard_control/install/manual_key_control:/opt/ros/humble /usr/bin/cmake /home/anmol/ws_offboard_control/src/custom_msgs -DCMAKE_INSTALL_PREFIX=/home/anmol/ws_offboard_control/install/custom_msgs
[2.521s] DEBUG:colcon.colcon_core.event_handler.log_command:Invoked command in '/home/anmol/ws_offboard_control/build/custom_msgs' returned '1': CMAKE_PREFIX_PATH=${CMAKE_PREFIX_PATH}:/home/anmol/ws_offboard_control/install/manual_key_control:/opt/ros/humble /usr/bin/cmake /home/anmol/ws_offboard_control/src/custom_msgs -DCMAKE_INSTALL_PREFIX=/home/anmol/ws_offboard_control/install/custom_msgs
[2.542s] Level 1:colcon.colcon_core.environment:create_environment_scripts_only(custom_msgs)
[2.564s] Level 1:colcon.colcon_core.environment:checking '/home/anmol/ws_offboard_control/install/custom_msgs' for CMake module files
[2.565s] Level 1:colcon.colcon_core.environment:checking '/home/anmol/ws_offboard_control/install/custom_msgs' for CMake config files
[2.565s] Level 1:colcon.colcon_core.environment:checking '/home/anmol/ws_offboard_control/install/custom_msgs/bin'
[2.566s] Level 1:colcon.colcon_core.environment:checking '/home/anmol/ws_offboard_control/install/custom_msgs/lib/pkgconfig/custom_msgs.pc'
[2.566s] Level 1:colcon.colcon_core.environment:checking '/home/anmol/ws_offboard_control/install/custom_msgs/lib/python3.10/site-packages'
[2.566s] Level 1:colcon.colcon_core.environment:checking '/home/anmol/ws_offboard_control/install/custom_msgs/bin'
[2.585s] INFO:colcon.colcon_core.shell:Creating package script '/home/anmol/ws_offboard_control/install/custom_msgs/share/custom_msgs/package.ps1'
[2.586s] INFO:colcon.colcon_core.shell:Creating package descriptor '/home/anmol/ws_offboard_control/install/custom_msgs/share/custom_msgs/package.dsv'
[2.586s] INFO:colcon.colcon_core.shell:Creating package script '/home/anmol/ws_offboard_control/install/custom_msgs/share/custom_msgs/package.sh'
[2.587s] INFO:colcon.colcon_core.shell:Creating package script '/home/anmol/ws_offboard_control/install/custom_msgs/share/custom_msgs/package.bash'
[2.588s] INFO:colcon.colcon_core.shell:Creating package script '/home/anmol/ws_offboard_control/install/custom_msgs/share/custom_msgs/package.zsh'
[2.588s] Level 1:colcon.colcon_core.environment:create_file_with_runtime_dependencies(/home/anmol/ws_offboard_control/install/custom_msgs/share/colcon-core/packages/custom_msgs)
[2.599s] DEBUG:colcon.colcon_parallel_executor.executor.parallel:closing loop
[2.600s] DEBUG:colcon.colcon_parallel_executor.executor.parallel:loop closed
[2.600s] DEBUG:colcon.colcon_parallel_executor.executor.parallel:run_until_complete finished with '1'
[2.600s] DEBUG:colcon.colcon_core.event_reactor:joining thread
[2.626s] INFO:colcon.colcon_core.plugin_system:Skipping extension 'colcon_notification.desktop_notification.terminal_notifier': Not used on non-Darwin systems
[2.626s] INFO:colcon.colcon_core.plugin_system:Skipping extension 'colcon_notification.desktop_notification.win32': Not used on non-Windows systems
[2.626s] INFO:colcon.colcon_notification.desktop_notification:Sending desktop notification using 'notify2'
[2.643s] DEBUG:colcon.colcon_core.event_reactor:joined thread
[2.662s] INFO:colcon.colcon_core.shell:Creating prefix script '/home/anmol/ws_offboard_control/install/local_setup.ps1'
[2.664s] INFO:colcon.colcon_core.shell:Creating prefix util module '/home/anmol/ws_offboard_control/install/_local_setup_util_ps1.py'
[2.665s] INFO:colcon.colcon_core.shell:Creating prefix chain script '/home/anmol/ws_offboard_control/install/setup.ps1'
[2.685s] INFO:colcon.colcon_core.shell:Creating prefix script '/home/anmol/ws_offboard_control/install/local_setup.sh'
[2.686s] INFO:colcon.colcon_core.shell:Creating prefix util module '/home/anmol/ws_offboard_control/install/_local_setup_util_sh.py'
[2.686s] INFO:colcon.colcon_core.shell:Creating prefix chain script '/home/anmol/ws_offboard_control/install/setup.sh'
[2.707s] INFO:colcon.colcon_core.shell:Creating prefix script '/home/anmol/ws_offboard_control/install/local_setup.bash'
[2.708s] INFO:colcon.colcon_core.shell:Creating prefix chain script '/home/anmol/ws_offboard_control/install/setup.bash'
[2.728s] INFO:colcon.colcon_core.shell:Creating prefix script '/home/anmol/ws_offboard_control/install/local_setup.zsh'
[2.728s] INFO:colcon.colcon_core.shell:Creating prefix chain script '/home/anmol/ws_offboard_control/install/setup.zsh'
