[0.046s] Invoking command in '/home/anmol/ws_offboard_control/build/px4_ros_com': AMENT_PREFIX_PATH=/home/anmol/ws_offboard_control/install/px4_msgs:${AMENT_PREFIX_PATH} CMAKE_PREFIX_PATH=/home/anmol/ws_offboard_control/install/px4_msgs:/opt/ros/humble LD_LIBRARY_PATH=/home/anmol/ws_offboard_control/install/px4_msgs/lib:${LD_LIBRARY_PATH} PYTHONPATH=/home/anmol/ws_offboard_control/install/px4_msgs/local/lib/python3.10/dist-packages:${PYTHONPATH} /usr/bin/cmake /home/anmol/ws_offboard_control/src/px4_ros_com -DCMAKE_INSTALL_PREFIX=/home/anmol/ws_offboard_control/install/px4_ros_com
[0.104s] -- The C compiler identification is GNU 11.4.0
[0.159s] -- The CXX compiler identification is GNU 11.4.0
[0.168s] -- Detecting C compiler ABI info
[0.246s] -- Detecting C compiler ABI info - done
[0.253s] -- Check for working C compiler: /usr/bin/cc - skipped
[0.253s] -- Detecting C compile features
[0.253s] -- Detecting C compile features - done
[0.256s] -- Detecting CXX compiler ABI info
[0.343s] -- Detecting CXX compiler ABI info - done
[0.350s] -- Check for working CXX compiler: /usr/bin/c++ - skipped
[0.350s] -- Detecting CXX compile features
[0.350s] -- Detecting CXX compile features - done
[0.352s] -- Found ament_cmake: 1.3.6 (/opt/ros/humble/share/ament_cmake/cmake)
[0.509s] -- Found Python3: /usr/bin/python3.10 (found version "3.10.12") found components: Interpreter 
[0.589s] -- Found builtin_interfaces: 1.2.1 (/opt/ros/humble/share/builtin_interfaces/cmake)
[0.621s] -- Found rosidl_generator_c: 3.1.5 (/opt/ros/humble/share/rosidl_generator_c/cmake)
[0.626s] -- Found rosidl_adapter: 3.1.5 (/opt/ros/humble/share/rosidl_adapter/cmake)
[0.633s] -- Found rosidl_generator_cpp: 3.1.5 (/opt/ros/humble/share/rosidl_generator_cpp/cmake)
[0.646s] -- Using all available rosidl_typesupport_c: rosidl_typesupport_fastrtps_c;rosidl_typesupport_introspection_c
[0.663s] -- Using all available rosidl_typesupport_cpp: rosidl_typesupport_fastrtps_cpp;rosidl_typesupport_introspection_cpp
[0.680s] -- Found eigen3_cmake_module: 0.1.1 (/opt/ros/humble/share/eigen3_cmake_module/cmake)
[0.691s] -- Found Eigen3: TRUE (found version "3.4.0") 
[0.692s] -- Found geometry_msgs: 4.2.3 (/opt/ros/humble/share/geometry_msgs/cmake)
[0.784s] -- Found px4_msgs: 2.0.1 (/home/anmol/ws_offboard_control/install/px4_msgs/share/px4_msgs/cmake)
[0.816s] -- Found rclcpp: 16.0.7 (/opt/ros/humble/share/rclcpp/cmake)
[0.879s] -- Found rmw_implementation_cmake: 6.1.1 (/opt/ros/humble/share/rmw_implementation_cmake/cmake)
[0.882s] -- Found rmw_fastrtps_cpp: 6.2.5 (/opt/ros/humble/share/rmw_fastrtps_cpp/cmake)
[1.022s] -- Found OpenSSL: /usr/lib/x86_64-linux-gnu/libcrypto.so (found version "3.0.2")  
[1.055s] -- Found FastRTPS: /opt/ros/humble/include  
[1.110s] -- Using RMW implementation 'rmw_fastrtps_cpp' as default
[1.120s] -- Looking for pthread.h
[1.199s] -- Looking for pthread.h - found
[1.199s] -- Performing Test CMAKE_HAVE_LIBC_PTHREAD
[1.279s] -- Performing Test CMAKE_HAVE_LIBC_PTHREAD - Success
[1.280s] -- Found Threads: TRUE  
[1.404s] -- Found sensor_msgs: 4.2.3 (/opt/ros/humble/share/sensor_msgs/cmake)
[1.488s] -- Found ament_lint_auto: 0.12.9 (/opt/ros/humble/share/ament_lint_auto/cmake)
[1.563s] -- Added test 'copyright' to check source files copyright and LICENSE
[1.568s] -- Added test 'cppcheck' to perform static code analysis on C / C++ code
[1.569s] -- Configured cppcheck include dirs: /home/anmol/ws_offboard_control/src/px4_ros_com/include;$<BUILD_INTERFACE:/home/anmol/ws_offboard_control/src/px4_ros_com/include/px4_ros_com>
[1.569s] -- Configured cppcheck exclude dirs and/or files: 
[1.574s] -- Added test 'cpplint' to check C / C++ code against the Google style
[1.574s] -- Configured cpplint exclude dirs and/or files: 
[1.575s] -- Added test 'flake8' to check Python code syntax and style conventions
[1.577s] -- Added test 'lint_cmake' to check CMake code style
[1.578s] -- Added test 'pep257' to check Python code against some of the docstring style conventions in PEP 257
[1.584s] -- Added test 'uncrustify' to check C / C++ code style
[1.584s] -- Configured uncrustify additional arguments: 
[1.585s] -- Added test 'xmllint' to check XML markup files
[1.587s] -- Configuring done
[1.608s] -- Generating done
[1.610s] -- Build files have been written to: /home/anmol/ws_offboard_control/build/px4_ros_com
[1.621s] Invoked command in '/home/anmol/ws_offboard_control/build/px4_ros_com' returned '0': AMENT_PREFIX_PATH=/home/anmol/ws_offboard_control/install/px4_msgs:${AMENT_PREFIX_PATH} CMAKE_PREFIX_PATH=/home/anmol/ws_offboard_control/install/px4_msgs:/opt/ros/humble LD_LIBRARY_PATH=/home/anmol/ws_offboard_control/install/px4_msgs/lib:${LD_LIBRARY_PATH} PYTHONPATH=/home/anmol/ws_offboard_control/install/px4_msgs/local/lib/python3.10/dist-packages:${PYTHONPATH} /usr/bin/cmake /home/anmol/ws_offboard_control/src/px4_ros_com -DCMAKE_INSTALL_PREFIX=/home/anmol/ws_offboard_control/install/px4_ros_com
[1.623s] Invoking command in '/home/anmol/ws_offboard_control/build/px4_ros_com': AMENT_PREFIX_PATH=/home/anmol/ws_offboard_control/install/px4_msgs:${AMENT_PREFIX_PATH} CMAKE_PREFIX_PATH=/home/anmol/ws_offboard_control/install/px4_msgs:/opt/ros/humble LD_LIBRARY_PATH=/home/anmol/ws_offboard_control/install/px4_msgs/lib:${LD_LIBRARY_PATH} PYTHONPATH=/home/anmol/ws_offboard_control/install/px4_msgs/local/lib/python3.10/dist-packages:${PYTHONPATH} /usr/bin/cmake --build /home/anmol/ws_offboard_control/build/px4_ros_com -- -j12 -l12
[1.678s] [ 20%] [32mBuilding CXX object CMakeFiles/frame_transforms.dir/src/lib/frame_transforms.cpp.o[0m
[1.678s] [ 20%] [32mBuilding CXX object CMakeFiles/sensor_combined_listener.dir/src/examples/listeners/sensor_combined_listener.cpp.o[0m
[1.678s] [ 50%] [32mBuilding CXX object CMakeFiles/debug_vect_advertiser.dir/src/examples/advertisers/debug_vect_advertiser.cpp.o[0m
[1.678s] [ 50%] [32mBuilding CXX object CMakeFiles/offboard_control.dir/src/examples/offboard/offboard_control.cpp.o[0m
[1.678s] [ 50%] [32mBuilding CXX object CMakeFiles/vehicle_gps_position_listener.dir/src/examples/listeners/vehicle_gps_position_listener.cpp.o[0m
[5.882s] [ 60%] [32m[1mLinking CXX executable debug_vect_advertiser[0m
[6.194s] [ 60%] Built target debug_vect_advertiser
[6.848s] [ 70%] [32m[1mLinking CXX executable offboard_control[0m
[7.148s] [ 70%] Built target offboard_control
[8.613s] [ 80%] [32m[1mLinking CXX shared library libframe_transforms.so[0m
[8.894s] [ 80%] Built target frame_transforms
[9.445s] [ 90%] [32m[1mLinking CXX executable sensor_combined_listener[0m
[9.774s] [100%] [32m[1mLinking CXX executable vehicle_gps_position_listener[0m
[9.869s] [100%] Built target sensor_combined_listener
[10.172s] [100%] Built target vehicle_gps_position_listener
[10.186s] Invoked command in '/home/anmol/ws_offboard_control/build/px4_ros_com' returned '0': AMENT_PREFIX_PATH=/home/anmol/ws_offboard_control/install/px4_msgs:${AMENT_PREFIX_PATH} CMAKE_PREFIX_PATH=/home/anmol/ws_offboard_control/install/px4_msgs:/opt/ros/humble LD_LIBRARY_PATH=/home/anmol/ws_offboard_control/install/px4_msgs/lib:${LD_LIBRARY_PATH} PYTHONPATH=/home/anmol/ws_offboard_control/install/px4_msgs/local/lib/python3.10/dist-packages:${PYTHONPATH} /usr/bin/cmake --build /home/anmol/ws_offboard_control/build/px4_ros_com -- -j12 -l12
[10.231s] Invoking command in '/home/anmol/ws_offboard_control/build/px4_ros_com': AMENT_PREFIX_PATH=/home/anmol/ws_offboard_control/install/px4_msgs:${AMENT_PREFIX_PATH} CMAKE_PREFIX_PATH=/home/anmol/ws_offboard_control/install/px4_msgs:/opt/ros/humble LD_LIBRARY_PATH=/home/anmol/ws_offboard_control/install/px4_msgs/lib:${LD_LIBRARY_PATH} PYTHONPATH=/home/anmol/ws_offboard_control/install/px4_msgs/local/lib/python3.10/dist-packages:${PYTHONPATH} /usr/bin/cmake --install /home/anmol/ws_offboard_control/build/px4_ros_com
[10.240s] -- Install configuration: ""
[10.240s] -- Installing: /home/anmol/ws_offboard_control/install/px4_ros_com/lib/px4_ros_com/sensor_combined_listener
[10.245s] -- Set runtime path of "/home/anmol/ws_offboard_control/install/px4_ros_com/lib/px4_ros_com/sensor_combined_listener" to ""
[10.245s] -- Installing: /home/anmol/ws_offboard_control/install/px4_ros_com/lib/px4_ros_com/vehicle_gps_position_listener
[10.250s] -- Set runtime path of "/home/anmol/ws_offboard_control/install/px4_ros_com/lib/px4_ros_com/vehicle_gps_position_listener" to ""
[10.250s] -- Installing: /home/anmol/ws_offboard_control/install/px4_ros_com/lib/px4_ros_com/debug_vect_advertiser
[10.251s] -- Set runtime path of "/home/anmol/ws_offboard_control/install/px4_ros_com/lib/px4_ros_com/debug_vect_advertiser" to ""
[10.251s] -- Installing: /home/anmol/ws_offboard_control/install/px4_ros_com/lib/px4_ros_com/offboard_control
[10.253s] -- Set runtime path of "/home/anmol/ws_offboard_control/install/px4_ros_com/lib/px4_ros_com/offboard_control" to ""
[10.254s] -- Installing: /home/anmol/ws_offboard_control/install/px4_ros_com/share/px4_ros_com/environment/library_path.sh
[10.254s] -- Installing: /home/anmol/ws_offboard_control/install/px4_ros_com/share/px4_ros_com/environment/library_path.dsv
[10.254s] -- Installing: /home/anmol/ws_offboard_control/install/px4_ros_com/include/px4_ros_com
[10.254s] -- Installing: /home/anmol/ws_offboard_control/install/px4_ros_com/include/px4_ros_com/frame_transforms.h
[10.254s] -- Installing: /home/anmol/ws_offboard_control/install/px4_ros_com/lib/libframe_transforms.so
[10.260s] -- Set runtime path of "/home/anmol/ws_offboard_control/install/px4_ros_com/lib/libframe_transforms.so" to ""
[10.260s] -- Installing: /home/anmol/ws_offboard_control/install/px4_ros_com/share/px4_ros_com//launch
[10.260s] -- Installing: /home/anmol/ws_offboard_control/install/px4_ros_com/share/px4_ros_com//launch/sensor_combined_listener.launch.py
[10.260s] -- Installing: /home/anmol/ws_offboard_control/install/px4_ros_com/share/px4_ros_com//launch/offboard_control_launch.yaml
[10.260s] -- Installing: /home/anmol/ws_offboard_control/install/px4_ros_com/share/px4_ros_com//test
[10.260s] -- Installing: /home/anmol/ws_offboard_control/install/px4_ros_com/share/px4_ros_com//test/pipeline_io_test.py
[10.261s] -- Installing: /home/anmol/ws_offboard_control/install/px4_ros_com/share/px4_ros_com//test/__init__.py
[10.261s] -- Installing: /home/anmol/ws_offboard_control/install/px4_ros_com/share/px4_ros_com//test/test_output.py
[10.261s] -- Installing: /home/anmol/ws_offboard_control/install/px4_ros_com/share/px4_ros_com//test/test_input.py
[10.261s] -- Installing: /home/anmol/ws_offboard_control/install/px4_ros_com/share/ament_index/resource_index/package_run_dependencies/px4_ros_com
[10.261s] -- Installing: /home/anmol/ws_offboard_control/install/px4_ros_com/share/ament_index/resource_index/parent_prefix_path/px4_ros_com
[10.262s] -- Installing: /home/anmol/ws_offboard_control/install/px4_ros_com/share/px4_ros_com/environment/ament_prefix_path.sh
[10.262s] -- Installing: /home/anmol/ws_offboard_control/install/px4_ros_com/share/px4_ros_com/environment/ament_prefix_path.dsv
[10.262s] -- Installing: /home/anmol/ws_offboard_control/install/px4_ros_com/share/px4_ros_com/environment/path.sh
[10.262s] -- Installing: /home/anmol/ws_offboard_control/install/px4_ros_com/share/px4_ros_com/environment/path.dsv
[10.263s] -- Installing: /home/anmol/ws_offboard_control/install/px4_ros_com/share/px4_ros_com/local_setup.bash
[10.263s] -- Installing: /home/anmol/ws_offboard_control/install/px4_ros_com/share/px4_ros_com/local_setup.sh
[10.263s] -- Installing: /home/anmol/ws_offboard_control/install/px4_ros_com/share/px4_ros_com/local_setup.zsh
[10.263s] -- Installing: /home/anmol/ws_offboard_control/install/px4_ros_com/share/px4_ros_com/local_setup.dsv
[10.263s] -- Installing: /home/anmol/ws_offboard_control/install/px4_ros_com/share/px4_ros_com/package.dsv
[10.264s] -- Installing: /home/anmol/ws_offboard_control/install/px4_ros_com/share/ament_index/resource_index/packages/px4_ros_com
[10.264s] -- Installing: /home/anmol/ws_offboard_control/install/px4_ros_com/share/px4_ros_com/cmake/export_frame_transformsExport.cmake
[10.264s] -- Installing: /home/anmol/ws_offboard_control/install/px4_ros_com/share/px4_ros_com/cmake/export_frame_transformsExport-noconfig.cmake
[10.264s] -- Installing: /home/anmol/ws_offboard_control/install/px4_ros_com/share/px4_ros_com/cmake/ament_cmake_export_dependencies-extras.cmake
[10.264s] -- Installing: /home/anmol/ws_offboard_control/install/px4_ros_com/share/px4_ros_com/cmake/ament_cmake_export_targets-extras.cmake
[10.264s] -- Installing: /home/anmol/ws_offboard_control/install/px4_ros_com/share/px4_ros_com/cmake/ament_cmake_export_include_directories-extras.cmake
[10.265s] -- Installing: /home/anmol/ws_offboard_control/install/px4_ros_com/share/px4_ros_com/cmake/ament_cmake_export_libraries-extras.cmake
[10.265s] -- Installing: /home/anmol/ws_offboard_control/install/px4_ros_com/share/px4_ros_com/cmake/px4_ros_comConfig.cmake
[10.265s] -- Installing: /home/anmol/ws_offboard_control/install/px4_ros_com/share/px4_ros_com/cmake/px4_ros_comConfig-version.cmake
[10.265s] -- Installing: /home/anmol/ws_offboard_control/install/px4_ros_com/share/px4_ros_com/package.xml
[10.268s] Invoked command in '/home/anmol/ws_offboard_control/build/px4_ros_com' returned '0': AMENT_PREFIX_PATH=/home/anmol/ws_offboard_control/install/px4_msgs:${AMENT_PREFIX_PATH} CMAKE_PREFIX_PATH=/home/anmol/ws_offboard_control/install/px4_msgs:/opt/ros/humble LD_LIBRARY_PATH=/home/anmol/ws_offboard_control/install/px4_msgs/lib:${LD_LIBRARY_PATH} PYTHONPATH=/home/anmol/ws_offboard_control/install/px4_msgs/local/lib/python3.10/dist-packages:${PYTHONPATH} /usr/bin/cmake --install /home/anmol/ws_offboard_control/build/px4_ros_com
