[0.311s] Invoking command in '/home/anmol/ws_offboard_control/build/tutorial_interfaces': CMAKE_PREFIX_PATH=${CMAKE_PREFIX_PATH}:/home/anmol/ws_offboard_control/install/manual_key_control:/opt/ros/humble /usr/bin/cmake --build /home/anmol/ws_offboard_control/build/tutorial_interfaces -- -j12 -l12
[0.452s] [  2%] Built target tutorial_interfaces__cpp
[0.458s] [ 12%] Built target tutorial_interfaces__rosidl_generator_c
[0.488s] [ 12%] Built target ament_cmake_python_copy_tutorial_interfaces
[0.534s] [ 23%] Built target tutorial_interfaces__rosidl_typesupport_c
[0.535s] [ 55%] Built target tutorial_interfaces__rosidl_typesupport_introspection_cpp
[0.536s] [ 55%] Built target tutorial_interfaces__rosidl_typesupport_cpp
[0.536s] [ 55%] Built target tutorial_interfaces__rosidl_typesupport_introspection_c
[0.539s] [ 65%] Built target tutorial_interfaces__rosidl_typesupport_fastrtps_cpp
[0.541s] [ 76%] Built target tutorial_interfaces__rosidl_typesupport_fastrtps_c
[0.601s] [ 76%] Built target tutorial_interfaces
[0.663s] [ 78%] Built target tutorial_interfaces__py
[0.729s] [ 87%] Built target tutorial_interfaces__rosidl_generator_py
[0.797s] [ 91%] Built target tutorial_interfaces__rosidl_typesupport_c__pyext
[0.798s] [ 95%] Built target tutorial_interfaces__rosidl_typesupport_fastrtps_c__pyext
[0.816s] [100%] Built target tutorial_interfaces__rosidl_typesupport_introspection_c__pyext
[1.109s] running egg_info
[1.111s] writing tutorial_interfaces.egg-info/PKG-INFO
[1.111s] writing dependency_links to tutorial_interfaces.egg-info/dependency_links.txt
[1.112s] writing top-level names to tutorial_interfaces.egg-info/top_level.txt
[1.117s] reading manifest file 'tutorial_interfaces.egg-info/SOURCES.txt'
[1.118s] writing manifest file 'tutorial_interfaces.egg-info/SOURCES.txt'
[1.183s] [100%] Built target ament_cmake_python_build_tutorial_interfaces_egg
[1.217s] Invoked command in '/home/anmol/ws_offboard_control/build/tutorial_interfaces' returned '0': CMAKE_PREFIX_PATH=${CMAKE_PREFIX_PATH}:/home/anmol/ws_offboard_control/install/manual_key_control:/opt/ros/humble /usr/bin/cmake --build /home/anmol/ws_offboard_control/build/tutorial_interfaces -- -j12 -l12
[1.597s] Invoking command in '/home/anmol/ws_offboard_control/build/tutorial_interfaces': CMAKE_PREFIX_PATH=${CMAKE_PREFIX_PATH}:/home/anmol/ws_offboard_control/install/manual_key_control:/opt/ros/humble /usr/bin/cmake --install /home/anmol/ws_offboard_control/build/tutorial_interfaces
[1.625s] -- Install configuration: ""
[1.626s] -- Up-to-date: /home/anmol/ws_offboard_control/install/tutorial_interfaces/share/ament_index/resource_index/rosidl_interfaces/tutorial_interfaces
[1.627s] -- Up-to-date: /home/anmol/ws_offboard_control/install/tutorial_interfaces/include/tutorial_interfaces/tutorial_interfaces
[1.628s] -- Up-to-date: /home/anmol/ws_offboard_control/install/tutorial_interfaces/include/tutorial_interfaces/tutorial_interfaces/msg
[1.628s] -- Up-to-date: /home/anmol/ws_offboard_control/install/tutorial_interfaces/include/tutorial_interfaces/tutorial_interfaces/msg/sphere.h
[1.629s] -- Up-to-date: /home/anmol/ws_offboard_control/install/tutorial_interfaces/include/tutorial_interfaces/tutorial_interfaces/msg/detail
[1.629s] -- Up-to-date: /home/anmol/ws_offboard_control/install/tutorial_interfaces/include/tutorial_interfaces/tutorial_interfaces/msg/detail/board__struct.h
[1.630s] -- Up-to-date: /home/anmol/ws_offboard_control/install/tutorial_interfaces/include/tutorial_interfaces/tutorial_interfaces/msg/detail/board__functions.c
[1.630s] -- Up-to-date: /home/anmol/ws_offboard_control/install/tutorial_interfaces/include/tutorial_interfaces/tutorial_interfaces/msg/detail/sphere__type_support.h
[1.631s] -- Up-to-date: /home/anmol/ws_offboard_control/install/tutorial_interfaces/include/tutorial_interfaces/tutorial_interfaces/msg/detail/sphere__functions.h
[1.631s] -- Up-to-date: /home/anmol/ws_offboard_control/install/tutorial_interfaces/include/tutorial_interfaces/tutorial_interfaces/msg/detail/sphere__struct.h
[1.632s] -- Up-to-date: /home/anmol/ws_offboard_control/install/tutorial_interfaces/include/tutorial_interfaces/tutorial_interfaces/msg/detail/board__functions.h
[1.632s] -- Up-to-date: /home/anmol/ws_offboard_control/install/tutorial_interfaces/include/tutorial_interfaces/tutorial_interfaces/msg/detail/board__type_support.h
[1.633s] -- Up-to-date: /home/anmol/ws_offboard_control/install/tutorial_interfaces/include/tutorial_interfaces/tutorial_interfaces/msg/detail/sphere__functions.c
[1.633s] -- Up-to-date: /home/anmol/ws_offboard_control/install/tutorial_interfaces/include/tutorial_interfaces/tutorial_interfaces/msg/board.h
[1.634s] -- Up-to-date: /home/anmol/ws_offboard_control/install/tutorial_interfaces/include/tutorial_interfaces/tutorial_interfaces/msg/rosidl_generator_c__visibility_control.h
[1.634s] -- Up-to-date: /home/anmol/ws_offboard_control/install/tutorial_interfaces/include/tutorial_interfaces/tutorial_interfaces/srv
[1.635s] -- Up-to-date: /home/anmol/ws_offboard_control/install/tutorial_interfaces/include/tutorial_interfaces/tutorial_interfaces/srv/detail
[1.635s] -- Up-to-date: /home/anmol/ws_offboard_control/install/tutorial_interfaces/include/tutorial_interfaces/tutorial_interfaces/srv/detail/add_three_ints__struct.h
[1.636s] -- Up-to-date: /home/anmol/ws_offboard_control/install/tutorial_interfaces/include/tutorial_interfaces/tutorial_interfaces/srv/detail/add_three_ints__functions.h
[1.636s] -- Up-to-date: /home/anmol/ws_offboard_control/install/tutorial_interfaces/include/tutorial_interfaces/tutorial_interfaces/srv/detail/add_three_ints__type_support.h
[1.636s] -- Up-to-date: /home/anmol/ws_offboard_control/install/tutorial_interfaces/include/tutorial_interfaces/tutorial_interfaces/srv/detail/add_three_ints__functions.c
[1.637s] -- Up-to-date: /home/anmol/ws_offboard_control/install/tutorial_interfaces/include/tutorial_interfaces/tutorial_interfaces/srv/add_three_ints.h
[1.637s] -- Up-to-date: /home/anmol/ws_offboard_control/install/tutorial_interfaces/share/tutorial_interfaces/environment/library_path.sh
[1.637s] -- Up-to-date: /home/anmol/ws_offboard_control/install/tutorial_interfaces/share/tutorial_interfaces/environment/library_path.dsv
[1.637s] -- Up-to-date: /home/anmol/ws_offboard_control/install/tutorial_interfaces/lib/libtutorial_interfaces__rosidl_generator_c.so
[1.638s] -- Up-to-date: /home/anmol/ws_offboard_control/install/tutorial_interfaces/include/tutorial_interfaces/tutorial_interfaces
[1.639s] -- Up-to-date: /home/anmol/ws_offboard_control/install/tutorial_interfaces/include/tutorial_interfaces/tutorial_interfaces/msg
[1.639s] -- Up-to-date: /home/anmol/ws_offboard_control/install/tutorial_interfaces/include/tutorial_interfaces/tutorial_interfaces/msg/detail
[1.639s] -- Up-to-date: /home/anmol/ws_offboard_control/install/tutorial_interfaces/include/tutorial_interfaces/tutorial_interfaces/msg/detail/board__rosidl_typesupport_fastrtps_c.h
[1.639s] -- Up-to-date: /home/anmol/ws_offboard_control/install/tutorial_interfaces/include/tutorial_interfaces/tutorial_interfaces/msg/detail/sphere__rosidl_typesupport_fastrtps_c.h
[1.640s] -- Up-to-date: /home/anmol/ws_offboard_control/install/tutorial_interfaces/include/tutorial_interfaces/tutorial_interfaces/msg/rosidl_typesupport_fastrtps_c__visibility_control.h
[1.640s] -- Up-to-date: /home/anmol/ws_offboard_control/install/tutorial_interfaces/include/tutorial_interfaces/tutorial_interfaces/srv
[1.640s] -- Up-to-date: /home/anmol/ws_offboard_control/install/tutorial_interfaces/include/tutorial_interfaces/tutorial_interfaces/srv/detail
[1.641s] -- Up-to-date: /home/anmol/ws_offboard_control/install/tutorial_interfaces/include/tutorial_interfaces/tutorial_interfaces/srv/detail/add_three_ints__rosidl_typesupport_fastrtps_c.h
[1.641s] -- Up-to-date: /home/anmol/ws_offboard_control/install/tutorial_interfaces/lib/libtutorial_interfaces__rosidl_typesupport_fastrtps_c.so
[1.642s] -- Up-to-date: /home/anmol/ws_offboard_control/install/tutorial_interfaces/include/tutorial_interfaces/tutorial_interfaces
[1.643s] -- Up-to-date: /home/anmol/ws_offboard_control/install/tutorial_interfaces/include/tutorial_interfaces/tutorial_interfaces/msg
[1.644s] -- Up-to-date: /home/anmol/ws_offboard_control/install/tutorial_interfaces/include/tutorial_interfaces/tutorial_interfaces/msg/detail
[1.644s] -- Up-to-date: /home/anmol/ws_offboard_control/install/tutorial_interfaces/include/tutorial_interfaces/tutorial_interfaces/msg/detail/sphere__traits.hpp
[1.644s] -- Up-to-date: /home/anmol/ws_offboard_control/install/tutorial_interfaces/include/tutorial_interfaces/tutorial_interfaces/msg/detail/board__builder.hpp
[1.645s] -- Up-to-date: /home/anmol/ws_offboard_control/install/tutorial_interfaces/include/tutorial_interfaces/tutorial_interfaces/msg/detail/board__traits.hpp
[1.645s] -- Up-to-date: /home/anmol/ws_offboard_control/install/tutorial_interfaces/include/tutorial_interfaces/tutorial_interfaces/msg/detail/sphere__struct.hpp
[1.645s] -- Up-to-date: /home/anmol/ws_offboard_control/install/tutorial_interfaces/include/tutorial_interfaces/tutorial_interfaces/msg/detail/sphere__builder.hpp
[1.646s] -- Up-to-date: /home/anmol/ws_offboard_control/install/tutorial_interfaces/include/tutorial_interfaces/tutorial_interfaces/msg/detail/board__struct.hpp
[1.646s] -- Up-to-date: /home/anmol/ws_offboard_control/install/tutorial_interfaces/include/tutorial_interfaces/tutorial_interfaces/msg/sphere.hpp
[1.646s] -- Up-to-date: /home/anmol/ws_offboard_control/install/tutorial_interfaces/include/tutorial_interfaces/tutorial_interfaces/msg/board.hpp
[1.647s] -- Up-to-date: /home/anmol/ws_offboard_control/install/tutorial_interfaces/include/tutorial_interfaces/tutorial_interfaces/srv
[1.648s] -- Up-to-date: /home/anmol/ws_offboard_control/install/tutorial_interfaces/include/tutorial_interfaces/tutorial_interfaces/srv/add_three_ints.hpp
[1.649s] -- Up-to-date: /home/anmol/ws_offboard_control/install/tutorial_interfaces/include/tutorial_interfaces/tutorial_interfaces/srv/detail
[1.649s] -- Up-to-date: /home/anmol/ws_offboard_control/install/tutorial_interfaces/include/tutorial_interfaces/tutorial_interfaces/srv/detail/add_three_ints__traits.hpp
[1.649s] -- Up-to-date: /home/anmol/ws_offboard_control/install/tutorial_interfaces/include/tutorial_interfaces/tutorial_interfaces/srv/detail/add_three_ints__struct.hpp
[1.649s] -- Up-to-date: /home/anmol/ws_offboard_control/install/tutorial_interfaces/include/tutorial_interfaces/tutorial_interfaces/srv/detail/add_three_ints__builder.hpp
[1.650s] -- Up-to-date: /home/anmol/ws_offboard_control/install/tutorial_interfaces/include/tutorial_interfaces/tutorial_interfaces
[1.650s] -- Up-to-date: /home/anmol/ws_offboard_control/install/tutorial_interfaces/include/tutorial_interfaces/tutorial_interfaces/msg
[1.651s] -- Up-to-date: /home/anmol/ws_offboard_control/install/tutorial_interfaces/include/tutorial_interfaces/tutorial_interfaces/msg/detail
[1.651s] -- Up-to-date: /home/anmol/ws_offboard_control/install/tutorial_interfaces/include/tutorial_interfaces/tutorial_interfaces/msg/detail/dds_fastrtps
[1.652s] -- Up-to-date: /home/anmol/ws_offboard_control/install/tutorial_interfaces/include/tutorial_interfaces/tutorial_interfaces/msg/detail/sphere__rosidl_typesupport_fastrtps_cpp.hpp
[1.652s] -- Up-to-date: /home/anmol/ws_offboard_control/install/tutorial_interfaces/include/tutorial_interfaces/tutorial_interfaces/msg/detail/board__rosidl_typesupport_fastrtps_cpp.hpp
[1.653s] -- Up-to-date: /home/anmol/ws_offboard_control/install/tutorial_interfaces/include/tutorial_interfaces/tutorial_interfaces/msg/rosidl_typesupport_fastrtps_cpp__visibility_control.h
[1.653s] -- Up-to-date: /home/anmol/ws_offboard_control/install/tutorial_interfaces/include/tutorial_interfaces/tutorial_interfaces/srv
[1.654s] -- Up-to-date: /home/anmol/ws_offboard_control/install/tutorial_interfaces/include/tutorial_interfaces/tutorial_interfaces/srv/detail
[1.654s] -- Up-to-date: /home/anmol/ws_offboard_control/install/tutorial_interfaces/include/tutorial_interfaces/tutorial_interfaces/srv/detail/dds_fastrtps
[1.654s] -- Up-to-date: /home/anmol/ws_offboard_control/install/tutorial_interfaces/include/tutorial_interfaces/tutorial_interfaces/srv/detail/add_three_ints__rosidl_typesupport_fastrtps_cpp.hpp
[1.655s] -- Up-to-date: /home/anmol/ws_offboard_control/install/tutorial_interfaces/lib/libtutorial_interfaces__rosidl_typesupport_fastrtps_cpp.so
[1.655s] -- Up-to-date: /home/anmol/ws_offboard_control/install/tutorial_interfaces/include/tutorial_interfaces/tutorial_interfaces
[1.655s] -- Up-to-date: /home/anmol/ws_offboard_control/install/tutorial_interfaces/include/tutorial_interfaces/tutorial_interfaces/msg
[1.656s] -- Up-to-date: /home/anmol/ws_offboard_control/install/tutorial_interfaces/include/tutorial_interfaces/tutorial_interfaces/msg/detail
[1.656s] -- Up-to-date: /home/anmol/ws_offboard_control/install/tutorial_interfaces/include/tutorial_interfaces/tutorial_interfaces/msg/detail/sphere__type_support.c
[1.656s] -- Up-to-date: /home/anmol/ws_offboard_control/install/tutorial_interfaces/include/tutorial_interfaces/tutorial_interfaces/msg/detail/sphere__rosidl_typesupport_introspection_c.h
[1.657s] -- Up-to-date: /home/anmol/ws_offboard_control/install/tutorial_interfaces/include/tutorial_interfaces/tutorial_interfaces/msg/detail/board__rosidl_typesupport_introspection_c.h
[1.658s] -- Up-to-date: /home/anmol/ws_offboard_control/install/tutorial_interfaces/include/tutorial_interfaces/tutorial_interfaces/msg/detail/board__type_support.c
[1.658s] -- Up-to-date: /home/anmol/ws_offboard_control/install/tutorial_interfaces/include/tutorial_interfaces/tutorial_interfaces/msg/rosidl_typesupport_introspection_c__visibility_control.h
[1.659s] -- Up-to-date: /home/anmol/ws_offboard_control/install/tutorial_interfaces/include/tutorial_interfaces/tutorial_interfaces/srv
[1.659s] -- Up-to-date: /home/anmol/ws_offboard_control/install/tutorial_interfaces/include/tutorial_interfaces/tutorial_interfaces/srv/detail
[1.659s] -- Up-to-date: /home/anmol/ws_offboard_control/install/tutorial_interfaces/include/tutorial_interfaces/tutorial_interfaces/srv/detail/add_three_ints__rosidl_typesupport_introspection_c.h
[1.659s] -- Up-to-date: /home/anmol/ws_offboard_control/install/tutorial_interfaces/include/tutorial_interfaces/tutorial_interfaces/srv/detail/add_three_ints__type_support.c
[1.660s] -- Up-to-date: /home/anmol/ws_offboard_control/install/tutorial_interfaces/lib/libtutorial_interfaces__rosidl_typesupport_introspection_c.so
[1.660s] -- Up-to-date: /home/anmol/ws_offboard_control/install/tutorial_interfaces/lib/libtutorial_interfaces__rosidl_typesupport_c.so
[1.660s] -- Up-to-date: /home/anmol/ws_offboard_control/install/tutorial_interfaces/include/tutorial_interfaces/tutorial_interfaces
[1.660s] -- Up-to-date: /home/anmol/ws_offboard_control/install/tutorial_interfaces/include/tutorial_interfaces/tutorial_interfaces/msg
[1.661s] -- Up-to-date: /home/anmol/ws_offboard_control/install/tutorial_interfaces/include/tutorial_interfaces/tutorial_interfaces/msg/detail
[1.661s] -- Up-to-date: /home/anmol/ws_offboard_control/install/tutorial_interfaces/include/tutorial_interfaces/tutorial_interfaces/msg/detail/board__type_support.cpp
[1.661s] -- Up-to-date: /home/anmol/ws_offboard_control/install/tutorial_interfaces/include/tutorial_interfaces/tutorial_interfaces/msg/detail/sphere__rosidl_typesupport_introspection_cpp.hpp
[1.661s] -- Up-to-date: /home/anmol/ws_offboard_control/install/tutorial_interfaces/include/tutorial_interfaces/tutorial_interfaces/msg/detail/sphere__type_support.cpp
[1.662s] -- Up-to-date: /home/anmol/ws_offboard_control/install/tutorial_interfaces/include/tutorial_interfaces/tutorial_interfaces/msg/detail/board__rosidl_typesupport_introspection_cpp.hpp
[1.662s] -- Up-to-date: /home/anmol/ws_offboard_control/install/tutorial_interfaces/include/tutorial_interfaces/tutorial_interfaces/srv
[1.664s] -- Up-to-date: /home/anmol/ws_offboard_control/install/tutorial_interfaces/include/tutorial_interfaces/tutorial_interfaces/srv/detail
[1.664s] -- Up-to-date: /home/anmol/ws_offboard_control/install/tutorial_interfaces/include/tutorial_interfaces/tutorial_interfaces/srv/detail/add_three_ints__type_support.cpp
[1.664s] -- Up-to-date: /home/anmol/ws_offboard_control/install/tutorial_interfaces/include/tutorial_interfaces/tutorial_interfaces/srv/detail/add_three_ints__rosidl_typesupport_introspection_cpp.hpp
[1.665s] -- Up-to-date: /home/anmol/ws_offboard_control/install/tutorial_interfaces/lib/libtutorial_interfaces__rosidl_typesupport_introspection_cpp.so
[1.665s] -- Up-to-date: /home/anmol/ws_offboard_control/install/tutorial_interfaces/lib/libtutorial_interfaces__rosidl_typesupport_cpp.so
[1.665s] -- Up-to-date: /home/anmol/ws_offboard_control/install/tutorial_interfaces/share/tutorial_interfaces/environment/pythonpath.sh
[1.665s] -- Up-to-date: /home/anmol/ws_offboard_control/install/tutorial_interfaces/share/tutorial_interfaces/environment/pythonpath.dsv
[1.666s] -- Up-to-date: /home/anmol/ws_offboard_control/install/tutorial_interfaces/local/lib/python3.10/dist-packages/tutorial_interfaces-0.0.0-py3.10.egg-info
[1.666s] -- Installing: /home/anmol/ws_offboard_control/install/tutorial_interfaces/local/lib/python3.10/dist-packages/tutorial_interfaces-0.0.0-py3.10.egg-info/dependency_links.txt
[1.666s] -- Installing: /home/anmol/ws_offboard_control/install/tutorial_interfaces/local/lib/python3.10/dist-packages/tutorial_interfaces-0.0.0-py3.10.egg-info/SOURCES.txt
[1.666s] -- Installing: /home/anmol/ws_offboard_control/install/tutorial_interfaces/local/lib/python3.10/dist-packages/tutorial_interfaces-0.0.0-py3.10.egg-info/PKG-INFO
[1.667s] -- Installing: /home/anmol/ws_offboard_control/install/tutorial_interfaces/local/lib/python3.10/dist-packages/tutorial_interfaces-0.0.0-py3.10.egg-info/top_level.txt
[1.667s] -- Up-to-date: /home/anmol/ws_offboard_control/install/tutorial_interfaces/local/lib/python3.10/dist-packages/tutorial_interfaces
[1.667s] -- Up-to-date: /home/anmol/ws_offboard_control/install/tutorial_interfaces/local/lib/python3.10/dist-packages/tutorial_interfaces/tutorial_interfaces_s__rosidl_typesupport_fastrtps_c.cpython-310-x86_64-linux-gnu.so
[1.667s] -- Up-to-date: /home/anmol/ws_offboard_control/install/tutorial_interfaces/local/lib/python3.10/dist-packages/tutorial_interfaces/tutorial_interfaces_s__rosidl_typesupport_introspection_c.cpython-310-x86_64-linux-gnu.so
[1.668s] -- Up-to-date: /home/anmol/ws_offboard_control/install/tutorial_interfaces/local/lib/python3.10/dist-packages/tutorial_interfaces/_tutorial_interfaces_s.ep.rosidl_typesupport_fastrtps_c.c
[1.668s] -- Up-to-date: /home/anmol/ws_offboard_control/install/tutorial_interfaces/local/lib/python3.10/dist-packages/tutorial_interfaces/__init__.py
[1.668s] -- Up-to-date: /home/anmol/ws_offboard_control/install/tutorial_interfaces/local/lib/python3.10/dist-packages/tutorial_interfaces/_tutorial_interfaces_s.ep.rosidl_typesupport_introspection_c.c
[1.668s] -- Up-to-date: /home/anmol/ws_offboard_control/install/tutorial_interfaces/local/lib/python3.10/dist-packages/tutorial_interfaces/libtutorial_interfaces__rosidl_generator_py.so
[1.669s] -- Up-to-date: /home/anmol/ws_offboard_control/install/tutorial_interfaces/local/lib/python3.10/dist-packages/tutorial_interfaces/msg
[1.669s] -- Up-to-date: /home/anmol/ws_offboard_control/install/tutorial_interfaces/local/lib/python3.10/dist-packages/tutorial_interfaces/msg/__init__.py
[1.669s] -- Up-to-date: /home/anmol/ws_offboard_control/install/tutorial_interfaces/local/lib/python3.10/dist-packages/tutorial_interfaces/msg/_board.py
[1.669s] -- Up-to-date: /home/anmol/ws_offboard_control/install/tutorial_interfaces/local/lib/python3.10/dist-packages/tutorial_interfaces/msg/_sphere_s.c
[1.670s] -- Up-to-date: /home/anmol/ws_offboard_control/install/tutorial_interfaces/local/lib/python3.10/dist-packages/tutorial_interfaces/msg/_sphere.py
[1.670s] -- Up-to-date: /home/anmol/ws_offboard_control/install/tutorial_interfaces/local/lib/python3.10/dist-packages/tutorial_interfaces/msg/_board_s.c
[1.670s] -- Up-to-date: /home/anmol/ws_offboard_control/install/tutorial_interfaces/local/lib/python3.10/dist-packages/tutorial_interfaces/_tutorial_interfaces_s.ep.rosidl_typesupport_c.c
[1.670s] -- Up-to-date: /home/anmol/ws_offboard_control/install/tutorial_interfaces/local/lib/python3.10/dist-packages/tutorial_interfaces/srv
[1.671s] -- Up-to-date: /home/anmol/ws_offboard_control/install/tutorial_interfaces/local/lib/python3.10/dist-packages/tutorial_interfaces/srv/__init__.py
[1.671s] -- Up-to-date: /home/anmol/ws_offboard_control/install/tutorial_interfaces/local/lib/python3.10/dist-packages/tutorial_interfaces/srv/_add_three_ints_s.c
[1.671s] -- Up-to-date: /home/anmol/ws_offboard_control/install/tutorial_interfaces/local/lib/python3.10/dist-packages/tutorial_interfaces/srv/_add_three_ints.py
[1.671s] -- Up-to-date: /home/anmol/ws_offboard_control/install/tutorial_interfaces/local/lib/python3.10/dist-packages/tutorial_interfaces/tutorial_interfaces_s__rosidl_typesupport_c.cpython-310-x86_64-linux-gnu.so
[1.764s] Listing '/home/anmol/ws_offboard_control/install/tutorial_interfaces/local/lib/python3.10/dist-packages/tutorial_interfaces'...
[1.764s] Listing '/home/anmol/ws_offboard_control/install/tutorial_interfaces/local/lib/python3.10/dist-packages/tutorial_interfaces/msg'...
[1.764s] Listing '/home/anmol/ws_offboard_control/install/tutorial_interfaces/local/lib/python3.10/dist-packages/tutorial_interfaces/srv'...
[1.778s] -- Up-to-date: /home/anmol/ws_offboard_control/install/tutorial_interfaces/local/lib/python3.10/dist-packages/tutorial_interfaces/tutorial_interfaces_s__rosidl_typesupport_fastrtps_c.cpython-310-x86_64-linux-gnu.so
[1.780s] -- Up-to-date: /home/anmol/ws_offboard_control/install/tutorial_interfaces/local/lib/python3.10/dist-packages/tutorial_interfaces/tutorial_interfaces_s__rosidl_typesupport_introspection_c.cpython-310-x86_64-linux-gnu.so
[1.781s] -- Up-to-date: /home/anmol/ws_offboard_control/install/tutorial_interfaces/local/lib/python3.10/dist-packages/tutorial_interfaces/tutorial_interfaces_s__rosidl_typesupport_c.cpython-310-x86_64-linux-gnu.so
[1.782s] -- Up-to-date: /home/anmol/ws_offboard_control/install/tutorial_interfaces/lib/libtutorial_interfaces__rosidl_generator_py.so
[1.783s] -- Up-to-date: /home/anmol/ws_offboard_control/install/tutorial_interfaces/share/tutorial_interfaces/msg/Board.idl
[1.784s] -- Up-to-date: /home/anmol/ws_offboard_control/install/tutorial_interfaces/share/tutorial_interfaces/msg/Sphere.idl
[1.785s] -- Up-to-date: /home/anmol/ws_offboard_control/install/tutorial_interfaces/share/tutorial_interfaces/srv/AddThreeInts.idl
[1.785s] -- Up-to-date: /home/anmol/ws_offboard_control/install/tutorial_interfaces/share/tutorial_interfaces/msg/Board.msg
[1.786s] -- Up-to-date: /home/anmol/ws_offboard_control/install/tutorial_interfaces/share/tutorial_interfaces/msg/Sphere.msg
[1.787s] -- Up-to-date: /home/anmol/ws_offboard_control/install/tutorial_interfaces/share/tutorial_interfaces/srv/AddThreeInts.srv
[1.787s] -- Up-to-date: /home/anmol/ws_offboard_control/install/tutorial_interfaces/share/tutorial_interfaces/srv/AddThreeInts_Request.msg
[1.788s] -- Up-to-date: /home/anmol/ws_offboard_control/install/tutorial_interfaces/share/tutorial_interfaces/srv/AddThreeInts_Response.msg
[1.789s] -- Up-to-date: /home/anmol/ws_offboard_control/install/tutorial_interfaces/share/ament_index/resource_index/package_run_dependencies/tutorial_interfaces
[1.789s] -- Up-to-date: /home/anmol/ws_offboard_control/install/tutorial_interfaces/share/ament_index/resource_index/parent_prefix_path/tutorial_interfaces
[1.790s] -- Up-to-date: /home/anmol/ws_offboard_control/install/tutorial_interfaces/share/tutorial_interfaces/environment/ament_prefix_path.sh
[1.791s] -- Up-to-date: /home/anmol/ws_offboard_control/install/tutorial_interfaces/share/tutorial_interfaces/environment/ament_prefix_path.dsv
[1.791s] -- Up-to-date: /home/anmol/ws_offboard_control/install/tutorial_interfaces/share/tutorial_interfaces/environment/path.sh
[1.792s] -- Up-to-date: /home/anmol/ws_offboard_control/install/tutorial_interfaces/share/tutorial_interfaces/environment/path.dsv
[1.792s] -- Up-to-date: /home/anmol/ws_offboard_control/install/tutorial_interfaces/share/tutorial_interfaces/local_setup.bash
[1.793s] -- Up-to-date: /home/anmol/ws_offboard_control/install/tutorial_interfaces/share/tutorial_interfaces/local_setup.sh
[1.794s] -- Up-to-date: /home/anmol/ws_offboard_control/install/tutorial_interfaces/share/tutorial_interfaces/local_setup.zsh
[1.794s] -- Up-to-date: /home/anmol/ws_offboard_control/install/tutorial_interfaces/share/tutorial_interfaces/local_setup.dsv
[1.795s] -- Installing: /home/anmol/ws_offboard_control/install/tutorial_interfaces/share/tutorial_interfaces/package.dsv
[1.796s] -- Up-to-date: /home/anmol/ws_offboard_control/install/tutorial_interfaces/share/ament_index/resource_index/packages/tutorial_interfaces
[1.797s] -- Up-to-date: /home/anmol/ws_offboard_control/install/tutorial_interfaces/share/tutorial_interfaces/cmake/export_tutorial_interfaces__rosidl_generator_cExport.cmake
[1.798s] -- Up-to-date: /home/anmol/ws_offboard_control/install/tutorial_interfaces/share/tutorial_interfaces/cmake/export_tutorial_interfaces__rosidl_generator_cExport-noconfig.cmake
[1.799s] -- Up-to-date: /home/anmol/ws_offboard_control/install/tutorial_interfaces/share/tutorial_interfaces/cmake/export_tutorial_interfaces__rosidl_typesupport_fastrtps_cExport.cmake
[1.800s] -- Up-to-date: /home/anmol/ws_offboard_control/install/tutorial_interfaces/share/tutorial_interfaces/cmake/export_tutorial_interfaces__rosidl_typesupport_fastrtps_cExport-noconfig.cmake
[1.800s] -- Up-to-date: /home/anmol/ws_offboard_control/install/tutorial_interfaces/share/tutorial_interfaces/cmake/export_tutorial_interfaces__rosidl_generator_cppExport.cmake
[1.800s] -- Up-to-date: /home/anmol/ws_offboard_control/install/tutorial_interfaces/share/tutorial_interfaces/cmake/export_tutorial_interfaces__rosidl_typesupport_fastrtps_cppExport.cmake
[1.801s] -- Up-to-date: /home/anmol/ws_offboard_control/install/tutorial_interfaces/share/tutorial_interfaces/cmake/export_tutorial_interfaces__rosidl_typesupport_fastrtps_cppExport-noconfig.cmake
[1.801s] -- Up-to-date: /home/anmol/ws_offboard_control/install/tutorial_interfaces/share/tutorial_interfaces/cmake/tutorial_interfaces__rosidl_typesupport_introspection_cExport.cmake
[1.802s] -- Up-to-date: /home/anmol/ws_offboard_control/install/tutorial_interfaces/share/tutorial_interfaces/cmake/tutorial_interfaces__rosidl_typesupport_introspection_cExport-noconfig.cmake
[1.802s] -- Up-to-date: /home/anmol/ws_offboard_control/install/tutorial_interfaces/share/tutorial_interfaces/cmake/tutorial_interfaces__rosidl_typesupport_cExport.cmake
[1.803s] -- Up-to-date: /home/anmol/ws_offboard_control/install/tutorial_interfaces/share/tutorial_interfaces/cmake/tutorial_interfaces__rosidl_typesupport_cExport-noconfig.cmake
[1.803s] -- Up-to-date: /home/anmol/ws_offboard_control/install/tutorial_interfaces/share/tutorial_interfaces/cmake/tutorial_interfaces__rosidl_typesupport_introspection_cppExport.cmake
[1.803s] -- Up-to-date: /home/anmol/ws_offboard_control/install/tutorial_interfaces/share/tutorial_interfaces/cmake/tutorial_interfaces__rosidl_typesupport_introspection_cppExport-noconfig.cmake
[1.804s] -- Up-to-date: /home/anmol/ws_offboard_control/install/tutorial_interfaces/share/tutorial_interfaces/cmake/tutorial_interfaces__rosidl_typesupport_cppExport.cmake
[1.804s] -- Up-to-date: /home/anmol/ws_offboard_control/install/tutorial_interfaces/share/tutorial_interfaces/cmake/tutorial_interfaces__rosidl_typesupport_cppExport-noconfig.cmake
[1.805s] -- Up-to-date: /home/anmol/ws_offboard_control/install/tutorial_interfaces/share/tutorial_interfaces/cmake/export_tutorial_interfaces__rosidl_generator_pyExport.cmake
[1.805s] -- Up-to-date: /home/anmol/ws_offboard_control/install/tutorial_interfaces/share/tutorial_interfaces/cmake/export_tutorial_interfaces__rosidl_generator_pyExport-noconfig.cmake
[1.805s] -- Up-to-date: /home/anmol/ws_offboard_control/install/tutorial_interfaces/share/tutorial_interfaces/cmake/rosidl_cmake-extras.cmake
[1.806s] -- Up-to-date: /home/anmol/ws_offboard_control/install/tutorial_interfaces/share/tutorial_interfaces/cmake/ament_cmake_export_dependencies-extras.cmake
[1.806s] -- Up-to-date: /home/anmol/ws_offboard_control/install/tutorial_interfaces/share/tutorial_interfaces/cmake/ament_cmake_export_include_directories-extras.cmake
[1.806s] -- Up-to-date: /home/anmol/ws_offboard_control/install/tutorial_interfaces/share/tutorial_interfaces/cmake/ament_cmake_export_libraries-extras.cmake
[1.806s] -- Up-to-date: /home/anmol/ws_offboard_control/install/tutorial_interfaces/share/tutorial_interfaces/cmake/ament_cmake_export_targets-extras.cmake
[1.807s] -- Up-to-date: /home/anmol/ws_offboard_control/install/tutorial_interfaces/share/tutorial_interfaces/cmake/rosidl_cmake_export_typesupport_targets-extras.cmake
[1.807s] -- Up-to-date: /home/anmol/ws_offboard_control/install/tutorial_interfaces/share/tutorial_interfaces/cmake/rosidl_cmake_export_typesupport_libraries-extras.cmake
[1.807s] -- Up-to-date: /home/anmol/ws_offboard_control/install/tutorial_interfaces/share/tutorial_interfaces/cmake/tutorial_interfacesConfig.cmake
[1.807s] -- Up-to-date: /home/anmol/ws_offboard_control/install/tutorial_interfaces/share/tutorial_interfaces/cmake/tutorial_interfacesConfig-version.cmake
[1.807s] -- Up-to-date: /home/anmol/ws_offboard_control/install/tutorial_interfaces/share/tutorial_interfaces/package.xml
[1.812s] Invoked command in '/home/anmol/ws_offboard_control/build/tutorial_interfaces' returned '0': CMAKE_PREFIX_PATH=${CMAKE_PREFIX_PATH}:/home/anmol/ws_offboard_control/install/manual_key_control:/opt/ros/humble /usr/bin/cmake --install /home/anmol/ws_offboard_control/build/tutorial_interfaces
