[1.666s] Invoking command in '/home/anmol/ws_offboard_control/src/manual_key_control': PYTHONPATH=/home/anmol/ws_offboard_control/build/manual_key_control/prefix_override:/home/anmol/ws_offboard_control/install/manual_key_control/lib/python3.10/site-packages:${PYTHONPATH} /usr/bin/python3 setup.py egg_info --egg-base ../../build/manual_key_control build --build-base /home/anmol/ws_offboard_control/build/manual_key_control/build install --record /home/anmol/ws_offboard_control/build/manual_key_control/install.log --single-version-externally-managed
[2.202s] running egg_info
[2.204s] writing ../../build/manual_key_control/manual_key_control.egg-info/PKG-INFO
[2.205s] writing dependency_links to ../../build/manual_key_control/manual_key_control.egg-info/dependency_links.txt
[2.205s] writing entry points to ../../build/manual_key_control/manual_key_control.egg-info/entry_points.txt
[2.205s] writing requirements to ../../build/manual_key_control/manual_key_control.egg-info/requires.txt
[2.205s] writing top-level names to ../../build/manual_key_control/manual_key_control.egg-info/top_level.txt
[2.209s] reading manifest file '../../build/manual_key_control/manual_key_control.egg-info/SOURCES.txt'
[2.211s] writing manifest file '../../build/manual_key_control/manual_key_control.egg-info/SOURCES.txt'
[2.211s] running build
[2.211s] running build_py
[2.212s] copying manual_key_control/key_pub.py -> /home/anmol/ws_offboard_control/build/manual_key_control/build/lib/manual_key_control
[2.212s] copying manual_key_control/key_sub.py -> /home/anmol/ws_offboard_control/build/manual_key_control/build/lib/manual_key_control
[2.213s] running install
[2.213s] /usr/lib/python3/dist-packages/setuptools/command/install.py:34: SetuptoolsDeprecationWarning: setup.py install is deprecated. Use build and pip and other standards-based tools.
[2.213s]   warnings.warn(
[2.213s] running install_lib
[2.215s] copying /home/anmol/ws_offboard_control/build/manual_key_control/build/lib/manual_key_control/key_pub.py -> /home/anmol/ws_offboard_control/install/manual_key_control/lib/python3.10/site-packages/manual_key_control
[2.215s] copying /home/anmol/ws_offboard_control/build/manual_key_control/build/lib/manual_key_control/key_sub.py -> /home/anmol/ws_offboard_control/install/manual_key_control/lib/python3.10/site-packages/manual_key_control
[2.217s] byte-compiling /home/anmol/ws_offboard_control/install/manual_key_control/lib/python3.10/site-packages/manual_key_control/key_pub.py to key_pub.cpython-310.pyc
[2.220s] byte-compiling /home/anmol/ws_offboard_control/install/manual_key_control/lib/python3.10/site-packages/manual_key_control/key_sub.py to key_sub.cpython-310.pyc
[2.221s] Sorry: IndentationError: expected an indented block after function definition on line 41 (key_sub.py, line 56)
[2.221s] running install_data
[2.222s] running install_egg_info
[2.225s] removing '/home/anmol/ws_offboard_control/install/manual_key_control/lib/python3.10/site-packages/manual_key_control-0.0.0-py3.10.egg-info' (and everything under it)
[2.226s] Copying ../../build/manual_key_control/manual_key_control.egg-info to /home/anmol/ws_offboard_control/install/manual_key_control/lib/python3.10/site-packages/manual_key_control-0.0.0-py3.10.egg-info
[2.228s] running install_scripts
[2.274s] Installing arm script to /home/anmol/ws_offboard_control/install/manual_key_control/lib/manual_key_control
[2.274s] Installing key_pub script to /home/anmol/ws_offboard_control/install/manual_key_control/lib/manual_key_control
[2.274s] writing list of installed files to '/home/anmol/ws_offboard_control/build/manual_key_control/install.log'
[2.325s] Invoked command in '/home/anmol/ws_offboard_control/src/manual_key_control' returned '0': PYTHONPATH=/home/anmol/ws_offboard_control/build/manual_key_control/prefix_override:/home/anmol/ws_offboard_control/install/manual_key_control/lib/python3.10/site-packages:${PYTHONPATH} /usr/bin/python3 setup.py egg_info --egg-base ../../build/manual_key_control build --build-base /home/anmol/ws_offboard_control/build/manual_key_control/build install --record /home/anmol/ws_offboard_control/build/manual_key_control/install.log --single-version-externally-managed
