[0.048s] Invoking command in '/home/anmol/ws_offboard_control/build/px4_ros_com': AMENT_PREFIX_PATH=/home/anmol/ws_offboard_control/install/px4_msgs:${AMENT_PREFIX_PATH} CMAKE_PREFIX_PATH=/home/anmol/ws_offboard_control/install/px4_msgs:/opt/ros/humble LD_LIBRARY_PATH=/home/anmol/ws_offboard_control/install/px4_msgs/lib:${LD_LIBRARY_PATH} PYTHONPATH=/home/anmol/ws_offboard_control/install/px4_msgs/local/lib/python3.10/dist-packages:${PYTHONPATH} /usr/bin/cmake --build /home/anmol/ws_offboard_control/build/px4_ros_com -- -j12 -l12
[0.074s] -- Found ament_cmake: 1.3.6 (/opt/ros/humble/share/ament_cmake/cmake)
[0.200s] -- Found builtin_interfaces: 1.2.1 (/opt/ros/humble/share/builtin_interfaces/cmake)
[0.223s] -- Found rosidl_generator_c: 3.1.5 (/opt/ros/humble/share/rosidl_generator_c/cmake)
[0.225s] -- Found rosidl_adapter: 3.1.5 (/opt/ros/humble/share/rosidl_adapter/cmake)
[0.230s] -- Found rosidl_generator_cpp: 3.1.5 (/opt/ros/humble/share/rosidl_generator_cpp/cmake)
[0.240s] -- Using all available rosidl_typesupport_c: rosidl_typesupport_fastrtps_c;rosidl_typesupport_introspection_c
[0.254s] -- Using all available rosidl_typesupport_cpp: rosidl_typesupport_fastrtps_cpp;rosidl_typesupport_introspection_cpp
[0.266s] -- Found eigen3_cmake_module: 0.1.1 (/opt/ros/humble/share/eigen3_cmake_module/cmake)
[0.267s] -- Found geometry_msgs: 4.2.3 (/opt/ros/humble/share/geometry_msgs/cmake)
[0.353s] -- Found px4_msgs: 2.0.1 (/home/anmol/ws_offboard_control/install/px4_msgs/share/px4_msgs/cmake)
[0.382s] -- Found rclcpp: 16.0.7 (/opt/ros/humble/share/rclcpp/cmake)
[0.425s] -- Found rmw_implementation_cmake: 6.1.1 (/opt/ros/humble/share/rmw_implementation_cmake/cmake)
[0.426s] -- Found rmw_fastrtps_cpp: 6.2.5 (/opt/ros/humble/share/rmw_fastrtps_cpp/cmake)
[0.559s] -- Using RMW implementation 'rmw_fastrtps_cpp' as default
[0.673s] -- Found sensor_msgs: 4.2.3 (/opt/ros/humble/share/sensor_msgs/cmake)
[0.763s] -- Found ament_lint_auto: 0.12.9 (/opt/ros/humble/share/ament_lint_auto/cmake)
[0.828s] -- Added test 'copyright' to check source files copyright and LICENSE
[0.834s] -- Added test 'cppcheck' to perform static code analysis on C / C++ code
[0.834s] -- Configured cppcheck include dirs: /home/anmol/ws_offboard_control/src/px4_ros_com/include;$<BUILD_INTERFACE:/home/anmol/ws_offboard_control/src/px4_ros_com/include/px4_ros_com>
[0.834s] -- Configured cppcheck exclude dirs and/or files: 
[0.840s] -- Added test 'cpplint' to check C / C++ code against the Google style
[0.840s] -- Configured cpplint exclude dirs and/or files: 
[0.841s] -- Added test 'flake8' to check Python code syntax and style conventions
[0.842s] -- Added test 'lint_cmake' to check CMake code style
[0.843s] -- Added test 'pep257' to check Python code against some of the docstring style conventions in PEP 257
[0.849s] -- Added test 'uncrustify' to check C / C++ code style
[0.849s] -- Configured uncrustify additional arguments: 
[0.850s] -- Added test 'xmllint' to check XML markup files
[0.852s] -- Configuring done
[0.878s] -- Generating done
[0.880s] -- Build files have been written to: /home/anmol/ws_offboard_control/build/px4_ros_com
[0.909s] [35m[1mConsolidate compiler generated dependencies of target frame_transforms[0m
[0.910s] [35m[1mConsolidate compiler generated dependencies of target sensor_combined_listener[0m
[0.910s] [35m[1mConsolidate compiler generated dependencies of target vehicle_gps_position_listener[0m
[0.910s] [35m[1mConsolidate compiler generated dependencies of target offboard_control[0m
[0.910s] [35m[1mConsolidate compiler generated dependencies of target debug_vect_advertiser[0m
[0.931s] [ 20%] Built target frame_transforms
[0.936s] [ 80%] Built target vehicle_gps_position_listener
[0.936s] [ 80%] [32mBuilding CXX object CMakeFiles/offboard_control.dir/src/examples/offboard/offboard_control.cpp.o[0m
[0.936s] [ 80%] Built target debug_vect_advertiser
[0.936s] [ 90%] Built target sensor_combined_listener
[3.052s] [01m[K/home/anmol/ws_offboard_control/src/px4_ros_com/src/examples/offboard/offboard_control.cpp:100:17:[m[K [01;31m[Kerror: [m[K‘[01m[KSubscriber[m[K’ in namespace ‘[01m[Krclcpp[m[K’ does not name a template type
[3.053s]   100 |         rclcpp::[01;31m[KSubscriber[m[K<VehicleStatus>::SharedPtr vehicle_status_subsciber;
[3.053s]       |                 [01;31m[K^~~~~~~~~~[m[K
[3.076s] [01m[K/home/anmol/ws_offboard_control/src/px4_ros_com/src/examples/offboard/offboard_control.cpp:[m[K In constructor ‘[01m[KOffboardControl::OffboardControl()[m[K’:
[3.076s] [01m[K/home/anmol/ws_offboard_control/src/px4_ros_com/src/examples/offboard/offboard_control.cpp:66:17:[m[K [01;31m[Kerror: [m[K‘[01m[Kvehiicle_status_subsciber[m[K’ was not declared in this scope
[3.077s]    66 |                 [01;31m[Kvehiicle_status_subsciber[m[K=this->create_subscriber<VehicleStatus>("fmu/out/vehicle_status",10 );
[3.077s]       |                 [01;31m[K^~~~~~~~~~~~~~~~~~~~~~~~~[m[K
[3.077s] [01m[K/home/anmol/ws_offboard_control/src/px4_ros_com/src/examples/offboard/offboard_control.cpp:66:49:[m[K [01;31m[Kerror: [m[K‘[01m[Kclass OffboardControl[m[K’ has no member named ‘[01m[Kcreate_subscriber[m[K’; did you mean ‘[01m[Kcreate_subscription[m[K’?
[3.077s]    66 |                 vehiicle_status_subsciber=this->[01;31m[Kcreate_subscriber[m[K<VehicleStatus>("fmu/out/vehicle_status",10 );
[3.077s]       |                                                 [01;31m[K^~~~~~~~~~~~~~~~~[m[K
[3.077s]       |                                                 [32m[Kcreate_subscription[m[K
[3.077s] [01m[K/home/anmol/ws_offboard_control/src/px4_ros_com/src/examples/offboard/offboard_control.cpp:66:80:[m[K [01;31m[Kerror: [m[Kexpected primary-expression before ‘[01m[K>[m[K’ token
[3.077s]    66 |                 vehiicle_status_subsciber=this->create_subscriber<VehicleStatus[01;31m[K>[m[K("fmu/out/vehicle_status",10 );
[3.077s]       |                                                                                [01;31m[K^[m[K
[3.077s] [01m[K/home/anmol/ws_offboard_control/src/px4_ros_com/src/examples/offboard/offboard_control.cpp:66:82:[m[K [01;35m[Kwarning: [m[Kleft operand of comma operator has no effect [[01;35m[K]8;;https://gcc.gnu.org/onlinedocs/gcc/Warning-Options.html#index-Wunused-value-Wunused-value]8;;[m[K]
[3.077s]    66 |                 vehiicle_status_subsciber=this->create_subscriber<VehicleStatus>([01;35m[K"fmu/out/vehicle_status"[m[K,10 );
[3.077s]       |                                                                                  [01;35m[K^~~~~~~~~~~~~~~~~~~~~~~~[m[K
[3.083s] [01m[K/home/anmol/ws_offboard_control/src/px4_ros_com/src/examples/offboard/offboard_control.cpp:[m[K At global scope:
[3.083s] [01m[K/home/anmol/ws_offboard_control/src/px4_ros_com/src/examples/offboard/offboard_control.cpp:122:6:[m[K [01;31m[Kerror: [m[Kno declaration matches ‘[01m[Kvoid OffboardControl::get_status()[m[K’
[3.083s]   122 | void [01;31m[KOffboardControl[m[K::get_status()
[3.083s]       |      [01;31m[K^~~~~~~~~~~~~~~[m[K
[3.083s] [01m[K/home/anmol/ws_offboard_control/src/px4_ros_com/src/examples/offboard/offboard_control.cpp:122:6:[m[K [01;36m[Knote: [m[Kno functions named ‘[01m[Kvoid OffboardControl::get_status()[m[K’
[3.084s] [01m[K/home/anmol/ws_offboard_control/src/px4_ros_com/src/examples/offboard/offboard_control.cpp:56:7:[m[K [01;36m[Knote: [m[K‘[01m[Kclass OffboardControl[m[K’ defined here
[3.084s]    56 | class [01;36m[KOffboardControl[m[K : public rclcpp::Node
[3.084s]       |       [01;36m[K^~~~~~~~~~~~~~~[m[K
[3.084s] [01m[K/home/anmol/ws_offboard_control/src/px4_ros_com/src/examples/offboard/offboard_control.cpp:[m[K In member function ‘[01m[Kvoid OffboardControl::publish_trajectory_setpoint()[m[K’:
[3.084s] [01m[K/home/anmol/ws_offboard_control/src/px4_ros_com/src/examples/offboard/offboard_control.cpp:166:21:[m[K [01;31m[Kerror: [m[Kexpected unqualified-id before ‘[01m[K)[m[K’ token
[3.084s]   166 |         while(this->[01;31m[K)[m[K
[3.084s]       |                     [01;31m[K^[m[K
[4.020s] gmake[2]: *** [CMakeFiles/offboard_control.dir/build.make:76: CMakeFiles/offboard_control.dir/src/examples/offboard/offboard_control.cpp.o] Error 1
[4.020s] gmake[1]: *** [CMakeFiles/Makefile2:249: CMakeFiles/offboard_control.dir/all] Error 2
[4.021s] gmake: *** [Makefile:146: all] Error 2
[4.024s] Invoked command in '/home/anmol/ws_offboard_control/build/px4_ros_com' returned '2': AMENT_PREFIX_PATH=/home/anmol/ws_offboard_control/install/px4_msgs:${AMENT_PREFIX_PATH} CMAKE_PREFIX_PATH=/home/anmol/ws_offboard_control/install/px4_msgs:/opt/ros/humble LD_LIBRARY_PATH=/home/anmol/ws_offboard_control/install/px4_msgs/lib:${LD_LIBRARY_PATH} PYTHONPATH=/home/anmol/ws_offboard_control/install/px4_msgs/local/lib/python3.10/dist-packages:${PYTHONPATH} /usr/bin/cmake --build /home/anmol/ws_offboard_control/build/px4_ros_com -- -j12 -l12
