[1.904s] Invoking command in '/home/anmol/ws_offboard_control/src/manual_key_control': PYTHONPATH=/home/anmol/ws_offboard_control/build/manual_key_control/prefix_override:/home/anmol/ws_offboard_control/install/manual_key_control/lib/python3.10/site-packages:${PYTHONPATH} /usr/bin/python3 setup.py egg_info --egg-base ../../build/manual_key_control build --build-base /home/anmol/ws_offboard_control/build/manual_key_control/build install --record /home/anmol/ws_offboard_control/build/manual_key_control/install.log --single-version-externally-managed
[2.353s] running egg_info
[2.355s] writing ../../build/manual_key_control/manual_key_control.egg-info/PKG-INFO
[2.366s] writing dependency_links to ../../build/manual_key_control/manual_key_control.egg-info/dependency_links.txt
[2.366s] writing entry points to ../../build/manual_key_control/manual_key_control.egg-info/entry_points.txt
[2.366s] writing requirements to ../../build/manual_key_control/manual_key_control.egg-info/requires.txt
[2.367s] writing top-level names to ../../build/manual_key_control/manual_key_control.egg-info/top_level.txt
[2.370s] reading manifest file '../../build/manual_key_control/manual_key_control.egg-info/SOURCES.txt'
[2.372s] writing manifest file '../../build/manual_key_control/manual_key_control.egg-info/SOURCES.txt'
[2.372s] running build
[2.372s] running build_py
[2.373s] copying manual_key_control/arm.py -> /home/anmol/ws_offboard_control/build/manual_key_control/build/lib/manual_key_control
[2.373s] running install
[2.374s] /usr/lib/python3/dist-packages/setuptools/command/install.py:34: SetuptoolsDeprecationWarning: setup.py install is deprecated. Use build and pip and other standards-based tools.
[2.374s]   warnings.warn(
[2.374s] running install_lib
[2.376s] copying /home/anmol/ws_offboard_control/build/manual_key_control/build/lib/manual_key_control/arm.py -> /home/anmol/ws_offboard_control/install/manual_key_control/lib/python3.10/site-packages/manual_key_control
[2.377s] byte-compiling /home/anmol/ws_offboard_control/install/manual_key_control/lib/python3.10/site-packages/manual_key_control/arm.py to arm.cpython-310.pyc
[2.381s] running install_data
[2.382s] running install_egg_info
[2.385s] removing '/home/anmol/ws_offboard_control/install/manual_key_control/lib/python3.10/site-packages/manual_key_control-0.0.0-py3.10.egg-info' (and everything under it)
[2.386s] Copying ../../build/manual_key_control/manual_key_control.egg-info to /home/anmol/ws_offboard_control/install/manual_key_control/lib/python3.10/site-packages/manual_key_control-0.0.0-py3.10.egg-info
[2.388s] running install_scripts
[2.423s] Installing arm script to /home/anmol/ws_offboard_control/install/manual_key_control/lib/manual_key_control
[2.424s] writing list of installed files to '/home/anmol/ws_offboard_control/build/manual_key_control/install.log'
[2.480s] Invoked command in '/home/anmol/ws_offboard_control/src/manual_key_control' returned '0': PYTHONPATH=/home/anmol/ws_offboard_control/build/manual_key_control/prefix_override:/home/anmol/ws_offboard_control/install/manual_key_control/lib/python3.10/site-packages:${PYTHONPATH} /usr/bin/python3 setup.py egg_info --egg-base ../../build/manual_key_control build --build-base /home/anmol/ws_offboard_control/build/manual_key_control/build install --record /home/anmol/ws_offboard_control/build/manual_key_control/install.log --single-version-externally-managed
