[0.049s] Invoking command in '/home/anmol/ws_offboard_control/build/px4_ros_com': AMENT_PREFIX_PATH=/home/anmol/ws_offboard_control/install/px4_msgs:${AMENT_PREFIX_PATH} CMAKE_PREFIX_PATH=/home/anmol/ws_offboard_control/install/px4_msgs:/opt/ros/humble LD_LIBRARY_PATH=/home/anmol/ws_offboard_control/install/px4_msgs/lib:${LD_LIBRARY_PATH} PYTHONPATH=/home/anmol/ws_offboard_control/install/px4_msgs/local/lib/python3.10/dist-packages:${PYTHONPATH} /usr/bin/cmake --build /home/anmol/ws_offboard_control/build/px4_ros_com -- -j12 -l12
[0.085s] -- Found ament_cmake: 1.3.6 (/opt/ros/humble/share/ament_cmake/cmake)
[0.212s] -- Found builtin_interfaces: 1.2.1 (/opt/ros/humble/share/builtin_interfaces/cmake)
[0.234s] -- Found rosidl_generator_c: 3.1.5 (/opt/ros/humble/share/rosidl_generator_c/cmake)
[0.236s] -- Found rosidl_adapter: 3.1.5 (/opt/ros/humble/share/rosidl_adapter/cmake)
[0.242s] -- Found rosidl_generator_cpp: 3.1.5 (/opt/ros/humble/share/rosidl_generator_cpp/cmake)
[0.252s] -- Using all available rosidl_typesupport_c: rosidl_typesupport_fastrtps_c;rosidl_typesupport_introspection_c
[0.265s] -- Using all available rosidl_typesupport_cpp: rosidl_typesupport_fastrtps_cpp;rosidl_typesupport_introspection_cpp
[0.278s] -- Found eigen3_cmake_module: 0.1.1 (/opt/ros/humble/share/eigen3_cmake_module/cmake)
[0.280s] -- Found geometry_msgs: 4.2.3 (/opt/ros/humble/share/geometry_msgs/cmake)
[0.369s] -- Found px4_msgs: 2.0.1 (/home/anmol/ws_offboard_control/install/px4_msgs/share/px4_msgs/cmake)
[0.401s] -- Found rclcpp: 16.0.7 (/opt/ros/humble/share/rclcpp/cmake)
[0.450s] -- Found rmw_implementation_cmake: 6.1.1 (/opt/ros/humble/share/rmw_implementation_cmake/cmake)
[0.452s] -- Found rmw_fastrtps_cpp: 6.2.5 (/opt/ros/humble/share/rmw_fastrtps_cpp/cmake)
[0.593s] -- Using RMW implementation 'rmw_fastrtps_cpp' as default
[0.715s] -- Found sensor_msgs: 4.2.3 (/opt/ros/humble/share/sensor_msgs/cmake)
[0.794s] [31mCMake Error at /opt/ros/humble/share/ament_cmake_target_dependencies/cmake/ament_target_dependencies.cmake:77 (message):
[0.794s]   ament_target_dependencies() the passed package name 'rclcpy' was not found
[0.794s]   before
[0.794s] Call Stack (most recent call first):
[0.794s]   CMakeLists.txt:60 (ament_target_dependencies)
[0.794s] 
[0.794s] [0m
[0.794s] -- Configuring incomplete, errors occurred!
[0.795s] See also "/home/anmol/ws_offboard_control/build/px4_ros_com/CMakeFiles/CMakeOutput.log".
[0.800s] gmake: *** [Makefile:431: cmake_check_build_system] Error 1
[0.804s] Invoked command in '/home/anmol/ws_offboard_control/build/px4_ros_com' returned '2': AMENT_PREFIX_PATH=/home/anmol/ws_offboard_control/install/px4_msgs:${AMENT_PREFIX_PATH} CMAKE_PREFIX_PATH=/home/anmol/ws_offboard_control/install/px4_msgs:/opt/ros/humble LD_LIBRARY_PATH=/home/anmol/ws_offboard_control/install/px4_msgs/lib:${LD_LIBRARY_PATH} PYTHONPATH=/home/anmol/ws_offboard_control/install/px4_msgs/local/lib/python3.10/dist-packages:${PYTHONPATH} /usr/bin/cmake --build /home/anmol/ws_offboard_control/build/px4_ros_com -- -j12 -l12
