[0.630s] Invoking command in '/home/anmol/ws_offboard_control/src/manual_key_control': PYTHONPATH=/home/anmol/ws_offboard_control/build/manual_key_control/prefix_override:/home/anmol/ws_offboard_control/install/manual_key_control/lib/python3.10/site-packages:${PYTHONPATH} /usr/bin/python3 setup.py egg_info --egg-base ../../build/manual_key_control build --build-base /home/anmol/ws_offboard_control/build/manual_key_control/build install --record /home/anmol/ws_offboard_control/build/manual_key_control/install.log --single-version-externally-managed
[0.824s] running egg_info
[0.825s] writing ../../build/manual_key_control/manual_key_control.egg-info/PKG-INFO
[0.825s] writing dependency_links to ../../build/manual_key_control/manual_key_control.egg-info/dependency_links.txt
[0.825s] writing entry points to ../../build/manual_key_control/manual_key_control.egg-info/entry_points.txt
[0.825s] writing requirements to ../../build/manual_key_control/manual_key_control.egg-info/requires.txt
[0.825s] writing top-level names to ../../build/manual_key_control/manual_key_control.egg-info/top_level.txt
[0.827s] reading manifest file '../../build/manual_key_control/manual_key_control.egg-info/SOURCES.txt'
[0.828s] writing manifest file '../../build/manual_key_control/manual_key_control.egg-info/SOURCES.txt'
[0.828s] running build
[0.828s] running build_py
[0.828s] copying manual_key_control/key_pub.py -> /home/anmol/ws_offboard_control/build/manual_key_control/build/lib/manual_key_control
[0.829s] running install
[0.829s] /usr/lib/python3/dist-packages/setuptools/command/install.py:34: SetuptoolsDeprecationWarning: setup.py install is deprecated. Use build and pip and other standards-based tools.
[0.829s]   warnings.warn(
[0.829s] running install_lib
[0.830s] copying /home/anmol/ws_offboard_control/build/manual_key_control/build/lib/manual_key_control/key_pub.py -> /home/anmol/ws_offboard_control/install/manual_key_control/lib/python3.10/site-packages/manual_key_control
[0.830s] byte-compiling /home/anmol/ws_offboard_control/install/manual_key_control/lib/python3.10/site-packages/manual_key_control/key_pub.py to key_pub.cpython-310.pyc
[0.831s] byte-compiling /home/anmol/ws_offboard_control/install/manual_key_control/lib/python3.10/site-packages/manual_key_control/key_sub.py to key_sub.cpython-310.pyc
[0.832s] Sorry: IndentationError: expected an indented block after function definition on line 41 (key_sub.py, line 56)
[0.832s] running install_data
[0.832s] running install_egg_info
[0.833s] removing '/home/anmol/ws_offboard_control/install/manual_key_control/lib/python3.10/site-packages/manual_key_control-0.0.0-py3.10.egg-info' (and everything under it)
[0.834s] Copying ../../build/manual_key_control/manual_key_control.egg-info to /home/anmol/ws_offboard_control/install/manual_key_control/lib/python3.10/site-packages/manual_key_control-0.0.0-py3.10.egg-info
[0.835s] running install_scripts
[0.852s] Installing arm script to /home/anmol/ws_offboard_control/install/manual_key_control/lib/manual_key_control
[0.853s] Installing key_pub script to /home/anmol/ws_offboard_control/install/manual_key_control/lib/manual_key_control
[0.853s] writing list of installed files to '/home/anmol/ws_offboard_control/build/manual_key_control/install.log'
[0.880s] Invoked command in '/home/anmol/ws_offboard_control/src/manual_key_control' returned '0': PYTHONPATH=/home/anmol/ws_offboard_control/build/manual_key_control/prefix_override:/home/anmol/ws_offboard_control/install/manual_key_control/lib/python3.10/site-packages:${PYTHONPATH} /usr/bin/python3 setup.py egg_info --egg-base ../../build/manual_key_control build --build-base /home/anmol/ws_offboard_control/build/manual_key_control/build install --record /home/anmol/ws_offboard_control/build/manual_key_control/install.log --single-version-externally-managed
