[1.268s] DEBUG:colcon:Command line arguments: ['/usr/bin/colcon', 'build', '--packages-select', 'tutorial_interfaces']
[1.268s] DEBUG:colcon:Parsed command line arguments: Namespace(log_base=None, log_level=None, verb_name='build', build_base='build', install_base='install', merge_install=False, symlink_install=False, test_result_base=None, continue_on_error=False, executor='parallel', parallel_workers=12, event_handlers=None, ignore_user_meta=False, metas=['./colcon.meta'], base_paths=['.'], packages_ignore=None, packages_ignore_regex=None, paths=None, packages_up_to=None, packages_up_to_regex=None, packages_above=None, packages_above_and_dependencies=None, packages_above_depth=None, packages_select_by_dep=None, packages_skip_by_dep=None, packages_skip_up_to=None, packages_select_build_failed=False, packages_skip_build_finished=False, packages_select_test_failures=False, packages_skip_test_passed=False, packages_select=['tutorial_interfaces'], packages_skip=None, packages_select_regex=None, packages_skip_regex=None, packages_start=None, packages_end=None, allow_overriding=[], cmake_args=None, cmake_target=None, cmake_target_skip_unavailable=False, cmake_clean_cache=False, cmake_clean_first=False, cmake_force_configure=False, ament_cmake_args=None, catkin_cmake_args=None, catkin_skip_building_tests=False, verb_parser=<colcon_defaults.argument_parser.defaults.DefaultArgumentsDecorator object at 0x7fda288ad090>, verb_extension=<colcon_core.verb.build.BuildVerb object at 0x7fda288ac610>, main=<bound method BuildVerb.main of <colcon_core.verb.build.BuildVerb object at 0x7fda288ac610>>)
[1.327s] Level 1:colcon.colcon_core.package_discovery:discover_packages(colcon_meta) check parameters
[1.327s] Level 1:colcon.colcon_core.package_discovery:discover_packages(recursive) check parameters
[1.327s] Level 1:colcon.colcon_core.package_discovery:discover_packages(ignore) check parameters
[1.327s] Level 1:colcon.colcon_core.package_discovery:discover_packages(path) check parameters
[1.327s] Level 1:colcon.colcon_core.package_discovery:discover_packages(colcon_meta) discover
[1.327s] Level 1:colcon.colcon_core.package_discovery:discover_packages(recursive) discover
[1.327s] INFO:colcon.colcon_core.package_discovery:Crawling recursively for packages in '/home/anmol/ws_offboard_control'
[1.327s] Level 1:colcon.colcon_core.package_identification:_identify(.) by extensions ['ignore', 'ignore_ament_install']
[1.328s] Level 1:colcon.colcon_core.package_identification:_identify(.) by extension 'ignore'
[1.328s] Level 1:colcon.colcon_core.package_identification:_identify(.) by extension 'ignore_ament_install'
[1.328s] Level 1:colcon.colcon_core.package_identification:_identify(.) by extensions ['colcon_pkg']
[1.328s] Level 1:colcon.colcon_core.package_identification:_identify(.) by extension 'colcon_pkg'
[1.328s] Level 1:colcon.colcon_core.package_identification:_identify(.) by extensions ['colcon_meta']
[1.328s] Level 1:colcon.colcon_core.package_identification:_identify(.) by extension 'colcon_meta'
[1.328s] Level 1:colcon.colcon_core.package_identification:_identify(.) by extensions ['ros']
[1.328s] Level 1:colcon.colcon_core.package_identification:_identify(.) by extension 'ros'
[1.343s] Level 1:colcon.colcon_core.package_identification:_identify(.) by extensions ['cmake', 'python']
[1.343s] Level 1:colcon.colcon_core.package_identification:_identify(.) by extension 'cmake'
[1.343s] Level 1:colcon.colcon_core.package_identification:_identify(.) by extension 'python'
[1.343s] Level 1:colcon.colcon_core.package_identification:_identify(.) by extensions ['python_setup_py']
[1.343s] Level 1:colcon.colcon_core.package_identification:_identify(.) by extension 'python_setup_py'
[1.343s] Level 1:colcon.colcon_core.package_identification:_identify(build) by extensions ['ignore', 'ignore_ament_install']
[1.343s] Level 1:colcon.colcon_core.package_identification:_identify(build) by extension 'ignore'
[1.344s] Level 1:colcon.colcon_core.package_identification:_identify(build) ignored
[1.344s] Level 1:colcon.colcon_core.package_identification:_identify(install) by extensions ['ignore', 'ignore_ament_install']
[1.344s] Level 1:colcon.colcon_core.package_identification:_identify(install) by extension 'ignore'
[1.344s] Level 1:colcon.colcon_core.package_identification:_identify(install) ignored
[1.344s] Level 1:colcon.colcon_core.package_identification:_identify(log) by extensions ['ignore', 'ignore_ament_install']
[1.344s] Level 1:colcon.colcon_core.package_identification:_identify(log) by extension 'ignore'
[1.344s] Level 1:colcon.colcon_core.package_identification:_identify(log) ignored
[1.345s] Level 1:colcon.colcon_core.package_identification:_identify(src) by extensions ['ignore', 'ignore_ament_install']
[1.345s] Level 1:colcon.colcon_core.package_identification:_identify(src) by extension 'ignore'
[1.345s] Level 1:colcon.colcon_core.package_identification:_identify(src) by extension 'ignore_ament_install'
[1.345s] Level 1:colcon.colcon_core.package_identification:_identify(src) by extensions ['colcon_pkg']
[1.345s] Level 1:colcon.colcon_core.package_identification:_identify(src) by extension 'colcon_pkg'
[1.345s] Level 1:colcon.colcon_core.package_identification:_identify(src) by extensions ['colcon_meta']
[1.345s] Level 1:colcon.colcon_core.package_identification:_identify(src) by extension 'colcon_meta'
[1.345s] Level 1:colcon.colcon_core.package_identification:_identify(src) by extensions ['ros']
[1.345s] Level 1:colcon.colcon_core.package_identification:_identify(src) by extension 'ros'
[1.345s] Level 1:colcon.colcon_core.package_identification:_identify(src) by extensions ['cmake', 'python']
[1.345s] Level 1:colcon.colcon_core.package_identification:_identify(src) by extension 'cmake'
[1.345s] Level 1:colcon.colcon_core.package_identification:_identify(src) by extension 'python'
[1.346s] Level 1:colcon.colcon_core.package_identification:_identify(src) by extensions ['python_setup_py']
[1.346s] Level 1:colcon.colcon_core.package_identification:_identify(src) by extension 'python_setup_py'
[1.346s] Level 1:colcon.colcon_core.package_identification:_identify(src/manual_key_control) by extensions ['ignore', 'ignore_ament_install']
[1.346s] Level 1:colcon.colcon_core.package_identification:_identify(src/manual_key_control) by extension 'ignore'
[1.346s] Level 1:colcon.colcon_core.package_identification:_identify(src/manual_key_control) by extension 'ignore_ament_install'
[1.346s] Level 1:colcon.colcon_core.package_identification:_identify(src/manual_key_control) by extensions ['colcon_pkg']
[1.346s] Level 1:colcon.colcon_core.package_identification:_identify(src/manual_key_control) by extension 'colcon_pkg'
[1.346s] Level 1:colcon.colcon_core.package_identification:_identify(src/manual_key_control) by extensions ['colcon_meta']
[1.346s] Level 1:colcon.colcon_core.package_identification:_identify(src/manual_key_control) by extension 'colcon_meta'
[1.346s] Level 1:colcon.colcon_core.package_identification:_identify(src/manual_key_control) by extensions ['ros']
[1.346s] Level 1:colcon.colcon_core.package_identification:_identify(src/manual_key_control) by extension 'ros'
[1.350s] DEBUG:colcon.colcon_core.package_identification:Package 'src/manual_key_control' with type 'ros.ament_python' and name 'manual_key_control'
[1.350s] Level 1:colcon.colcon_core.package_identification:_identify(src/px4_msgs) by extensions ['ignore', 'ignore_ament_install']
[1.350s] Level 1:colcon.colcon_core.package_identification:_identify(src/px4_msgs) by extension 'ignore'
[1.350s] Level 1:colcon.colcon_core.package_identification:_identify(src/px4_msgs) by extension 'ignore_ament_install'
[1.350s] Level 1:colcon.colcon_core.package_identification:_identify(src/px4_msgs) by extensions ['colcon_pkg']
[1.350s] Level 1:colcon.colcon_core.package_identification:_identify(src/px4_msgs) by extension 'colcon_pkg'
[1.351s] Level 1:colcon.colcon_core.package_identification:_identify(src/px4_msgs) by extensions ['colcon_meta']
[1.351s] Level 1:colcon.colcon_core.package_identification:_identify(src/px4_msgs) by extension 'colcon_meta'
[1.351s] Level 1:colcon.colcon_core.package_identification:_identify(src/px4_msgs) by extensions ['ros']
[1.351s] Level 1:colcon.colcon_core.package_identification:_identify(src/px4_msgs) by extension 'ros'
[1.352s] DEBUG:colcon.colcon_core.package_identification:Package 'src/px4_msgs' with type 'ros.ament_cmake' and name 'px4_msgs'
[1.352s] Level 1:colcon.colcon_core.package_identification:_identify(src/px4_ros_com) by extensions ['ignore', 'ignore_ament_install']
[1.352s] Level 1:colcon.colcon_core.package_identification:_identify(src/px4_ros_com) by extension 'ignore'
[1.352s] Level 1:colcon.colcon_core.package_identification:_identify(src/px4_ros_com) by extension 'ignore_ament_install'
[1.352s] Level 1:colcon.colcon_core.package_identification:_identify(src/px4_ros_com) by extensions ['colcon_pkg']
[1.352s] Level 1:colcon.colcon_core.package_identification:_identify(src/px4_ros_com) by extension 'colcon_pkg'
[1.352s] Level 1:colcon.colcon_core.package_identification:_identify(src/px4_ros_com) by extensions ['colcon_meta']
[1.352s] Level 1:colcon.colcon_core.package_identification:_identify(src/px4_ros_com) by extension 'colcon_meta'
[1.352s] Level 1:colcon.colcon_core.package_identification:_identify(src/px4_ros_com) by extensions ['ros']
[1.352s] Level 1:colcon.colcon_core.package_identification:_identify(src/px4_ros_com) by extension 'ros'
[1.354s] DEBUG:colcon.colcon_core.package_identification:Package 'src/px4_ros_com' with type 'ros.ament_cmake' and name 'px4_ros_com'
[1.354s] Level 1:colcon.colcon_core.package_identification:_identify(src/tutorial_interfaces) by extensions ['ignore', 'ignore_ament_install']
[1.354s] Level 1:colcon.colcon_core.package_identification:_identify(src/tutorial_interfaces) by extension 'ignore'
[1.354s] Level 1:colcon.colcon_core.package_identification:_identify(src/tutorial_interfaces) by extension 'ignore_ament_install'
[1.354s] Level 1:colcon.colcon_core.package_identification:_identify(src/tutorial_interfaces) by extensions ['colcon_pkg']
[1.354s] Level 1:colcon.colcon_core.package_identification:_identify(src/tutorial_interfaces) by extension 'colcon_pkg'
[1.354s] Level 1:colcon.colcon_core.package_identification:_identify(src/tutorial_interfaces) by extensions ['colcon_meta']
[1.355s] Level 1:colcon.colcon_core.package_identification:_identify(src/tutorial_interfaces) by extension 'colcon_meta'
[1.355s] Level 1:colcon.colcon_core.package_identification:_identify(src/tutorial_interfaces) by extensions ['ros']
[1.355s] Level 1:colcon.colcon_core.package_identification:_identify(src/tutorial_interfaces) by extension 'ros'
[1.355s] DEBUG:colcon.colcon_core.package_identification:Package 'src/tutorial_interfaces' with type 'ros.ament_cmake' and name 'tutorial_interfaces'
[1.355s] Level 1:colcon.colcon_core.package_discovery:discover_packages(recursive) using defaults
[1.356s] Level 1:colcon.colcon_core.package_discovery:discover_packages(ignore) discover
[1.356s] Level 1:colcon.colcon_core.package_discovery:discover_packages(ignore) using defaults
[1.356s] Level 1:colcon.colcon_core.package_discovery:discover_packages(path) discover
[1.356s] Level 1:colcon.colcon_core.package_discovery:discover_packages(path) using defaults
[1.435s] INFO:colcon.colcon_core.package_selection:Skipping not selected package 'manual_key_control' in 'src/manual_key_control'
[1.435s] INFO:colcon.colcon_core.package_selection:Skipping not selected package 'px4_msgs' in 'src/px4_msgs'
[1.435s] INFO:colcon.colcon_core.package_selection:Skipping not selected package 'px4_ros_com' in 'src/px4_ros_com'
[1.472s] Level 1:colcon.colcon_core.package_discovery:discover_packages(prefix_path) check parameters
[1.472s] Level 1:colcon.colcon_core.package_discovery:discover_packages(prefix_path) discover
[1.510s] DEBUG:colcon.colcon_installed_package_information.package_discovery:Found 4 installed packages in /home/anmol/ws_offboard_control/install
[1.530s] DEBUG:colcon.colcon_installed_package_information.package_discovery:Found 270 installed packages in /opt/ros/humble
[1.531s] Level 1:colcon.colcon_core.package_discovery:discover_packages(prefix_path) using defaults
[1.660s] Level 5:colcon.colcon_core.verb:set package 'tutorial_interfaces' build argument 'cmake_args' from command line to 'None'
[1.660s] Level 5:colcon.colcon_core.verb:set package 'tutorial_interfaces' build argument 'cmake_target' from command line to 'None'
[1.660s] Level 5:colcon.colcon_core.verb:set package 'tutorial_interfaces' build argument 'cmake_target_skip_unavailable' from command line to 'False'
[1.660s] Level 5:colcon.colcon_core.verb:set package 'tutorial_interfaces' build argument 'cmake_clean_cache' from command line to 'False'
[1.660s] Level 5:colcon.colcon_core.verb:set package 'tutorial_interfaces' build argument 'cmake_clean_first' from command line to 'False'
[1.660s] Level 5:colcon.colcon_core.verb:set package 'tutorial_interfaces' build argument 'cmake_force_configure' from command line to 'False'
[1.660s] Level 5:colcon.colcon_core.verb:set package 'tutorial_interfaces' build argument 'ament_cmake_args' from command line to 'None'
[1.660s] Level 5:colcon.colcon_core.verb:set package 'tutorial_interfaces' build argument 'catkin_cmake_args' from command line to 'None'
[1.661s] Level 5:colcon.colcon_core.verb:set package 'tutorial_interfaces' build argument 'catkin_skip_building_tests' from command line to 'False'
[1.661s] DEBUG:colcon.colcon_core.verb:Building package 'tutorial_interfaces' with the following arguments: {'ament_cmake_args': None, 'build_base': '/home/anmol/ws_offboard_control/build/tutorial_interfaces', 'catkin_cmake_args': None, 'catkin_skip_building_tests': False, 'cmake_args': None, 'cmake_clean_cache': False, 'cmake_clean_first': False, 'cmake_force_configure': False, 'cmake_target': None, 'cmake_target_skip_unavailable': False, 'install_base': '/home/anmol/ws_offboard_control/install/tutorial_interfaces', 'merge_install': False, 'path': '/home/anmol/ws_offboard_control/src/tutorial_interfaces', 'symlink_install': False, 'test_result_base': None}
[1.679s] INFO:colcon.colcon_core.executor:Executing jobs using 'parallel' executor
[1.699s] DEBUG:colcon.colcon_parallel_executor.executor.parallel:run_until_complete
[1.699s] INFO:colcon.colcon_ros.task.ament_cmake.build:Building ROS package in '/home/anmol/ws_offboard_control/src/tutorial_interfaces' with build type 'ament_cmake'
[1.700s] INFO:colcon.colcon_cmake.task.cmake.build:Building CMake package in '/home/anmol/ws_offboard_control/src/tutorial_interfaces'
[1.721s] INFO:colcon.colcon_core.plugin_system:Skipping extension 'colcon_core.shell.bat': Not used on non-Windows systems
[1.722s] INFO:colcon.colcon_core.shell:Skip shell extension 'powershell' for command environment: Not usable outside of PowerShell
[1.722s] DEBUG:colcon.colcon_core.shell:Skip shell extension 'dsv' for command environment
[1.792s] DEBUG:colcon.colcon_core.event_handler.log_command:Invoking command in '/home/anmol/ws_offboard_control/build/tutorial_interfaces': CMAKE_PREFIX_PATH=${CMAKE_PREFIX_PATH}:/home/anmol/ws_offboard_control/install/manual_key_control:/opt/ros/humble /usr/bin/cmake /home/anmol/ws_offboard_control/src/tutorial_interfaces -DCMAKE_INSTALL_PREFIX=/home/anmol/ws_offboard_control/install/tutorial_interfaces
[4.380s] DEBUG:colcon.colcon_core.event_handler.log_command:Invoked command in '/home/anmol/ws_offboard_control/build/tutorial_interfaces' returned '0': CMAKE_PREFIX_PATH=${CMAKE_PREFIX_PATH}:/home/anmol/ws_offboard_control/install/manual_key_control:/opt/ros/humble /usr/bin/cmake /home/anmol/ws_offboard_control/src/tutorial_interfaces -DCMAKE_INSTALL_PREFIX=/home/anmol/ws_offboard_control/install/tutorial_interfaces
[4.382s] DEBUG:colcon.colcon_core.event_handler.log_command:Invoking command in '/home/anmol/ws_offboard_control/build/tutorial_interfaces': CMAKE_PREFIX_PATH=${CMAKE_PREFIX_PATH}:/home/anmol/ws_offboard_control/install/manual_key_control:/opt/ros/humble /usr/bin/cmake --build /home/anmol/ws_offboard_control/build/tutorial_interfaces -- -j12 -l12
[7.802s] DEBUG:colcon.colcon_core.event_handler.log_command:Invoked command in '/home/anmol/ws_offboard_control/build/tutorial_interfaces' returned '0': CMAKE_PREFIX_PATH=${CMAKE_PREFIX_PATH}:/home/anmol/ws_offboard_control/install/manual_key_control:/opt/ros/humble /usr/bin/cmake --build /home/anmol/ws_offboard_control/build/tutorial_interfaces -- -j12 -l12
[7.993s] DEBUG:colcon.colcon_core.event_handler.log_command:Invoking command in '/home/anmol/ws_offboard_control/build/tutorial_interfaces': CMAKE_PREFIX_PATH=${CMAKE_PREFIX_PATH}:/home/anmol/ws_offboard_control/install/manual_key_control:/opt/ros/humble /usr/bin/cmake --install /home/anmol/ws_offboard_control/build/tutorial_interfaces
[8.097s] Level 1:colcon.colcon_core.environment:create_environment_scripts_only(tutorial_interfaces)
[8.098s] DEBUG:colcon.colcon_core.event_handler.log_command:Invoked command in '/home/anmol/ws_offboard_control/build/tutorial_interfaces' returned '0': CMAKE_PREFIX_PATH=${CMAKE_PREFIX_PATH}:/home/anmol/ws_offboard_control/install/manual_key_control:/opt/ros/humble /usr/bin/cmake --install /home/anmol/ws_offboard_control/build/tutorial_interfaces
[8.120s] Level 1:colcon.colcon_core.environment:checking '/home/anmol/ws_offboard_control/install/tutorial_interfaces' for CMake module files
[8.121s] Level 1:colcon.colcon_core.environment:checking '/home/anmol/ws_offboard_control/install/tutorial_interfaces' for CMake config files
[8.121s] Level 1:colcon.colcon_core.shell:create_environment_hook('tutorial_interfaces', 'cmake_prefix_path')
[8.139s] INFO:colcon.colcon_core.shell:Creating environment hook '/home/anmol/ws_offboard_control/install/tutorial_interfaces/share/tutorial_interfaces/hook/cmake_prefix_path.ps1'
[8.139s] INFO:colcon.colcon_core.shell:Creating environment descriptor '/home/anmol/ws_offboard_control/install/tutorial_interfaces/share/tutorial_interfaces/hook/cmake_prefix_path.dsv'
[8.140s] INFO:colcon.colcon_core.shell:Creating environment hook '/home/anmol/ws_offboard_control/install/tutorial_interfaces/share/tutorial_interfaces/hook/cmake_prefix_path.sh'
[8.141s] Level 1:colcon.colcon_core.environment:checking '/home/anmol/ws_offboard_control/install/tutorial_interfaces/lib'
[8.141s] Level 1:colcon.colcon_core.shell:create_environment_hook('tutorial_interfaces', 'ld_library_path_lib')
[8.159s] INFO:colcon.colcon_core.shell:Creating environment hook '/home/anmol/ws_offboard_control/install/tutorial_interfaces/share/tutorial_interfaces/hook/ld_library_path_lib.ps1'
[8.160s] INFO:colcon.colcon_core.shell:Creating environment descriptor '/home/anmol/ws_offboard_control/install/tutorial_interfaces/share/tutorial_interfaces/hook/ld_library_path_lib.dsv'
[8.160s] INFO:colcon.colcon_core.shell:Creating environment hook '/home/anmol/ws_offboard_control/install/tutorial_interfaces/share/tutorial_interfaces/hook/ld_library_path_lib.sh'
[8.160s] Level 1:colcon.colcon_core.environment:checking '/home/anmol/ws_offboard_control/install/tutorial_interfaces/bin'
[8.161s] Level 1:colcon.colcon_core.environment:checking '/home/anmol/ws_offboard_control/install/tutorial_interfaces/lib/pkgconfig/tutorial_interfaces.pc'
[8.161s] Level 1:colcon.colcon_core.environment:checking '/home/anmol/ws_offboard_control/install/tutorial_interfaces/lib/python3.10/site-packages'
[8.161s] Level 1:colcon.colcon_core.environment:checking '/home/anmol/ws_offboard_control/install/tutorial_interfaces/bin'
[8.179s] INFO:colcon.colcon_core.shell:Creating package script '/home/anmol/ws_offboard_control/install/tutorial_interfaces/share/tutorial_interfaces/package.ps1'
[8.180s] INFO:colcon.colcon_core.shell:Creating package descriptor '/home/anmol/ws_offboard_control/install/tutorial_interfaces/share/tutorial_interfaces/package.dsv'
[8.181s] INFO:colcon.colcon_core.shell:Creating package script '/home/anmol/ws_offboard_control/install/tutorial_interfaces/share/tutorial_interfaces/package.sh'
[8.181s] INFO:colcon.colcon_core.shell:Creating package script '/home/anmol/ws_offboard_control/install/tutorial_interfaces/share/tutorial_interfaces/package.bash'
[8.182s] INFO:colcon.colcon_core.shell:Creating package script '/home/anmol/ws_offboard_control/install/tutorial_interfaces/share/tutorial_interfaces/package.zsh'
[8.183s] Level 1:colcon.colcon_core.environment:create_file_with_runtime_dependencies(/home/anmol/ws_offboard_control/install/tutorial_interfaces/share/colcon-core/packages/tutorial_interfaces)
[8.360s] Level 1:colcon.colcon_core.environment:create_environment_scripts_only(tutorial_interfaces)
[8.378s] Level 1:colcon.colcon_core.environment:checking '/home/anmol/ws_offboard_control/install/tutorial_interfaces' for CMake module files
[8.379s] Level 1:colcon.colcon_core.environment:checking '/home/anmol/ws_offboard_control/install/tutorial_interfaces' for CMake config files
[8.379s] Level 1:colcon.colcon_core.shell:create_environment_hook('tutorial_interfaces', 'cmake_prefix_path')
[8.397s] INFO:colcon.colcon_core.shell:Creating environment hook '/home/anmol/ws_offboard_control/install/tutorial_interfaces/share/tutorial_interfaces/hook/cmake_prefix_path.ps1'
[8.398s] INFO:colcon.colcon_core.shell:Creating environment descriptor '/home/anmol/ws_offboard_control/install/tutorial_interfaces/share/tutorial_interfaces/hook/cmake_prefix_path.dsv'
[8.398s] INFO:colcon.colcon_core.shell:Creating environment hook '/home/anmol/ws_offboard_control/install/tutorial_interfaces/share/tutorial_interfaces/hook/cmake_prefix_path.sh'
[8.399s] Level 1:colcon.colcon_core.environment:checking '/home/anmol/ws_offboard_control/install/tutorial_interfaces/lib'
[8.399s] Level 1:colcon.colcon_core.shell:create_environment_hook('tutorial_interfaces', 'ld_library_path_lib')
[8.417s] INFO:colcon.colcon_core.shell:Creating environment hook '/home/anmol/ws_offboard_control/install/tutorial_interfaces/share/tutorial_interfaces/hook/ld_library_path_lib.ps1'
[8.418s] INFO:colcon.colcon_core.shell:Creating environment descriptor '/home/anmol/ws_offboard_control/install/tutorial_interfaces/share/tutorial_interfaces/hook/ld_library_path_lib.dsv'
[8.418s] INFO:colcon.colcon_core.shell:Creating environment hook '/home/anmol/ws_offboard_control/install/tutorial_interfaces/share/tutorial_interfaces/hook/ld_library_path_lib.sh'
[8.419s] Level 1:colcon.colcon_core.environment:checking '/home/anmol/ws_offboard_control/install/tutorial_interfaces/bin'
[8.419s] Level 1:colcon.colcon_core.environment:checking '/home/anmol/ws_offboard_control/install/tutorial_interfaces/lib/pkgconfig/tutorial_interfaces.pc'
[8.419s] Level 1:colcon.colcon_core.environment:checking '/home/anmol/ws_offboard_control/install/tutorial_interfaces/lib/python3.10/site-packages'
[8.419s] Level 1:colcon.colcon_core.environment:checking '/home/anmol/ws_offboard_control/install/tutorial_interfaces/bin'
[8.437s] INFO:colcon.colcon_core.shell:Creating package script '/home/anmol/ws_offboard_control/install/tutorial_interfaces/share/tutorial_interfaces/package.ps1'
[8.438s] INFO:colcon.colcon_core.shell:Creating package descriptor '/home/anmol/ws_offboard_control/install/tutorial_interfaces/share/tutorial_interfaces/package.dsv'
[8.439s] INFO:colcon.colcon_core.shell:Creating package script '/home/anmol/ws_offboard_control/install/tutorial_interfaces/share/tutorial_interfaces/package.sh'
[8.439s] INFO:colcon.colcon_core.shell:Creating package script '/home/anmol/ws_offboard_control/install/tutorial_interfaces/share/tutorial_interfaces/package.bash'
[8.440s] INFO:colcon.colcon_core.shell:Creating package script '/home/anmol/ws_offboard_control/install/tutorial_interfaces/share/tutorial_interfaces/package.zsh'
[8.440s] Level 1:colcon.colcon_core.environment:create_file_with_runtime_dependencies(/home/anmol/ws_offboard_control/install/tutorial_interfaces/share/colcon-core/packages/tutorial_interfaces)
[8.440s] DEBUG:colcon.colcon_parallel_executor.executor.parallel:closing loop
[8.441s] DEBUG:colcon.colcon_parallel_executor.executor.parallel:loop closed
[8.441s] DEBUG:colcon.colcon_parallel_executor.executor.parallel:run_until_complete finished with '0'
[8.441s] DEBUG:colcon.colcon_core.event_reactor:joining thread
[8.465s] INFO:colcon.colcon_core.plugin_system:Skipping extension 'colcon_notification.desktop_notification.terminal_notifier': Not used on non-Darwin systems
[8.466s] INFO:colcon.colcon_core.plugin_system:Skipping extension 'colcon_notification.desktop_notification.win32': Not used on non-Windows systems
[8.466s] INFO:colcon.colcon_notification.desktop_notification:Sending desktop notification using 'notify2'
[8.483s] DEBUG:colcon.colcon_core.event_reactor:joined thread
[8.502s] INFO:colcon.colcon_core.shell:Creating prefix script '/home/anmol/ws_offboard_control/install/local_setup.ps1'
[8.503s] INFO:colcon.colcon_core.shell:Creating prefix util module '/home/anmol/ws_offboard_control/install/_local_setup_util_ps1.py'
[8.505s] INFO:colcon.colcon_core.shell:Creating prefix chain script '/home/anmol/ws_offboard_control/install/setup.ps1'
[8.525s] INFO:colcon.colcon_core.shell:Creating prefix script '/home/anmol/ws_offboard_control/install/local_setup.sh'
[8.526s] INFO:colcon.colcon_core.shell:Creating prefix util module '/home/anmol/ws_offboard_control/install/_local_setup_util_sh.py'
[8.526s] INFO:colcon.colcon_core.shell:Creating prefix chain script '/home/anmol/ws_offboard_control/install/setup.sh'
[8.545s] INFO:colcon.colcon_core.shell:Creating prefix script '/home/anmol/ws_offboard_control/install/local_setup.bash'
[8.546s] INFO:colcon.colcon_core.shell:Creating prefix chain script '/home/anmol/ws_offboard_control/install/setup.bash'
[8.565s] INFO:colcon.colcon_core.shell:Creating prefix script '/home/anmol/ws_offboard_control/install/local_setup.zsh'
[8.566s] INFO:colcon.colcon_core.shell:Creating prefix chain script '/home/anmol/ws_offboard_control/install/setup.zsh'
