[0.925s] Invoking command in '/home/anmol/ws_offboard_control/src/manual_key_control': CMAKE_PREFIX_PATH=/home/anmol/ws_offboard_control/install/tutorial_interfaces:/home/anmol/ws_offboard_control/install/action_tutorials_interfaces:/home/anmol/ws_offboard_control/install/px4_ros_com:/home/anmol/ws_offboard_control/install/px4_msgs:/home/anmol/ws_offboard_control/install/custom_msgs LD_LIBRARY_PATH=/home/anmol/ws_offboard_control/install/tutorial_interfaces/lib:/home/anmol/ws_offboard_control/install/action_tutorials_interfaces/lib:/home/anmol/ws_offboard_control/install/px4_ros_com/lib:/home/anmol/ws_offboard_control/install/px4_msgs/lib:/home/anmol/ws_offboard_control/install/custom_msgs/lib:/opt/ros/humble/opt/rviz_ogre_vendor/lib:/opt/ros/humble/lib/x86_64-linux-gnu:/opt/ros/humble/lib PYTHONPATH=/home/anmol/ws_offboard_control/build/manual_key_control/prefix_override:/home/anmol/ws_offboard_control/install/manual_key_control/lib/python3.10/site-packages:${PYTHONPATH} /usr/bin/python3 setup.py egg_info --egg-base ../../build/manual_key_control build --build-base /home/anmol/ws_offboard_control/build/manual_key_control/build install --record /home/anmol/ws_offboard_control/build/manual_key_control/install.log --single-version-externally-managed
[1.213s] running egg_info
[1.214s] writing ../../build/manual_key_control/manual_key_control.egg-info/PKG-INFO
[1.215s] writing dependency_links to ../../build/manual_key_control/manual_key_control.egg-info/dependency_links.txt
[1.215s] writing entry points to ../../build/manual_key_control/manual_key_control.egg-info/entry_points.txt
[1.215s] writing requirements to ../../build/manual_key_control/manual_key_control.egg-info/requires.txt
[1.215s] writing top-level names to ../../build/manual_key_control/manual_key_control.egg-info/top_level.txt
[1.217s] reading manifest file '../../build/manual_key_control/manual_key_control.egg-info/SOURCES.txt'
[1.218s] writing manifest file '../../build/manual_key_control/manual_key_control.egg-info/SOURCES.txt'
[1.218s] running build
[1.218s] running build_py
[1.219s] copying manual_key_control/key_server.py -> /home/anmol/ws_offboard_control/build/manual_key_control/build/lib/manual_key_control
[1.219s] running install
[1.219s] /usr/lib/python3/dist-packages/setuptools/command/install.py:34: SetuptoolsDeprecationWarning: setup.py install is deprecated. Use build and pip and other standards-based tools.
[1.219s]   warnings.warn(
[1.220s] running install_lib
[1.221s] copying /home/anmol/ws_offboard_control/build/manual_key_control/build/lib/manual_key_control/key_server.py -> /home/anmol/ws_offboard_control/install/manual_key_control/lib/python3.10/site-packages/manual_key_control
[1.221s] byte-compiling /home/anmol/ws_offboard_control/install/manual_key_control/lib/python3.10/site-packages/manual_key_control/key_server.py to key_server.cpython-310.pyc
[1.224s] running install_data
[1.225s] running install_egg_info
[1.226s] removing '/home/anmol/ws_offboard_control/install/manual_key_control/lib/python3.10/site-packages/manual_key_control-0.0.0-py3.10.egg-info' (and everything under it)
[1.227s] Copying ../../build/manual_key_control/manual_key_control.egg-info to /home/anmol/ws_offboard_control/install/manual_key_control/lib/python3.10/site-packages/manual_key_control-0.0.0-py3.10.egg-info
[1.228s] running install_scripts
[1.254s] Installing draw_square script to /home/anmol/ws_offboard_control/install/manual_key_control/lib/manual_key_control
[1.254s] Installing key_pub script to /home/anmol/ws_offboard_control/install/manual_key_control/lib/manual_key_control
[1.254s] Installing key_server script to /home/anmol/ws_offboard_control/install/manual_key_control/lib/manual_key_control
[1.254s] Installing key_trigger script to /home/anmol/ws_offboard_control/install/manual_key_control/lib/manual_key_control
[1.254s] writing list of installed files to '/home/anmol/ws_offboard_control/build/manual_key_control/install.log'
[1.288s] Invoked command in '/home/anmol/ws_offboard_control/src/manual_key_control' returned '0': CMAKE_PREFIX_PATH=/home/anmol/ws_offboard_control/install/tutorial_interfaces:/home/anmol/ws_offboard_control/install/action_tutorials_interfaces:/home/anmol/ws_offboard_control/install/px4_ros_com:/home/anmol/ws_offboard_control/install/px4_msgs:/home/anmol/ws_offboard_control/install/custom_msgs LD_LIBRARY_PATH=/home/anmol/ws_offboard_control/install/tutorial_interfaces/lib:/home/anmol/ws_offboard_control/install/action_tutorials_interfaces/lib:/home/anmol/ws_offboard_control/install/px4_ros_com/lib:/home/anmol/ws_offboard_control/install/px4_msgs/lib:/home/anmol/ws_offboard_control/install/custom_msgs/lib:/opt/ros/humble/opt/rviz_ogre_vendor/lib:/opt/ros/humble/lib/x86_64-linux-gnu:/opt/ros/humble/lib PYTHONPATH=/home/anmol/ws_offboard_control/build/manual_key_control/prefix_override:/home/anmol/ws_offboard_control/install/manual_key_control/lib/python3.10/site-packages:${PYTHONPATH} /usr/bin/python3 setup.py egg_info --egg-base ../../build/manual_key_control build --build-base /home/anmol/ws_offboard_control/build/manual_key_control/build install --record /home/anmol/ws_offboard_control/build/manual_key_control/install.log --single-version-externally-managed
