[0.252s] Invoking command in '/home/anmol/ws_offboard_control/build/px4_msgs': CMAKE_PREFIX_PATH=${CMAKE_PREFIX_PATH}:/home/anmol/ws_offboard_control/install/manual_key_control:/opt/ros/humble /usr/bin/cmake --build /home/anmol/ws_offboard_control/build/px4_msgs -- -j12 -l12
[0.818s] -- Found ament_cmake: 1.3.6 (/opt/ros/humble/share/ament_cmake/cmake)
[1.070s] -- Found builtin_interfaces: 1.2.1 (/opt/ros/humble/share/builtin_interfaces/cmake)
[1.125s] -- Found rosidl_generator_c: 3.1.5 (/opt/ros/humble/share/rosidl_generator_c/cmake)
[1.130s] -- Found rosidl_adapter: 3.1.5 (/opt/ros/humble/share/rosidl_adapter/cmake)
[1.141s] -- Found rosidl_generator_cpp: 3.1.5 (/opt/ros/humble/share/rosidl_generator_cpp/cmake)
[1.158s] -- Using all available rosidl_typesupport_c: rosidl_typesupport_fastrtps_c;rosidl_typesupport_introspection_c
[1.181s] -- Using all available rosidl_typesupport_cpp: rosidl_typesupport_fastrtps_cpp;rosidl_typesupport_introspection_cpp
[1.207s] -- Found rosidl_default_generators: 1.2.0 (/opt/ros/humble/share/rosidl_default_generators/cmake)
[3.453s] -- Found ament_cmake_cppcheck: 0.12.9 (/opt/ros/humble/share/ament_cmake_cppcheck/cmake)
[3.454s] -- Found ament_cmake_cpplint: 0.12.9 (/opt/ros/humble/share/ament_cmake_cpplint/cmake)
[3.455s] -- Found ament_cmake_uncrustify: 0.12.9 (/opt/ros/humble/share/ament_cmake_uncrustify/cmake)
[3.457s] -- Found ament_cmake_ros: 0.10.0 (/opt/ros/humble/share/ament_cmake_ros/cmake)
[4.015s] -- Using all available rosidl_typesupport_c: rosidl_typesupport_fastrtps_c;rosidl_typesupport_introspection_c
[4.239s] -- Using all available rosidl_typesupport_cpp: rosidl_typesupport_fastrtps_cpp;rosidl_typesupport_introspection_cpp
[4.275s] -- Found python_cmake_module: 0.10.0 (/opt/ros/humble/share/python_cmake_module/cmake)
[4.307s] -- Using PYTHON_EXECUTABLE: /usr/bin/python3
[4.307s] -- Using PYTHON_INCLUDE_DIRS: /usr/include/python3.10
[4.307s] -- Using PYTHON_LIBRARIES: /usr/lib/x86_64-linux-gnu/libpython3.10.so
[4.372s] -- Found ament_cmake_flake8: 0.12.9 (/opt/ros/humble/share/ament_cmake_flake8/cmake)
[4.372s] -- Found ament_cmake_pep257: 0.12.9 (/opt/ros/humble/share/ament_cmake_pep257/cmake)
[4.401s] -- Configuring done
[4.945s] -- Generating done
[4.951s] -- Build files have been written to: /home/anmol/ws_offboard_control/build/px4_msgs
[5.054s] [  0%] Built target px4_msgs__cpp
[5.079s] [35m[1mConsolidate compiler generated dependencies of target px4_msgs__rosidl_generator_c[0m
[5.167s] [35m[1mConsolidate compiler generated dependencies of target px4_msgs__rosidl_typesupport_cpp[0m
[5.190s] [  0%] Built target ament_cmake_python_copy_px4_msgs
[5.196s] [35m[1mConsolidate compiler generated dependencies of target px4_msgs__rosidl_typesupport_fastrtps_cpp[0m
[5.200s] [35m[1mConsolidate compiler generated dependencies of target px4_msgs__rosidl_typesupport_introspection_cpp[0m
[5.239s] [ 12%] Built target px4_msgs__rosidl_generator_c
[5.328s] [35m[1mConsolidate compiler generated dependencies of target px4_msgs__rosidl_typesupport_c[0m
[5.330s] [35m[1mConsolidate compiler generated dependencies of target px4_msgs__rosidl_typesupport_introspection_c[0m
[5.394s] [35m[1mConsolidate compiler generated dependencies of target px4_msgs__rosidl_typesupport_fastrtps_c[0m
[5.425s] [ 25%] Built target px4_msgs__rosidl_typesupport_c
[5.505s] [ 38%] Built target px4_msgs__rosidl_typesupport_introspection_c
[5.544s] [ 50%] Built target px4_msgs__rosidl_typesupport_cpp
[5.608s] running egg_info
[5.609s] writing px4_msgs.egg-info/PKG-INFO
[5.609s] writing dependency_links to px4_msgs.egg-info/dependency_links.txt
[5.610s] writing top-level names to px4_msgs.egg-info/top_level.txt
[5.610s] [ 63%] Built target px4_msgs__rosidl_typesupport_introspection_cpp
[5.616s] reading manifest file 'px4_msgs.egg-info/SOURCES.txt'
[5.620s] writing manifest file 'px4_msgs.egg-info/SOURCES.txt'
[5.649s] [ 75%] Built target px4_msgs__rosidl_typesupport_fastrtps_cpp
[5.660s] [ 75%] Built target ament_cmake_python_build_px4_msgs_egg
[5.750s] [ 88%] Built target px4_msgs__rosidl_typesupport_fastrtps_c
[5.787s] [ 88%] Built target px4_msgs
[5.837s] [ 88%] Built target px4_msgs__py
[5.945s] [35m[1mConsolidate compiler generated dependencies of target px4_msgs__rosidl_generator_py[0m
[6.300s] [100%] Built target px4_msgs__rosidl_generator_py
[6.319s] [35m[1mConsolidate compiler generated dependencies of target px4_msgs__rosidl_typesupport_c__pyext[0m
[6.322s] [35m[1mConsolidate compiler generated dependencies of target px4_msgs__rosidl_typesupport_fastrtps_c__pyext[0m
[6.322s] [35m[1mConsolidate compiler generated dependencies of target px4_msgs__rosidl_typesupport_introspection_c__pyext[0m
[6.355s] [100%] Built target px4_msgs__rosidl_typesupport_c__pyext
[6.365s] [100%] Built target px4_msgs__rosidl_typesupport_introspection_c__pyext
[6.368s] [100%] Built target px4_msgs__rosidl_typesupport_fastrtps_c__pyext
