[0.680s] Invoking command in '/home/anmol/ws_offboard_control/src/manual_key_control': PYTHONPATH=/home/anmol/ws_offboard_control/build/manual_key_control/prefix_override:/home/anmol/ws_offboard_control/install/manual_key_control/lib/python3.10/site-packages:${PYTHONPATH} /usr/bin/python3 setup.py egg_info --egg-base ../../build/manual_key_control build --build-base /home/anmol/ws_offboard_control/build/manual_key_control/build install --record /home/anmol/ws_offboard_control/build/manual_key_control/install.log --single-version-externally-managed
[0.887s] running egg_info
[0.888s] writing ../../build/manual_key_control/manual_key_control.egg-info/PKG-INFO
[0.888s] writing dependency_links to ../../build/manual_key_control/manual_key_control.egg-info/dependency_links.txt
[0.888s] writing entry points to ../../build/manual_key_control/manual_key_control.egg-info/entry_points.txt
[0.888s] writing requirements to ../../build/manual_key_control/manual_key_control.egg-info/requires.txt
[0.888s] writing top-level names to ../../build/manual_key_control/manual_key_control.egg-info/top_level.txt
[0.890s] reading manifest file '../../build/manual_key_control/manual_key_control.egg-info/SOURCES.txt'
[0.891s] writing manifest file '../../build/manual_key_control/manual_key_control.egg-info/SOURCES.txt'
[0.891s] running build
[0.891s] running build_py
[0.892s] copying manual_key_control/key_server.py -> /home/anmol/ws_offboard_control/build/manual_key_control/build/lib/manual_key_control
[0.892s] running install
[0.892s] /usr/lib/python3/dist-packages/setuptools/command/install.py:34: SetuptoolsDeprecationWarning: setup.py install is deprecated. Use build and pip and other standards-based tools.
[0.892s]   warnings.warn(
[0.892s] running install_lib
[0.893s] copying /home/anmol/ws_offboard_control/build/manual_key_control/build/lib/manual_key_control/key_server.py -> /home/anmol/ws_offboard_control/install/manual_key_control/lib/python3.10/site-packages/manual_key_control
[0.894s] byte-compiling /home/anmol/ws_offboard_control/install/manual_key_control/lib/python3.10/site-packages/manual_key_control/key_server.py to key_server.cpython-310.pyc
[0.896s] running install_data
[0.896s] running install_egg_info
[0.898s] removing '/home/anmol/ws_offboard_control/install/manual_key_control/lib/python3.10/site-packages/manual_key_control-0.0.0-py3.10.egg-info' (and everything under it)
[0.898s] Copying ../../build/manual_key_control/manual_key_control.egg-info to /home/anmol/ws_offboard_control/install/manual_key_control/lib/python3.10/site-packages/manual_key_control-0.0.0-py3.10.egg-info
[0.899s] running install_scripts
[0.918s] Installing draw_square script to /home/anmol/ws_offboard_control/install/manual_key_control/lib/manual_key_control
[0.919s] Installing key_pub script to /home/anmol/ws_offboard_control/install/manual_key_control/lib/manual_key_control
[0.919s] Installing key_server script to /home/anmol/ws_offboard_control/install/manual_key_control/lib/manual_key_control
[0.919s] Installing key_trigger script to /home/anmol/ws_offboard_control/install/manual_key_control/lib/manual_key_control
[0.919s] writing list of installed files to '/home/anmol/ws_offboard_control/build/manual_key_control/install.log'
[0.953s] Invoked command in '/home/anmol/ws_offboard_control/src/manual_key_control' returned '0': PYTHONPATH=/home/anmol/ws_offboard_control/build/manual_key_control/prefix_override:/home/anmol/ws_offboard_control/install/manual_key_control/lib/python3.10/site-packages:${PYTHONPATH} /usr/bin/python3 setup.py egg_info --egg-base ../../build/manual_key_control build --build-base /home/anmol/ws_offboard_control/build/manual_key_control/build install --record /home/anmol/ws_offboard_control/build/manual_key_control/install.log --single-version-externally-managed
