[0.062s] Invoking command in '/home/anmol/ws_offboard_control/build/action_tutorials_interfaces': CMAKE_PREFIX_PATH=${CMAKE_PREFIX_PATH}:/home/anmol/ws_offboard_control/install/manual_key_control:/opt/ros/humble /usr/bin/cmake --build /home/anmol/ws_offboard_control/build/action_tutorials_interfaces -- -j12 -l12
[0.136s] -- Found ament_cmake: 1.3.6 (/opt/ros/humble/share/ament_cmake/cmake)
[0.291s] -- Found ament_lint_auto: 0.12.9 (/opt/ros/humble/share/ament_lint_auto/cmake)
[0.359s] -- Found rosidl_default_generators: 1.2.0 (/opt/ros/humble/share/rosidl_default_generators/cmake)
[0.362s] -- Using all available rosidl_typesupport_c: rosidl_typesupport_fastrtps_c;rosidl_typesupport_introspection_c
[0.365s] -- Found rosidl_adapter: 3.1.5 (/opt/ros/humble/share/rosidl_adapter/cmake)
[0.406s] -- Using all available rosidl_typesupport_cpp: rosidl_typesupport_fastrtps_cpp;rosidl_typesupport_introspection_cpp
[0.733s] -- Found ament_cmake_ros: 0.10.0 (/opt/ros/humble/share/ament_cmake_ros/cmake)
[0.913s] -- Using all available rosidl_typesupport_c: rosidl_typesupport_fastrtps_c;rosidl_typesupport_introspection_c
[1.151s] -- Using all available rosidl_typesupport_cpp: rosidl_typesupport_fastrtps_cpp;rosidl_typesupport_introspection_cpp
[1.173s] -- Found python_cmake_module: 0.10.0 (/opt/ros/humble/share/python_cmake_module/cmake)
[1.197s] -- Using PYTHON_EXECUTABLE: /usr/bin/python3
[1.197s] -- Using PYTHON_INCLUDE_DIRS: /usr/include/python3.10
[1.197s] -- Using PYTHON_LIBRARIES: /usr/lib/x86_64-linux-gnu/libpython3.10.so
[1.220s] -- Added test 'lint_cmake' to check CMake code style
[1.221s] -- Added test 'xmllint' to check XML markup files
[1.228s] -- Configuring done
[1.281s] -- Generating done
[1.284s] -- Build files have been written to: /home/anmol/ws_offboard_control/build/action_tutorials_interfaces
[1.316s] [  2%] [34m[1mGenerating C code for ROS interfaces[0m
[1.328s] [  4%] [34m[1mGenerating C++ code for ROS interfaces[0m
[1.340s] [  4%] Built target ament_cmake_python_copy_action_tutorials_interfaces
[1.566s] running egg_info
[1.567s] writing action_tutorials_interfaces.egg-info/PKG-INFO
[1.567s] writing dependency_links to action_tutorials_interfaces.egg-info/dependency_links.txt
[1.567s] writing top-level names to action_tutorials_interfaces.egg-info/top_level.txt
[1.570s] reading manifest file 'action_tutorials_interfaces.egg-info/SOURCES.txt'
[1.570s] writing manifest file 'action_tutorials_interfaces.egg-info/SOURCES.txt'
[1.603s] [  4%] Built target ament_cmake_python_build_action_tutorials_interfaces_egg
[2.181s] [  4%] Built target action_tutorials_interfaces__cpp
[2.198s] [ 10%] [34m[1mGenerating C++ type support dispatch for ROS interfaces[0m
[2.198s] [ 10%] [34m[1mGenerating C++ type support for eProsima Fast-RTPS[0m
[2.198s] [ 10%] [34m[1mGenerating C++ introspection for ROS interfaces[0m
[2.219s] [35m[1mConsolidate compiler generated dependencies of target action_tutorials_interfaces__rosidl_generator_c[0m
[2.238s] [ 17%] [32mBuilding C object CMakeFiles/action_tutorials_interfaces__rosidl_generator_c.dir/rosidl_generator_c/action_tutorials_interfaces/action/detail/command__functions.c.o[0m
[2.239s] [ 17%] [32mBuilding C object CMakeFiles/action_tutorials_interfaces__rosidl_generator_c.dir/rosidl_generator_c/action_tutorials_interfaces/action/detail/offboard__functions.c.o[0m
[2.239s] [ 17%] [32mBuilding C object CMakeFiles/action_tutorials_interfaces__rosidl_generator_c.dir/rosidl_generator_c/action_tutorials_interfaces/action/detail/fibonacci__functions.c.o[0m
[2.388s] [ 19%] [32m[1mLinking C shared library libaction_tutorials_interfaces__rosidl_generator_c.so[0m
[2.441s] [ 19%] Built target action_tutorials_interfaces__rosidl_generator_c
[2.453s] [ 25%] [34m[1mGenerating C type support dispatch for ROS interfaces[0m
[2.453s] [ 25%] [34m[1mGenerating C introspection for ROS interfaces[0m
[2.454s] [ 25%] [34m[1mGenerating C type support for eProsima Fast-RTPS[0m
[2.802s] [35m[1mConsolidate compiler generated dependencies of target action_tutorials_interfaces__rosidl_typesupport_cpp[0m
[2.831s] [ 27%] [32mBuilding CXX object CMakeFiles/action_tutorials_interfaces__rosidl_typesupport_cpp.dir/rosidl_typesupport_cpp/action_tutorials_interfaces/action/command__type_support.cpp.o[0m
[2.833s] [ 29%] [32mBuilding CXX object CMakeFiles/action_tutorials_interfaces__rosidl_typesupport_cpp.dir/rosidl_typesupport_cpp/action_tutorials_interfaces/action/fibonacci__type_support.cpp.o[0m
[2.834s] [ 31%] [32mBuilding CXX object CMakeFiles/action_tutorials_interfaces__rosidl_typesupport_cpp.dir/rosidl_typesupport_cpp/action_tutorials_interfaces/action/offboard__type_support.cpp.o[0m
[2.953s] [35m[1mConsolidate compiler generated dependencies of target action_tutorials_interfaces__rosidl_typesupport_introspection_cpp[0m
[2.978s] [ 36%] [32mBuilding CXX object CMakeFiles/action_tutorials_interfaces__rosidl_typesupport_introspection_cpp.dir/rosidl_typesupport_introspection_cpp/action_tutorials_interfaces/action/detail/command__type_support.cpp.o[0m
[2.978s] [ 36%] [32mBuilding CXX object CMakeFiles/action_tutorials_interfaces__rosidl_typesupport_introspection_cpp.dir/rosidl_typesupport_introspection_cpp/action_tutorials_interfaces/action/detail/fibonacci__type_support.cpp.o[0m
[2.980s] [ 38%] [32mBuilding CXX object CMakeFiles/action_tutorials_interfaces__rosidl_typesupport_introspection_cpp.dir/rosidl_typesupport_introspection_cpp/action_tutorials_interfaces/action/detail/offboard__type_support.cpp.o[0m
[3.072s] [ 42%] [32mBuilding CXX object CMakeFiles/action_tutorials_interfaces__rosidl_typesupport_c.dir/rosidl_typesupport_c/action_tutorials_interfaces/action/fibonacci__type_support.cpp.o[0m
[3.074s] [ 42%] [32mBuilding CXX object CMakeFiles/action_tutorials_interfaces__rosidl_typesupport_c.dir/rosidl_typesupport_c/action_tutorials_interfaces/action/offboard__type_support.cpp.o[0m
[3.077s] [ 44%] [32mBuilding CXX object CMakeFiles/action_tutorials_interfaces__rosidl_typesupport_c.dir/rosidl_typesupport_c/action_tutorials_interfaces/action/command__type_support.cpp.o[0m
[3.175s] [ 46%] [32m[1mLinking CXX shared library libaction_tutorials_interfaces__rosidl_typesupport_c.so[0m
[3.274s] [35m[1mConsolidate compiler generated dependencies of target action_tutorials_interfaces__rosidl_typesupport_fastrtps_cpp[0m
[3.278s] [ 46%] Built target action_tutorials_interfaces__rosidl_typesupport_c
[3.308s] [ 48%] [32mBuilding CXX object CMakeFiles/action_tutorials_interfaces__rosidl_typesupport_fastrtps_cpp.dir/rosidl_typesupport_fastrtps_cpp/action_tutorials_interfaces/action/detail/dds_fastrtps/fibonacci__type_support.cpp.o[0m
[3.309s] [ 53%] [32mBuilding CXX object CMakeFiles/action_tutorials_interfaces__rosidl_typesupport_fastrtps_cpp.dir/rosidl_typesupport_fastrtps_cpp/action_tutorials_interfaces/action/detail/dds_fastrtps/command__type_support.cpp.o[0m
[3.310s] [ 53%] [32mBuilding CXX object CMakeFiles/action_tutorials_interfaces__rosidl_typesupport_fastrtps_cpp.dir/rosidl_typesupport_fastrtps_cpp/action_tutorials_interfaces/action/detail/dds_fastrtps/offboard__type_support.cpp.o[0m
[3.566s] [ 55%] [32m[1mLinking CXX shared library libaction_tutorials_interfaces__rosidl_typesupport_cpp.so[0m
[3.569s] [ 57%] [32mBuilding C object CMakeFiles/action_tutorials_interfaces__rosidl_typesupport_introspection_c.dir/rosidl_typesupport_introspection_c/action_tutorials_interfaces/action/detail/offboard__type_support.c.o[0m
[3.571s] [ 59%] [32mBuilding C object CMakeFiles/action_tutorials_interfaces__rosidl_typesupport_introspection_c.dir/rosidl_typesupport_introspection_c/action_tutorials_interfaces/action/detail/fibonacci__type_support.c.o[0m
[3.577s] [ 61%] [32mBuilding C object CMakeFiles/action_tutorials_interfaces__rosidl_typesupport_introspection_c.dir/rosidl_typesupport_introspection_c/action_tutorials_interfaces/action/detail/command__type_support.c.o[0m
[3.652s] [ 61%] Built target action_tutorials_interfaces__rosidl_typesupport_cpp
[3.669s] [ 65%] [32mBuilding CXX object CMakeFiles/action_tutorials_interfaces__rosidl_typesupport_fastrtps_c.dir/rosidl_typesupport_fastrtps_c/action_tutorials_interfaces/action/detail/offboard__type_support_c.cpp.o[0m
[3.670s] [ 65%] [32mBuilding CXX object CMakeFiles/action_tutorials_interfaces__rosidl_typesupport_fastrtps_c.dir/rosidl_typesupport_fastrtps_c/action_tutorials_interfaces/action/detail/fibonacci__type_support_c.cpp.o[0m
[3.671s] [ 68%] [32mBuilding CXX object CMakeFiles/action_tutorials_interfaces__rosidl_typesupport_fastrtps_c.dir/rosidl_typesupport_fastrtps_c/action_tutorials_interfaces/action/detail/command__type_support_c.cpp.o[0m
[3.675s] [ 70%] [32m[1mLinking C shared library libaction_tutorials_interfaces__rosidl_typesupport_introspection_c.so[0m
[3.746s] [ 70%] Built target action_tutorials_interfaces__rosidl_typesupport_introspection_c
[3.905s] [ 72%] [32m[1mLinking CXX shared library libaction_tutorials_interfaces__rosidl_typesupport_introspection_cpp.so[0m
[4.079s] [ 72%] Built target action_tutorials_interfaces__rosidl_typesupport_introspection_cpp
[4.124s] [ 74%] [32m[1mLinking CXX shared library libaction_tutorials_interfaces__rosidl_typesupport_fastrtps_cpp.so[0m
[4.156s] [ 76%] [32m[1mLinking CXX shared library libaction_tutorials_interfaces__rosidl_typesupport_fastrtps_c.so[0m
[4.234s] [ 76%] Built target action_tutorials_interfaces__rosidl_typesupport_fastrtps_cpp
[4.269s] [ 76%] Built target action_tutorials_interfaces__rosidl_typesupport_fastrtps_c
[4.294s] [ 76%] Built target action_tutorials_interfaces
[4.320s] [ 78%] [34m[1mGenerating Python code for ROS interfaces[0m
[5.985s] [ 78%] Built target action_tutorials_interfaces__py
[6.011s] [ 80%] [32mBuilding C object CMakeFiles/action_tutorials_interfaces__rosidl_generator_py.dir/rosidl_generator_py/action_tutorials_interfaces/action/_fibonacci_s.c.o[0m
[6.011s] [ 82%] [32mBuilding C object CMakeFiles/action_tutorials_interfaces__rosidl_generator_py.dir/rosidl_generator_py/action_tutorials_interfaces/action/_command_s.c.o[0m
[6.011s] [ 85%] [32mBuilding C object CMakeFiles/action_tutorials_interfaces__rosidl_generator_py.dir/rosidl_generator_py/action_tutorials_interfaces/action/_offboard_s.c.o[0m
[6.178s] [ 87%] [32m[1mLinking C shared library rosidl_generator_py/action_tutorials_interfaces/libaction_tutorials_interfaces__rosidl_generator_py.so[0m
[6.227s] [ 87%] Built target action_tutorials_interfaces__rosidl_generator_py
[6.252s] [ 93%] [32mBuilding C object CMakeFiles/action_tutorials_interfaces__rosidl_typesupport_introspection_c__pyext.dir/rosidl_generator_py/action_tutorials_interfaces/_action_tutorials_interfaces_s.ep.rosidl_typesupport_introspection_c.c.o[0m
[6.252s] [ 93%] [32mBuilding C object CMakeFiles/action_tutorials_interfaces__rosidl_typesupport_c__pyext.dir/rosidl_generator_py/action_tutorials_interfaces/_action_tutorials_interfaces_s.ep.rosidl_typesupport_c.c.o[0m
[6.252s] [ 93%] [32mBuilding C object CMakeFiles/action_tutorials_interfaces__rosidl_typesupport_fastrtps_c__pyext.dir/rosidl_generator_py/action_tutorials_interfaces/_action_tutorials_interfaces_s.ep.rosidl_typesupport_fastrtps_c.c.o[0m
[6.409s] [ 95%] [32m[1mLinking C shared library rosidl_generator_py/action_tutorials_interfaces/action_tutorials_interfaces_s__rosidl_typesupport_c.cpython-310-x86_64-linux-gnu.so[0m
[6.413s] [100%] [32m[1mLinking C shared library rosidl_generator_py/action_tutorials_interfaces/action_tutorials_interfaces_s__rosidl_typesupport_introspection_c.cpython-310-x86_64-linux-gnu.so[0m
[6.413s] [100%] [32m[1mLinking C shared library rosidl_generator_py/action_tutorials_interfaces/action_tutorials_interfaces_s__rosidl_typesupport_fastrtps_c.cpython-310-x86_64-linux-gnu.so[0m
[6.457s] [100%] Built target action_tutorials_interfaces__rosidl_typesupport_c__pyext
[6.462s] [100%] Built target action_tutorials_interfaces__rosidl_typesupport_introspection_c__pyext
[6.462s] [100%] Built target action_tutorials_interfaces__rosidl_typesupport_fastrtps_c__pyext
[6.478s] Invoked command in '/home/anmol/ws_offboard_control/build/action_tutorials_interfaces' returned '0': CMAKE_PREFIX_PATH=${CMAKE_PREFIX_PATH}:/home/anmol/ws_offboard_control/install/manual_key_control:/opt/ros/humble /usr/bin/cmake --build /home/anmol/ws_offboard_control/build/action_tutorials_interfaces -- -j12 -l12
[6.627s] Invoking command in '/home/anmol/ws_offboard_control/build/action_tutorials_interfaces': CMAKE_PREFIX_PATH=${CMAKE_PREFIX_PATH}:/home/anmol/ws_offboard_control/install/manual_key_control:/opt/ros/humble /usr/bin/cmake --install /home/anmol/ws_offboard_control/build/action_tutorials_interfaces
[6.635s] -- Install configuration: ""
[6.636s] -- Installing: /home/anmol/ws_offboard_control/install/action_tutorials_interfaces/share/ament_index/resource_index/rosidl_interfaces/action_tutorials_interfaces
[6.636s] -- Installing: /home/anmol/ws_offboard_control/install/action_tutorials_interfaces/include/action_tutorials_interfaces/action_tutorials_interfaces
[6.636s] -- Installing: /home/anmol/ws_offboard_control/install/action_tutorials_interfaces/include/action_tutorials_interfaces/action_tutorials_interfaces/action
[6.636s] -- Installing: /home/anmol/ws_offboard_control/install/action_tutorials_interfaces/include/action_tutorials_interfaces/action_tutorials_interfaces/action/command.h
[6.636s] -- Installing: /home/anmol/ws_offboard_control/install/action_tutorials_interfaces/include/action_tutorials_interfaces/action_tutorials_interfaces/action/offboard.h
[6.636s] -- Installing: /home/anmol/ws_offboard_control/install/action_tutorials_interfaces/include/action_tutorials_interfaces/action_tutorials_interfaces/action/fibonacci.h
[6.637s] -- Installing: /home/anmol/ws_offboard_control/install/action_tutorials_interfaces/include/action_tutorials_interfaces/action_tutorials_interfaces/action/detail
[6.637s] -- Installing: /home/anmol/ws_offboard_control/install/action_tutorials_interfaces/include/action_tutorials_interfaces/action_tutorials_interfaces/action/detail/command__type_support.h
[6.637s] -- Installing: /home/anmol/ws_offboard_control/install/action_tutorials_interfaces/include/action_tutorials_interfaces/action_tutorials_interfaces/action/detail/command__struct.h
[6.637s] -- Installing: /home/anmol/ws_offboard_control/install/action_tutorials_interfaces/include/action_tutorials_interfaces/action_tutorials_interfaces/action/detail/offboard__functions.h
[6.637s] -- Installing: /home/anmol/ws_offboard_control/install/action_tutorials_interfaces/include/action_tutorials_interfaces/action_tutorials_interfaces/action/detail/command__functions.h
[6.638s] -- Installing: /home/anmol/ws_offboard_control/install/action_tutorials_interfaces/include/action_tutorials_interfaces/action_tutorials_interfaces/action/detail/fibonacci__functions.c
[6.638s] -- Installing: /home/anmol/ws_offboard_control/install/action_tutorials_interfaces/include/action_tutorials_interfaces/action_tutorials_interfaces/action/detail/command__functions.c
[6.638s] -- Installing: /home/anmol/ws_offboard_control/install/action_tutorials_interfaces/include/action_tutorials_interfaces/action_tutorials_interfaces/action/detail/offboard__type_support.h
[6.638s] -- Installing: /home/anmol/ws_offboard_control/install/action_tutorials_interfaces/include/action_tutorials_interfaces/action_tutorials_interfaces/action/detail/offboard__functions.c
[6.638s] -- Installing: /home/anmol/ws_offboard_control/install/action_tutorials_interfaces/include/action_tutorials_interfaces/action_tutorials_interfaces/action/detail/fibonacci__type_support.h
[6.638s] -- Installing: /home/anmol/ws_offboard_control/install/action_tutorials_interfaces/include/action_tutorials_interfaces/action_tutorials_interfaces/action/detail/fibonacci__struct.h
[6.639s] -- Installing: /home/anmol/ws_offboard_control/install/action_tutorials_interfaces/include/action_tutorials_interfaces/action_tutorials_interfaces/action/detail/offboard__struct.h
[6.639s] -- Installing: /home/anmol/ws_offboard_control/install/action_tutorials_interfaces/include/action_tutorials_interfaces/action_tutorials_interfaces/action/detail/fibonacci__functions.h
[6.639s] -- Installing: /home/anmol/ws_offboard_control/install/action_tutorials_interfaces/include/action_tutorials_interfaces/action_tutorials_interfaces/msg
[6.639s] -- Installing: /home/anmol/ws_offboard_control/install/action_tutorials_interfaces/include/action_tutorials_interfaces/action_tutorials_interfaces/msg/rosidl_generator_c__visibility_control.h
[6.639s] -- Installing: /home/anmol/ws_offboard_control/install/action_tutorials_interfaces/share/action_tutorials_interfaces/environment/library_path.sh
[6.639s] -- Installing: /home/anmol/ws_offboard_control/install/action_tutorials_interfaces/share/action_tutorials_interfaces/environment/library_path.dsv
[6.640s] -- Installing: /home/anmol/ws_offboard_control/install/action_tutorials_interfaces/lib/libaction_tutorials_interfaces__rosidl_generator_c.so
[6.640s] -- Set runtime path of "/home/anmol/ws_offboard_control/install/action_tutorials_interfaces/lib/libaction_tutorials_interfaces__rosidl_generator_c.so" to ""
[6.640s] -- Up-to-date: /home/anmol/ws_offboard_control/install/action_tutorials_interfaces/include/action_tutorials_interfaces/action_tutorials_interfaces
[6.640s] -- Up-to-date: /home/anmol/ws_offboard_control/install/action_tutorials_interfaces/include/action_tutorials_interfaces/action_tutorials_interfaces/action
[6.640s] -- Up-to-date: /home/anmol/ws_offboard_control/install/action_tutorials_interfaces/include/action_tutorials_interfaces/action_tutorials_interfaces/action/detail
[6.641s] -- Installing: /home/anmol/ws_offboard_control/install/action_tutorials_interfaces/include/action_tutorials_interfaces/action_tutorials_interfaces/action/detail/fibonacci__rosidl_typesupport_fastrtps_c.h
[6.641s] -- Installing: /home/anmol/ws_offboard_control/install/action_tutorials_interfaces/include/action_tutorials_interfaces/action_tutorials_interfaces/action/detail/command__rosidl_typesupport_fastrtps_c.h
[6.641s] -- Installing: /home/anmol/ws_offboard_control/install/action_tutorials_interfaces/include/action_tutorials_interfaces/action_tutorials_interfaces/action/detail/offboard__rosidl_typesupport_fastrtps_c.h
[6.641s] -- Up-to-date: /home/anmol/ws_offboard_control/install/action_tutorials_interfaces/include/action_tutorials_interfaces/action_tutorials_interfaces/msg
[6.641s] -- Installing: /home/anmol/ws_offboard_control/install/action_tutorials_interfaces/include/action_tutorials_interfaces/action_tutorials_interfaces/msg/rosidl_typesupport_fastrtps_c__visibility_control.h
[6.641s] -- Installing: /home/anmol/ws_offboard_control/install/action_tutorials_interfaces/lib/libaction_tutorials_interfaces__rosidl_typesupport_fastrtps_c.so
[6.642s] -- Set runtime path of "/home/anmol/ws_offboard_control/install/action_tutorials_interfaces/lib/libaction_tutorials_interfaces__rosidl_typesupport_fastrtps_c.so" to ""
[6.642s] -- Up-to-date: /home/anmol/ws_offboard_control/install/action_tutorials_interfaces/include/action_tutorials_interfaces/action_tutorials_interfaces
[6.642s] -- Up-to-date: /home/anmol/ws_offboard_control/install/action_tutorials_interfaces/include/action_tutorials_interfaces/action_tutorials_interfaces/action
[6.642s] -- Up-to-date: /home/anmol/ws_offboard_control/install/action_tutorials_interfaces/include/action_tutorials_interfaces/action_tutorials_interfaces/action/detail
[6.642s] -- Installing: /home/anmol/ws_offboard_control/install/action_tutorials_interfaces/include/action_tutorials_interfaces/action_tutorials_interfaces/action/detail/command__type_support.c
[6.642s] -- Installing: /home/anmol/ws_offboard_control/install/action_tutorials_interfaces/include/action_tutorials_interfaces/action_tutorials_interfaces/action/detail/offboard__rosidl_typesupport_introspection_c.h
[6.642s] -- Installing: /home/anmol/ws_offboard_control/install/action_tutorials_interfaces/include/action_tutorials_interfaces/action_tutorials_interfaces/action/detail/offboard__type_support.c
[6.643s] -- Installing: /home/anmol/ws_offboard_control/install/action_tutorials_interfaces/include/action_tutorials_interfaces/action_tutorials_interfaces/action/detail/command__rosidl_typesupport_introspection_c.h
[6.643s] -- Installing: /home/anmol/ws_offboard_control/install/action_tutorials_interfaces/include/action_tutorials_interfaces/action_tutorials_interfaces/action/detail/fibonacci__rosidl_typesupport_introspection_c.h
[6.643s] -- Installing: /home/anmol/ws_offboard_control/install/action_tutorials_interfaces/include/action_tutorials_interfaces/action_tutorials_interfaces/action/detail/fibonacci__type_support.c
[6.643s] -- Up-to-date: /home/anmol/ws_offboard_control/install/action_tutorials_interfaces/include/action_tutorials_interfaces/action_tutorials_interfaces/msg
[6.644s] -- Installing: /home/anmol/ws_offboard_control/install/action_tutorials_interfaces/include/action_tutorials_interfaces/action_tutorials_interfaces/msg/rosidl_typesupport_introspection_c__visibility_control.h
[6.644s] -- Installing: /home/anmol/ws_offboard_control/install/action_tutorials_interfaces/lib/libaction_tutorials_interfaces__rosidl_typesupport_introspection_c.so
[6.645s] -- Set runtime path of "/home/anmol/ws_offboard_control/install/action_tutorials_interfaces/lib/libaction_tutorials_interfaces__rosidl_typesupport_introspection_c.so" to ""
[6.645s] -- Installing: /home/anmol/ws_offboard_control/install/action_tutorials_interfaces/lib/libaction_tutorials_interfaces__rosidl_typesupport_c.so
[6.646s] -- Set runtime path of "/home/anmol/ws_offboard_control/install/action_tutorials_interfaces/lib/libaction_tutorials_interfaces__rosidl_typesupport_c.so" to ""
[6.646s] -- Up-to-date: /home/anmol/ws_offboard_control/install/action_tutorials_interfaces/include/action_tutorials_interfaces/action_tutorials_interfaces
[6.646s] -- Up-to-date: /home/anmol/ws_offboard_control/install/action_tutorials_interfaces/include/action_tutorials_interfaces/action_tutorials_interfaces/action
[6.646s] -- Up-to-date: /home/anmol/ws_offboard_control/install/action_tutorials_interfaces/include/action_tutorials_interfaces/action_tutorials_interfaces/action/detail
[6.646s] -- Installing: /home/anmol/ws_offboard_control/install/action_tutorials_interfaces/include/action_tutorials_interfaces/action_tutorials_interfaces/action/detail/fibonacci__builder.hpp
[6.648s] -- Installing: /home/anmol/ws_offboard_control/install/action_tutorials_interfaces/include/action_tutorials_interfaces/action_tutorials_interfaces/action/detail/fibonacci__traits.hpp
[6.648s] -- Installing: /home/anmol/ws_offboard_control/install/action_tutorials_interfaces/include/action_tutorials_interfaces/action_tutorials_interfaces/action/detail/command__traits.hpp
[6.648s] -- Installing: /home/anmol/ws_offboard_control/install/action_tutorials_interfaces/include/action_tutorials_interfaces/action_tutorials_interfaces/action/detail/offboard__struct.hpp
[6.648s] -- Installing: /home/anmol/ws_offboard_control/install/action_tutorials_interfaces/include/action_tutorials_interfaces/action_tutorials_interfaces/action/detail/offboard__traits.hpp
[6.648s] -- Installing: /home/anmol/ws_offboard_control/install/action_tutorials_interfaces/include/action_tutorials_interfaces/action_tutorials_interfaces/action/detail/command__builder.hpp
[6.648s] -- Installing: /home/anmol/ws_offboard_control/install/action_tutorials_interfaces/include/action_tutorials_interfaces/action_tutorials_interfaces/action/detail/offboard__builder.hpp
[6.648s] -- Installing: /home/anmol/ws_offboard_control/install/action_tutorials_interfaces/include/action_tutorials_interfaces/action_tutorials_interfaces/action/detail/fibonacci__struct.hpp
[6.649s] -- Installing: /home/anmol/ws_offboard_control/install/action_tutorials_interfaces/include/action_tutorials_interfaces/action_tutorials_interfaces/action/detail/command__struct.hpp
[6.649s] -- Installing: /home/anmol/ws_offboard_control/install/action_tutorials_interfaces/include/action_tutorials_interfaces/action_tutorials_interfaces/action/command.hpp
[6.649s] -- Installing: /home/anmol/ws_offboard_control/install/action_tutorials_interfaces/include/action_tutorials_interfaces/action_tutorials_interfaces/action/offboard.hpp
[6.649s] -- Installing: /home/anmol/ws_offboard_control/install/action_tutorials_interfaces/include/action_tutorials_interfaces/action_tutorials_interfaces/action/fibonacci.hpp
[6.649s] -- Up-to-date: /home/anmol/ws_offboard_control/install/action_tutorials_interfaces/include/action_tutorials_interfaces/action_tutorials_interfaces
[6.649s] -- Up-to-date: /home/anmol/ws_offboard_control/install/action_tutorials_interfaces/include/action_tutorials_interfaces/action_tutorials_interfaces/action
[6.650s] -- Up-to-date: /home/anmol/ws_offboard_control/install/action_tutorials_interfaces/include/action_tutorials_interfaces/action_tutorials_interfaces/action/detail
[6.650s] -- Installing: /home/anmol/ws_offboard_control/install/action_tutorials_interfaces/include/action_tutorials_interfaces/action_tutorials_interfaces/action/detail/command__rosidl_typesupport_fastrtps_cpp.hpp
[6.650s] -- Installing: /home/anmol/ws_offboard_control/install/action_tutorials_interfaces/include/action_tutorials_interfaces/action_tutorials_interfaces/action/detail/offboard__rosidl_typesupport_fastrtps_cpp.hpp
[6.650s] -- Installing: /home/anmol/ws_offboard_control/install/action_tutorials_interfaces/include/action_tutorials_interfaces/action_tutorials_interfaces/action/detail/dds_fastrtps
[6.650s] -- Installing: /home/anmol/ws_offboard_control/install/action_tutorials_interfaces/include/action_tutorials_interfaces/action_tutorials_interfaces/action/detail/fibonacci__rosidl_typesupport_fastrtps_cpp.hpp
[6.650s] -- Up-to-date: /home/anmol/ws_offboard_control/install/action_tutorials_interfaces/include/action_tutorials_interfaces/action_tutorials_interfaces/msg
[6.650s] -- Installing: /home/anmol/ws_offboard_control/install/action_tutorials_interfaces/include/action_tutorials_interfaces/action_tutorials_interfaces/msg/rosidl_typesupport_fastrtps_cpp__visibility_control.h
[6.651s] -- Installing: /home/anmol/ws_offboard_control/install/action_tutorials_interfaces/lib/libaction_tutorials_interfaces__rosidl_typesupport_fastrtps_cpp.so
[6.651s] -- Set runtime path of "/home/anmol/ws_offboard_control/install/action_tutorials_interfaces/lib/libaction_tutorials_interfaces__rosidl_typesupport_fastrtps_cpp.so" to ""
[6.651s] -- Up-to-date: /home/anmol/ws_offboard_control/install/action_tutorials_interfaces/include/action_tutorials_interfaces/action_tutorials_interfaces
[6.651s] -- Up-to-date: /home/anmol/ws_offboard_control/install/action_tutorials_interfaces/include/action_tutorials_interfaces/action_tutorials_interfaces/action
[6.652s] -- Up-to-date: /home/anmol/ws_offboard_control/install/action_tutorials_interfaces/include/action_tutorials_interfaces/action_tutorials_interfaces/action/detail
[6.652s] -- Installing: /home/anmol/ws_offboard_control/install/action_tutorials_interfaces/include/action_tutorials_interfaces/action_tutorials_interfaces/action/detail/command__rosidl_typesupport_introspection_cpp.hpp
[6.652s] -- Installing: /home/anmol/ws_offboard_control/install/action_tutorials_interfaces/include/action_tutorials_interfaces/action_tutorials_interfaces/action/detail/fibonacci__rosidl_typesupport_introspection_cpp.hpp
[6.652s] -- Installing: /home/anmol/ws_offboard_control/install/action_tutorials_interfaces/include/action_tutorials_interfaces/action_tutorials_interfaces/action/detail/fibonacci__type_support.cpp
[6.652s] -- Installing: /home/anmol/ws_offboard_control/install/action_tutorials_interfaces/include/action_tutorials_interfaces/action_tutorials_interfaces/action/detail/offboard__rosidl_typesupport_introspection_cpp.hpp
[6.652s] -- Installing: /home/anmol/ws_offboard_control/install/action_tutorials_interfaces/include/action_tutorials_interfaces/action_tutorials_interfaces/action/detail/command__type_support.cpp
[6.652s] -- Installing: /home/anmol/ws_offboard_control/install/action_tutorials_interfaces/include/action_tutorials_interfaces/action_tutorials_interfaces/action/detail/offboard__type_support.cpp
[6.653s] -- Installing: /home/anmol/ws_offboard_control/install/action_tutorials_interfaces/lib/libaction_tutorials_interfaces__rosidl_typesupport_introspection_cpp.so
[6.653s] -- Set runtime path of "/home/anmol/ws_offboard_control/install/action_tutorials_interfaces/lib/libaction_tutorials_interfaces__rosidl_typesupport_introspection_cpp.so" to ""
[6.653s] -- Installing: /home/anmol/ws_offboard_control/install/action_tutorials_interfaces/lib/libaction_tutorials_interfaces__rosidl_typesupport_cpp.so
[6.654s] -- Set runtime path of "/home/anmol/ws_offboard_control/install/action_tutorials_interfaces/lib/libaction_tutorials_interfaces__rosidl_typesupport_cpp.so" to ""
[6.654s] -- Installing: /home/anmol/ws_offboard_control/install/action_tutorials_interfaces/share/action_tutorials_interfaces/environment/pythonpath.sh
[6.654s] -- Installing: /home/anmol/ws_offboard_control/install/action_tutorials_interfaces/share/action_tutorials_interfaces/environment/pythonpath.dsv
[6.654s] -- Installing: /home/anmol/ws_offboard_control/install/action_tutorials_interfaces/local/lib/python3.10/dist-packages/action_tutorials_interfaces-0.0.0-py3.10.egg-info
[6.655s] -- Installing: /home/anmol/ws_offboard_control/install/action_tutorials_interfaces/local/lib/python3.10/dist-packages/action_tutorials_interfaces-0.0.0-py3.10.egg-info/dependency_links.txt
[6.655s] -- Installing: /home/anmol/ws_offboard_control/install/action_tutorials_interfaces/local/lib/python3.10/dist-packages/action_tutorials_interfaces-0.0.0-py3.10.egg-info/SOURCES.txt
[6.655s] -- Installing: /home/anmol/ws_offboard_control/install/action_tutorials_interfaces/local/lib/python3.10/dist-packages/action_tutorials_interfaces-0.0.0-py3.10.egg-info/PKG-INFO
[6.655s] -- Installing: /home/anmol/ws_offboard_control/install/action_tutorials_interfaces/local/lib/python3.10/dist-packages/action_tutorials_interfaces-0.0.0-py3.10.egg-info/top_level.txt
[6.655s] -- Installing: /home/anmol/ws_offboard_control/install/action_tutorials_interfaces/local/lib/python3.10/dist-packages/action_tutorials_interfaces
[6.655s] -- Installing: /home/anmol/ws_offboard_control/install/action_tutorials_interfaces/local/lib/python3.10/dist-packages/action_tutorials_interfaces/_action_tutorials_interfaces_s.ep.rosidl_typesupport_fastrtps_c.c
[6.656s] -- Installing: /home/anmol/ws_offboard_control/install/action_tutorials_interfaces/local/lib/python3.10/dist-packages/action_tutorials_interfaces/action
[6.656s] -- Installing: /home/anmol/ws_offboard_control/install/action_tutorials_interfaces/local/lib/python3.10/dist-packages/action_tutorials_interfaces/action/_command_s.c
[6.656s] -- Installing: /home/anmol/ws_offboard_control/install/action_tutorials_interfaces/local/lib/python3.10/dist-packages/action_tutorials_interfaces/action/_command.py
[6.656s] -- Installing: /home/anmol/ws_offboard_control/install/action_tutorials_interfaces/local/lib/python3.10/dist-packages/action_tutorials_interfaces/action/__init__.py
[6.656s] -- Installing: /home/anmol/ws_offboard_control/install/action_tutorials_interfaces/local/lib/python3.10/dist-packages/action_tutorials_interfaces/action/_offboard_s.c
[6.656s] -- Installing: /home/anmol/ws_offboard_control/install/action_tutorials_interfaces/local/lib/python3.10/dist-packages/action_tutorials_interfaces/action/_fibonacci_s.c
[6.657s] -- Installing: /home/anmol/ws_offboard_control/install/action_tutorials_interfaces/local/lib/python3.10/dist-packages/action_tutorials_interfaces/action/_offboard.py
[6.657s] -- Installing: /home/anmol/ws_offboard_control/install/action_tutorials_interfaces/local/lib/python3.10/dist-packages/action_tutorials_interfaces/action/_fibonacci.py
[6.657s] -- Installing: /home/anmol/ws_offboard_control/install/action_tutorials_interfaces/local/lib/python3.10/dist-packages/action_tutorials_interfaces/_action_tutorials_interfaces_s.ep.rosidl_typesupport_c.c
[6.658s] -- Installing: /home/anmol/ws_offboard_control/install/action_tutorials_interfaces/local/lib/python3.10/dist-packages/action_tutorials_interfaces/_action_tutorials_interfaces_s.ep.rosidl_typesupport_introspection_c.c
[6.658s] -- Installing: /home/anmol/ws_offboard_control/install/action_tutorials_interfaces/local/lib/python3.10/dist-packages/action_tutorials_interfaces/action_tutorials_interfaces_s__rosidl_typesupport_fastrtps_c.cpython-310-x86_64-linux-gnu.so
[6.658s] -- Installing: /home/anmol/ws_offboard_control/install/action_tutorials_interfaces/local/lib/python3.10/dist-packages/action_tutorials_interfaces/action_tutorials_interfaces_s__rosidl_typesupport_c.cpython-310-x86_64-linux-gnu.so
[6.659s] -- Installing: /home/anmol/ws_offboard_control/install/action_tutorials_interfaces/local/lib/python3.10/dist-packages/action_tutorials_interfaces/__init__.py
[6.659s] -- Installing: /home/anmol/ws_offboard_control/install/action_tutorials_interfaces/local/lib/python3.10/dist-packages/action_tutorials_interfaces/libaction_tutorials_interfaces__rosidl_generator_py.so
[6.659s] -- Installing: /home/anmol/ws_offboard_control/install/action_tutorials_interfaces/local/lib/python3.10/dist-packages/action_tutorials_interfaces/action_tutorials_interfaces_s__rosidl_typesupport_introspection_c.cpython-310-x86_64-linux-gnu.so
[6.705s] Listing '/home/anmol/ws_offboard_control/install/action_tutorials_interfaces/local/lib/python3.10/dist-packages/action_tutorials_interfaces'...
[6.705s] Compiling '/home/anmol/ws_offboard_control/install/action_tutorials_interfaces/local/lib/python3.10/dist-packages/action_tutorials_interfaces/__init__.py'...
[6.705s] Listing '/home/anmol/ws_offboard_control/install/action_tutorials_interfaces/local/lib/python3.10/dist-packages/action_tutorials_interfaces/action'...
[6.705s] Compiling '/home/anmol/ws_offboard_control/install/action_tutorials_interfaces/local/lib/python3.10/dist-packages/action_tutorials_interfaces/action/__init__.py'...
[6.705s] Compiling '/home/anmol/ws_offboard_control/install/action_tutorials_interfaces/local/lib/python3.10/dist-packages/action_tutorials_interfaces/action/_command.py'...
[6.706s] Compiling '/home/anmol/ws_offboard_control/install/action_tutorials_interfaces/local/lib/python3.10/dist-packages/action_tutorials_interfaces/action/_fibonacci.py'...
[6.706s] Compiling '/home/anmol/ws_offboard_control/install/action_tutorials_interfaces/local/lib/python3.10/dist-packages/action_tutorials_interfaces/action/_offboard.py'...
[6.710s] -- Installing: /home/anmol/ws_offboard_control/install/action_tutorials_interfaces/local/lib/python3.10/dist-packages/action_tutorials_interfaces/action_tutorials_interfaces_s__rosidl_typesupport_fastrtps_c.cpython-310-x86_64-linux-gnu.so
[6.710s] -- Set runtime path of "/home/anmol/ws_offboard_control/install/action_tutorials_interfaces/local/lib/python3.10/dist-packages/action_tutorials_interfaces/action_tutorials_interfaces_s__rosidl_typesupport_fastrtps_c.cpython-310-x86_64-linux-gnu.so" to ""
[6.711s] -- Installing: /home/anmol/ws_offboard_control/install/action_tutorials_interfaces/local/lib/python3.10/dist-packages/action_tutorials_interfaces/action_tutorials_interfaces_s__rosidl_typesupport_introspection_c.cpython-310-x86_64-linux-gnu.so
[6.711s] -- Set runtime path of "/home/anmol/ws_offboard_control/install/action_tutorials_interfaces/local/lib/python3.10/dist-packages/action_tutorials_interfaces/action_tutorials_interfaces_s__rosidl_typesupport_introspection_c.cpython-310-x86_64-linux-gnu.so" to ""
[6.712s] -- Installing: /home/anmol/ws_offboard_control/install/action_tutorials_interfaces/local/lib/python3.10/dist-packages/action_tutorials_interfaces/action_tutorials_interfaces_s__rosidl_typesupport_c.cpython-310-x86_64-linux-gnu.so
[6.712s] -- Set runtime path of "/home/anmol/ws_offboard_control/install/action_tutorials_interfaces/local/lib/python3.10/dist-packages/action_tutorials_interfaces/action_tutorials_interfaces_s__rosidl_typesupport_c.cpython-310-x86_64-linux-gnu.so" to ""
[6.712s] -- Installing: /home/anmol/ws_offboard_control/install/action_tutorials_interfaces/lib/libaction_tutorials_interfaces__rosidl_generator_py.so
[6.712s] -- Set runtime path of "/home/anmol/ws_offboard_control/install/action_tutorials_interfaces/lib/libaction_tutorials_interfaces__rosidl_generator_py.so" to ""
[6.712s] -- Installing: /home/anmol/ws_offboard_control/install/action_tutorials_interfaces/share/action_tutorials_interfaces/action/Fibonacci.idl
[6.713s] -- Installing: /home/anmol/ws_offboard_control/install/action_tutorials_interfaces/share/action_tutorials_interfaces/action/Offboard.idl
[6.713s] -- Installing: /home/anmol/ws_offboard_control/install/action_tutorials_interfaces/share/action_tutorials_interfaces/action/Command.idl
[6.713s] -- Installing: /home/anmol/ws_offboard_control/install/action_tutorials_interfaces/share/action_tutorials_interfaces/action/Fibonacci.action
[6.713s] -- Installing: /home/anmol/ws_offboard_control/install/action_tutorials_interfaces/share/action_tutorials_interfaces/action/Offboard.action
[6.713s] -- Installing: /home/anmol/ws_offboard_control/install/action_tutorials_interfaces/share/action_tutorials_interfaces/action/Command.action
[6.713s] -- Installing: /home/anmol/ws_offboard_control/install/action_tutorials_interfaces/share/ament_index/resource_index/package_run_dependencies/action_tutorials_interfaces
[6.713s] -- Installing: /home/anmol/ws_offboard_control/install/action_tutorials_interfaces/share/ament_index/resource_index/parent_prefix_path/action_tutorials_interfaces
[6.714s] -- Installing: /home/anmol/ws_offboard_control/install/action_tutorials_interfaces/share/action_tutorials_interfaces/environment/ament_prefix_path.sh
[6.714s] -- Installing: /home/anmol/ws_offboard_control/install/action_tutorials_interfaces/share/action_tutorials_interfaces/environment/ament_prefix_path.dsv
[6.714s] -- Installing: /home/anmol/ws_offboard_control/install/action_tutorials_interfaces/share/action_tutorials_interfaces/environment/path.sh
[6.714s] -- Installing: /home/anmol/ws_offboard_control/install/action_tutorials_interfaces/share/action_tutorials_interfaces/environment/path.dsv
[6.714s] -- Installing: /home/anmol/ws_offboard_control/install/action_tutorials_interfaces/share/action_tutorials_interfaces/local_setup.bash
[6.714s] -- Installing: /home/anmol/ws_offboard_control/install/action_tutorials_interfaces/share/action_tutorials_interfaces/local_setup.sh
[6.714s] -- Installing: /home/anmol/ws_offboard_control/install/action_tutorials_interfaces/share/action_tutorials_interfaces/local_setup.zsh
[6.715s] -- Installing: /home/anmol/ws_offboard_control/install/action_tutorials_interfaces/share/action_tutorials_interfaces/local_setup.dsv
[6.715s] -- Installing: /home/anmol/ws_offboard_control/install/action_tutorials_interfaces/share/action_tutorials_interfaces/package.dsv
[6.715s] -- Installing: /home/anmol/ws_offboard_control/install/action_tutorials_interfaces/share/ament_index/resource_index/packages/action_tutorials_interfaces
[6.715s] -- Installing: /home/anmol/ws_offboard_control/install/action_tutorials_interfaces/share/action_tutorials_interfaces/cmake/export_action_tutorials_interfaces__rosidl_generator_cExport.cmake
[6.715s] -- Installing: /home/anmol/ws_offboard_control/install/action_tutorials_interfaces/share/action_tutorials_interfaces/cmake/export_action_tutorials_interfaces__rosidl_generator_cExport-noconfig.cmake
[6.715s] -- Installing: /home/anmol/ws_offboard_control/install/action_tutorials_interfaces/share/action_tutorials_interfaces/cmake/export_action_tutorials_interfaces__rosidl_typesupport_fastrtps_cExport.cmake
[6.716s] -- Installing: /home/anmol/ws_offboard_control/install/action_tutorials_interfaces/share/action_tutorials_interfaces/cmake/export_action_tutorials_interfaces__rosidl_typesupport_fastrtps_cExport-noconfig.cmake
[6.716s] -- Installing: /home/anmol/ws_offboard_control/install/action_tutorials_interfaces/share/action_tutorials_interfaces/cmake/action_tutorials_interfaces__rosidl_typesupport_introspection_cExport.cmake
[6.716s] -- Installing: /home/anmol/ws_offboard_control/install/action_tutorials_interfaces/share/action_tutorials_interfaces/cmake/action_tutorials_interfaces__rosidl_typesupport_introspection_cExport-noconfig.cmake
[6.716s] -- Installing: /home/anmol/ws_offboard_control/install/action_tutorials_interfaces/share/action_tutorials_interfaces/cmake/action_tutorials_interfaces__rosidl_typesupport_cExport.cmake
[6.716s] -- Installing: /home/anmol/ws_offboard_control/install/action_tutorials_interfaces/share/action_tutorials_interfaces/cmake/action_tutorials_interfaces__rosidl_typesupport_cExport-noconfig.cmake
[6.716s] -- Installing: /home/anmol/ws_offboard_control/install/action_tutorials_interfaces/share/action_tutorials_interfaces/cmake/export_action_tutorials_interfaces__rosidl_generator_cppExport.cmake
[6.716s] -- Installing: /home/anmol/ws_offboard_control/install/action_tutorials_interfaces/share/action_tutorials_interfaces/cmake/export_action_tutorials_interfaces__rosidl_typesupport_fastrtps_cppExport.cmake
[6.717s] -- Installing: /home/anmol/ws_offboard_control/install/action_tutorials_interfaces/share/action_tutorials_interfaces/cmake/export_action_tutorials_interfaces__rosidl_typesupport_fastrtps_cppExport-noconfig.cmake
[6.717s] -- Installing: /home/anmol/ws_offboard_control/install/action_tutorials_interfaces/share/action_tutorials_interfaces/cmake/action_tutorials_interfaces__rosidl_typesupport_introspection_cppExport.cmake
[6.717s] -- Installing: /home/anmol/ws_offboard_control/install/action_tutorials_interfaces/share/action_tutorials_interfaces/cmake/action_tutorials_interfaces__rosidl_typesupport_introspection_cppExport-noconfig.cmake
[6.717s] -- Installing: /home/anmol/ws_offboard_control/install/action_tutorials_interfaces/share/action_tutorials_interfaces/cmake/action_tutorials_interfaces__rosidl_typesupport_cppExport.cmake
[6.717s] -- Installing: /home/anmol/ws_offboard_control/install/action_tutorials_interfaces/share/action_tutorials_interfaces/cmake/action_tutorials_interfaces__rosidl_typesupport_cppExport-noconfig.cmake
[6.717s] -- Installing: /home/anmol/ws_offboard_control/install/action_tutorials_interfaces/share/action_tutorials_interfaces/cmake/export_action_tutorials_interfaces__rosidl_generator_pyExport.cmake
[6.717s] -- Installing: /home/anmol/ws_offboard_control/install/action_tutorials_interfaces/share/action_tutorials_interfaces/cmake/export_action_tutorials_interfaces__rosidl_generator_pyExport-noconfig.cmake
[6.718s] -- Installing: /home/anmol/ws_offboard_control/install/action_tutorials_interfaces/share/action_tutorials_interfaces/cmake/rosidl_cmake-extras.cmake
[6.718s] -- Installing: /home/anmol/ws_offboard_control/install/action_tutorials_interfaces/share/action_tutorials_interfaces/cmake/ament_cmake_export_dependencies-extras.cmake
[6.718s] -- Installing: /home/anmol/ws_offboard_control/install/action_tutorials_interfaces/share/action_tutorials_interfaces/cmake/ament_cmake_export_include_directories-extras.cmake
[6.718s] -- Installing: /home/anmol/ws_offboard_control/install/action_tutorials_interfaces/share/action_tutorials_interfaces/cmake/ament_cmake_export_libraries-extras.cmake
[6.718s] -- Installing: /home/anmol/ws_offboard_control/install/action_tutorials_interfaces/share/action_tutorials_interfaces/cmake/ament_cmake_export_targets-extras.cmake
[6.718s] -- Installing: /home/anmol/ws_offboard_control/install/action_tutorials_interfaces/share/action_tutorials_interfaces/cmake/rosidl_cmake_export_typesupport_targets-extras.cmake
[6.719s] -- Installing: /home/anmol/ws_offboard_control/install/action_tutorials_interfaces/share/action_tutorials_interfaces/cmake/rosidl_cmake_export_typesupport_libraries-extras.cmake
[6.719s] -- Installing: /home/anmol/ws_offboard_control/install/action_tutorials_interfaces/share/action_tutorials_interfaces/cmake/action_tutorials_interfacesConfig.cmake
[6.719s] -- Installing: /home/anmol/ws_offboard_control/install/action_tutorials_interfaces/share/action_tutorials_interfaces/cmake/action_tutorials_interfacesConfig-version.cmake
[6.719s] -- Installing: /home/anmol/ws_offboard_control/install/action_tutorials_interfaces/share/action_tutorials_interfaces/package.xml
[6.722s] Invoked command in '/home/anmol/ws_offboard_control/build/action_tutorials_interfaces' returned '0': CMAKE_PREFIX_PATH=${CMAKE_PREFIX_PATH}:/home/anmol/ws_offboard_control/install/manual_key_control:/opt/ros/humble /usr/bin/cmake --install /home/anmol/ws_offboard_control/build/action_tutorials_interfaces
