-- Found ament_cmake: 1.3.6 (/opt/ros/humble/share/ament_cmake/cmake)
-- Found ament_lint_auto: 0.12.9 (/opt/ros/humble/share/ament_lint_auto/cmake)
-- Found rosidl_default_generators: 1.2.0 (/opt/ros/humble/share/rosidl_default_generators/cmake)
-- Using all available rosidl_typesupport_c: rosidl_typesupport_fastrtps_c;rosidl_typesupport_introspection_c
-- Found rosidl_adapter: 3.1.5 (/opt/ros/humble/share/rosidl_adapter/cmake)
-- Using all available rosidl_typesupport_cpp: rosidl_typesupport_fastrtps_cpp;rosidl_typesupport_introspection_cpp
-- Found ament_cmake_ros: 0.10.0 (/opt/ros/humble/share/ament_cmake_ros/cmake)
-- Using all available rosidl_typesupport_c: rosidl_typesupport_fastrtps_c;rosidl_typesupport_introspection_c
-- Using all available rosidl_typesupport_cpp: rosidl_typesupport_fastrtps_cpp;rosidl_typesupport_introspection_cpp
-- Found PythonInterp: /usr/bin/python3 (found suitable version "3.10.12", minimum required is "3.6") 
-- Found python_cmake_module: 0.10.0 (/opt/ros/humble/share/python_cmake_module/cmake)
-- Found PythonLibs: /usr/lib/x86_64-linux-gnu/libpython3.10.so (found suitable version "3.10.12", minimum required is "3.5") 
-- Using PYTHON_EXECUTABLE: /usr/bin/python3
-- Using PYTHON_INCLUDE_DIRS: /usr/include/python3.10
-- Using PYTHON_LIBRARIES: /usr/lib/x86_64-linux-gnu/libpython3.10.so
-- Found PythonExtra: .so  
-- Added test 'lint_cmake' to check CMake code style
-- Added test 'xmllint' to check XML markup files
-- Configuring done
-- Generating done
-- Build files have been written to: /home/anmol/ws_offboard_control/build/action_tutorials_interfaces
[  2%] [34m[1mGenerating C code for ROS interfaces[0m
[  4%] [34m[1mGenerating C++ code for ROS interfaces[0m
[  4%] Built target ament_cmake_python_copy_action_tutorials_interfaces
running egg_info
creating action_tutorials_interfaces.egg-info
writing action_tutorials_interfaces.egg-info/PKG-INFO
writing dependency_links to action_tutorials_interfaces.egg-info/dependency_links.txt
writing top-level names to action_tutorials_interfaces.egg-info/top_level.txt
writing manifest file 'action_tutorials_interfaces.egg-info/SOURCES.txt'
reading manifest file 'action_tutorials_interfaces.egg-info/SOURCES.txt'
writing manifest file 'action_tutorials_interfaces.egg-info/SOURCES.txt'
[  4%] Built target ament_cmake_python_build_action_tutorials_interfaces_egg
[  4%] Built target action_tutorials_interfaces__cpp
[ 10%] [34m[1mGenerating C++ type support for eProsima Fast-RTPS[0m
[ 10%] [34m[1mGenerating C++ introspection for ROS interfaces[0m
[ 10%] [34m[1mGenerating C++ type support dispatch for ROS interfaces[0m
[ 14%] [32mBuilding C object CMakeFiles/action_tutorials_interfaces__rosidl_generator_c.dir/rosidl_generator_c/action_tutorials_interfaces/action/detail/fibonacci__functions.c.o[0m
[ 14%] [32mBuilding C object CMakeFiles/action_tutorials_interfaces__rosidl_generator_c.dir/rosidl_generator_c/action_tutorials_interfaces/action/detail/command__functions.c.o[0m
[ 17%] [32mBuilding C object CMakeFiles/action_tutorials_interfaces__rosidl_generator_c.dir/rosidl_generator_c/action_tutorials_interfaces/action/detail/offboard__functions.c.o[0m
[ 19%] [32mBuilding CXX object CMakeFiles/action_tutorials_interfaces__rosidl_typesupport_introspection_cpp.dir/rosidl_typesupport_introspection_cpp/action_tutorials_interfaces/action/detail/fibonacci__type_support.cpp.o[0m
[ 21%] [32mBuilding CXX object CMakeFiles/action_tutorials_interfaces__rosidl_typesupport_introspection_cpp.dir/rosidl_typesupport_introspection_cpp/action_tutorials_interfaces/action/detail/offboard__type_support.cpp.o[0m
[ 23%] [32mBuilding CXX object CMakeFiles/action_tutorials_interfaces__rosidl_typesupport_introspection_cpp.dir/rosidl_typesupport_introspection_cpp/action_tutorials_interfaces/action/detail/command__type_support.cpp.o[0m
[ 25%] [32mBuilding CXX object CMakeFiles/action_tutorials_interfaces__rosidl_typesupport_cpp.dir/rosidl_typesupport_cpp/action_tutorials_interfaces/action/offboard__type_support.cpp.o[0m
[ 29%] [32mBuilding CXX object CMakeFiles/action_tutorials_interfaces__rosidl_typesupport_cpp.dir/rosidl_typesupport_cpp/action_tutorials_interfaces/action/command__type_support.cpp.o[0m
[ 29%] [32mBuilding CXX object CMakeFiles/action_tutorials_interfaces__rosidl_typesupport_cpp.dir/rosidl_typesupport_cpp/action_tutorials_interfaces/action/fibonacci__type_support.cpp.o[0m
[ 36%] [32mBuilding CXX object CMakeFiles/action_tutorials_interfaces__rosidl_typesupport_fastrtps_cpp.dir/rosidl_typesupport_fastrtps_cpp/action_tutorials_interfaces/action/detail/dds_fastrtps/fibonacci__type_support.cpp.o[0m
[ 36%] [32mBuilding CXX object CMakeFiles/action_tutorials_interfaces__rosidl_typesupport_fastrtps_cpp.dir/rosidl_typesupport_fastrtps_cpp/action_tutorials_interfaces/action/detail/dds_fastrtps/offboard__type_support.cpp.o[0m
[ 36%] [32mBuilding CXX object CMakeFiles/action_tutorials_interfaces__rosidl_typesupport_fastrtps_cpp.dir/rosidl_typesupport_fastrtps_cpp/action_tutorials_interfaces/action/detail/dds_fastrtps/command__type_support.cpp.o[0m
