[0.125s] Invoking command in '/home/anmol/ws_offboard_control/build/action_tutorials_interfaces': CMAKE_PREFIX_PATH=${CMAKE_PREFIX_PATH}:/home/anmol/ws_offboard_control/install/manual_key_control:/opt/ros/humble /usr/bin/cmake --build /home/anmol/ws_offboard_control/build/action_tutorials_interfaces -- -j12 -l12
[0.230s] [  2%] Built target action_tutorials_interfaces__cpp
[0.232s] [ 12%] Built target action_tutorials_interfaces__rosidl_generator_c
[0.263s] [ 12%] Built target ament_cmake_python_copy_action_tutorials_interfaces
[0.280s] [ 23%] Built target action_tutorials_interfaces__rosidl_typesupport_introspection_cpp
[0.283s] [ 35%] Built target action_tutorials_interfaces__rosidl_typesupport_introspection_c
[0.283s] [ 43%] Built target action_tutorials_interfaces__rosidl_typesupport_fastrtps_cpp
[0.284s] [ 74%] Built target action_tutorials_interfaces__rosidl_typesupport_c
[0.284s] [ 74%] Built target action_tutorials_interfaces__rosidl_typesupport_cpp
[0.284s] [ 74%] Built target action_tutorials_interfaces__rosidl_typesupport_fastrtps_c
[0.331s] [ 74%] Built target action_tutorials_interfaces
[0.378s] [ 76%] Built target action_tutorials_interfaces__py
[0.424s] [ 84%] Built target action_tutorials_interfaces__rosidl_generator_py
[0.465s] [ 94%] Built target action_tutorials_interfaces__rosidl_typesupport_fastrtps_c__pyext
[0.466s] [ 94%] Built target action_tutorials_interfaces__rosidl_typesupport_c__pyext
[0.466s] [100%] Built target action_tutorials_interfaces__rosidl_typesupport_introspection_c__pyext
[0.598s] running egg_info
[0.599s] writing action_tutorials_interfaces.egg-info/PKG-INFO
[0.600s] writing dependency_links to action_tutorials_interfaces.egg-info/dependency_links.txt
[0.600s] writing top-level names to action_tutorials_interfaces.egg-info/top_level.txt
[0.603s] reading manifest file 'action_tutorials_interfaces.egg-info/SOURCES.txt'
[0.611s] writing manifest file 'action_tutorials_interfaces.egg-info/SOURCES.txt'
[0.666s] [100%] Built target ament_cmake_python_build_action_tutorials_interfaces_egg
[0.689s] Invoked command in '/home/anmol/ws_offboard_control/build/action_tutorials_interfaces' returned '0': CMAKE_PREFIX_PATH=${CMAKE_PREFIX_PATH}:/home/anmol/ws_offboard_control/install/manual_key_control:/opt/ros/humble /usr/bin/cmake --build /home/anmol/ws_offboard_control/build/action_tutorials_interfaces -- -j12 -l12
[0.874s] Invoking command in '/home/anmol/ws_offboard_control/build/action_tutorials_interfaces': CMAKE_PREFIX_PATH=${CMAKE_PREFIX_PATH}:/home/anmol/ws_offboard_control/install/manual_key_control:/opt/ros/humble /usr/bin/cmake --install /home/anmol/ws_offboard_control/build/action_tutorials_interfaces
[0.899s] -- Install configuration: ""
[0.899s] -- Up-to-date: /home/anmol/ws_offboard_control/install/action_tutorials_interfaces/share/ament_index/resource_index/rosidl_interfaces/action_tutorials_interfaces
[0.900s] -- Up-to-date: /home/anmol/ws_offboard_control/install/action_tutorials_interfaces/include/action_tutorials_interfaces/action_tutorials_interfaces
[0.900s] -- Up-to-date: /home/anmol/ws_offboard_control/install/action_tutorials_interfaces/include/action_tutorials_interfaces/action_tutorials_interfaces/action
[0.900s] -- Up-to-date: /home/anmol/ws_offboard_control/install/action_tutorials_interfaces/include/action_tutorials_interfaces/action_tutorials_interfaces/action/command.h
[0.900s] -- Up-to-date: /home/anmol/ws_offboard_control/install/action_tutorials_interfaces/include/action_tutorials_interfaces/action_tutorials_interfaces/action/offboard.h
[0.900s] -- Up-to-date: /home/anmol/ws_offboard_control/install/action_tutorials_interfaces/include/action_tutorials_interfaces/action_tutorials_interfaces/action/fibonacci.h
[0.900s] -- Up-to-date: /home/anmol/ws_offboard_control/install/action_tutorials_interfaces/include/action_tutorials_interfaces/action_tutorials_interfaces/action/detail
[0.900s] -- Up-to-date: /home/anmol/ws_offboard_control/install/action_tutorials_interfaces/include/action_tutorials_interfaces/action_tutorials_interfaces/action/detail/command__type_support.h
[0.901s] -- Up-to-date: /home/anmol/ws_offboard_control/install/action_tutorials_interfaces/include/action_tutorials_interfaces/action_tutorials_interfaces/action/detail/command__struct.h
[0.901s] -- Up-to-date: /home/anmol/ws_offboard_control/install/action_tutorials_interfaces/include/action_tutorials_interfaces/action_tutorials_interfaces/action/detail/offboard__functions.h
[0.901s] -- Up-to-date: /home/anmol/ws_offboard_control/install/action_tutorials_interfaces/include/action_tutorials_interfaces/action_tutorials_interfaces/action/detail/command__functions.h
[0.901s] -- Up-to-date: /home/anmol/ws_offboard_control/install/action_tutorials_interfaces/include/action_tutorials_interfaces/action_tutorials_interfaces/action/detail/fibonacci__functions.c
[0.901s] -- Up-to-date: /home/anmol/ws_offboard_control/install/action_tutorials_interfaces/include/action_tutorials_interfaces/action_tutorials_interfaces/action/detail/command__functions.c
[0.901s] -- Up-to-date: /home/anmol/ws_offboard_control/install/action_tutorials_interfaces/include/action_tutorials_interfaces/action_tutorials_interfaces/action/detail/offboard__type_support.h
[0.901s] -- Up-to-date: /home/anmol/ws_offboard_control/install/action_tutorials_interfaces/include/action_tutorials_interfaces/action_tutorials_interfaces/action/detail/offboard__functions.c
[0.901s] -- Up-to-date: /home/anmol/ws_offboard_control/install/action_tutorials_interfaces/include/action_tutorials_interfaces/action_tutorials_interfaces/action/detail/fibonacci__type_support.h
[0.901s] -- Up-to-date: /home/anmol/ws_offboard_control/install/action_tutorials_interfaces/include/action_tutorials_interfaces/action_tutorials_interfaces/action/detail/fibonacci__struct.h
[0.902s] -- Up-to-date: /home/anmol/ws_offboard_control/install/action_tutorials_interfaces/include/action_tutorials_interfaces/action_tutorials_interfaces/action/detail/offboard__struct.h
[0.902s] -- Up-to-date: /home/anmol/ws_offboard_control/install/action_tutorials_interfaces/include/action_tutorials_interfaces/action_tutorials_interfaces/action/detail/fibonacci__functions.h
[0.902s] -- Up-to-date: /home/anmol/ws_offboard_control/install/action_tutorials_interfaces/include/action_tutorials_interfaces/action_tutorials_interfaces/msg
[0.902s] -- Up-to-date: /home/anmol/ws_offboard_control/install/action_tutorials_interfaces/include/action_tutorials_interfaces/action_tutorials_interfaces/msg/rosidl_generator_c__visibility_control.h
[0.902s] -- Up-to-date: /home/anmol/ws_offboard_control/install/action_tutorials_interfaces/share/action_tutorials_interfaces/environment/library_path.sh
[0.902s] -- Up-to-date: /home/anmol/ws_offboard_control/install/action_tutorials_interfaces/share/action_tutorials_interfaces/environment/library_path.dsv
[0.902s] -- Up-to-date: /home/anmol/ws_offboard_control/install/action_tutorials_interfaces/lib/libaction_tutorials_interfaces__rosidl_generator_c.so
[0.902s] -- Up-to-date: /home/anmol/ws_offboard_control/install/action_tutorials_interfaces/include/action_tutorials_interfaces/action_tutorials_interfaces
[0.902s] -- Up-to-date: /home/anmol/ws_offboard_control/install/action_tutorials_interfaces/include/action_tutorials_interfaces/action_tutorials_interfaces/action
[0.902s] -- Up-to-date: /home/anmol/ws_offboard_control/install/action_tutorials_interfaces/include/action_tutorials_interfaces/action_tutorials_interfaces/action/detail
[0.902s] -- Up-to-date: /home/anmol/ws_offboard_control/install/action_tutorials_interfaces/include/action_tutorials_interfaces/action_tutorials_interfaces/action/detail/fibonacci__rosidl_typesupport_fastrtps_c.h
[0.903s] -- Up-to-date: /home/anmol/ws_offboard_control/install/action_tutorials_interfaces/include/action_tutorials_interfaces/action_tutorials_interfaces/action/detail/command__rosidl_typesupport_fastrtps_c.h
[0.903s] -- Up-to-date: /home/anmol/ws_offboard_control/install/action_tutorials_interfaces/include/action_tutorials_interfaces/action_tutorials_interfaces/action/detail/offboard__rosidl_typesupport_fastrtps_c.h
[0.903s] -- Up-to-date: /home/anmol/ws_offboard_control/install/action_tutorials_interfaces/include/action_tutorials_interfaces/action_tutorials_interfaces/msg
[0.903s] -- Up-to-date: /home/anmol/ws_offboard_control/install/action_tutorials_interfaces/include/action_tutorials_interfaces/action_tutorials_interfaces/msg/rosidl_typesupport_fastrtps_c__visibility_control.h
[0.903s] -- Up-to-date: /home/anmol/ws_offboard_control/install/action_tutorials_interfaces/lib/libaction_tutorials_interfaces__rosidl_typesupport_fastrtps_c.so
[0.903s] -- Up-to-date: /home/anmol/ws_offboard_control/install/action_tutorials_interfaces/include/action_tutorials_interfaces/action_tutorials_interfaces
[0.903s] -- Up-to-date: /home/anmol/ws_offboard_control/install/action_tutorials_interfaces/include/action_tutorials_interfaces/action_tutorials_interfaces/action
[0.903s] -- Up-to-date: /home/anmol/ws_offboard_control/install/action_tutorials_interfaces/include/action_tutorials_interfaces/action_tutorials_interfaces/action/detail
[0.903s] -- Up-to-date: /home/anmol/ws_offboard_control/install/action_tutorials_interfaces/include/action_tutorials_interfaces/action_tutorials_interfaces/action/detail/command__type_support.c
[0.904s] -- Up-to-date: /home/anmol/ws_offboard_control/install/action_tutorials_interfaces/include/action_tutorials_interfaces/action_tutorials_interfaces/action/detail/offboard__rosidl_typesupport_introspection_c.h
[0.904s] -- Up-to-date: /home/anmol/ws_offboard_control/install/action_tutorials_interfaces/include/action_tutorials_interfaces/action_tutorials_interfaces/action/detail/offboard__type_support.c
[0.904s] -- Up-to-date: /home/anmol/ws_offboard_control/install/action_tutorials_interfaces/include/action_tutorials_interfaces/action_tutorials_interfaces/action/detail/command__rosidl_typesupport_introspection_c.h
[0.904s] -- Up-to-date: /home/anmol/ws_offboard_control/install/action_tutorials_interfaces/include/action_tutorials_interfaces/action_tutorials_interfaces/action/detail/fibonacci__rosidl_typesupport_introspection_c.h
[0.904s] -- Up-to-date: /home/anmol/ws_offboard_control/install/action_tutorials_interfaces/include/action_tutorials_interfaces/action_tutorials_interfaces/action/detail/fibonacci__type_support.c
[0.904s] -- Up-to-date: /home/anmol/ws_offboard_control/install/action_tutorials_interfaces/include/action_tutorials_interfaces/action_tutorials_interfaces/msg
[0.904s] -- Up-to-date: /home/anmol/ws_offboard_control/install/action_tutorials_interfaces/include/action_tutorials_interfaces/action_tutorials_interfaces/msg/rosidl_typesupport_introspection_c__visibility_control.h
[0.904s] -- Up-to-date: /home/anmol/ws_offboard_control/install/action_tutorials_interfaces/lib/libaction_tutorials_interfaces__rosidl_typesupport_introspection_c.so
[0.904s] -- Up-to-date: /home/anmol/ws_offboard_control/install/action_tutorials_interfaces/lib/libaction_tutorials_interfaces__rosidl_typesupport_c.so
[0.905s] -- Up-to-date: /home/anmol/ws_offboard_control/install/action_tutorials_interfaces/include/action_tutorials_interfaces/action_tutorials_interfaces
[0.905s] -- Up-to-date: /home/anmol/ws_offboard_control/install/action_tutorials_interfaces/include/action_tutorials_interfaces/action_tutorials_interfaces/action
[0.905s] -- Up-to-date: /home/anmol/ws_offboard_control/install/action_tutorials_interfaces/include/action_tutorials_interfaces/action_tutorials_interfaces/action/detail
[0.905s] -- Up-to-date: /home/anmol/ws_offboard_control/install/action_tutorials_interfaces/include/action_tutorials_interfaces/action_tutorials_interfaces/action/detail/fibonacci__builder.hpp
[0.906s] -- Up-to-date: /home/anmol/ws_offboard_control/install/action_tutorials_interfaces/include/action_tutorials_interfaces/action_tutorials_interfaces/action/detail/fibonacci__traits.hpp
[0.906s] -- Up-to-date: /home/anmol/ws_offboard_control/install/action_tutorials_interfaces/include/action_tutorials_interfaces/action_tutorials_interfaces/action/detail/command__traits.hpp
[0.906s] -- Up-to-date: /home/anmol/ws_offboard_control/install/action_tutorials_interfaces/include/action_tutorials_interfaces/action_tutorials_interfaces/action/detail/offboard__struct.hpp
[0.906s] -- Up-to-date: /home/anmol/ws_offboard_control/install/action_tutorials_interfaces/include/action_tutorials_interfaces/action_tutorials_interfaces/action/detail/offboard__traits.hpp
[0.906s] -- Up-to-date: /home/anmol/ws_offboard_control/install/action_tutorials_interfaces/include/action_tutorials_interfaces/action_tutorials_interfaces/action/detail/command__builder.hpp
[0.906s] -- Up-to-date: /home/anmol/ws_offboard_control/install/action_tutorials_interfaces/include/action_tutorials_interfaces/action_tutorials_interfaces/action/detail/offboard__builder.hpp
[0.906s] -- Up-to-date: /home/anmol/ws_offboard_control/install/action_tutorials_interfaces/include/action_tutorials_interfaces/action_tutorials_interfaces/action/detail/fibonacci__struct.hpp
[0.906s] -- Up-to-date: /home/anmol/ws_offboard_control/install/action_tutorials_interfaces/include/action_tutorials_interfaces/action_tutorials_interfaces/action/detail/command__struct.hpp
[0.906s] -- Up-to-date: /home/anmol/ws_offboard_control/install/action_tutorials_interfaces/include/action_tutorials_interfaces/action_tutorials_interfaces/action/command.hpp
[0.906s] -- Up-to-date: /home/anmol/ws_offboard_control/install/action_tutorials_interfaces/include/action_tutorials_interfaces/action_tutorials_interfaces/action/offboard.hpp
[0.906s] -- Up-to-date: /home/anmol/ws_offboard_control/install/action_tutorials_interfaces/include/action_tutorials_interfaces/action_tutorials_interfaces/action/fibonacci.hpp
[0.907s] -- Up-to-date: /home/anmol/ws_offboard_control/install/action_tutorials_interfaces/include/action_tutorials_interfaces/action_tutorials_interfaces
[0.907s] -- Up-to-date: /home/anmol/ws_offboard_control/install/action_tutorials_interfaces/include/action_tutorials_interfaces/action_tutorials_interfaces/action
[0.907s] -- Up-to-date: /home/anmol/ws_offboard_control/install/action_tutorials_interfaces/include/action_tutorials_interfaces/action_tutorials_interfaces/action/detail
[0.907s] -- Up-to-date: /home/anmol/ws_offboard_control/install/action_tutorials_interfaces/include/action_tutorials_interfaces/action_tutorials_interfaces/action/detail/command__rosidl_typesupport_fastrtps_cpp.hpp
[0.907s] -- Up-to-date: /home/anmol/ws_offboard_control/install/action_tutorials_interfaces/include/action_tutorials_interfaces/action_tutorials_interfaces/action/detail/offboard__rosidl_typesupport_fastrtps_cpp.hpp
[0.907s] -- Up-to-date: /home/anmol/ws_offboard_control/install/action_tutorials_interfaces/include/action_tutorials_interfaces/action_tutorials_interfaces/action/detail/dds_fastrtps
[0.907s] -- Up-to-date: /home/anmol/ws_offboard_control/install/action_tutorials_interfaces/include/action_tutorials_interfaces/action_tutorials_interfaces/action/detail/fibonacci__rosidl_typesupport_fastrtps_cpp.hpp
[0.907s] -- Up-to-date: /home/anmol/ws_offboard_control/install/action_tutorials_interfaces/include/action_tutorials_interfaces/action_tutorials_interfaces/msg
[0.908s] -- Up-to-date: /home/anmol/ws_offboard_control/install/action_tutorials_interfaces/include/action_tutorials_interfaces/action_tutorials_interfaces/msg/rosidl_typesupport_fastrtps_cpp__visibility_control.h
[0.908s] -- Up-to-date: /home/anmol/ws_offboard_control/install/action_tutorials_interfaces/lib/libaction_tutorials_interfaces__rosidl_typesupport_fastrtps_cpp.so
[0.908s] -- Up-to-date: /home/anmol/ws_offboard_control/install/action_tutorials_interfaces/include/action_tutorials_interfaces/action_tutorials_interfaces
[0.908s] -- Up-to-date: /home/anmol/ws_offboard_control/install/action_tutorials_interfaces/include/action_tutorials_interfaces/action_tutorials_interfaces/action
[0.908s] -- Up-to-date: /home/anmol/ws_offboard_control/install/action_tutorials_interfaces/include/action_tutorials_interfaces/action_tutorials_interfaces/action/detail
[0.908s] -- Up-to-date: /home/anmol/ws_offboard_control/install/action_tutorials_interfaces/include/action_tutorials_interfaces/action_tutorials_interfaces/action/detail/command__rosidl_typesupport_introspection_cpp.hpp
[0.908s] -- Up-to-date: /home/anmol/ws_offboard_control/install/action_tutorials_interfaces/include/action_tutorials_interfaces/action_tutorials_interfaces/action/detail/fibonacci__rosidl_typesupport_introspection_cpp.hpp
[0.908s] -- Up-to-date: /home/anmol/ws_offboard_control/install/action_tutorials_interfaces/include/action_tutorials_interfaces/action_tutorials_interfaces/action/detail/fibonacci__type_support.cpp
[0.908s] -- Up-to-date: /home/anmol/ws_offboard_control/install/action_tutorials_interfaces/include/action_tutorials_interfaces/action_tutorials_interfaces/action/detail/offboard__rosidl_typesupport_introspection_cpp.hpp
[0.908s] -- Up-to-date: /home/anmol/ws_offboard_control/install/action_tutorials_interfaces/include/action_tutorials_interfaces/action_tutorials_interfaces/action/detail/command__type_support.cpp
[0.908s] -- Up-to-date: /home/anmol/ws_offboard_control/install/action_tutorials_interfaces/include/action_tutorials_interfaces/action_tutorials_interfaces/action/detail/offboard__type_support.cpp
[0.909s] -- Up-to-date: /home/anmol/ws_offboard_control/install/action_tutorials_interfaces/lib/libaction_tutorials_interfaces__rosidl_typesupport_introspection_cpp.so
[0.909s] -- Up-to-date: /home/anmol/ws_offboard_control/install/action_tutorials_interfaces/lib/libaction_tutorials_interfaces__rosidl_typesupport_cpp.so
[0.909s] -- Up-to-date: /home/anmol/ws_offboard_control/install/action_tutorials_interfaces/share/action_tutorials_interfaces/environment/pythonpath.sh
[0.909s] -- Up-to-date: /home/anmol/ws_offboard_control/install/action_tutorials_interfaces/share/action_tutorials_interfaces/environment/pythonpath.dsv
[0.909s] -- Up-to-date: /home/anmol/ws_offboard_control/install/action_tutorials_interfaces/local/lib/python3.10/dist-packages/action_tutorials_interfaces-0.0.0-py3.10.egg-info
[0.910s] -- Installing: /home/anmol/ws_offboard_control/install/action_tutorials_interfaces/local/lib/python3.10/dist-packages/action_tutorials_interfaces-0.0.0-py3.10.egg-info/dependency_links.txt
[0.910s] -- Installing: /home/anmol/ws_offboard_control/install/action_tutorials_interfaces/local/lib/python3.10/dist-packages/action_tutorials_interfaces-0.0.0-py3.10.egg-info/SOURCES.txt
[0.910s] -- Installing: /home/anmol/ws_offboard_control/install/action_tutorials_interfaces/local/lib/python3.10/dist-packages/action_tutorials_interfaces-0.0.0-py3.10.egg-info/PKG-INFO
[0.910s] -- Installing: /home/anmol/ws_offboard_control/install/action_tutorials_interfaces/local/lib/python3.10/dist-packages/action_tutorials_interfaces-0.0.0-py3.10.egg-info/top_level.txt
[0.911s] -- Up-to-date: /home/anmol/ws_offboard_control/install/action_tutorials_interfaces/local/lib/python3.10/dist-packages/action_tutorials_interfaces
[0.911s] -- Up-to-date: /home/anmol/ws_offboard_control/install/action_tutorials_interfaces/local/lib/python3.10/dist-packages/action_tutorials_interfaces/_action_tutorials_interfaces_s.ep.rosidl_typesupport_fastrtps_c.c
[0.911s] -- Up-to-date: /home/anmol/ws_offboard_control/install/action_tutorials_interfaces/local/lib/python3.10/dist-packages/action_tutorials_interfaces/action
[0.911s] -- Up-to-date: /home/anmol/ws_offboard_control/install/action_tutorials_interfaces/local/lib/python3.10/dist-packages/action_tutorials_interfaces/action/_command_s.c
[0.911s] -- Up-to-date: /home/anmol/ws_offboard_control/install/action_tutorials_interfaces/local/lib/python3.10/dist-packages/action_tutorials_interfaces/action/_command.py
[0.911s] -- Up-to-date: /home/anmol/ws_offboard_control/install/action_tutorials_interfaces/local/lib/python3.10/dist-packages/action_tutorials_interfaces/action/__init__.py
[0.911s] -- Up-to-date: /home/anmol/ws_offboard_control/install/action_tutorials_interfaces/local/lib/python3.10/dist-packages/action_tutorials_interfaces/action/_offboard_s.c
[0.911s] -- Up-to-date: /home/anmol/ws_offboard_control/install/action_tutorials_interfaces/local/lib/python3.10/dist-packages/action_tutorials_interfaces/action/_fibonacci_s.c
[0.912s] -- Up-to-date: /home/anmol/ws_offboard_control/install/action_tutorials_interfaces/local/lib/python3.10/dist-packages/action_tutorials_interfaces/action/_offboard.py
[0.912s] -- Up-to-date: /home/anmol/ws_offboard_control/install/action_tutorials_interfaces/local/lib/python3.10/dist-packages/action_tutorials_interfaces/action/_fibonacci.py
[0.912s] -- Up-to-date: /home/anmol/ws_offboard_control/install/action_tutorials_interfaces/local/lib/python3.10/dist-packages/action_tutorials_interfaces/_action_tutorials_interfaces_s.ep.rosidl_typesupport_c.c
[0.912s] -- Up-to-date: /home/anmol/ws_offboard_control/install/action_tutorials_interfaces/local/lib/python3.10/dist-packages/action_tutorials_interfaces/_action_tutorials_interfaces_s.ep.rosidl_typesupport_introspection_c.c
[0.912s] -- Up-to-date: /home/anmol/ws_offboard_control/install/action_tutorials_interfaces/local/lib/python3.10/dist-packages/action_tutorials_interfaces/action_tutorials_interfaces_s__rosidl_typesupport_fastrtps_c.cpython-310-x86_64-linux-gnu.so
[0.912s] -- Up-to-date: /home/anmol/ws_offboard_control/install/action_tutorials_interfaces/local/lib/python3.10/dist-packages/action_tutorials_interfaces/action_tutorials_interfaces_s__rosidl_typesupport_c.cpython-310-x86_64-linux-gnu.so
[0.912s] -- Up-to-date: /home/anmol/ws_offboard_control/install/action_tutorials_interfaces/local/lib/python3.10/dist-packages/action_tutorials_interfaces/__init__.py
[0.912s] -- Up-to-date: /home/anmol/ws_offboard_control/install/action_tutorials_interfaces/local/lib/python3.10/dist-packages/action_tutorials_interfaces/libaction_tutorials_interfaces__rosidl_generator_py.so
[0.912s] -- Up-to-date: /home/anmol/ws_offboard_control/install/action_tutorials_interfaces/local/lib/python3.10/dist-packages/action_tutorials_interfaces/action_tutorials_interfaces_s__rosidl_typesupport_introspection_c.cpython-310-x86_64-linux-gnu.so
[0.955s] Listing '/home/anmol/ws_offboard_control/install/action_tutorials_interfaces/local/lib/python3.10/dist-packages/action_tutorials_interfaces'...
[0.956s] Listing '/home/anmol/ws_offboard_control/install/action_tutorials_interfaces/local/lib/python3.10/dist-packages/action_tutorials_interfaces/action'...
[0.963s] -- Up-to-date: /home/anmol/ws_offboard_control/install/action_tutorials_interfaces/local/lib/python3.10/dist-packages/action_tutorials_interfaces/action_tutorials_interfaces_s__rosidl_typesupport_fastrtps_c.cpython-310-x86_64-linux-gnu.so
[0.964s] -- Up-to-date: /home/anmol/ws_offboard_control/install/action_tutorials_interfaces/local/lib/python3.10/dist-packages/action_tutorials_interfaces/action_tutorials_interfaces_s__rosidl_typesupport_introspection_c.cpython-310-x86_64-linux-gnu.so
[0.965s] -- Up-to-date: /home/anmol/ws_offboard_control/install/action_tutorials_interfaces/local/lib/python3.10/dist-packages/action_tutorials_interfaces/action_tutorials_interfaces_s__rosidl_typesupport_c.cpython-310-x86_64-linux-gnu.so
[0.965s] -- Up-to-date: /home/anmol/ws_offboard_control/install/action_tutorials_interfaces/lib/libaction_tutorials_interfaces__rosidl_generator_py.so
[0.966s] -- Up-to-date: /home/anmol/ws_offboard_control/install/action_tutorials_interfaces/share/action_tutorials_interfaces/action/Fibonacci.idl
[0.966s] -- Up-to-date: /home/anmol/ws_offboard_control/install/action_tutorials_interfaces/share/action_tutorials_interfaces/action/Command.idl
[0.966s] -- Up-to-date: /home/anmol/ws_offboard_control/install/action_tutorials_interfaces/share/action_tutorials_interfaces/action/Fibonacci.action
[0.966s] -- Up-to-date: /home/anmol/ws_offboard_control/install/action_tutorials_interfaces/share/action_tutorials_interfaces/action/Command.action
[0.966s] -- Up-to-date: /home/anmol/ws_offboard_control/install/action_tutorials_interfaces/share/ament_index/resource_index/package_run_dependencies/action_tutorials_interfaces
[0.967s] -- Up-to-date: /home/anmol/ws_offboard_control/install/action_tutorials_interfaces/share/ament_index/resource_index/parent_prefix_path/action_tutorials_interfaces
[0.967s] -- Up-to-date: /home/anmol/ws_offboard_control/install/action_tutorials_interfaces/share/action_tutorials_interfaces/environment/ament_prefix_path.sh
[0.967s] -- Up-to-date: /home/anmol/ws_offboard_control/install/action_tutorials_interfaces/share/action_tutorials_interfaces/environment/ament_prefix_path.dsv
[0.967s] -- Up-to-date: /home/anmol/ws_offboard_control/install/action_tutorials_interfaces/share/action_tutorials_interfaces/environment/path.sh
[0.967s] -- Up-to-date: /home/anmol/ws_offboard_control/install/action_tutorials_interfaces/share/action_tutorials_interfaces/environment/path.dsv
[0.967s] -- Up-to-date: /home/anmol/ws_offboard_control/install/action_tutorials_interfaces/share/action_tutorials_interfaces/local_setup.bash
[0.967s] -- Up-to-date: /home/anmol/ws_offboard_control/install/action_tutorials_interfaces/share/action_tutorials_interfaces/local_setup.sh
[0.968s] -- Up-to-date: /home/anmol/ws_offboard_control/install/action_tutorials_interfaces/share/action_tutorials_interfaces/local_setup.zsh
[0.968s] -- Up-to-date: /home/anmol/ws_offboard_control/install/action_tutorials_interfaces/share/action_tutorials_interfaces/local_setup.dsv
[0.968s] -- Installing: /home/anmol/ws_offboard_control/install/action_tutorials_interfaces/share/action_tutorials_interfaces/package.dsv
[0.968s] -- Up-to-date: /home/anmol/ws_offboard_control/install/action_tutorials_interfaces/share/ament_index/resource_index/packages/action_tutorials_interfaces
[0.968s] -- Up-to-date: /home/anmol/ws_offboard_control/install/action_tutorials_interfaces/share/action_tutorials_interfaces/cmake/export_action_tutorials_interfaces__rosidl_generator_cExport.cmake
[0.968s] -- Up-to-date: /home/anmol/ws_offboard_control/install/action_tutorials_interfaces/share/action_tutorials_interfaces/cmake/export_action_tutorials_interfaces__rosidl_generator_cExport-noconfig.cmake
[0.968s] -- Up-to-date: /home/anmol/ws_offboard_control/install/action_tutorials_interfaces/share/action_tutorials_interfaces/cmake/export_action_tutorials_interfaces__rosidl_typesupport_fastrtps_cExport.cmake
[0.968s] -- Up-to-date: /home/anmol/ws_offboard_control/install/action_tutorials_interfaces/share/action_tutorials_interfaces/cmake/export_action_tutorials_interfaces__rosidl_typesupport_fastrtps_cExport-noconfig.cmake
[0.969s] -- Up-to-date: /home/anmol/ws_offboard_control/install/action_tutorials_interfaces/share/action_tutorials_interfaces/cmake/action_tutorials_interfaces__rosidl_typesupport_introspection_cExport.cmake
[0.969s] -- Up-to-date: /home/anmol/ws_offboard_control/install/action_tutorials_interfaces/share/action_tutorials_interfaces/cmake/action_tutorials_interfaces__rosidl_typesupport_introspection_cExport-noconfig.cmake
[0.969s] -- Up-to-date: /home/anmol/ws_offboard_control/install/action_tutorials_interfaces/share/action_tutorials_interfaces/cmake/action_tutorials_interfaces__rosidl_typesupport_cExport.cmake
[0.969s] -- Up-to-date: /home/anmol/ws_offboard_control/install/action_tutorials_interfaces/share/action_tutorials_interfaces/cmake/action_tutorials_interfaces__rosidl_typesupport_cExport-noconfig.cmake
[0.970s] -- Up-to-date: /home/anmol/ws_offboard_control/install/action_tutorials_interfaces/share/action_tutorials_interfaces/cmake/export_action_tutorials_interfaces__rosidl_generator_cppExport.cmake
[0.970s] -- Up-to-date: /home/anmol/ws_offboard_control/install/action_tutorials_interfaces/share/action_tutorials_interfaces/cmake/export_action_tutorials_interfaces__rosidl_typesupport_fastrtps_cppExport.cmake
[0.970s] -- Up-to-date: /home/anmol/ws_offboard_control/install/action_tutorials_interfaces/share/action_tutorials_interfaces/cmake/export_action_tutorials_interfaces__rosidl_typesupport_fastrtps_cppExport-noconfig.cmake
[0.971s] -- Up-to-date: /home/anmol/ws_offboard_control/install/action_tutorials_interfaces/share/action_tutorials_interfaces/cmake/action_tutorials_interfaces__rosidl_typesupport_introspection_cppExport.cmake
[0.971s] -- Up-to-date: /home/anmol/ws_offboard_control/install/action_tutorials_interfaces/share/action_tutorials_interfaces/cmake/action_tutorials_interfaces__rosidl_typesupport_introspection_cppExport-noconfig.cmake
[0.971s] -- Up-to-date: /home/anmol/ws_offboard_control/install/action_tutorials_interfaces/share/action_tutorials_interfaces/cmake/action_tutorials_interfaces__rosidl_typesupport_cppExport.cmake
[0.971s] -- Up-to-date: /home/anmol/ws_offboard_control/install/action_tutorials_interfaces/share/action_tutorials_interfaces/cmake/action_tutorials_interfaces__rosidl_typesupport_cppExport-noconfig.cmake
[0.971s] -- Up-to-date: /home/anmol/ws_offboard_control/install/action_tutorials_interfaces/share/action_tutorials_interfaces/cmake/export_action_tutorials_interfaces__rosidl_generator_pyExport.cmake
[0.972s] -- Up-to-date: /home/anmol/ws_offboard_control/install/action_tutorials_interfaces/share/action_tutorials_interfaces/cmake/export_action_tutorials_interfaces__rosidl_generator_pyExport-noconfig.cmake
[0.972s] -- Up-to-date: /home/anmol/ws_offboard_control/install/action_tutorials_interfaces/share/action_tutorials_interfaces/cmake/rosidl_cmake-extras.cmake
[0.972s] -- Up-to-date: /home/anmol/ws_offboard_control/install/action_tutorials_interfaces/share/action_tutorials_interfaces/cmake/ament_cmake_export_dependencies-extras.cmake
[0.972s] -- Up-to-date: /home/anmol/ws_offboard_control/install/action_tutorials_interfaces/share/action_tutorials_interfaces/cmake/ament_cmake_export_include_directories-extras.cmake
[0.972s] -- Up-to-date: /home/anmol/ws_offboard_control/install/action_tutorials_interfaces/share/action_tutorials_interfaces/cmake/ament_cmake_export_libraries-extras.cmake
[0.972s] -- Up-to-date: /home/anmol/ws_offboard_control/install/action_tutorials_interfaces/share/action_tutorials_interfaces/cmake/ament_cmake_export_targets-extras.cmake
[0.972s] -- Up-to-date: /home/anmol/ws_offboard_control/install/action_tutorials_interfaces/share/action_tutorials_interfaces/cmake/rosidl_cmake_export_typesupport_targets-extras.cmake
[0.972s] -- Up-to-date: /home/anmol/ws_offboard_control/install/action_tutorials_interfaces/share/action_tutorials_interfaces/cmake/rosidl_cmake_export_typesupport_libraries-extras.cmake
[0.973s] -- Up-to-date: /home/anmol/ws_offboard_control/install/action_tutorials_interfaces/share/action_tutorials_interfaces/cmake/action_tutorials_interfacesConfig.cmake
[0.973s] -- Up-to-date: /home/anmol/ws_offboard_control/install/action_tutorials_interfaces/share/action_tutorials_interfaces/cmake/action_tutorials_interfacesConfig-version.cmake
[0.973s] -- Up-to-date: /home/anmol/ws_offboard_control/install/action_tutorials_interfaces/share/action_tutorials_interfaces/package.xml
[0.977s] Invoked command in '/home/anmol/ws_offboard_control/build/action_tutorials_interfaces' returned '0': CMAKE_PREFIX_PATH=${CMAKE_PREFIX_PATH}:/home/anmol/ws_offboard_control/install/manual_key_control:/opt/ros/humble /usr/bin/cmake --install /home/anmol/ws_offboard_control/build/action_tutorials_interfaces
