[2.959s] DEBUG:colcon:Command line arguments: ['/usr/bin/colcon', 'build', '--packages-select', 'manual_key_control']
[2.959s] DEBUG:colcon:Parsed command line arguments: Namespace(log_base=None, log_level=None, verb_name='build', build_base='build', install_base='install', merge_install=False, symlink_install=False, test_result_base=None, continue_on_error=False, executor='parallel', parallel_workers=12, event_handlers=None, ignore_user_meta=False, metas=['./colcon.meta'], base_paths=['.'], packages_ignore=None, packages_ignore_regex=None, paths=None, packages_up_to=None, packages_up_to_regex=None, packages_above=None, packages_above_and_dependencies=None, packages_above_depth=None, packages_select_by_dep=None, packages_skip_by_dep=None, packages_skip_up_to=None, packages_select_build_failed=False, packages_skip_build_finished=False, packages_select_test_failures=False, packages_skip_test_passed=False, packages_select=['manual_key_control'], packages_skip=None, packages_select_regex=None, packages_skip_regex=None, packages_start=None, packages_end=None, allow_overriding=[], cmake_args=None, cmake_target=None, cmake_target_skip_unavailable=False, cmake_clean_cache=False, cmake_clean_first=False, cmake_force_configure=False, ament_cmake_args=None, catkin_cmake_args=None, catkin_skip_building_tests=False, verb_parser=<colcon_defaults.argument_parser.defaults.DefaultArgumentsDecorator object at 0x7f9fcaeb4c10>, verb_extension=<colcon_core.verb.build.BuildVerb object at 0x7f9fcaeb4e20>, main=<bound method BuildVerb.main of <colcon_core.verb.build.BuildVerb object at 0x7f9fcaeb4e20>>)
[3.106s] Level 1:colcon.colcon_core.package_discovery:discover_packages(colcon_meta) check parameters
[3.106s] Level 1:colcon.colcon_core.package_discovery:discover_packages(recursive) check parameters
[3.107s] Level 1:colcon.colcon_core.package_discovery:discover_packages(ignore) check parameters
[3.107s] Level 1:colcon.colcon_core.package_discovery:discover_packages(path) check parameters
[3.107s] Level 1:colcon.colcon_core.package_discovery:discover_packages(colcon_meta) discover
[3.107s] Level 1:colcon.colcon_core.package_discovery:discover_packages(recursive) discover
[3.107s] INFO:colcon.colcon_core.package_discovery:Crawling recursively for packages in '/home/anmol/ws_offboard_control'
[3.107s] Level 1:colcon.colcon_core.package_identification:_identify(.) by extensions ['ignore', 'ignore_ament_install']
[3.107s] Level 1:colcon.colcon_core.package_identification:_identify(.) by extension 'ignore'
[3.108s] Level 1:colcon.colcon_core.package_identification:_identify(.) by extension 'ignore_ament_install'
[3.108s] Level 1:colcon.colcon_core.package_identification:_identify(.) by extensions ['colcon_pkg']
[3.108s] Level 1:colcon.colcon_core.package_identification:_identify(.) by extension 'colcon_pkg'
[3.108s] Level 1:colcon.colcon_core.package_identification:_identify(.) by extensions ['colcon_meta']
[3.108s] Level 1:colcon.colcon_core.package_identification:_identify(.) by extension 'colcon_meta'
[3.108s] Level 1:colcon.colcon_core.package_identification:_identify(.) by extensions ['ros']
[3.108s] Level 1:colcon.colcon_core.package_identification:_identify(.) by extension 'ros'
[3.141s] Level 1:colcon.colcon_core.package_identification:_identify(.) by extensions ['cmake', 'python']
[3.141s] Level 1:colcon.colcon_core.package_identification:_identify(.) by extension 'cmake'
[3.141s] Level 1:colcon.colcon_core.package_identification:_identify(.) by extension 'python'
[3.142s] Level 1:colcon.colcon_core.package_identification:_identify(.) by extensions ['python_setup_py']
[3.142s] Level 1:colcon.colcon_core.package_identification:_identify(.) by extension 'python_setup_py'
[3.142s] Level 1:colcon.colcon_core.package_identification:_identify(build) by extensions ['ignore', 'ignore_ament_install']
[3.143s] Level 1:colcon.colcon_core.package_identification:_identify(build) by extension 'ignore'
[3.143s] Level 1:colcon.colcon_core.package_identification:_identify(build) ignored
[3.143s] Level 1:colcon.colcon_core.package_identification:_identify(install) by extensions ['ignore', 'ignore_ament_install']
[3.143s] Level 1:colcon.colcon_core.package_identification:_identify(install) by extension 'ignore'
[3.143s] Level 1:colcon.colcon_core.package_identification:_identify(install) ignored
[3.144s] Level 1:colcon.colcon_core.package_identification:_identify(log) by extensions ['ignore', 'ignore_ament_install']
[3.144s] Level 1:colcon.colcon_core.package_identification:_identify(log) by extension 'ignore'
[3.144s] Level 1:colcon.colcon_core.package_identification:_identify(log) ignored
[3.144s] Level 1:colcon.colcon_core.package_identification:_identify(src) by extensions ['ignore', 'ignore_ament_install']
[3.144s] Level 1:colcon.colcon_core.package_identification:_identify(src) by extension 'ignore'
[3.145s] Level 1:colcon.colcon_core.package_identification:_identify(src) by extension 'ignore_ament_install'
[3.145s] Level 1:colcon.colcon_core.package_identification:_identify(src) by extensions ['colcon_pkg']
[3.145s] Level 1:colcon.colcon_core.package_identification:_identify(src) by extension 'colcon_pkg'
[3.145s] Level 1:colcon.colcon_core.package_identification:_identify(src) by extensions ['colcon_meta']
[3.145s] Level 1:colcon.colcon_core.package_identification:_identify(src) by extension 'colcon_meta'
[3.145s] Level 1:colcon.colcon_core.package_identification:_identify(src) by extensions ['ros']
[3.145s] Level 1:colcon.colcon_core.package_identification:_identify(src) by extension 'ros'
[3.145s] Level 1:colcon.colcon_core.package_identification:_identify(src) by extensions ['cmake', 'python']
[3.145s] Level 1:colcon.colcon_core.package_identification:_identify(src) by extension 'cmake'
[3.146s] Level 1:colcon.colcon_core.package_identification:_identify(src) by extension 'python'
[3.146s] Level 1:colcon.colcon_core.package_identification:_identify(src) by extensions ['python_setup_py']
[3.146s] Level 1:colcon.colcon_core.package_identification:_identify(src) by extension 'python_setup_py'
[3.146s] Level 1:colcon.colcon_core.package_identification:_identify(src/manual_key_control) by extensions ['ignore', 'ignore_ament_install']
[3.147s] Level 1:colcon.colcon_core.package_identification:_identify(src/manual_key_control) by extension 'ignore'
[3.147s] Level 1:colcon.colcon_core.package_identification:_identify(src/manual_key_control) by extension 'ignore_ament_install'
[3.147s] Level 1:colcon.colcon_core.package_identification:_identify(src/manual_key_control) by extensions ['colcon_pkg']
[3.147s] Level 1:colcon.colcon_core.package_identification:_identify(src/manual_key_control) by extension 'colcon_pkg'
[3.147s] Level 1:colcon.colcon_core.package_identification:_identify(src/manual_key_control) by extensions ['colcon_meta']
[3.147s] Level 1:colcon.colcon_core.package_identification:_identify(src/manual_key_control) by extension 'colcon_meta'
[3.147s] Level 1:colcon.colcon_core.package_identification:_identify(src/manual_key_control) by extensions ['ros']
[3.147s] Level 1:colcon.colcon_core.package_identification:_identify(src/manual_key_control) by extension 'ros'
[3.154s] DEBUG:colcon.colcon_core.package_identification:Package 'src/manual_key_control' with type 'ros.ament_python' and name 'manual_key_control'
[3.155s] Level 1:colcon.colcon_core.package_identification:_identify(src/px4_msgs) by extensions ['ignore', 'ignore_ament_install']
[3.155s] Level 1:colcon.colcon_core.package_identification:_identify(src/px4_msgs) by extension 'ignore'
[3.155s] Level 1:colcon.colcon_core.package_identification:_identify(src/px4_msgs) by extension 'ignore_ament_install'
[3.155s] Level 1:colcon.colcon_core.package_identification:_identify(src/px4_msgs) by extensions ['colcon_pkg']
[3.156s] Level 1:colcon.colcon_core.package_identification:_identify(src/px4_msgs) by extension 'colcon_pkg'
[3.156s] Level 1:colcon.colcon_core.package_identification:_identify(src/px4_msgs) by extensions ['colcon_meta']
[3.156s] Level 1:colcon.colcon_core.package_identification:_identify(src/px4_msgs) by extension 'colcon_meta'
[3.156s] Level 1:colcon.colcon_core.package_identification:_identify(src/px4_msgs) by extensions ['ros']
[3.156s] Level 1:colcon.colcon_core.package_identification:_identify(src/px4_msgs) by extension 'ros'
[3.158s] DEBUG:colcon.colcon_core.package_identification:Package 'src/px4_msgs' with type 'ros.ament_cmake' and name 'px4_msgs'
[3.159s] Level 1:colcon.colcon_core.package_identification:_identify(src/px4_ros_com) by extensions ['ignore', 'ignore_ament_install']
[3.159s] Level 1:colcon.colcon_core.package_identification:_identify(src/px4_ros_com) by extension 'ignore'
[3.159s] Level 1:colcon.colcon_core.package_identification:_identify(src/px4_ros_com) by extension 'ignore_ament_install'
[3.159s] Level 1:colcon.colcon_core.package_identification:_identify(src/px4_ros_com) by extensions ['colcon_pkg']
[3.160s] Level 1:colcon.colcon_core.package_identification:_identify(src/px4_ros_com) by extension 'colcon_pkg'
[3.160s] Level 1:colcon.colcon_core.package_identification:_identify(src/px4_ros_com) by extensions ['colcon_meta']
[3.160s] Level 1:colcon.colcon_core.package_identification:_identify(src/px4_ros_com) by extension 'colcon_meta'
[3.160s] Level 1:colcon.colcon_core.package_identification:_identify(src/px4_ros_com) by extensions ['ros']
[3.160s] Level 1:colcon.colcon_core.package_identification:_identify(src/px4_ros_com) by extension 'ros'
[3.163s] DEBUG:colcon.colcon_core.package_identification:Package 'src/px4_ros_com' with type 'ros.ament_cmake' and name 'px4_ros_com'
[3.163s] Level 1:colcon.colcon_core.package_discovery:discover_packages(recursive) using defaults
[3.163s] Level 1:colcon.colcon_core.package_discovery:discover_packages(ignore) discover
[3.163s] Level 1:colcon.colcon_core.package_discovery:discover_packages(ignore) using defaults
[3.163s] Level 1:colcon.colcon_core.package_discovery:discover_packages(path) discover
[3.163s] Level 1:colcon.colcon_core.package_discovery:discover_packages(path) using defaults
[3.344s] INFO:colcon.colcon_core.package_selection:Skipping not selected package 'px4_msgs' in 'src/px4_msgs'
[3.345s] INFO:colcon.colcon_core.package_selection:Skipping not selected package 'px4_ros_com' in 'src/px4_ros_com'
[3.438s] Level 1:colcon.colcon_core.package_discovery:discover_packages(prefix_path) check parameters
[3.439s] Level 1:colcon.colcon_core.package_discovery:discover_packages(prefix_path) discover
[3.523s] DEBUG:colcon.colcon_installed_package_information.package_discovery:Found 3 installed packages in /home/anmol/ws_offboard_control/install
[3.570s] DEBUG:colcon.colcon_installed_package_information.package_discovery:Found 270 installed packages in /opt/ros/humble
[3.574s] Level 1:colcon.colcon_core.package_discovery:discover_packages(prefix_path) using defaults
[3.877s] Level 5:colcon.colcon_core.verb:set package 'manual_key_control' build argument 'cmake_args' from command line to 'None'
[3.877s] Level 5:colcon.colcon_core.verb:set package 'manual_key_control' build argument 'cmake_target' from command line to 'None'
[3.877s] Level 5:colcon.colcon_core.verb:set package 'manual_key_control' build argument 'cmake_target_skip_unavailable' from command line to 'False'
[3.877s] Level 5:colcon.colcon_core.verb:set package 'manual_key_control' build argument 'cmake_clean_cache' from command line to 'False'
[3.877s] Level 5:colcon.colcon_core.verb:set package 'manual_key_control' build argument 'cmake_clean_first' from command line to 'False'
[3.877s] Level 5:colcon.colcon_core.verb:set package 'manual_key_control' build argument 'cmake_force_configure' from command line to 'False'
[3.877s] Level 5:colcon.colcon_core.verb:set package 'manual_key_control' build argument 'ament_cmake_args' from command line to 'None'
[3.877s] Level 5:colcon.colcon_core.verb:set package 'manual_key_control' build argument 'catkin_cmake_args' from command line to 'None'
[3.877s] Level 5:colcon.colcon_core.verb:set package 'manual_key_control' build argument 'catkin_skip_building_tests' from command line to 'False'
[3.877s] DEBUG:colcon.colcon_core.verb:Building package 'manual_key_control' with the following arguments: {'ament_cmake_args': None, 'build_base': '/home/anmol/ws_offboard_control/build/manual_key_control', 'catkin_cmake_args': None, 'catkin_skip_building_tests': False, 'cmake_args': None, 'cmake_clean_cache': False, 'cmake_clean_first': False, 'cmake_force_configure': False, 'cmake_target': None, 'cmake_target_skip_unavailable': False, 'install_base': '/home/anmol/ws_offboard_control/install/manual_key_control', 'merge_install': False, 'path': '/home/anmol/ws_offboard_control/src/manual_key_control', 'symlink_install': False, 'test_result_base': None}
[3.917s] INFO:colcon.colcon_core.executor:Executing jobs using 'parallel' executor
[3.960s] DEBUG:colcon.colcon_parallel_executor.executor.parallel:run_until_complete
[3.961s] INFO:colcon.colcon_ros.task.ament_python.build:Building ROS package in '/home/anmol/ws_offboard_control/src/manual_key_control' with build type 'ament_python'
[3.961s] Level 1:colcon.colcon_core.shell:create_environment_hook('manual_key_control', 'ament_prefix_path')
[4.016s] INFO:colcon.colcon_core.plugin_system:Skipping extension 'colcon_core.shell.bat': Not used on non-Windows systems
[4.016s] INFO:colcon.colcon_core.shell:Creating environment hook '/home/anmol/ws_offboard_control/install/manual_key_control/share/manual_key_control/hook/ament_prefix_path.ps1'
[4.018s] INFO:colcon.colcon_core.shell:Creating environment descriptor '/home/anmol/ws_offboard_control/install/manual_key_control/share/manual_key_control/hook/ament_prefix_path.dsv'
[4.019s] INFO:colcon.colcon_core.shell:Creating environment hook '/home/anmol/ws_offboard_control/install/manual_key_control/share/manual_key_control/hook/ament_prefix_path.sh'
[4.060s] INFO:colcon.colcon_core.shell:Skip shell extension 'powershell' for command environment: Not usable outside of PowerShell
[4.060s] DEBUG:colcon.colcon_core.shell:Skip shell extension 'dsv' for command environment
[4.885s] INFO:colcon.colcon_core.task.python.build:Building Python package in '/home/anmol/ws_offboard_control/src/manual_key_control'
[4.927s] INFO:colcon.colcon_core.shell:Skip shell extension 'powershell' for command environment: Not usable outside of PowerShell
[4.927s] DEBUG:colcon.colcon_core.shell:Skip shell extension 'dsv' for command environment
[5.866s] DEBUG:colcon.colcon_core.event_handler.log_command:Invoking command in '/home/anmol/ws_offboard_control/src/manual_key_control': PYTHONPATH=/home/anmol/ws_offboard_control/build/manual_key_control/prefix_override:/home/anmol/ws_offboard_control/install/manual_key_control/lib/python3.10/site-packages:${PYTHONPATH} /usr/bin/python3 setup.py egg_info --egg-base ../../build/manual_key_control build --build-base /home/anmol/ws_offboard_control/build/manual_key_control/build install --record /home/anmol/ws_offboard_control/build/manual_key_control/install.log --single-version-externally-managed
[6.442s] DEBUG:colcon.colcon_core.event_handler.log_command:Invoked command in '/home/anmol/ws_offboard_control/src/manual_key_control' returned '0': PYTHONPATH=/home/anmol/ws_offboard_control/build/manual_key_control/prefix_override:/home/anmol/ws_offboard_control/install/manual_key_control/lib/python3.10/site-packages:${PYTHONPATH} /usr/bin/python3 setup.py egg_info --egg-base ../../build/manual_key_control build --build-base /home/anmol/ws_offboard_control/build/manual_key_control/build install --record /home/anmol/ws_offboard_control/build/manual_key_control/install.log --single-version-externally-managed
[6.474s] Level 1:colcon.colcon_core.environment:checking '/home/anmol/ws_offboard_control/install/manual_key_control' for CMake module files
[6.475s] Level 1:colcon.colcon_core.environment:checking '/home/anmol/ws_offboard_control/install/manual_key_control' for CMake config files
[6.477s] Level 1:colcon.colcon_core.environment:checking '/home/anmol/ws_offboard_control/install/manual_key_control/lib'
[6.478s] Level 1:colcon.colcon_core.environment:checking '/home/anmol/ws_offboard_control/install/manual_key_control/bin'
[6.478s] Level 1:colcon.colcon_core.environment:checking '/home/anmol/ws_offboard_control/install/manual_key_control/lib/pkgconfig/manual_key_control.pc'
[6.478s] Level 1:colcon.colcon_core.environment:checking '/home/anmol/ws_offboard_control/install/manual_key_control/lib/python3.10/site-packages'
[6.478s] Level 1:colcon.colcon_core.shell:create_environment_hook('manual_key_control', 'pythonpath')
[6.502s] INFO:colcon.colcon_core.shell:Creating environment hook '/home/anmol/ws_offboard_control/install/manual_key_control/share/manual_key_control/hook/pythonpath.ps1'
[6.503s] INFO:colcon.colcon_core.shell:Creating environment descriptor '/home/anmol/ws_offboard_control/install/manual_key_control/share/manual_key_control/hook/pythonpath.dsv'
[6.503s] INFO:colcon.colcon_core.shell:Creating environment hook '/home/anmol/ws_offboard_control/install/manual_key_control/share/manual_key_control/hook/pythonpath.sh'
[6.504s] Level 1:colcon.colcon_core.environment:checking '/home/anmol/ws_offboard_control/install/manual_key_control/bin'
[6.504s] Level 1:colcon.colcon_core.environment:create_environment_scripts_only(manual_key_control)
[6.529s] INFO:colcon.colcon_core.shell:Creating package script '/home/anmol/ws_offboard_control/install/manual_key_control/share/manual_key_control/package.ps1'
[6.531s] INFO:colcon.colcon_core.shell:Creating package descriptor '/home/anmol/ws_offboard_control/install/manual_key_control/share/manual_key_control/package.dsv'
[6.532s] INFO:colcon.colcon_core.shell:Creating package script '/home/anmol/ws_offboard_control/install/manual_key_control/share/manual_key_control/package.sh'
[6.533s] INFO:colcon.colcon_core.shell:Creating package script '/home/anmol/ws_offboard_control/install/manual_key_control/share/manual_key_control/package.bash'
[6.534s] INFO:colcon.colcon_core.shell:Creating package script '/home/anmol/ws_offboard_control/install/manual_key_control/share/manual_key_control/package.zsh'
[6.535s] Level 1:colcon.colcon_core.environment:create_file_with_runtime_dependencies(/home/anmol/ws_offboard_control/install/manual_key_control/share/colcon-core/packages/manual_key_control)
[6.535s] DEBUG:colcon.colcon_parallel_executor.executor.parallel:closing loop
[6.536s] DEBUG:colcon.colcon_parallel_executor.executor.parallel:loop closed
[6.536s] DEBUG:colcon.colcon_parallel_executor.executor.parallel:run_until_complete finished with '0'
[6.536s] DEBUG:colcon.colcon_core.event_reactor:joining thread
[6.571s] INFO:colcon.colcon_core.plugin_system:Skipping extension 'colcon_notification.desktop_notification.terminal_notifier': Not used on non-Darwin systems
[6.571s] INFO:colcon.colcon_core.plugin_system:Skipping extension 'colcon_notification.desktop_notification.win32': Not used on non-Windows systems
[6.571s] INFO:colcon.colcon_notification.desktop_notification:Sending desktop notification using 'notify2'
[6.594s] DEBUG:colcon.colcon_core.event_reactor:joined thread
[6.621s] INFO:colcon.colcon_core.shell:Creating prefix script '/home/anmol/ws_offboard_control/install/local_setup.ps1'
[6.624s] INFO:colcon.colcon_core.shell:Creating prefix util module '/home/anmol/ws_offboard_control/install/_local_setup_util_ps1.py'
[6.626s] INFO:colcon.colcon_core.shell:Creating prefix chain script '/home/anmol/ws_offboard_control/install/setup.ps1'
[6.654s] INFO:colcon.colcon_core.shell:Creating prefix script '/home/anmol/ws_offboard_control/install/local_setup.sh'
[6.655s] INFO:colcon.colcon_core.shell:Creating prefix util module '/home/anmol/ws_offboard_control/install/_local_setup_util_sh.py'
[6.656s] INFO:colcon.colcon_core.shell:Creating prefix chain script '/home/anmol/ws_offboard_control/install/setup.sh'
[6.678s] INFO:colcon.colcon_core.shell:Creating prefix script '/home/anmol/ws_offboard_control/install/local_setup.bash'
[6.678s] INFO:colcon.colcon_core.shell:Creating prefix chain script '/home/anmol/ws_offboard_control/install/setup.bash'
[6.702s] INFO:colcon.colcon_core.shell:Creating prefix script '/home/anmol/ws_offboard_control/install/local_setup.zsh'
[6.703s] INFO:colcon.colcon_core.shell:Creating prefix chain script '/home/anmol/ws_offboard_control/install/setup.zsh'
