[0.051s] Invoking command in '/home/anmol/ws_offboard_control/build/px4_ros_com': AMENT_PREFIX_PATH=/home/anmol/ws_offboard_control/install/px4_msgs:${AMENT_PREFIX_PATH} CMAKE_PREFIX_PATH=/home/anmol/ws_offboard_control/install/px4_msgs:/opt/ros/humble LD_LIBRARY_PATH=/home/anmol/ws_offboard_control/install/px4_msgs/lib:${LD_LIBRARY_PATH} PYTHONPATH=/home/anmol/ws_offboard_control/install/px4_msgs/local/lib/python3.10/dist-packages:${PYTHONPATH} /usr/bin/cmake --build /home/anmol/ws_offboard_control/build/px4_ros_com -- -j12 -l12
[0.098s] [35m[1mConsolidate compiler generated dependencies of target offboard_control[0m
[0.110s] [ 40%] Built target sensor_combined_listener
[0.110s] [ 40%] Built target frame_transforms
[0.111s] [ 60%] Built target vehicle_gps_position_listener
[0.111s] [ 80%] Built target debug_vect_advertiser
[0.118s] [ 90%] [32mBuilding CXX object CMakeFiles/offboard_control.dir/src/examples/offboard/offboard_control.cpp.o[0m
[4.340s] [100%] [32m[1mLinking CXX executable offboard_control[0m
[4.600s] [100%] Built target offboard_control
[4.613s] Invoked command in '/home/anmol/ws_offboard_control/build/px4_ros_com' returned '0': AMENT_PREFIX_PATH=/home/anmol/ws_offboard_control/install/px4_msgs:${AMENT_PREFIX_PATH} CMAKE_PREFIX_PATH=/home/anmol/ws_offboard_control/install/px4_msgs:/opt/ros/humble LD_LIBRARY_PATH=/home/anmol/ws_offboard_control/install/px4_msgs/lib:${LD_LIBRARY_PATH} PYTHONPATH=/home/anmol/ws_offboard_control/install/px4_msgs/local/lib/python3.10/dist-packages:${PYTHONPATH} /usr/bin/cmake --build /home/anmol/ws_offboard_control/build/px4_ros_com -- -j12 -l12
[4.663s] Invoking command in '/home/anmol/ws_offboard_control/build/px4_ros_com': AMENT_PREFIX_PATH=/home/anmol/ws_offboard_control/install/px4_msgs:${AMENT_PREFIX_PATH} CMAKE_PREFIX_PATH=/home/anmol/ws_offboard_control/install/px4_msgs:/opt/ros/humble LD_LIBRARY_PATH=/home/anmol/ws_offboard_control/install/px4_msgs/lib:${LD_LIBRARY_PATH} PYTHONPATH=/home/anmol/ws_offboard_control/install/px4_msgs/local/lib/python3.10/dist-packages:${PYTHONPATH} /usr/bin/cmake --install /home/anmol/ws_offboard_control/build/px4_ros_com
[4.671s] -- Install configuration: ""
[4.672s] -- Up-to-date: /home/anmol/ws_offboard_control/install/px4_ros_com/lib/px4_ros_com/sensor_combined_listener
[4.673s] -- Up-to-date: /home/anmol/ws_offboard_control/install/px4_ros_com/lib/px4_ros_com/vehicle_gps_position_listener
[4.674s] -- Up-to-date: /home/anmol/ws_offboard_control/install/px4_ros_com/lib/px4_ros_com/debug_vect_advertiser
[4.674s] -- Installing: /home/anmol/ws_offboard_control/install/px4_ros_com/lib/px4_ros_com/offboard_control
[4.677s] -- Set runtime path of "/home/anmol/ws_offboard_control/install/px4_ros_com/lib/px4_ros_com/offboard_control" to ""
[4.677s] -- Up-to-date: /home/anmol/ws_offboard_control/install/px4_ros_com/share/px4_ros_com/environment/library_path.sh
[4.677s] -- Installing: /home/anmol/ws_offboard_control/install/px4_ros_com/share/px4_ros_com/environment/library_path.dsv
[4.678s] -- Up-to-date: /home/anmol/ws_offboard_control/install/px4_ros_com/include/px4_ros_com
[4.678s] -- Up-to-date: /home/anmol/ws_offboard_control/install/px4_ros_com/include/px4_ros_com/frame_transforms.h
[4.678s] -- Up-to-date: /home/anmol/ws_offboard_control/install/px4_ros_com/lib/libframe_transforms.so
[4.678s] -- Up-to-date: /home/anmol/ws_offboard_control/install/px4_ros_com/share/px4_ros_com//launch
[4.678s] -- Up-to-date: /home/anmol/ws_offboard_control/install/px4_ros_com/share/px4_ros_com//launch/sensor_combined_listener.launch.py
[4.678s] -- Up-to-date: /home/anmol/ws_offboard_control/install/px4_ros_com/share/px4_ros_com//launch/offboard_control_launch.yaml
[4.679s] -- Up-to-date: /home/anmol/ws_offboard_control/install/px4_ros_com/share/px4_ros_com//test
[4.679s] -- Up-to-date: /home/anmol/ws_offboard_control/install/px4_ros_com/share/px4_ros_com//test/pipeline_io_test.py
[4.679s] -- Up-to-date: /home/anmol/ws_offboard_control/install/px4_ros_com/share/px4_ros_com//test/__init__.py
[4.679s] -- Up-to-date: /home/anmol/ws_offboard_control/install/px4_ros_com/share/px4_ros_com//test/test_output.py
[4.679s] -- Up-to-date: /home/anmol/ws_offboard_control/install/px4_ros_com/share/px4_ros_com//test/test_input.py
[4.679s] -- Up-to-date: /home/anmol/ws_offboard_control/install/px4_ros_com/share/ament_index/resource_index/package_run_dependencies/px4_ros_com
[4.679s] -- Up-to-date: /home/anmol/ws_offboard_control/install/px4_ros_com/share/ament_index/resource_index/parent_prefix_path/px4_ros_com
[4.679s] -- Up-to-date: /home/anmol/ws_offboard_control/install/px4_ros_com/share/px4_ros_com/environment/ament_prefix_path.sh
[4.679s] -- Installing: /home/anmol/ws_offboard_control/install/px4_ros_com/share/px4_ros_com/environment/ament_prefix_path.dsv
[4.679s] -- Up-to-date: /home/anmol/ws_offboard_control/install/px4_ros_com/share/px4_ros_com/environment/path.sh
[4.679s] -- Installing: /home/anmol/ws_offboard_control/install/px4_ros_com/share/px4_ros_com/environment/path.dsv
[4.679s] -- Up-to-date: /home/anmol/ws_offboard_control/install/px4_ros_com/share/px4_ros_com/local_setup.bash
[4.679s] -- Up-to-date: /home/anmol/ws_offboard_control/install/px4_ros_com/share/px4_ros_com/local_setup.sh
[4.679s] -- Up-to-date: /home/anmol/ws_offboard_control/install/px4_ros_com/share/px4_ros_com/local_setup.zsh
[4.680s] -- Installing: /home/anmol/ws_offboard_control/install/px4_ros_com/share/px4_ros_com/local_setup.dsv
[4.680s] -- Installing: /home/anmol/ws_offboard_control/install/px4_ros_com/share/px4_ros_com/package.dsv
[4.680s] -- Up-to-date: /home/anmol/ws_offboard_control/install/px4_ros_com/share/ament_index/resource_index/packages/px4_ros_com
[4.680s] -- Up-to-date: /home/anmol/ws_offboard_control/install/px4_ros_com/share/px4_ros_com/cmake/export_frame_transformsExport.cmake
[4.680s] -- Up-to-date: /home/anmol/ws_offboard_control/install/px4_ros_com/share/px4_ros_com/cmake/export_frame_transformsExport-noconfig.cmake
[4.680s] -- Up-to-date: /home/anmol/ws_offboard_control/install/px4_ros_com/share/px4_ros_com/cmake/ament_cmake_export_dependencies-extras.cmake
[4.680s] -- Up-to-date: /home/anmol/ws_offboard_control/install/px4_ros_com/share/px4_ros_com/cmake/ament_cmake_export_targets-extras.cmake
[4.680s] -- Up-to-date: /home/anmol/ws_offboard_control/install/px4_ros_com/share/px4_ros_com/cmake/ament_cmake_export_include_directories-extras.cmake
[4.680s] -- Up-to-date: /home/anmol/ws_offboard_control/install/px4_ros_com/share/px4_ros_com/cmake/ament_cmake_export_libraries-extras.cmake
[4.680s] -- Up-to-date: /home/anmol/ws_offboard_control/install/px4_ros_com/share/px4_ros_com/cmake/px4_ros_comConfig.cmake
[4.680s] -- Up-to-date: /home/anmol/ws_offboard_control/install/px4_ros_com/share/px4_ros_com/cmake/px4_ros_comConfig-version.cmake
[4.680s] -- Installing: /home/anmol/ws_offboard_control/install/px4_ros_com/share/px4_ros_com/package.xml
[4.682s] Invoked command in '/home/anmol/ws_offboard_control/build/px4_ros_com' returned '0': AMENT_PREFIX_PATH=/home/anmol/ws_offboard_control/install/px4_msgs:${AMENT_PREFIX_PATH} CMAKE_PREFIX_PATH=/home/anmol/ws_offboard_control/install/px4_msgs:/opt/ros/humble LD_LIBRARY_PATH=/home/anmol/ws_offboard_control/install/px4_msgs/lib:${LD_LIBRARY_PATH} PYTHONPATH=/home/anmol/ws_offboard_control/install/px4_msgs/local/lib/python3.10/dist-packages:${PYTHONPATH} /usr/bin/cmake --install /home/anmol/ws_offboard_control/build/px4_ros_com
