[1.114s] Invoking command in '/home/anmol/ws_offboard_control/src/manual_key_control': PYTHONPATH=/home/anmol/ws_offboard_control/build/manual_key_control/prefix_override:/home/anmol/ws_offboard_control/install/manual_key_control/lib/python3.10/site-packages:${PYTHONPATH} /usr/bin/python3 setup.py egg_info --egg-base ../../build/manual_key_control build --build-base /home/anmol/ws_offboard_control/build/manual_key_control/build install --record /home/anmol/ws_offboard_control/build/manual_key_control/install.log --single-version-externally-managed
[1.413s] running egg_info
[1.414s] writing ../../build/manual_key_control/manual_key_control.egg-info/PKG-INFO
[1.415s] writing dependency_links to ../../build/manual_key_control/manual_key_control.egg-info/dependency_links.txt
[1.415s] writing entry points to ../../build/manual_key_control/manual_key_control.egg-info/entry_points.txt
[1.415s] writing requirements to ../../build/manual_key_control/manual_key_control.egg-info/requires.txt
[1.415s] writing top-level names to ../../build/manual_key_control/manual_key_control.egg-info/top_level.txt
[1.417s] reading manifest file '../../build/manual_key_control/manual_key_control.egg-info/SOURCES.txt'
[1.427s] writing manifest file '../../build/manual_key_control/manual_key_control.egg-info/SOURCES.txt'
[1.427s] running build
[1.427s] running build_py
[1.427s] copying manual_key_control/key_server.py -> /home/anmol/ws_offboard_control/build/manual_key_control/build/lib/manual_key_control
[1.428s] running install
[1.428s] /usr/lib/python3/dist-packages/setuptools/command/install.py:34: SetuptoolsDeprecationWarning: setup.py install is deprecated. Use build and pip and other standards-based tools.
[1.428s]   warnings.warn(
[1.429s] running install_lib
[1.429s] copying /home/anmol/ws_offboard_control/build/manual_key_control/build/lib/manual_key_control/key_server.py -> /home/anmol/ws_offboard_control/install/manual_key_control/lib/python3.10/site-packages/manual_key_control
[1.431s] byte-compiling /home/anmol/ws_offboard_control/install/manual_key_control/lib/python3.10/site-packages/manual_key_control/key_server.py to key_server.cpython-310.pyc
[1.433s] running install_data
[1.434s] running install_egg_info
[1.436s] removing '/home/anmol/ws_offboard_control/install/manual_key_control/lib/python3.10/site-packages/manual_key_control-0.0.0-py3.10.egg-info' (and everything under it)
[1.436s] Copying ../../build/manual_key_control/manual_key_control.egg-info to /home/anmol/ws_offboard_control/install/manual_key_control/lib/python3.10/site-packages/manual_key_control-0.0.0-py3.10.egg-info
[1.438s] running install_scripts
[1.463s] Installing draw_square script to /home/anmol/ws_offboard_control/install/manual_key_control/lib/manual_key_control
[1.463s] Installing key_pub script to /home/anmol/ws_offboard_control/install/manual_key_control/lib/manual_key_control
[1.464s] Installing key_server script to /home/anmol/ws_offboard_control/install/manual_key_control/lib/manual_key_control
[1.464s] Installing key_trigger script to /home/anmol/ws_offboard_control/install/manual_key_control/lib/manual_key_control
[1.464s] writing list of installed files to '/home/anmol/ws_offboard_control/build/manual_key_control/install.log'
[1.498s] Invoked command in '/home/anmol/ws_offboard_control/src/manual_key_control' returned '0': PYTHONPATH=/home/anmol/ws_offboard_control/build/manual_key_control/prefix_override:/home/anmol/ws_offboard_control/install/manual_key_control/lib/python3.10/site-packages:${PYTHONPATH} /usr/bin/python3 setup.py egg_info --egg-base ../../build/manual_key_control build --build-base /home/anmol/ws_offboard_control/build/manual_key_control/build install --record /home/anmol/ws_offboard_control/build/manual_key_control/install.log --single-version-externally-managed
