[0.981s] DEBUG:colcon:Command line arguments: ['/usr/bin/colcon', 'build']
[0.981s] DEBUG:colcon:Parsed command line arguments: Namespace(log_base=None, log_level=None, verb_name='build', build_base='build', install_base='install', merge_install=False, symlink_install=False, test_result_base=None, continue_on_error=False, executor='parallel', parallel_workers=12, event_handlers=None, ignore_user_meta=False, metas=['./colcon.meta'], base_paths=['.'], packages_ignore=None, packages_ignore_regex=None, paths=None, packages_up_to=None, packages_up_to_regex=None, packages_above=None, packages_above_and_dependencies=None, packages_above_depth=None, packages_select_by_dep=None, packages_skip_by_dep=None, packages_skip_up_to=None, packages_select_build_failed=False, packages_skip_build_finished=False, packages_select_test_failures=False, packages_skip_test_passed=False, packages_select=None, packages_skip=None, packages_select_regex=None, packages_skip_regex=None, packages_start=None, packages_end=None, allow_overriding=[], cmake_args=None, cmake_target=None, cmake_target_skip_unavailable=False, cmake_clean_cache=False, cmake_clean_first=False, cmake_force_configure=False, ament_cmake_args=None, catkin_cmake_args=None, catkin_skip_building_tests=False, verb_parser=<colcon_defaults.argument_parser.defaults.DefaultArgumentsDecorator object at 0x7fbf7fbb8250>, verb_extension=<colcon_core.verb.build.BuildVerb object at 0x7fbf7fbb8520>, main=<bound method BuildVerb.main of <colcon_core.verb.build.BuildVerb object at 0x7fbf7fbb8520>>)
[1.035s] Level 1:colcon.colcon_core.package_discovery:discover_packages(colcon_meta) check parameters
[1.035s] Level 1:colcon.colcon_core.package_discovery:discover_packages(recursive) check parameters
[1.035s] Level 1:colcon.colcon_core.package_discovery:discover_packages(ignore) check parameters
[1.035s] Level 1:colcon.colcon_core.package_discovery:discover_packages(path) check parameters
[1.035s] Level 1:colcon.colcon_core.package_discovery:discover_packages(colcon_meta) discover
[1.035s] Level 1:colcon.colcon_core.package_discovery:discover_packages(recursive) discover
[1.036s] INFO:colcon.colcon_core.package_discovery:Crawling recursively for packages in '/home/anmol/ws_offboard_control'
[1.036s] Level 1:colcon.colcon_core.package_identification:_identify(.) by extensions ['ignore', 'ignore_ament_install']
[1.036s] Level 1:colcon.colcon_core.package_identification:_identify(.) by extension 'ignore'
[1.036s] Level 1:colcon.colcon_core.package_identification:_identify(.) by extension 'ignore_ament_install'
[1.036s] Level 1:colcon.colcon_core.package_identification:_identify(.) by extensions ['colcon_pkg']
[1.036s] Level 1:colcon.colcon_core.package_identification:_identify(.) by extension 'colcon_pkg'
[1.036s] Level 1:colcon.colcon_core.package_identification:_identify(.) by extensions ['colcon_meta']
[1.036s] Level 1:colcon.colcon_core.package_identification:_identify(.) by extension 'colcon_meta'
[1.036s] Level 1:colcon.colcon_core.package_identification:_identify(.) by extensions ['ros']
[1.036s] Level 1:colcon.colcon_core.package_identification:_identify(.) by extension 'ros'
[1.047s] Level 1:colcon.colcon_core.package_identification:_identify(.) by extensions ['cmake', 'python']
[1.047s] Level 1:colcon.colcon_core.package_identification:_identify(.) by extension 'cmake'
[1.047s] Level 1:colcon.colcon_core.package_identification:_identify(.) by extension 'python'
[1.048s] Level 1:colcon.colcon_core.package_identification:_identify(.) by extensions ['python_setup_py']
[1.048s] Level 1:colcon.colcon_core.package_identification:_identify(.) by extension 'python_setup_py'
[1.048s] Level 1:colcon.colcon_core.package_identification:_identify(build) by extensions ['ignore', 'ignore_ament_install']
[1.048s] Level 1:colcon.colcon_core.package_identification:_identify(build) by extension 'ignore'
[1.048s] Level 1:colcon.colcon_core.package_identification:_identify(build) ignored
[1.048s] Level 1:colcon.colcon_core.package_identification:_identify(install) by extensions ['ignore', 'ignore_ament_install']
[1.048s] Level 1:colcon.colcon_core.package_identification:_identify(install) by extension 'ignore'
[1.048s] Level 1:colcon.colcon_core.package_identification:_identify(install) ignored
[1.048s] Level 1:colcon.colcon_core.package_identification:_identify(log) by extensions ['ignore', 'ignore_ament_install']
[1.048s] Level 1:colcon.colcon_core.package_identification:_identify(log) by extension 'ignore'
[1.048s] Level 1:colcon.colcon_core.package_identification:_identify(log) ignored
[1.048s] Level 1:colcon.colcon_core.package_identification:_identify(src) by extensions ['ignore', 'ignore_ament_install']
[1.048s] Level 1:colcon.colcon_core.package_identification:_identify(src) by extension 'ignore'
[1.048s] Level 1:colcon.colcon_core.package_identification:_identify(src) by extension 'ignore_ament_install'
[1.048s] Level 1:colcon.colcon_core.package_identification:_identify(src) by extensions ['colcon_pkg']
[1.048s] Level 1:colcon.colcon_core.package_identification:_identify(src) by extension 'colcon_pkg'
[1.048s] Level 1:colcon.colcon_core.package_identification:_identify(src) by extensions ['colcon_meta']
[1.048s] Level 1:colcon.colcon_core.package_identification:_identify(src) by extension 'colcon_meta'
[1.048s] Level 1:colcon.colcon_core.package_identification:_identify(src) by extensions ['ros']
[1.048s] Level 1:colcon.colcon_core.package_identification:_identify(src) by extension 'ros'
[1.049s] Level 1:colcon.colcon_core.package_identification:_identify(src) by extensions ['cmake', 'python']
[1.049s] Level 1:colcon.colcon_core.package_identification:_identify(src) by extension 'cmake'
[1.049s] Level 1:colcon.colcon_core.package_identification:_identify(src) by extension 'python'
[1.049s] Level 1:colcon.colcon_core.package_identification:_identify(src) by extensions ['python_setup_py']
[1.049s] Level 1:colcon.colcon_core.package_identification:_identify(src) by extension 'python_setup_py'
[1.049s] Level 1:colcon.colcon_core.package_identification:_identify(src/px4_msgs) by extensions ['ignore', 'ignore_ament_install']
[1.049s] Level 1:colcon.colcon_core.package_identification:_identify(src/px4_msgs) by extension 'ignore'
[1.049s] Level 1:colcon.colcon_core.package_identification:_identify(src/px4_msgs) by extension 'ignore_ament_install'
[1.049s] Level 1:colcon.colcon_core.package_identification:_identify(src/px4_msgs) by extensions ['colcon_pkg']
[1.049s] Level 1:colcon.colcon_core.package_identification:_identify(src/px4_msgs) by extension 'colcon_pkg'
[1.049s] Level 1:colcon.colcon_core.package_identification:_identify(src/px4_msgs) by extensions ['colcon_meta']
[1.049s] Level 1:colcon.colcon_core.package_identification:_identify(src/px4_msgs) by extension 'colcon_meta'
[1.049s] Level 1:colcon.colcon_core.package_identification:_identify(src/px4_msgs) by extensions ['ros']
[1.049s] Level 1:colcon.colcon_core.package_identification:_identify(src/px4_msgs) by extension 'ros'
[1.052s] DEBUG:colcon.colcon_core.package_identification:Package 'src/px4_msgs' with type 'ros.ament_cmake' and name 'px4_msgs'
[1.052s] Level 1:colcon.colcon_core.package_identification:_identify(src/px4_ros_com) by extensions ['ignore', 'ignore_ament_install']
[1.052s] Level 1:colcon.colcon_core.package_identification:_identify(src/px4_ros_com) by extension 'ignore'
[1.052s] Level 1:colcon.colcon_core.package_identification:_identify(src/px4_ros_com) by extension 'ignore_ament_install'
[1.052s] Level 1:colcon.colcon_core.package_identification:_identify(src/px4_ros_com) by extensions ['colcon_pkg']
[1.052s] Level 1:colcon.colcon_core.package_identification:_identify(src/px4_ros_com) by extension 'colcon_pkg'
[1.053s] Level 1:colcon.colcon_core.package_identification:_identify(src/px4_ros_com) by extensions ['colcon_meta']
[1.053s] Level 1:colcon.colcon_core.package_identification:_identify(src/px4_ros_com) by extension 'colcon_meta'
[1.053s] Level 1:colcon.colcon_core.package_identification:_identify(src/px4_ros_com) by extensions ['ros']
[1.053s] Level 1:colcon.colcon_core.package_identification:_identify(src/px4_ros_com) by extension 'ros'
[1.054s] DEBUG:colcon.colcon_core.package_identification:Package 'src/px4_ros_com' with type 'ros.ament_cmake' and name 'px4_ros_com'
[1.054s] Level 1:colcon.colcon_core.package_discovery:discover_packages(recursive) using defaults
[1.054s] Level 1:colcon.colcon_core.package_discovery:discover_packages(ignore) discover
[1.054s] Level 1:colcon.colcon_core.package_discovery:discover_packages(ignore) using defaults
[1.054s] Level 1:colcon.colcon_core.package_discovery:discover_packages(path) discover
[1.054s] Level 1:colcon.colcon_core.package_discovery:discover_packages(path) using defaults
[1.135s] Level 1:colcon.colcon_core.package_discovery:discover_packages(prefix_path) check parameters
[1.135s] Level 1:colcon.colcon_core.package_discovery:discover_packages(prefix_path) discover
[1.162s] DEBUG:colcon.colcon_installed_package_information.package_discovery:Found 270 installed packages in /opt/ros/humble
[1.163s] Level 1:colcon.colcon_core.package_discovery:discover_packages(prefix_path) using defaults
[1.248s] Level 5:colcon.colcon_core.verb:set package 'px4_msgs' build argument 'cmake_args' from command line to 'None'
[1.248s] Level 5:colcon.colcon_core.verb:set package 'px4_msgs' build argument 'cmake_target' from command line to 'None'
[1.248s] Level 5:colcon.colcon_core.verb:set package 'px4_msgs' build argument 'cmake_target_skip_unavailable' from command line to 'False'
[1.248s] Level 5:colcon.colcon_core.verb:set package 'px4_msgs' build argument 'cmake_clean_cache' from command line to 'False'
[1.248s] Level 5:colcon.colcon_core.verb:set package 'px4_msgs' build argument 'cmake_clean_first' from command line to 'False'
[1.248s] Level 5:colcon.colcon_core.verb:set package 'px4_msgs' build argument 'cmake_force_configure' from command line to 'False'
[1.248s] Level 5:colcon.colcon_core.verb:set package 'px4_msgs' build argument 'ament_cmake_args' from command line to 'None'
[1.248s] Level 5:colcon.colcon_core.verb:set package 'px4_msgs' build argument 'catkin_cmake_args' from command line to 'None'
[1.248s] Level 5:colcon.colcon_core.verb:set package 'px4_msgs' build argument 'catkin_skip_building_tests' from command line to 'False'
[1.248s] DEBUG:colcon.colcon_core.verb:Building package 'px4_msgs' with the following arguments: {'ament_cmake_args': None, 'build_base': '/home/anmol/ws_offboard_control/build/px4_msgs', 'catkin_cmake_args': None, 'catkin_skip_building_tests': False, 'cmake_args': None, 'cmake_clean_cache': False, 'cmake_clean_first': False, 'cmake_force_configure': False, 'cmake_target': None, 'cmake_target_skip_unavailable': False, 'install_base': '/home/anmol/ws_offboard_control/install/px4_msgs', 'merge_install': False, 'path': '/home/anmol/ws_offboard_control/src/px4_msgs', 'symlink_install': False, 'test_result_base': None}
[1.260s] Level 5:colcon.colcon_core.verb:set package 'px4_ros_com' build argument 'cmake_args' from command line to 'None'
[1.261s] Level 5:colcon.colcon_core.verb:set package 'px4_ros_com' build argument 'cmake_target' from command line to 'None'
[1.261s] Level 5:colcon.colcon_core.verb:set package 'px4_ros_com' build argument 'cmake_target_skip_unavailable' from command line to 'False'
[1.261s] Level 5:colcon.colcon_core.verb:set package 'px4_ros_com' build argument 'cmake_clean_cache' from command line to 'False'
[1.261s] Level 5:colcon.colcon_core.verb:set package 'px4_ros_com' build argument 'cmake_clean_first' from command line to 'False'
[1.261s] Level 5:colcon.colcon_core.verb:set package 'px4_ros_com' build argument 'cmake_force_configure' from command line to 'False'
[1.261s] Level 5:colcon.colcon_core.verb:set package 'px4_ros_com' build argument 'ament_cmake_args' from command line to 'None'
[1.261s] Level 5:colcon.colcon_core.verb:set package 'px4_ros_com' build argument 'catkin_cmake_args' from command line to 'None'
[1.261s] Level 5:colcon.colcon_core.verb:set package 'px4_ros_com' build argument 'catkin_skip_building_tests' from command line to 'False'
[1.261s] DEBUG:colcon.colcon_core.verb:Building package 'px4_ros_com' with the following arguments: {'ament_cmake_args': None, 'build_base': '/home/anmol/ws_offboard_control/build/px4_ros_com', 'catkin_cmake_args': None, 'catkin_skip_building_tests': False, 'cmake_args': None, 'cmake_clean_cache': False, 'cmake_clean_first': False, 'cmake_force_configure': False, 'cmake_target': None, 'cmake_target_skip_unavailable': False, 'install_base': '/home/anmol/ws_offboard_control/install/px4_ros_com', 'merge_install': False, 'path': '/home/anmol/ws_offboard_control/src/px4_ros_com', 'symlink_install': False, 'test_result_base': None}
[1.273s] INFO:colcon.colcon_core.executor:Executing jobs using 'parallel' executor
[1.286s] DEBUG:colcon.colcon_parallel_executor.executor.parallel:run_until_complete
[1.286s] INFO:colcon.colcon_ros.task.ament_cmake.build:Building ROS package in '/home/anmol/ws_offboard_control/src/px4_msgs' with build type 'ament_cmake'
[1.286s] INFO:colcon.colcon_cmake.task.cmake.build:Building CMake package in '/home/anmol/ws_offboard_control/src/px4_msgs'
[1.302s] INFO:colcon.colcon_core.plugin_system:Skipping extension 'colcon_core.shell.bat': Not used on non-Windows systems
[1.302s] INFO:colcon.colcon_core.shell:Skip shell extension 'powershell' for command environment: Not usable outside of PowerShell
[1.302s] DEBUG:colcon.colcon_core.shell:Skip shell extension 'dsv' for command environment
[1.335s] DEBUG:colcon.colcon_core.event_handler.log_command:Invoking command in '/home/anmol/ws_offboard_control/build/px4_msgs': CMAKE_PREFIX_PATH=/opt/ros/humble /usr/bin/cmake /home/anmol/ws_offboard_control/src/px4_msgs -DCMAKE_INSTALL_PREFIX=/home/anmol/ws_offboard_control/install/px4_msgs
[4.414s] DEBUG:colcon.colcon_core.event_handler.log_command:Invoked command in '/home/anmol/ws_offboard_control/build/px4_msgs' returned '0': CMAKE_PREFIX_PATH=/opt/ros/humble /usr/bin/cmake /home/anmol/ws_offboard_control/src/px4_msgs -DCMAKE_INSTALL_PREFIX=/home/anmol/ws_offboard_control/install/px4_msgs
[4.416s] DEBUG:colcon.colcon_core.event_handler.log_command:Invoking command in '/home/anmol/ws_offboard_control/build/px4_msgs': CMAKE_PREFIX_PATH=/opt/ros/humble /usr/bin/cmake --build /home/anmol/ws_offboard_control/build/px4_msgs -- -j12 -l12
[174.915s] DEBUG:colcon.colcon_core.event_handler.log_command:Invoked command in '/home/anmol/ws_offboard_control/build/px4_msgs' returned '0': CMAKE_PREFIX_PATH=/opt/ros/humble /usr/bin/cmake --build /home/anmol/ws_offboard_control/build/px4_msgs -- -j12 -l12
[179.257s] DEBUG:colcon.colcon_core.event_handler.log_command:Invoking command in '/home/anmol/ws_offboard_control/build/px4_msgs': CMAKE_PREFIX_PATH=/opt/ros/humble /usr/bin/cmake --install /home/anmol/ws_offboard_control/build/px4_msgs
[180.318s] Level 1:colcon.colcon_core.environment:create_environment_scripts_only(px4_msgs)
[180.319s] DEBUG:colcon.colcon_core.event_handler.log_command:Invoked command in '/home/anmol/ws_offboard_control/build/px4_msgs' returned '0': CMAKE_PREFIX_PATH=/opt/ros/humble /usr/bin/cmake --install /home/anmol/ws_offboard_control/build/px4_msgs
[180.336s] Level 1:colcon.colcon_core.environment:checking '/home/anmol/ws_offboard_control/install/px4_msgs' for CMake module files
[180.337s] Level 1:colcon.colcon_core.environment:checking '/home/anmol/ws_offboard_control/install/px4_msgs' for CMake config files
[180.337s] Level 1:colcon.colcon_core.shell:create_environment_hook('px4_msgs', 'cmake_prefix_path')
[180.349s] INFO:colcon.colcon_core.shell:Creating environment hook '/home/anmol/ws_offboard_control/install/px4_msgs/share/px4_msgs/hook/cmake_prefix_path.ps1'
[180.350s] INFO:colcon.colcon_core.shell:Creating environment descriptor '/home/anmol/ws_offboard_control/install/px4_msgs/share/px4_msgs/hook/cmake_prefix_path.dsv'
[180.350s] INFO:colcon.colcon_core.shell:Creating environment hook '/home/anmol/ws_offboard_control/install/px4_msgs/share/px4_msgs/hook/cmake_prefix_path.sh'
[180.351s] Level 1:colcon.colcon_core.environment:checking '/home/anmol/ws_offboard_control/install/px4_msgs/lib'
[180.351s] Level 1:colcon.colcon_core.shell:create_environment_hook('px4_msgs', 'ld_library_path_lib')
[180.363s] INFO:colcon.colcon_core.shell:Creating environment hook '/home/anmol/ws_offboard_control/install/px4_msgs/share/px4_msgs/hook/ld_library_path_lib.ps1'
[180.364s] INFO:colcon.colcon_core.shell:Creating environment descriptor '/home/anmol/ws_offboard_control/install/px4_msgs/share/px4_msgs/hook/ld_library_path_lib.dsv'
[180.364s] INFO:colcon.colcon_core.shell:Creating environment hook '/home/anmol/ws_offboard_control/install/px4_msgs/share/px4_msgs/hook/ld_library_path_lib.sh'
[180.364s] Level 1:colcon.colcon_core.environment:checking '/home/anmol/ws_offboard_control/install/px4_msgs/bin'
[180.364s] Level 1:colcon.colcon_core.environment:checking '/home/anmol/ws_offboard_control/install/px4_msgs/lib/pkgconfig/px4_msgs.pc'
[180.364s] Level 1:colcon.colcon_core.environment:checking '/home/anmol/ws_offboard_control/install/px4_msgs/lib/python3.10/site-packages'
[180.365s] Level 1:colcon.colcon_core.environment:checking '/home/anmol/ws_offboard_control/install/px4_msgs/bin'
[180.377s] INFO:colcon.colcon_core.shell:Creating package script '/home/anmol/ws_offboard_control/install/px4_msgs/share/px4_msgs/package.ps1'
[180.378s] INFO:colcon.colcon_core.shell:Creating package descriptor '/home/anmol/ws_offboard_control/install/px4_msgs/share/px4_msgs/package.dsv'
[180.378s] INFO:colcon.colcon_core.shell:Creating package script '/home/anmol/ws_offboard_control/install/px4_msgs/share/px4_msgs/package.sh'
[180.379s] INFO:colcon.colcon_core.shell:Creating package script '/home/anmol/ws_offboard_control/install/px4_msgs/share/px4_msgs/package.bash'
[180.379s] INFO:colcon.colcon_core.shell:Creating package script '/home/anmol/ws_offboard_control/install/px4_msgs/share/px4_msgs/package.zsh'
[180.380s] Level 1:colcon.colcon_core.environment:create_file_with_runtime_dependencies(/home/anmol/ws_offboard_control/install/px4_msgs/share/colcon-core/packages/px4_msgs)
[184.605s] Level 1:colcon.colcon_core.environment:create_environment_scripts_only(px4_msgs)
[184.617s] Level 1:colcon.colcon_core.environment:checking '/home/anmol/ws_offboard_control/install/px4_msgs' for CMake module files
[184.618s] Level 1:colcon.colcon_core.environment:checking '/home/anmol/ws_offboard_control/install/px4_msgs' for CMake config files
[184.618s] Level 1:colcon.colcon_core.shell:create_environment_hook('px4_msgs', 'cmake_prefix_path')
[184.631s] INFO:colcon.colcon_core.shell:Creating environment hook '/home/anmol/ws_offboard_control/install/px4_msgs/share/px4_msgs/hook/cmake_prefix_path.ps1'
[184.631s] INFO:colcon.colcon_core.shell:Creating environment descriptor '/home/anmol/ws_offboard_control/install/px4_msgs/share/px4_msgs/hook/cmake_prefix_path.dsv'
[184.632s] INFO:colcon.colcon_core.shell:Creating environment hook '/home/anmol/ws_offboard_control/install/px4_msgs/share/px4_msgs/hook/cmake_prefix_path.sh'
[184.632s] Level 1:colcon.colcon_core.environment:checking '/home/anmol/ws_offboard_control/install/px4_msgs/lib'
[184.632s] Level 1:colcon.colcon_core.shell:create_environment_hook('px4_msgs', 'ld_library_path_lib')
[184.645s] INFO:colcon.colcon_core.shell:Creating environment hook '/home/anmol/ws_offboard_control/install/px4_msgs/share/px4_msgs/hook/ld_library_path_lib.ps1'
[184.645s] INFO:colcon.colcon_core.shell:Creating environment descriptor '/home/anmol/ws_offboard_control/install/px4_msgs/share/px4_msgs/hook/ld_library_path_lib.dsv'
[184.645s] INFO:colcon.colcon_core.shell:Creating environment hook '/home/anmol/ws_offboard_control/install/px4_msgs/share/px4_msgs/hook/ld_library_path_lib.sh'
[184.646s] Level 1:colcon.colcon_core.environment:checking '/home/anmol/ws_offboard_control/install/px4_msgs/bin'
[184.646s] Level 1:colcon.colcon_core.environment:checking '/home/anmol/ws_offboard_control/install/px4_msgs/lib/pkgconfig/px4_msgs.pc'
[184.646s] Level 1:colcon.colcon_core.environment:checking '/home/anmol/ws_offboard_control/install/px4_msgs/lib/python3.10/site-packages'
[184.646s] Level 1:colcon.colcon_core.environment:checking '/home/anmol/ws_offboard_control/install/px4_msgs/bin'
[184.658s] INFO:colcon.colcon_core.shell:Creating package script '/home/anmol/ws_offboard_control/install/px4_msgs/share/px4_msgs/package.ps1'
[184.659s] INFO:colcon.colcon_core.shell:Creating package descriptor '/home/anmol/ws_offboard_control/install/px4_msgs/share/px4_msgs/package.dsv'
[184.659s] INFO:colcon.colcon_core.shell:Creating package script '/home/anmol/ws_offboard_control/install/px4_msgs/share/px4_msgs/package.sh'
[184.660s] INFO:colcon.colcon_core.shell:Creating package script '/home/anmol/ws_offboard_control/install/px4_msgs/share/px4_msgs/package.bash'
[184.660s] INFO:colcon.colcon_core.shell:Creating package script '/home/anmol/ws_offboard_control/install/px4_msgs/share/px4_msgs/package.zsh'
[184.660s] Level 1:colcon.colcon_core.environment:create_file_with_runtime_dependencies(/home/anmol/ws_offboard_control/install/px4_msgs/share/colcon-core/packages/px4_msgs)
[184.660s] INFO:colcon.colcon_ros.task.ament_cmake.build:Building ROS package in '/home/anmol/ws_offboard_control/src/px4_ros_com' with build type 'ament_cmake'
[184.661s] INFO:colcon.colcon_cmake.task.cmake.build:Building CMake package in '/home/anmol/ws_offboard_control/src/px4_ros_com'
[184.674s] INFO:colcon.colcon_core.shell:Skip shell extension 'powershell' for command environment: Not usable outside of PowerShell
[184.674s] DEBUG:colcon.colcon_core.shell:Skip shell extension 'dsv' for command environment
[184.708s] DEBUG:colcon.colcon_core.event_handler.log_command:Invoking command in '/home/anmol/ws_offboard_control/build/px4_ros_com': AMENT_PREFIX_PATH=/home/anmol/ws_offboard_control/install/px4_msgs:${AMENT_PREFIX_PATH} CMAKE_PREFIX_PATH=/home/anmol/ws_offboard_control/install/px4_msgs:/opt/ros/humble LD_LIBRARY_PATH=/home/anmol/ws_offboard_control/install/px4_msgs/lib:${LD_LIBRARY_PATH} PYTHONPATH=/home/anmol/ws_offboard_control/install/px4_msgs/local/lib/python3.10/dist-packages:${PYTHONPATH} /usr/bin/cmake /home/anmol/ws_offboard_control/src/px4_ros_com -DCMAKE_INSTALL_PREFIX=/home/anmol/ws_offboard_control/install/px4_ros_com
[186.283s] DEBUG:colcon.colcon_core.event_handler.log_command:Invoked command in '/home/anmol/ws_offboard_control/build/px4_ros_com' returned '0': AMENT_PREFIX_PATH=/home/anmol/ws_offboard_control/install/px4_msgs:${AMENT_PREFIX_PATH} CMAKE_PREFIX_PATH=/home/anmol/ws_offboard_control/install/px4_msgs:/opt/ros/humble LD_LIBRARY_PATH=/home/anmol/ws_offboard_control/install/px4_msgs/lib:${LD_LIBRARY_PATH} PYTHONPATH=/home/anmol/ws_offboard_control/install/px4_msgs/local/lib/python3.10/dist-packages:${PYTHONPATH} /usr/bin/cmake /home/anmol/ws_offboard_control/src/px4_ros_com -DCMAKE_INSTALL_PREFIX=/home/anmol/ws_offboard_control/install/px4_ros_com
[186.284s] DEBUG:colcon.colcon_core.event_handler.log_command:Invoking command in '/home/anmol/ws_offboard_control/build/px4_ros_com': AMENT_PREFIX_PATH=/home/anmol/ws_offboard_control/install/px4_msgs:${AMENT_PREFIX_PATH} CMAKE_PREFIX_PATH=/home/anmol/ws_offboard_control/install/px4_msgs:/opt/ros/humble LD_LIBRARY_PATH=/home/anmol/ws_offboard_control/install/px4_msgs/lib:${LD_LIBRARY_PATH} PYTHONPATH=/home/anmol/ws_offboard_control/install/px4_msgs/local/lib/python3.10/dist-packages:${PYTHONPATH} /usr/bin/cmake --build /home/anmol/ws_offboard_control/build/px4_ros_com -- -j12 -l12
[194.847s] DEBUG:colcon.colcon_core.event_handler.log_command:Invoked command in '/home/anmol/ws_offboard_control/build/px4_ros_com' returned '0': AMENT_PREFIX_PATH=/home/anmol/ws_offboard_control/install/px4_msgs:${AMENT_PREFIX_PATH} CMAKE_PREFIX_PATH=/home/anmol/ws_offboard_control/install/px4_msgs:/opt/ros/humble LD_LIBRARY_PATH=/home/anmol/ws_offboard_control/install/px4_msgs/lib:${LD_LIBRARY_PATH} PYTHONPATH=/home/anmol/ws_offboard_control/install/px4_msgs/local/lib/python3.10/dist-packages:${PYTHONPATH} /usr/bin/cmake --build /home/anmol/ws_offboard_control/build/px4_ros_com -- -j12 -l12
[194.893s] DEBUG:colcon.colcon_core.event_handler.log_command:Invoking command in '/home/anmol/ws_offboard_control/build/px4_ros_com': AMENT_PREFIX_PATH=/home/anmol/ws_offboard_control/install/px4_msgs:${AMENT_PREFIX_PATH} CMAKE_PREFIX_PATH=/home/anmol/ws_offboard_control/install/px4_msgs:/opt/ros/humble LD_LIBRARY_PATH=/home/anmol/ws_offboard_control/install/px4_msgs/lib:${LD_LIBRARY_PATH} PYTHONPATH=/home/anmol/ws_offboard_control/install/px4_msgs/local/lib/python3.10/dist-packages:${PYTHONPATH} /usr/bin/cmake --install /home/anmol/ws_offboard_control/build/px4_ros_com
[194.929s] Level 1:colcon.colcon_core.environment:create_environment_scripts_only(px4_ros_com)
[194.929s] DEBUG:colcon.colcon_core.event_handler.log_command:Invoked command in '/home/anmol/ws_offboard_control/build/px4_ros_com' returned '0': AMENT_PREFIX_PATH=/home/anmol/ws_offboard_control/install/px4_msgs:${AMENT_PREFIX_PATH} CMAKE_PREFIX_PATH=/home/anmol/ws_offboard_control/install/px4_msgs:/opt/ros/humble LD_LIBRARY_PATH=/home/anmol/ws_offboard_control/install/px4_msgs/lib:${LD_LIBRARY_PATH} PYTHONPATH=/home/anmol/ws_offboard_control/install/px4_msgs/local/lib/python3.10/dist-packages:${PYTHONPATH} /usr/bin/cmake --install /home/anmol/ws_offboard_control/build/px4_ros_com
[194.978s] Level 1:colcon.colcon_core.environment:checking '/home/anmol/ws_offboard_control/install/px4_ros_com' for CMake module files
[194.979s] Level 1:colcon.colcon_core.environment:checking '/home/anmol/ws_offboard_control/install/px4_ros_com' for CMake config files
[194.979s] Level 1:colcon.colcon_core.shell:create_environment_hook('px4_ros_com', 'cmake_prefix_path')
[194.992s] INFO:colcon.colcon_core.shell:Creating environment hook '/home/anmol/ws_offboard_control/install/px4_ros_com/share/px4_ros_com/hook/cmake_prefix_path.ps1'
[194.992s] INFO:colcon.colcon_core.shell:Creating environment descriptor '/home/anmol/ws_offboard_control/install/px4_ros_com/share/px4_ros_com/hook/cmake_prefix_path.dsv'
[194.993s] INFO:colcon.colcon_core.shell:Creating environment hook '/home/anmol/ws_offboard_control/install/px4_ros_com/share/px4_ros_com/hook/cmake_prefix_path.sh'
[194.993s] Level 1:colcon.colcon_core.environment:checking '/home/anmol/ws_offboard_control/install/px4_ros_com/lib'
[194.993s] Level 1:colcon.colcon_core.shell:create_environment_hook('px4_ros_com', 'ld_library_path_lib')
[195.005s] INFO:colcon.colcon_core.shell:Creating environment hook '/home/anmol/ws_offboard_control/install/px4_ros_com/share/px4_ros_com/hook/ld_library_path_lib.ps1'
[195.005s] INFO:colcon.colcon_core.shell:Creating environment descriptor '/home/anmol/ws_offboard_control/install/px4_ros_com/share/px4_ros_com/hook/ld_library_path_lib.dsv'
[195.006s] INFO:colcon.colcon_core.shell:Creating environment hook '/home/anmol/ws_offboard_control/install/px4_ros_com/share/px4_ros_com/hook/ld_library_path_lib.sh'
[195.006s] Level 1:colcon.colcon_core.environment:checking '/home/anmol/ws_offboard_control/install/px4_ros_com/bin'
[195.006s] Level 1:colcon.colcon_core.environment:checking '/home/anmol/ws_offboard_control/install/px4_ros_com/lib/pkgconfig/px4_ros_com.pc'
[195.006s] Level 1:colcon.colcon_core.environment:checking '/home/anmol/ws_offboard_control/install/px4_ros_com/lib/python3.10/site-packages'
[195.006s] Level 1:colcon.colcon_core.environment:checking '/home/anmol/ws_offboard_control/install/px4_ros_com/bin'
[195.018s] INFO:colcon.colcon_core.shell:Creating package script '/home/anmol/ws_offboard_control/install/px4_ros_com/share/px4_ros_com/package.ps1'
[195.019s] INFO:colcon.colcon_core.shell:Creating package descriptor '/home/anmol/ws_offboard_control/install/px4_ros_com/share/px4_ros_com/package.dsv'
[195.019s] INFO:colcon.colcon_core.shell:Creating package script '/home/anmol/ws_offboard_control/install/px4_ros_com/share/px4_ros_com/package.sh'
[195.020s] INFO:colcon.colcon_core.shell:Creating package script '/home/anmol/ws_offboard_control/install/px4_ros_com/share/px4_ros_com/package.bash'
[195.020s] INFO:colcon.colcon_core.shell:Creating package script '/home/anmol/ws_offboard_control/install/px4_ros_com/share/px4_ros_com/package.zsh'
[195.020s] Level 1:colcon.colcon_core.environment:create_file_with_runtime_dependencies(/home/anmol/ws_offboard_control/install/px4_ros_com/share/colcon-core/packages/px4_ros_com)
[195.073s] Level 1:colcon.colcon_core.environment:create_environment_scripts_only(px4_ros_com)
[195.085s] Level 1:colcon.colcon_core.environment:checking '/home/anmol/ws_offboard_control/install/px4_ros_com' for CMake module files
[195.085s] Level 1:colcon.colcon_core.environment:checking '/home/anmol/ws_offboard_control/install/px4_ros_com' for CMake config files
[195.086s] Level 1:colcon.colcon_core.shell:create_environment_hook('px4_ros_com', 'cmake_prefix_path')
[195.098s] INFO:colcon.colcon_core.shell:Creating environment hook '/home/anmol/ws_offboard_control/install/px4_ros_com/share/px4_ros_com/hook/cmake_prefix_path.ps1'
[195.098s] INFO:colcon.colcon_core.shell:Creating environment descriptor '/home/anmol/ws_offboard_control/install/px4_ros_com/share/px4_ros_com/hook/cmake_prefix_path.dsv'
[195.098s] INFO:colcon.colcon_core.shell:Creating environment hook '/home/anmol/ws_offboard_control/install/px4_ros_com/share/px4_ros_com/hook/cmake_prefix_path.sh'
[195.099s] Level 1:colcon.colcon_core.environment:checking '/home/anmol/ws_offboard_control/install/px4_ros_com/lib'
[195.099s] Level 1:colcon.colcon_core.shell:create_environment_hook('px4_ros_com', 'ld_library_path_lib')
[195.111s] INFO:colcon.colcon_core.shell:Creating environment hook '/home/anmol/ws_offboard_control/install/px4_ros_com/share/px4_ros_com/hook/ld_library_path_lib.ps1'
[195.111s] INFO:colcon.colcon_core.shell:Creating environment descriptor '/home/anmol/ws_offboard_control/install/px4_ros_com/share/px4_ros_com/hook/ld_library_path_lib.dsv'
[195.111s] INFO:colcon.colcon_core.shell:Creating environment hook '/home/anmol/ws_offboard_control/install/px4_ros_com/share/px4_ros_com/hook/ld_library_path_lib.sh'
[195.112s] Level 1:colcon.colcon_core.environment:checking '/home/anmol/ws_offboard_control/install/px4_ros_com/bin'
[195.112s] Level 1:colcon.colcon_core.environment:checking '/home/anmol/ws_offboard_control/install/px4_ros_com/lib/pkgconfig/px4_ros_com.pc'
[195.112s] Level 1:colcon.colcon_core.environment:checking '/home/anmol/ws_offboard_control/install/px4_ros_com/lib/python3.10/site-packages'
[195.112s] Level 1:colcon.colcon_core.environment:checking '/home/anmol/ws_offboard_control/install/px4_ros_com/bin'
[195.124s] INFO:colcon.colcon_core.shell:Creating package script '/home/anmol/ws_offboard_control/install/px4_ros_com/share/px4_ros_com/package.ps1'
[195.125s] INFO:colcon.colcon_core.shell:Creating package descriptor '/home/anmol/ws_offboard_control/install/px4_ros_com/share/px4_ros_com/package.dsv'
[195.125s] INFO:colcon.colcon_core.shell:Creating package script '/home/anmol/ws_offboard_control/install/px4_ros_com/share/px4_ros_com/package.sh'
[195.125s] INFO:colcon.colcon_core.shell:Creating package script '/home/anmol/ws_offboard_control/install/px4_ros_com/share/px4_ros_com/package.bash'
[195.126s] INFO:colcon.colcon_core.shell:Creating package script '/home/anmol/ws_offboard_control/install/px4_ros_com/share/px4_ros_com/package.zsh'
[195.126s] Level 1:colcon.colcon_core.environment:create_file_with_runtime_dependencies(/home/anmol/ws_offboard_control/install/px4_ros_com/share/colcon-core/packages/px4_ros_com)
[195.126s] DEBUG:colcon.colcon_parallel_executor.executor.parallel:closing loop
[195.126s] DEBUG:colcon.colcon_parallel_executor.executor.parallel:loop closed
[195.126s] DEBUG:colcon.colcon_parallel_executor.executor.parallel:run_until_complete finished with '0'
[195.127s] DEBUG:colcon.colcon_core.event_reactor:joining thread
[195.149s] INFO:colcon.colcon_core.plugin_system:Skipping extension 'colcon_notification.desktop_notification.terminal_notifier': Not used on non-Darwin systems
[195.149s] INFO:colcon.colcon_core.plugin_system:Skipping extension 'colcon_notification.desktop_notification.win32': Not used on non-Windows systems
[195.149s] INFO:colcon.colcon_notification.desktop_notification:Sending desktop notification using 'notify2'
[195.165s] DEBUG:colcon.colcon_core.event_reactor:joined thread
[195.177s] INFO:colcon.colcon_core.shell:Creating prefix script '/home/anmol/ws_offboard_control/install/local_setup.ps1'
[195.178s] INFO:colcon.colcon_core.shell:Creating prefix util module '/home/anmol/ws_offboard_control/install/_local_setup_util_ps1.py'
[195.179s] INFO:colcon.colcon_core.shell:Creating prefix chain script '/home/anmol/ws_offboard_control/install/setup.ps1'
[195.192s] INFO:colcon.colcon_core.shell:Creating prefix script '/home/anmol/ws_offboard_control/install/local_setup.sh'
[195.192s] INFO:colcon.colcon_core.shell:Creating prefix util module '/home/anmol/ws_offboard_control/install/_local_setup_util_sh.py'
[195.192s] INFO:colcon.colcon_core.shell:Creating prefix chain script '/home/anmol/ws_offboard_control/install/setup.sh'
[195.205s] INFO:colcon.colcon_core.shell:Creating prefix script '/home/anmol/ws_offboard_control/install/local_setup.bash'
[195.206s] INFO:colcon.colcon_core.shell:Creating prefix chain script '/home/anmol/ws_offboard_control/install/setup.bash'
[195.219s] INFO:colcon.colcon_core.shell:Creating prefix script '/home/anmol/ws_offboard_control/install/local_setup.zsh'
[195.219s] INFO:colcon.colcon_core.shell:Creating prefix chain script '/home/anmol/ws_offboard_control/install/setup.zsh'
